[0.008s] Invoking command in '/home/eee/ros2/src/armor_detect_ros2-main/build/galaxy_camera': CMAKE_PREFIX_PATH=${CMAKE_PREFIX_PATH}:/opt/ros/humble /usr/bin/cmake --build /home/eee/ros2/src/armor_detect_ros2-main/build/galaxy_camera -- -j20 -l20
[0.042s] Consolidate compiler generated dependencies of target galaxy_camera
[0.050s] [ 50%] Built target galaxy_camera_node
[0.053s] [ 75%] Building CXX object CMakeFiles/galaxy_camera.dir/src/galaxy_camera_node.cpp.o
[2.482s] [100%] Linking CXX shared library libgalaxy_camera.so
[2.615s] [100%] Built target galaxy_camera
[2.625s] Invoked command in '/home/eee/ros2/src/armor_detect_ros2-main/build/galaxy_camera' returned '0': CMAKE_PREFIX_PATH=${CMAKE_PREFIX_PATH}:/opt/ros/humble /usr/bin/cmake --build /home/eee/ros2/src/armor_detect_ros2-main/build/galaxy_camera -- -j20 -l20
[2.636s] Invoking command in '/home/eee/ros2/src/armor_detect_ros2-main/build/galaxy_camera': CMAKE_PREFIX_PATH=${CMAKE_PREFIX_PATH}:/opt/ros/humble /usr/bin/cmake --install /home/eee/ros2/src/armor_detect_ros2-main/build/galaxy_camera
[2.642s] -- Install configuration: ""
[2.642s] -- Up-to-date: /home/eee/ros2/src/armor_detect_ros2-main/install/galaxy_camera/lib
[2.642s] -- Up-to-date: /home/eee/ros2/src/armor_detect_ros2-main/install/galaxy_camera/lib/libgxiapi.so
[2.642s] -- Up-to-date: /home/eee/ros2/src/armor_detect_ros2-main/install/galaxy_camera/lib/bc4b08373788f18282ff1e747a98dd6c21a8b629.cache
[2.642s] -- Up-to-date: /home/eee/ros2/src/armor_detect_ros2-main/install/galaxy_camera/lib/GxGVTL.cti
[2.642s] -- Up-to-date: /home/eee/ros2/src/armor_detect_ros2-main/install/galaxy_camera/lib/GxU3VTL.cti
[2.642s] -- Up-to-date: /home/eee/ros2/src/armor_detect_ros2-main/install/galaxy_camera/lib/galaxy_camera/galaxy_camera_node
[2.642s] -- Up-to-date: /home/eee/ros2/src/armor_detect_ros2-main/install/galaxy_camera/share/galaxy_camera/environment/library_path.sh
[2.643s] -- Up-to-date: /home/eee/ros2/src/armor_detect_ros2-main/install/galaxy_camera/share/galaxy_camera/environment/library_path.dsv
[2.643s] -- Installing: /home/eee/ros2/src/armor_detect_ros2-main/install/galaxy_camera/lib/libgalaxy_camera.so
[2.643s] -- Set runtime path of "/home/eee/ros2/src/armor_detect_ros2-main/install/galaxy_camera/lib/libgalaxy_camera.so" to ""
[2.643s] -- Up-to-date: /home/eee/ros2/src/armor_detect_ros2-main/install/galaxy_camera/share/galaxy_camera/config
[2.643s] -- Up-to-date: /home/eee/ros2/src/armor_detect_ros2-main/install/galaxy_camera/share/galaxy_camera/config/camera_params.yaml
[2.643s] -- Up-to-date: /home/eee/ros2/src/armor_detect_ros2-main/install/galaxy_camera/share/galaxy_camera/config/camera_info.yaml
[2.643s] -- Up-to-date: /home/eee/ros2/src/armor_detect_ros2-main/install/galaxy_camera/share/galaxy_camera/launch
[2.643s] -- Up-to-date: /home/eee/ros2/src/armor_detect_ros2-main/install/galaxy_camera/share/galaxy_camera/launch/galaxy_camera.launch.py
[2.644s] -- Up-to-date: /home/eee/ros2/src/armor_detect_ros2-main/install/galaxy_camera/share/ament_index/resource_index/package_run_dependencies/galaxy_camera
[2.644s] -- Up-to-date: /home/eee/ros2/src/armor_detect_ros2-main/install/galaxy_camera/share/ament_index/resource_index/parent_prefix_path/galaxy_camera
[2.644s] -- Up-to-date: /home/eee/ros2/src/armor_detect_ros2-main/install/galaxy_camera/share/galaxy_camera/environment/ament_prefix_path.sh
[2.644s] -- Up-to-date: /home/eee/ros2/src/armor_detect_ros2-main/install/galaxy_camera/share/galaxy_camera/environment/ament_prefix_path.dsv
[2.644s] -- Up-to-date: /home/eee/ros2/src/armor_detect_ros2-main/install/galaxy_camera/share/galaxy_camera/environment/path.sh
[2.644s] -- Up-to-date: /home/eee/ros2/src/armor_detect_ros2-main/install/galaxy_camera/share/galaxy_camera/environment/path.dsv
[2.644s] -- Up-to-date: /home/eee/ros2/src/armor_detect_ros2-main/install/galaxy_camera/share/galaxy_camera/local_setup.bash
[2.644s] -- Up-to-date: /home/eee/ros2/src/armor_detect_ros2-main/install/galaxy_camera/share/galaxy_camera/local_setup.sh
[2.644s] -- Up-to-date: /home/eee/ros2/src/armor_detect_ros2-main/install/galaxy_camera/share/galaxy_camera/local_setup.zsh
[2.644s] -- Up-to-date: /home/eee/ros2/src/armor_detect_ros2-main/install/galaxy_camera/share/galaxy_camera/local_setup.dsv
[2.644s] -- Installing: /home/eee/ros2/src/armor_detect_ros2-main/install/galaxy_camera/share/galaxy_camera/package.dsv
[2.644s] -- Up-to-date: /home/eee/ros2/src/armor_detect_ros2-main/install/galaxy_camera/share/ament_index/resource_index/packages/galaxy_camera
[2.644s] -- Up-to-date: /home/eee/ros2/src/armor_detect_ros2-main/install/galaxy_camera/share/ament_index/resource_index/rclcpp_components/galaxy_camera
[2.644s] -- Up-to-date: /home/eee/ros2/src/armor_detect_ros2-main/install/galaxy_camera/share/galaxy_camera/cmake/ament_cmake_export_dependencies-extras.cmake
[2.644s] -- Up-to-date: /home/eee/ros2/src/armor_detect_ros2-main/install/galaxy_camera/share/galaxy_camera/cmake/ament_cmake_export_libraries-extras.cmake
[2.644s] -- Up-to-date: /home/eee/ros2/src/armor_detect_ros2-main/install/galaxy_camera/share/galaxy_camera/cmake/galaxy_cameraConfig.cmake
[2.644s] -- Up-to-date: /home/eee/ros2/src/armor_detect_ros2-main/install/galaxy_camera/share/galaxy_camera/cmake/galaxy_cameraConfig-version.cmake
[2.644s] -- Up-to-date: /home/eee/ros2/src/armor_detect_ros2-main/install/galaxy_camera/share/galaxy_camera/package.xml
[2.645s] Invoked command in '/home/eee/ros2/src/armor_detect_ros2-main/build/galaxy_camera' returned '0': CMAKE_PREFIX_PATH=${CMAKE_PREFIX_PATH}:/opt/ros/humble /usr/bin/cmake --install /home/eee/ros2/src/armor_detect_ros2-main/build/galaxy_camera
