[35m[1mConsolidate compiler generated dependencies of target rm_serial_driver[0m
[ 22%] Built target rm_serial_driver_node
[ 55%] Built target rm_serial_driver
[35m[1mConsolidate compiler generated dependencies of target my_rm_serial_node[0m
[ 66%] [32mBuilding CXX object CMakeFiles/my_rm_serial_node.dir/src/main.cpp.o[0m
In file included from [01m[K/usr/include/x86_64-linux-gnu/c++/11/bits/c++allocator.h:33[m[K,
                 from [01m[K/usr/include/c++/11/bits/allocator.h:46[m[K,
                 from [01m[K/usr/include/c++/11/unordered_map:40[m[K,
                 from [01m[K/usr/include/c++/11/functional:61[m[K,
                 from [01m[K/opt/ros/humble/include/rclcpp/rclcpp/publisher.hpp:18[m[K,
                 from [01m[K/home/eee/ros2/src/armor_detect_ros2-main/src/serial_driver/include/rm_serial_driver/rm_serial_driver.hpp:10[m[K,
                 from [01m[K/home/eee/ros2/src/armor_detect_ros2-main/src/serial_driver/src/main.cpp:1[m[K:
/usr/include/c++/11/ext/new_allocator.h: In instantiation of ‘[01m[Kvoid __gnu_cxx::new_allocator<_Tp>::construct(_Up*, _Args&& ...) [with _Up = rm_serial_driver::RMSerialDriver; _Args = {}; _Tp = rm_serial_driver::RMSerialDriver][m[K’:
[01m[K/usr/include/c++/11/bits/alloc_traits.h:516:17:[m[K   required from ‘[01m[Kstatic void std::allocator_traits<std::allocator<_Tp1> >::construct(std::allocator_traits<std::allocator<_Tp1> >::allocator_type&, _Up*, _Args&& ...) [with _Up = rm_serial_driver::RMSerialDriver; _Args = {}; _Tp = rm_serial_driver::RMSerialDriver; std::allocator_traits<std::allocator<_Tp1> >::allocator_type = std::allocator<rm_serial_driver::RMSerialDriver>][m[K’
[01m[K/usr/include/c++/11/bits/shared_ptr_base.h:519:39:[m[K   required from ‘[01m[Kstd::_Sp_counted_ptr_inplace<_Tp, _Alloc, _Lp>::_Sp_counted_ptr_inplace(_Alloc, _Args&& ...) [with _Args = {}; _Tp = rm_serial_driver::RMSerialDriver; _Alloc = std::allocator<rm_serial_driver::RMSerialDriver>; __gnu_cxx::_Lock_policy _Lp = __gnu_cxx::_S_atomic][m[K’
[01m[K/usr/include/c++/11/bits/shared_ptr_base.h:650:16:[m[K   required from ‘[01m[Kstd::__shared_count<_Lp>::__shared_count(_Tp*&, std::_Sp_alloc_shared_tag<_Alloc>, _Args&& ...) [with _Tp = rm_serial_driver::RMSerialDriver; _Alloc = std::allocator<rm_serial_driver::RMSerialDriver>; _Args = {}; __gnu_cxx::_Lock_policy _Lp = __gnu_cxx::_S_atomic][m[K’
[01m[K/usr/include/c++/11/bits/shared_ptr_base.h:1342:14:[m[K   required from ‘[01m[Kstd::__shared_ptr<_Tp, _Lp>::__shared_ptr(std::_Sp_alloc_shared_tag<_Tp>, _Args&& ...) [with _Alloc = std::allocator<rm_serial_driver::RMSerialDriver>; _Args = {}; _Tp = rm_serial_driver::RMSerialDriver; __gnu_cxx::_Lock_policy _Lp = __gnu_cxx::_S_atomic][m[K’
[01m[K/usr/include/c++/11/bits/shared_ptr.h:409:59:[m[K   required from ‘[01m[Kstd::shared_ptr<_Tp>::shared_ptr(std::_Sp_alloc_shared_tag<_Tp>, _Args&& ...) [with _Alloc = std::allocator<rm_serial_driver::RMSerialDriver>; _Args = {}; _Tp = rm_serial_driver::RMSerialDriver][m[K’
[01m[K/usr/include/c++/11/bits/shared_ptr.h:862:14:[m[K   required from ‘[01m[Kstd::shared_ptr<_Tp> std::allocate_shared(const _Alloc&, _Args&& ...) [with _Tp = rm_serial_driver::RMSerialDriver; _Alloc = std::allocator<rm_serial_driver::RMSerialDriver>; _Args = {}][m[K’
[01m[K/usr/include/c++/11/bits/shared_ptr.h:878:39:[m[K   required from ‘[01m[Kstd::shared_ptr<_Tp> std::make_shared(_Args&& ...) [with _Tp = rm_serial_driver::RMSerialDriver; _Args = {}][m[K’
[01m[K/home/eee/ros2/src/armor_detect_ros2-main/src/serial_driver/src/main.cpp:9:65:[m[K   required from here
[01m[K/usr/include/c++/11/ext/new_allocator.h:162:11:[m[K [01;31m[Kerror: [m[Kno matching function for call to ‘[01m[Krm_serial_driver::RMSerialDriver::RMSerialDriver()[m[K’
  162 |         { [01;31m[K::new((void *)__p) _Up(std::forward<_Args>(__args)...)[m[K; }
      |           [01;31m[K^~~~~~~~~~~~~~~~~~~~~~~~~~~~~~~~~~~~~~~~~~~~~~~~~~~~~~[m[K
In file included from [01m[K/home/eee/ros2/src/armor_detect_ros2-main/src/serial_driver/src/main.cpp:1[m[K:
[01m[K/home/eee/ros2/src/armor_detect_ros2-main/src/serial_driver/include/rm_serial_driver/rm_serial_driver.hpp:33:12:[m[K [01;36m[Knote: [m[Kcandidate: ‘[01m[Krm_serial_driver::RMSerialDriver::RMSerialDriver(const rclcpp::NodeOptions&)[m[K’
   33 |   explicit [01;36m[KRMSerialDriver[m[K(const rclcpp::NodeOptions & options);
      |            [01;36m[K^~~~~~~~~~~~~~[m[K
[01m[K/home/eee/ros2/src/armor_detect_ros2-main/src/serial_driver/include/rm_serial_driver/rm_serial_driver.hpp:33:12:[m[K [01;36m[Knote: [m[K  candidate expects 1 argument, 0 provided
gmake[2]: *** [CMakeFiles/my_rm_serial_node.dir/build.make:104：CMakeFiles/my_rm_serial_node.dir/src/main.cpp.o] 错误 1
gmake[1]: *** [CMakeFiles/Makefile2:193：CMakeFiles/my_rm_serial_node.dir/all] 错误 2
gmake: *** [Makefile:146：all] 错误 2
