[0.020s] Invoking command in '/home/eee/ros2/src/armor_detect_ros2-main/build/rm_serial_driver': CMAKE_PREFIX_PATH=/home/eee/ros2/src/armor_detect_ros2-main/install/armor_interfaces:/home/eee/ros2/src/armor_detect_ros2-main/install/rm_serial_driver:/home/eee/ros2/src/armor_detect_ros2-main/install/armor_tracker_node:/home/eee/ros2/src/armor_detect_ros2-main/install/armor_drawer:/opt/ros/humble LD_LIBRARY_PATH=/home/eee/ros2/src/armor_detect_ros2-main/install/armor_interfaces/lib:/home/eee/ros2/src/armor_detect_ros2-main/install/rm_serial_driver/lib:/opt/ros/humble/opt/rviz_ogre_vendor/lib:/opt/ros/humble/lib/x86_64-linux-gnu:/opt/ros/humble/lib /usr/bin/cmake --build /home/eee/ros2/src/armor_detect_ros2-main/build/rm_serial_driver -- -j20 -l20
[0.094s] [35m[1mConsolidate compiler generated dependencies of target rm_serial_driver[0m
[0.117s] [ 22%] Built target rm_serial_driver_node
[0.131s] [ 55%] Built target rm_serial_driver
[0.159s] [35m[1mConsolidate compiler generated dependencies of target my_rm_serial_node[0m
[0.191s] [ 66%] [32mBuilding CXX object CMakeFiles/my_rm_serial_node.dir/src/main.cpp.o[0m
[3.903s] In file included from [01m[K/usr/include/x86_64-linux-gnu/c++/11/bits/c++allocator.h:33[m[K,
[3.903s]                  from [01m[K/usr/include/c++/11/bits/allocator.h:46[m[K,
[3.903s]                  from [01m[K/usr/include/c++/11/unordered_map:40[m[K,
[3.903s]                  from [01m[K/usr/include/c++/11/functional:61[m[K,
[3.904s]                  from [01m[K/opt/ros/humble/include/rclcpp/rclcpp/publisher.hpp:18[m[K,
[3.904s]                  from [01m[K/home/eee/ros2/src/armor_detect_ros2-main/src/serial_driver/include/rm_serial_driver/rm_serial_driver.hpp:10[m[K,
[3.904s]                  from [01m[K/home/eee/ros2/src/armor_detect_ros2-main/src/serial_driver/src/main.cpp:1[m[K:
[3.904s] /usr/include/c++/11/ext/new_allocator.h: In instantiation of ‘[01m[Kvoid __gnu_cxx::new_allocator<_Tp>::construct(_Up*, _Args&& ...) [with _Up = rm_serial_driver::RMSerialDriver; _Args = {}; _Tp = rm_serial_driver::RMSerialDriver][m[K’:
[3.904s] [01m[K/usr/include/c++/11/bits/alloc_traits.h:516:17:[m[K   required from ‘[01m[Kstatic void std::allocator_traits<std::allocator<_Tp1> >::construct(std::allocator_traits<std::allocator<_Tp1> >::allocator_type&, _Up*, _Args&& ...) [with _Up = rm_serial_driver::RMSerialDriver; _Args = {}; _Tp = rm_serial_driver::RMSerialDriver; std::allocator_traits<std::allocator<_Tp1> >::allocator_type = std::allocator<rm_serial_driver::RMSerialDriver>][m[K’
[3.904s] [01m[K/usr/include/c++/11/bits/shared_ptr_base.h:519:39:[m[K   required from ‘[01m[Kstd::_Sp_counted_ptr_inplace<_Tp, _Alloc, _Lp>::_Sp_counted_ptr_inplace(_Alloc, _Args&& ...) [with _Args = {}; _Tp = rm_serial_driver::RMSerialDriver; _Alloc = std::allocator<rm_serial_driver::RMSerialDriver>; __gnu_cxx::_Lock_policy _Lp = __gnu_cxx::_S_atomic][m[K’
[3.904s] [01m[K/usr/include/c++/11/bits/shared_ptr_base.h:650:16:[m[K   required from ‘[01m[Kstd::__shared_count<_Lp>::__shared_count(_Tp*&, std::_Sp_alloc_shared_tag<_Alloc>, _Args&& ...) [with _Tp = rm_serial_driver::RMSerialDriver; _Alloc = std::allocator<rm_serial_driver::RMSerialDriver>; _Args = {}; __gnu_cxx::_Lock_policy _Lp = __gnu_cxx::_S_atomic][m[K’
[3.904s] [01m[K/usr/include/c++/11/bits/shared_ptr_base.h:1342:14:[m[K   required from ‘[01m[Kstd::__shared_ptr<_Tp, _Lp>::__shared_ptr(std::_Sp_alloc_shared_tag<_Tp>, _Args&& ...) [with _Alloc = std::allocator<rm_serial_driver::RMSerialDriver>; _Args = {}; _Tp = rm_serial_driver::RMSerialDriver; __gnu_cxx::_Lock_policy _Lp = __gnu_cxx::_S_atomic][m[K’
[3.904s] [01m[K/usr/include/c++/11/bits/shared_ptr.h:409:59:[m[K   required from ‘[01m[Kstd::shared_ptr<_Tp>::shared_ptr(std::_Sp_alloc_shared_tag<_Tp>, _Args&& ...) [with _Alloc = std::allocator<rm_serial_driver::RMSerialDriver>; _Args = {}; _Tp = rm_serial_driver::RMSerialDriver][m[K’
[3.904s] [01m[K/usr/include/c++/11/bits/shared_ptr.h:862:14:[m[K   required from ‘[01m[Kstd::shared_ptr<_Tp> std::allocate_shared(const _Alloc&, _Args&& ...) [with _Tp = rm_serial_driver::RMSerialDriver; _Alloc = std::allocator<rm_serial_driver::RMSerialDriver>; _Args = {}][m[K’
[3.904s] [01m[K/usr/include/c++/11/bits/shared_ptr.h:878:39:[m[K   required from ‘[01m[Kstd::shared_ptr<_Tp> std::make_shared(_Args&& ...) [with _Tp = rm_serial_driver::RMSerialDriver; _Args = {}][m[K’
[3.904s] [01m[K/home/eee/ros2/src/armor_detect_ros2-main/src/serial_driver/src/main.cpp:9:65:[m[K   required from here
[3.904s] [01m[K/usr/include/c++/11/ext/new_allocator.h:162:11:[m[K [01;31m[Kerror: [m[Kno matching function for call to ‘[01m[Krm_serial_driver::RMSerialDriver::RMSerialDriver()[m[K’
[3.904s]   162 |         { [01;31m[K::new((void *)__p) _Up(std::forward<_Args>(__args)...)[m[K; }
[3.904s]       |           [01;31m[K^~~~~~~~~~~~~~~~~~~~~~~~~~~~~~~~~~~~~~~~~~~~~~~~~~~~~~[m[K
[3.904s] In file included from [01m[K/home/eee/ros2/src/armor_detect_ros2-main/src/serial_driver/src/main.cpp:1[m[K:
[3.904s] [01m[K/home/eee/ros2/src/armor_detect_ros2-main/src/serial_driver/include/rm_serial_driver/rm_serial_driver.hpp:33:12:[m[K [01;36m[Knote: [m[Kcandidate: ‘[01m[Krm_serial_driver::RMSerialDriver::RMSerialDriver(const rclcpp::NodeOptions&)[m[K’
[3.905s]    33 |   explicit [01;36m[KRMSerialDriver[m[K(const rclcpp::NodeOptions & options);
[3.905s]       |            [01;36m[K^~~~~~~~~~~~~~[m[K
[3.905s] [01m[K/home/eee/ros2/src/armor_detect_ros2-main/src/serial_driver/include/rm_serial_driver/rm_serial_driver.hpp:33:12:[m[K [01;36m[Knote: [m[K  candidate expects 1 argument, 0 provided
[4.005s] gmake[2]: *** [CMakeFiles/my_rm_serial_node.dir/build.make:104：CMakeFiles/my_rm_serial_node.dir/src/main.cpp.o] 错误 1
[4.005s] gmake[1]: *** [CMakeFiles/Makefile2:193：CMakeFiles/my_rm_serial_node.dir/all] 错误 2
[4.006s] gmake: *** [Makefile:146：all] 错误 2
[4.008s] Invoked command in '/home/eee/ros2/src/armor_detect_ros2-main/build/rm_serial_driver' returned '2': CMAKE_PREFIX_PATH=/home/eee/ros2/src/armor_detect_ros2-main/install/armor_interfaces:/home/eee/ros2/src/armor_detect_ros2-main/install/rm_serial_driver:/home/eee/ros2/src/armor_detect_ros2-main/install/armor_tracker_node:/home/eee/ros2/src/armor_detect_ros2-main/install/armor_drawer:/opt/ros/humble LD_LIBRARY_PATH=/home/eee/ros2/src/armor_detect_ros2-main/install/armor_interfaces/lib:/home/eee/ros2/src/armor_detect_ros2-main/install/rm_serial_driver/lib:/opt/ros/humble/opt/rviz_ogre_vendor/lib:/opt/ros/humble/lib/x86_64-linux-gnu:/opt/ros/humble/lib /usr/bin/cmake --build /home/eee/ros2/src/armor_detect_ros2-main/build/rm_serial_driver -- -j20 -l20
