[0.092s] DEBUG:colcon:Command line arguments: ['/usr/bin/colcon', 'build']
[0.092s] DEBUG:colcon:Parsed command line arguments: Namespace(log_base=None, log_level=None, verb_name='build', build_base='build', install_base='install', merge_install=False, symlink_install=False, test_result_base=None, continue_on_error=False, executor='parallel', parallel_workers=20, event_handlers=None, ignore_user_meta=False, metas=['./colcon.meta'], base_paths=['.'], packages_ignore=None, packages_ignore_regex=None, paths=None, packages_up_to=None, packages_up_to_regex=None, packages_above=None, packages_above_and_dependencies=None, packages_above_depth=None, packages_select_by_dep=None, packages_skip_by_dep=None, packages_skip_up_to=None, packages_select_build_failed=False, packages_skip_build_finished=False, packages_select_test_failures=False, packages_skip_test_passed=False, packages_select=None, packages_skip=None, packages_select_regex=None, packages_skip_regex=None, packages_start=None, packages_end=None, allow_overriding=[], cmake_args=None, cmake_target=None, cmake_target_skip_unavailable=False, cmake_clean_cache=False, cmake_clean_first=False, cmake_force_configure=False, ament_cmake_args=None, catkin_cmake_args=None, catkin_skip_building_tests=False, verb_parser=<colcon_defaults.argument_parser.defaults.DefaultArgumentsDecorator object at 0x7ae6bdf64160>, verb_extension=<colcon_core.verb.build.BuildVerb object at 0x7ae6bdf37cd0>, main=<bound method BuildVerb.main of <colcon_core.verb.build.BuildVerb object at 0x7ae6bdf37cd0>>)
[0.220s] Level 1:colcon.colcon_core.package_discovery:discover_packages(colcon_meta) check parameters
[0.220s] Level 1:colcon.colcon_core.package_discovery:discover_packages(recursive) check parameters
[0.220s] Level 1:colcon.colcon_core.package_discovery:discover_packages(ignore) check parameters
[0.220s] Level 1:colcon.colcon_core.package_discovery:discover_packages(path) check parameters
[0.220s] Level 1:colcon.colcon_core.package_discovery:discover_packages(colcon_meta) discover
[0.220s] Level 1:colcon.colcon_core.package_discovery:discover_packages(recursive) discover
[0.220s] INFO:colcon.colcon_core.package_discovery:Crawling recursively for packages in '/home/eee/ros2/src/armor_detect_ros2-main'
[0.220s] Level 1:colcon.colcon_core.package_identification:_identify(.) by extensions ['ignore', 'ignore_ament_install']
[0.220s] Level 1:colcon.colcon_core.package_identification:_identify(.) by extension 'ignore'
[0.220s] Level 1:colcon.colcon_core.package_identification:_identify(.) by extension 'ignore_ament_install'
[0.220s] Level 1:colcon.colcon_core.package_identification:_identify(.) by extensions ['colcon_pkg']
[0.220s] Level 1:colcon.colcon_core.package_identification:_identify(.) by extension 'colcon_pkg'
[0.220s] Level 1:colcon.colcon_core.package_identification:_identify(.) by extensions ['colcon_meta']
[0.220s] Level 1:colcon.colcon_core.package_identification:_identify(.) by extension 'colcon_meta'
[0.220s] Level 1:colcon.colcon_core.package_identification:_identify(.) by extensions ['ros']
[0.220s] Level 1:colcon.colcon_core.package_identification:_identify(.) by extension 'ros'
[0.229s] Level 1:colcon.colcon_core.package_identification:_identify(.) by extensions ['cmake', 'python']
[0.229s] Level 1:colcon.colcon_core.package_identification:_identify(.) by extension 'cmake'
[0.230s] Level 1:colcon.colcon_core.package_identification:_identify(.) by extension 'python'
[0.230s] Level 1:colcon.colcon_core.package_identification:_identify(.) by extensions ['python_setup_py']
[0.230s] Level 1:colcon.colcon_core.package_identification:_identify(.) by extension 'python_setup_py'
[0.230s] Level 1:colcon.colcon_core.package_identification:_identify(Camera) by extensions ['ignore', 'ignore_ament_install']
[0.230s] Level 1:colcon.colcon_core.package_identification:_identify(Camera) by extension 'ignore'
[0.230s] Level 1:colcon.colcon_core.package_identification:_identify(Camera) by extension 'ignore_ament_install'
[0.230s] Level 1:colcon.colcon_core.package_identification:_identify(Camera) by extensions ['colcon_pkg']
[0.230s] Level 1:colcon.colcon_core.package_identification:_identify(Camera) by extension 'colcon_pkg'
[0.230s] Level 1:colcon.colcon_core.package_identification:_identify(Camera) by extensions ['colcon_meta']
[0.230s] Level 1:colcon.colcon_core.package_identification:_identify(Camera) by extension 'colcon_meta'
[0.230s] Level 1:colcon.colcon_core.package_identification:_identify(Camera) by extensions ['ros']
[0.230s] Level 1:colcon.colcon_core.package_identification:_identify(Camera) by extension 'ros'
[0.230s] Level 1:colcon.colcon_core.package_identification:_identify(Camera) by extensions ['cmake', 'python']
[0.230s] Level 1:colcon.colcon_core.package_identification:_identify(Camera) by extension 'cmake'
[0.230s] Level 1:colcon.colcon_core.package_identification:_identify(Camera) by extension 'python'
[0.230s] Level 1:colcon.colcon_core.package_identification:_identify(Camera) by extensions ['python_setup_py']
[0.230s] Level 1:colcon.colcon_core.package_identification:_identify(Camera) by extension 'python_setup_py'
[0.230s] Level 1:colcon.colcon_core.package_identification:_identify(Camera/Data) by extensions ['ignore', 'ignore_ament_install']
[0.230s] Level 1:colcon.colcon_core.package_identification:_identify(Camera/Data) by extension 'ignore'
[0.230s] Level 1:colcon.colcon_core.package_identification:_identify(Camera/Data) by extension 'ignore_ament_install'
[0.230s] Level 1:colcon.colcon_core.package_identification:_identify(Camera/Data) by extensions ['colcon_pkg']
[0.230s] Level 1:colcon.colcon_core.package_identification:_identify(Camera/Data) by extension 'colcon_pkg'
[0.230s] Level 1:colcon.colcon_core.package_identification:_identify(Camera/Data) by extensions ['colcon_meta']
[0.230s] Level 1:colcon.colcon_core.package_identification:_identify(Camera/Data) by extension 'colcon_meta'
[0.230s] Level 1:colcon.colcon_core.package_identification:_identify(Camera/Data) by extensions ['ros']
[0.230s] Level 1:colcon.colcon_core.package_identification:_identify(Camera/Data) by extension 'ros'
[0.230s] Level 1:colcon.colcon_core.package_identification:_identify(Camera/Data) by extensions ['cmake', 'python']
[0.230s] Level 1:colcon.colcon_core.package_identification:_identify(Camera/Data) by extension 'cmake'
[0.230s] Level 1:colcon.colcon_core.package_identification:_identify(Camera/Data) by extension 'python'
[0.230s] Level 1:colcon.colcon_core.package_identification:_identify(Camera/Data) by extensions ['python_setup_py']
[0.230s] Level 1:colcon.colcon_core.package_identification:_identify(Camera/Data) by extension 'python_setup_py'
[0.231s] Level 1:colcon.colcon_core.package_identification:_identify(Camera/log) by extensions ['ignore', 'ignore_ament_install']
[0.231s] Level 1:colcon.colcon_core.package_identification:_identify(Camera/log) by extension 'ignore'
[0.231s] Level 1:colcon.colcon_core.package_identification:_identify(Camera/log) by extension 'ignore_ament_install'
[0.231s] Level 1:colcon.colcon_core.package_identification:_identify(Camera/log) by extensions ['colcon_pkg']
[0.231s] Level 1:colcon.colcon_core.package_identification:_identify(Camera/log) by extension 'colcon_pkg'
[0.231s] Level 1:colcon.colcon_core.package_identification:_identify(Camera/log) by extensions ['colcon_meta']
[0.231s] Level 1:colcon.colcon_core.package_identification:_identify(Camera/log) by extension 'colcon_meta'
[0.231s] Level 1:colcon.colcon_core.package_identification:_identify(Camera/log) by extensions ['ros']
[0.231s] Level 1:colcon.colcon_core.package_identification:_identify(Camera/log) by extension 'ros'
[0.231s] Level 1:colcon.colcon_core.package_identification:_identify(Camera/log) by extensions ['cmake', 'python']
[0.231s] Level 1:colcon.colcon_core.package_identification:_identify(Camera/log) by extension 'cmake'
[0.231s] Level 1:colcon.colcon_core.package_identification:_identify(Camera/log) by extension 'python'
[0.231s] Level 1:colcon.colcon_core.package_identification:_identify(Camera/log) by extensions ['python_setup_py']
[0.231s] Level 1:colcon.colcon_core.package_identification:_identify(Camera/log) by extension 'python_setup_py'
[0.231s] Level 1:colcon.colcon_core.package_identification:_identify(build) by extensions ['ignore', 'ignore_ament_install']
[0.231s] Level 1:colcon.colcon_core.package_identification:_identify(build) by extension 'ignore'
[0.231s] Level 1:colcon.colcon_core.package_identification:_identify(build) ignored
[0.231s] Level 1:colcon.colcon_core.package_identification:_identify(include) by extensions ['ignore', 'ignore_ament_install']
[0.231s] Level 1:colcon.colcon_core.package_identification:_identify(include) by extension 'ignore'
[0.231s] Level 1:colcon.colcon_core.package_identification:_identify(include) by extension 'ignore_ament_install'
[0.231s] Level 1:colcon.colcon_core.package_identification:_identify(include) by extensions ['colcon_pkg']
[0.231s] Level 1:colcon.colcon_core.package_identification:_identify(include) by extension 'colcon_pkg'
[0.231s] Level 1:colcon.colcon_core.package_identification:_identify(include) by extensions ['colcon_meta']
[0.231s] Level 1:colcon.colcon_core.package_identification:_identify(include) by extension 'colcon_meta'
[0.231s] Level 1:colcon.colcon_core.package_identification:_identify(include) by extensions ['ros']
[0.231s] Level 1:colcon.colcon_core.package_identification:_identify(include) by extension 'ros'
[0.231s] Level 1:colcon.colcon_core.package_identification:_identify(include) by extensions ['cmake', 'python']
[0.231s] Level 1:colcon.colcon_core.package_identification:_identify(include) by extension 'cmake'
[0.231s] Level 1:colcon.colcon_core.package_identification:_identify(include) by extension 'python'
[0.231s] Level 1:colcon.colcon_core.package_identification:_identify(include) by extensions ['python_setup_py']
[0.232s] Level 1:colcon.colcon_core.package_identification:_identify(include) by extension 'python_setup_py'
[0.232s] Level 1:colcon.colcon_core.package_identification:_identify(install) by extensions ['ignore', 'ignore_ament_install']
[0.232s] Level 1:colcon.colcon_core.package_identification:_identify(install) by extension 'ignore'
[0.232s] Level 1:colcon.colcon_core.package_identification:_identify(install) ignored
[0.232s] Level 1:colcon.colcon_core.package_identification:_identify(log) by extensions ['ignore', 'ignore_ament_install']
[0.232s] Level 1:colcon.colcon_core.package_identification:_identify(log) by extension 'ignore'
[0.232s] Level 1:colcon.colcon_core.package_identification:_identify(log) ignored
[0.232s] Level 1:colcon.colcon_core.package_identification:_identify(src) by extensions ['ignore', 'ignore_ament_install']
[0.232s] Level 1:colcon.colcon_core.package_identification:_identify(src) by extension 'ignore'
[0.232s] Level 1:colcon.colcon_core.package_identification:_identify(src) by extension 'ignore_ament_install'
[0.232s] Level 1:colcon.colcon_core.package_identification:_identify(src) by extensions ['colcon_pkg']
[0.232s] Level 1:colcon.colcon_core.package_identification:_identify(src) by extension 'colcon_pkg'
[0.232s] Level 1:colcon.colcon_core.package_identification:_identify(src) by extensions ['colcon_meta']
[0.232s] Level 1:colcon.colcon_core.package_identification:_identify(src) by extension 'colcon_meta'
[0.232s] Level 1:colcon.colcon_core.package_identification:_identify(src) by extensions ['ros']
[0.232s] Level 1:colcon.colcon_core.package_identification:_identify(src) by extension 'ros'
[0.232s] Level 1:colcon.colcon_core.package_identification:_identify(src) by extensions ['cmake', 'python']
[0.232s] Level 1:colcon.colcon_core.package_identification:_identify(src) by extension 'cmake'
[0.232s] Level 1:colcon.colcon_core.package_identification:_identify(src) by extension 'python'
[0.232s] Level 1:colcon.colcon_core.package_identification:_identify(src) by extensions ['python_setup_py']
[0.232s] Level 1:colcon.colcon_core.package_identification:_identify(src) by extension 'python_setup_py'
[0.232s] Level 1:colcon.colcon_core.package_identification:_identify(src/armor_drawer) by extensions ['ignore', 'ignore_ament_install']
[0.232s] Level 1:colcon.colcon_core.package_identification:_identify(src/armor_drawer) by extension 'ignore'
[0.232s] Level 1:colcon.colcon_core.package_identification:_identify(src/armor_drawer) by extension 'ignore_ament_install'
[0.232s] Level 1:colcon.colcon_core.package_identification:_identify(src/armor_drawer) by extensions ['colcon_pkg']
[0.232s] Level 1:colcon.colcon_core.package_identification:_identify(src/armor_drawer) by extension 'colcon_pkg'
[0.233s] Level 1:colcon.colcon_core.package_identification:_identify(src/armor_drawer) by extensions ['colcon_meta']
[0.233s] Level 1:colcon.colcon_core.package_identification:_identify(src/armor_drawer) by extension 'colcon_meta'
[0.233s] Level 1:colcon.colcon_core.package_identification:_identify(src/armor_drawer) by extensions ['ros']
[0.233s] Level 1:colcon.colcon_core.package_identification:_identify(src/armor_drawer) by extension 'ros'
[0.235s] DEBUG:colcon.colcon_core.package_identification:Package 'src/armor_drawer' with type 'ros.ament_cmake' and name 'armor_drawer'
[0.235s] Level 1:colcon.colcon_core.package_identification:_identify(src/armor_interfaces) by extensions ['ignore', 'ignore_ament_install']
[0.235s] Level 1:colcon.colcon_core.package_identification:_identify(src/armor_interfaces) by extension 'ignore'
[0.235s] Level 1:colcon.colcon_core.package_identification:_identify(src/armor_interfaces) by extension 'ignore_ament_install'
[0.235s] Level 1:colcon.colcon_core.package_identification:_identify(src/armor_interfaces) by extensions ['colcon_pkg']
[0.235s] Level 1:colcon.colcon_core.package_identification:_identify(src/armor_interfaces) by extension 'colcon_pkg'
[0.235s] Level 1:colcon.colcon_core.package_identification:_identify(src/armor_interfaces) by extensions ['colcon_meta']
[0.235s] Level 1:colcon.colcon_core.package_identification:_identify(src/armor_interfaces) by extension 'colcon_meta'
[0.235s] Level 1:colcon.colcon_core.package_identification:_identify(src/armor_interfaces) by extensions ['ros']
[0.235s] Level 1:colcon.colcon_core.package_identification:_identify(src/armor_interfaces) by extension 'ros'
[0.236s] DEBUG:colcon.colcon_core.package_identification:Package 'src/armor_interfaces' with type 'ros.ament_cmake' and name 'armor_interfaces'
[0.236s] Level 1:colcon.colcon_core.package_identification:_identify(src/armor_tracker) by extensions ['ignore', 'ignore_ament_install']
[0.236s] Level 1:colcon.colcon_core.package_identification:_identify(src/armor_tracker) by extension 'ignore'
[0.236s] Level 1:colcon.colcon_core.package_identification:_identify(src/armor_tracker) by extension 'ignore_ament_install'
[0.236s] Level 1:colcon.colcon_core.package_identification:_identify(src/armor_tracker) by extensions ['colcon_pkg']
[0.236s] Level 1:colcon.colcon_core.package_identification:_identify(src/armor_tracker) by extension 'colcon_pkg'
[0.236s] Level 1:colcon.colcon_core.package_identification:_identify(src/armor_tracker) by extensions ['colcon_meta']
[0.236s] Level 1:colcon.colcon_core.package_identification:_identify(src/armor_tracker) by extension 'colcon_meta'
[0.236s] Level 1:colcon.colcon_core.package_identification:_identify(src/armor_tracker) by extensions ['ros']
[0.236s] Level 1:colcon.colcon_core.package_identification:_identify(src/armor_tracker) by extension 'ros'
[0.237s] DEBUG:colcon.colcon_core.package_identification:Package 'src/armor_tracker' with type 'ros.ament_cmake' and name 'armor_tracker_node'
[0.237s] Level 1:colcon.colcon_core.package_identification:_identify(src/armor_urdf) by extensions ['ignore', 'ignore_ament_install']
[0.237s] Level 1:colcon.colcon_core.package_identification:_identify(src/armor_urdf) by extension 'ignore'
[0.237s] Level 1:colcon.colcon_core.package_identification:_identify(src/armor_urdf) by extension 'ignore_ament_install'
[0.237s] Level 1:colcon.colcon_core.package_identification:_identify(src/armor_urdf) by extensions ['colcon_pkg']
[0.237s] Level 1:colcon.colcon_core.package_identification:_identify(src/armor_urdf) by extension 'colcon_pkg'
[0.237s] Level 1:colcon.colcon_core.package_identification:_identify(src/armor_urdf) by extensions ['colcon_meta']
[0.237s] Level 1:colcon.colcon_core.package_identification:_identify(src/armor_urdf) by extension 'colcon_meta'
[0.237s] Level 1:colcon.colcon_core.package_identification:_identify(src/armor_urdf) by extensions ['ros']
[0.237s] Level 1:colcon.colcon_core.package_identification:_identify(src/armor_urdf) by extension 'ros'
[0.238s] DEBUG:colcon.colcon_core.package_identification:Package 'src/armor_urdf' with type 'ros.ament_cmake' and name 'armor_urdf'
[0.238s] Level 1:colcon.colcon_core.package_identification:_identify(src/serial_driver) by extensions ['ignore', 'ignore_ament_install']
[0.238s] Level 1:colcon.colcon_core.package_identification:_identify(src/serial_driver) by extension 'ignore'
[0.238s] Level 1:colcon.colcon_core.package_identification:_identify(src/serial_driver) by extension 'ignore_ament_install'
[0.238s] Level 1:colcon.colcon_core.package_identification:_identify(src/serial_driver) by extensions ['colcon_pkg']
[0.238s] Level 1:colcon.colcon_core.package_identification:_identify(src/serial_driver) by extension 'colcon_pkg'
[0.238s] Level 1:colcon.colcon_core.package_identification:_identify(src/serial_driver) by extensions ['colcon_meta']
[0.238s] Level 1:colcon.colcon_core.package_identification:_identify(src/serial_driver) by extension 'colcon_meta'
[0.238s] Level 1:colcon.colcon_core.package_identification:_identify(src/serial_driver) by extensions ['ros']
[0.238s] Level 1:colcon.colcon_core.package_identification:_identify(src/serial_driver) by extension 'ros'
[0.239s] DEBUG:colcon.colcon_core.package_identification:Package 'src/serial_driver' with type 'ros.ament_cmake' and name 'rm_serial_driver'
[0.239s] Level 1:colcon.colcon_core.package_discovery:discover_packages(recursive) using defaults
[0.239s] Level 1:colcon.colcon_core.package_discovery:discover_packages(ignore) discover
[0.239s] Level 1:colcon.colcon_core.package_discovery:discover_packages(ignore) using defaults
[0.239s] Level 1:colcon.colcon_core.package_discovery:discover_packages(path) discover
[0.239s] Level 1:colcon.colcon_core.package_discovery:discover_packages(path) using defaults
[0.264s] Level 1:colcon.colcon_core.package_discovery:discover_packages(prefix_path) check parameters
[0.264s] Level 1:colcon.colcon_core.package_discovery:discover_packages(prefix_path) discover
[0.265s] DEBUG:colcon.colcon_installed_package_information.package_discovery:Found 286 installed packages in /opt/ros/humble
[0.266s] Level 1:colcon.colcon_core.package_discovery:discover_packages(prefix_path) using defaults
[0.296s] Level 5:colcon.colcon_core.verb:set package 'armor_interfaces' build argument 'cmake_args' from command line to 'None'
[0.296s] Level 5:colcon.colcon_core.verb:set package 'armor_interfaces' build argument 'cmake_target' from command line to 'None'
[0.296s] Level 5:colcon.colcon_core.verb:set package 'armor_interfaces' build argument 'cmake_target_skip_unavailable' from command line to 'False'
[0.296s] Level 5:colcon.colcon_core.verb:set package 'armor_interfaces' build argument 'cmake_clean_cache' from command line to 'False'
[0.296s] Level 5:colcon.colcon_core.verb:set package 'armor_interfaces' build argument 'cmake_clean_first' from command line to 'False'
[0.296s] Level 5:colcon.colcon_core.verb:set package 'armor_interfaces' build argument 'cmake_force_configure' from command line to 'False'
[0.296s] Level 5:colcon.colcon_core.verb:set package 'armor_interfaces' build argument 'ament_cmake_args' from command line to 'None'
[0.296s] Level 5:colcon.colcon_core.verb:set package 'armor_interfaces' build argument 'catkin_cmake_args' from command line to 'None'
[0.296s] Level 5:colcon.colcon_core.verb:set package 'armor_interfaces' build argument 'catkin_skip_building_tests' from command line to 'False'
[0.296s] DEBUG:colcon.colcon_core.verb:Building package 'armor_interfaces' with the following arguments: {'ament_cmake_args': None, 'build_base': '/home/eee/ros2/src/armor_detect_ros2-main/build/armor_interfaces', 'catkin_cmake_args': None, 'catkin_skip_building_tests': False, 'cmake_args': None, 'cmake_clean_cache': False, 'cmake_clean_first': False, 'cmake_force_configure': False, 'cmake_target': None, 'cmake_target_skip_unavailable': False, 'install_base': '/home/eee/ros2/src/armor_detect_ros2-main/install/armor_interfaces', 'merge_install': False, 'path': '/home/eee/ros2/src/armor_detect_ros2-main/src/armor_interfaces', 'symlink_install': False, 'test_result_base': None}
[0.296s] Level 5:colcon.colcon_core.verb:set package 'armor_urdf' build argument 'cmake_args' from command line to 'None'
[0.296s] Level 5:colcon.colcon_core.verb:set package 'armor_urdf' build argument 'cmake_target' from command line to 'None'
[0.296s] Level 5:colcon.colcon_core.verb:set package 'armor_urdf' build argument 'cmake_target_skip_unavailable' from command line to 'False'
[0.296s] Level 5:colcon.colcon_core.verb:set package 'armor_urdf' build argument 'cmake_clean_cache' from command line to 'False'
[0.296s] Level 5:colcon.colcon_core.verb:set package 'armor_urdf' build argument 'cmake_clean_first' from command line to 'False'
[0.296s] Level 5:colcon.colcon_core.verb:set package 'armor_urdf' build argument 'cmake_force_configure' from command line to 'False'
[0.296s] Level 5:colcon.colcon_core.verb:set package 'armor_urdf' build argument 'ament_cmake_args' from command line to 'None'
[0.296s] Level 5:colcon.colcon_core.verb:set package 'armor_urdf' build argument 'catkin_cmake_args' from command line to 'None'
[0.296s] Level 5:colcon.colcon_core.verb:set package 'armor_urdf' build argument 'catkin_skip_building_tests' from command line to 'False'
[0.297s] DEBUG:colcon.colcon_core.verb:Building package 'armor_urdf' with the following arguments: {'ament_cmake_args': None, 'build_base': '/home/eee/ros2/src/armor_detect_ros2-main/build/armor_urdf', 'catkin_cmake_args': None, 'catkin_skip_building_tests': False, 'cmake_args': None, 'cmake_clean_cache': False, 'cmake_clean_first': False, 'cmake_force_configure': False, 'cmake_target': None, 'cmake_target_skip_unavailable': False, 'install_base': '/home/eee/ros2/src/armor_detect_ros2-main/install/armor_urdf', 'merge_install': False, 'path': '/home/eee/ros2/src/armor_detect_ros2-main/src/armor_urdf', 'symlink_install': False, 'test_result_base': None}
[0.297s] Level 5:colcon.colcon_core.verb:set package 'armor_drawer' build argument 'cmake_args' from command line to 'None'
[0.297s] Level 5:colcon.colcon_core.verb:set package 'armor_drawer' build argument 'cmake_target' from command line to 'None'
[0.297s] Level 5:colcon.colcon_core.verb:set package 'armor_drawer' build argument 'cmake_target_skip_unavailable' from command line to 'False'
[0.297s] Level 5:colcon.colcon_core.verb:set package 'armor_drawer' build argument 'cmake_clean_cache' from command line to 'False'
[0.297s] Level 5:colcon.colcon_core.verb:set package 'armor_drawer' build argument 'cmake_clean_first' from command line to 'False'
[0.297s] Level 5:colcon.colcon_core.verb:set package 'armor_drawer' build argument 'cmake_force_configure' from command line to 'False'
[0.297s] Level 5:colcon.colcon_core.verb:set package 'armor_drawer' build argument 'ament_cmake_args' from command line to 'None'
[0.297s] Level 5:colcon.colcon_core.verb:set package 'armor_drawer' build argument 'catkin_cmake_args' from command line to 'None'
[0.297s] Level 5:colcon.colcon_core.verb:set package 'armor_drawer' build argument 'catkin_skip_building_tests' from command line to 'False'
[0.297s] DEBUG:colcon.colcon_core.verb:Building package 'armor_drawer' with the following arguments: {'ament_cmake_args': None, 'build_base': '/home/eee/ros2/src/armor_detect_ros2-main/build/armor_drawer', 'catkin_cmake_args': None, 'catkin_skip_building_tests': False, 'cmake_args': None, 'cmake_clean_cache': False, 'cmake_clean_first': False, 'cmake_force_configure': False, 'cmake_target': None, 'cmake_target_skip_unavailable': False, 'install_base': '/home/eee/ros2/src/armor_detect_ros2-main/install/armor_drawer', 'merge_install': False, 'path': '/home/eee/ros2/src/armor_detect_ros2-main/src/armor_drawer', 'symlink_install': False, 'test_result_base': None}
[0.297s] Level 5:colcon.colcon_core.verb:set package 'armor_tracker_node' build argument 'cmake_args' from command line to 'None'
[0.297s] Level 5:colcon.colcon_core.verb:set package 'armor_tracker_node' build argument 'cmake_target' from command line to 'None'
[0.297s] Level 5:colcon.colcon_core.verb:set package 'armor_tracker_node' build argument 'cmake_target_skip_unavailable' from command line to 'False'
[0.297s] Level 5:colcon.colcon_core.verb:set package 'armor_tracker_node' build argument 'cmake_clean_cache' from command line to 'False'
[0.297s] Level 5:colcon.colcon_core.verb:set package 'armor_tracker_node' build argument 'cmake_clean_first' from command line to 'False'
[0.297s] Level 5:colcon.colcon_core.verb:set package 'armor_tracker_node' build argument 'cmake_force_configure' from command line to 'False'
[0.297s] Level 5:colcon.colcon_core.verb:set package 'armor_tracker_node' build argument 'ament_cmake_args' from command line to 'None'
[0.297s] Level 5:colcon.colcon_core.verb:set package 'armor_tracker_node' build argument 'catkin_cmake_args' from command line to 'None'
[0.297s] Level 5:colcon.colcon_core.verb:set package 'armor_tracker_node' build argument 'catkin_skip_building_tests' from command line to 'False'
[0.297s] DEBUG:colcon.colcon_core.verb:Building package 'armor_tracker_node' with the following arguments: {'ament_cmake_args': None, 'build_base': '/home/eee/ros2/src/armor_detect_ros2-main/build/armor_tracker_node', 'catkin_cmake_args': None, 'catkin_skip_building_tests': False, 'cmake_args': None, 'cmake_clean_cache': False, 'cmake_clean_first': False, 'cmake_force_configure': False, 'cmake_target': None, 'cmake_target_skip_unavailable': False, 'install_base': '/home/eee/ros2/src/armor_detect_ros2-main/install/armor_tracker_node', 'merge_install': False, 'path': '/home/eee/ros2/src/armor_detect_ros2-main/src/armor_tracker', 'symlink_install': False, 'test_result_base': None}
[0.298s] Level 5:colcon.colcon_core.verb:set package 'rm_serial_driver' build argument 'cmake_args' from command line to 'None'
[0.298s] Level 5:colcon.colcon_core.verb:set package 'rm_serial_driver' build argument 'cmake_target' from command line to 'None'
[0.298s] Level 5:colcon.colcon_core.verb:set package 'rm_serial_driver' build argument 'cmake_target_skip_unavailable' from command line to 'False'
[0.298s] Level 5:colcon.colcon_core.verb:set package 'rm_serial_driver' build argument 'cmake_clean_cache' from command line to 'False'
[0.298s] Level 5:colcon.colcon_core.verb:set package 'rm_serial_driver' build argument 'cmake_clean_first' from command line to 'False'
[0.298s] Level 5:colcon.colcon_core.verb:set package 'rm_serial_driver' build argument 'cmake_force_configure' from command line to 'False'
[0.298s] Level 5:colcon.colcon_core.verb:set package 'rm_serial_driver' build argument 'ament_cmake_args' from command line to 'None'
[0.298s] Level 5:colcon.colcon_core.verb:set package 'rm_serial_driver' build argument 'catkin_cmake_args' from command line to 'None'
[0.298s] Level 5:colcon.colcon_core.verb:set package 'rm_serial_driver' build argument 'catkin_skip_building_tests' from command line to 'False'
[0.298s] DEBUG:colcon.colcon_core.verb:Building package 'rm_serial_driver' with the following arguments: {'ament_cmake_args': None, 'build_base': '/home/eee/ros2/src/armor_detect_ros2-main/build/rm_serial_driver', 'catkin_cmake_args': None, 'catkin_skip_building_tests': False, 'cmake_args': None, 'cmake_clean_cache': False, 'cmake_clean_first': False, 'cmake_force_configure': False, 'cmake_target': None, 'cmake_target_skip_unavailable': False, 'install_base': '/home/eee/ros2/src/armor_detect_ros2-main/install/rm_serial_driver', 'merge_install': False, 'path': '/home/eee/ros2/src/armor_detect_ros2-main/src/serial_driver', 'symlink_install': False, 'test_result_base': None}
[0.298s] INFO:colcon.colcon_core.executor:Executing jobs using 'parallel' executor
[0.299s] DEBUG:colcon.colcon_parallel_executor.executor.parallel:run_until_complete
[0.299s] INFO:colcon.colcon_ros.task.ament_cmake.build:Building ROS package in '/home/eee/ros2/src/armor_detect_ros2-main/src/armor_interfaces' with build type 'ament_cmake'
[0.299s] INFO:colcon.colcon_cmake.task.cmake.build:Building CMake package in '/home/eee/ros2/src/armor_detect_ros2-main/src/armor_interfaces'
[0.303s] INFO:colcon.colcon_core.plugin_system:Skipping extension 'colcon_core.shell.bat': Not used on non-Windows systems
[0.303s] INFO:colcon.colcon_core.shell:Skip shell extension 'powershell' for command environment: Not usable outside of PowerShell
[0.303s] DEBUG:colcon.colcon_core.shell:Skip shell extension 'dsv' for command environment
[0.305s] INFO:colcon.colcon_ros.task.ament_cmake.build:Building ROS package in '/home/eee/ros2/src/armor_detect_ros2-main/src/armor_urdf' with build type 'ament_cmake'
[0.306s] INFO:colcon.colcon_cmake.task.cmake.build:Building CMake package in '/home/eee/ros2/src/armor_detect_ros2-main/src/armor_urdf'
[0.306s] INFO:colcon.colcon_core.shell:Skip shell extension 'powershell' for command environment: Not usable outside of PowerShell
[0.306s] DEBUG:colcon.colcon_core.shell:Skip shell extension 'dsv' for command environment
[0.312s] DEBUG:colcon.colcon_core.event_handler.log_command:Invoking command in '/home/eee/ros2/src/armor_detect_ros2-main/build/armor_interfaces': CMAKE_PREFIX_PATH=/opt/ros/humble /usr/bin/cmake --build /home/eee/ros2/src/armor_detect_ros2-main/build/armor_interfaces -- -j20 -l20
[0.314s] DEBUG:colcon.colcon_core.event_handler.log_command:Invoking command in '/home/eee/ros2/src/armor_detect_ros2-main/build/armor_urdf': CMAKE_PREFIX_PATH=/opt/ros/humble /usr/bin/cmake --build /home/eee/ros2/src/armor_detect_ros2-main/build/armor_urdf -- -j20 -l20
[0.349s] DEBUG:colcon.colcon_core.event_handler.log_command:Invoked command in '/home/eee/ros2/src/armor_detect_ros2-main/build/armor_urdf' returned '0': CMAKE_PREFIX_PATH=/opt/ros/humble /usr/bin/cmake --build /home/eee/ros2/src/armor_detect_ros2-main/build/armor_urdf -- -j20 -l20
[0.357s] DEBUG:colcon.colcon_core.event_handler.log_command:Invoking command in '/home/eee/ros2/src/armor_detect_ros2-main/build/armor_urdf': CMAKE_PREFIX_PATH=/opt/ros/humble /usr/bin/cmake --install /home/eee/ros2/src/armor_detect_ros2-main/build/armor_urdf
[0.368s] Level 1:colcon.colcon_core.environment:create_environment_scripts_only(armor_urdf)
[0.369s] DEBUG:colcon.colcon_core.event_handler.log_command:Invoked command in '/home/eee/ros2/src/armor_detect_ros2-main/build/armor_urdf' returned '0': CMAKE_PREFIX_PATH=/opt/ros/humble /usr/bin/cmake --install /home/eee/ros2/src/armor_detect_ros2-main/build/armor_urdf
[0.373s] Level 1:colcon.colcon_core.environment:checking '/home/eee/ros2/src/armor_detect_ros2-main/install/armor_urdf' for CMake module files
[0.374s] Level 1:colcon.colcon_core.environment:checking '/home/eee/ros2/src/armor_detect_ros2-main/install/armor_urdf' for CMake config files
[0.374s] Level 1:colcon.colcon_core.shell:create_environment_hook('armor_urdf', 'cmake_prefix_path')
[0.374s] INFO:colcon.colcon_core.shell:Creating environment hook '/home/eee/ros2/src/armor_detect_ros2-main/install/armor_urdf/share/armor_urdf/hook/cmake_prefix_path.ps1'
[0.375s] INFO:colcon.colcon_core.shell:Creating environment descriptor '/home/eee/ros2/src/armor_detect_ros2-main/install/armor_urdf/share/armor_urdf/hook/cmake_prefix_path.dsv'
[0.376s] INFO:colcon.colcon_core.shell:Creating environment hook '/home/eee/ros2/src/armor_detect_ros2-main/install/armor_urdf/share/armor_urdf/hook/cmake_prefix_path.sh'
[0.377s] Level 1:colcon.colcon_core.environment:checking '/home/eee/ros2/src/armor_detect_ros2-main/install/armor_urdf/bin'
[0.378s] Level 1:colcon.colcon_core.environment:checking '/home/eee/ros2/src/armor_detect_ros2-main/install/armor_urdf/lib/pkgconfig/armor_urdf.pc'
[0.378s] Level 1:colcon.colcon_core.environment:checking '/home/eee/ros2/src/armor_detect_ros2-main/install/armor_urdf/lib/python3.10/site-packages'
[0.379s] Level 1:colcon.colcon_core.environment:checking '/home/eee/ros2/src/armor_detect_ros2-main/install/armor_urdf/bin'
[0.380s] INFO:colcon.colcon_core.shell:Creating package script '/home/eee/ros2/src/armor_detect_ros2-main/install/armor_urdf/share/armor_urdf/package.ps1'
[0.381s] INFO:colcon.colcon_core.shell:Creating package descriptor '/home/eee/ros2/src/armor_detect_ros2-main/install/armor_urdf/share/armor_urdf/package.dsv'
[0.382s] INFO:colcon.colcon_core.shell:Creating package script '/home/eee/ros2/src/armor_detect_ros2-main/install/armor_urdf/share/armor_urdf/package.sh'
[0.384s] INFO:colcon.colcon_core.shell:Creating package script '/home/eee/ros2/src/armor_detect_ros2-main/install/armor_urdf/share/armor_urdf/package.bash'
[0.385s] INFO:colcon.colcon_core.shell:Creating package script '/home/eee/ros2/src/armor_detect_ros2-main/install/armor_urdf/share/armor_urdf/package.zsh'
[0.386s] Level 1:colcon.colcon_core.environment:create_file_with_runtime_dependencies(/home/eee/ros2/src/armor_detect_ros2-main/install/armor_urdf/share/colcon-core/packages/armor_urdf)
[0.387s] Level 1:colcon.colcon_core.environment:create_environment_scripts_only(armor_urdf)
[0.387s] Level 1:colcon.colcon_core.environment:checking '/home/eee/ros2/src/armor_detect_ros2-main/install/armor_urdf' for CMake module files
[0.388s] Level 1:colcon.colcon_core.environment:checking '/home/eee/ros2/src/armor_detect_ros2-main/install/armor_urdf' for CMake config files
[0.388s] Level 1:colcon.colcon_core.shell:create_environment_hook('armor_urdf', 'cmake_prefix_path')
[0.388s] INFO:colcon.colcon_core.shell:Creating environment hook '/home/eee/ros2/src/armor_detect_ros2-main/install/armor_urdf/share/armor_urdf/hook/cmake_prefix_path.ps1'
[0.388s] INFO:colcon.colcon_core.shell:Creating environment descriptor '/home/eee/ros2/src/armor_detect_ros2-main/install/armor_urdf/share/armor_urdf/hook/cmake_prefix_path.dsv'
[0.389s] INFO:colcon.colcon_core.shell:Creating environment hook '/home/eee/ros2/src/armor_detect_ros2-main/install/armor_urdf/share/armor_urdf/hook/cmake_prefix_path.sh'
[0.389s] Level 1:colcon.colcon_core.environment:checking '/home/eee/ros2/src/armor_detect_ros2-main/install/armor_urdf/bin'
[0.389s] Level 1:colcon.colcon_core.environment:checking '/home/eee/ros2/src/armor_detect_ros2-main/install/armor_urdf/lib/pkgconfig/armor_urdf.pc'
[0.390s] Level 1:colcon.colcon_core.environment:checking '/home/eee/ros2/src/armor_detect_ros2-main/install/armor_urdf/lib/python3.10/site-packages'
[0.390s] Level 1:colcon.colcon_core.environment:checking '/home/eee/ros2/src/armor_detect_ros2-main/install/armor_urdf/bin'
[0.390s] INFO:colcon.colcon_core.shell:Creating package script '/home/eee/ros2/src/armor_detect_ros2-main/install/armor_urdf/share/armor_urdf/package.ps1'
[0.391s] INFO:colcon.colcon_core.shell:Creating package descriptor '/home/eee/ros2/src/armor_detect_ros2-main/install/armor_urdf/share/armor_urdf/package.dsv'
[0.391s] INFO:colcon.colcon_core.shell:Creating package script '/home/eee/ros2/src/armor_detect_ros2-main/install/armor_urdf/share/armor_urdf/package.sh'
[0.391s] INFO:colcon.colcon_core.shell:Creating package script '/home/eee/ros2/src/armor_detect_ros2-main/install/armor_urdf/share/armor_urdf/package.bash'
[0.392s] INFO:colcon.colcon_core.shell:Creating package script '/home/eee/ros2/src/armor_detect_ros2-main/install/armor_urdf/share/armor_urdf/package.zsh'
[0.392s] Level 1:colcon.colcon_core.environment:create_file_with_runtime_dependencies(/home/eee/ros2/src/armor_detect_ros2-main/install/armor_urdf/share/colcon-core/packages/armor_urdf)
[0.631s] DEBUG:colcon.colcon_core.event_handler.log_command:Invoked command in '/home/eee/ros2/src/armor_detect_ros2-main/build/armor_interfaces' returned '0': CMAKE_PREFIX_PATH=/opt/ros/humble /usr/bin/cmake --build /home/eee/ros2/src/armor_detect_ros2-main/build/armor_interfaces -- -j20 -l20
[0.632s] DEBUG:colcon.colcon_core.event_handler.log_command:Invoking command in '/home/eee/ros2/src/armor_detect_ros2-main/build/armor_interfaces': CMAKE_PREFIX_PATH=/opt/ros/humble /usr/bin/cmake --install /home/eee/ros2/src/armor_detect_ros2-main/build/armor_interfaces
[0.678s] Level 1:colcon.colcon_core.environment:create_environment_scripts_only(armor_interfaces)
[0.679s] Level 1:colcon.colcon_core.environment:checking '/home/eee/ros2/src/armor_detect_ros2-main/install/armor_interfaces' for CMake module files
[0.679s] DEBUG:colcon.colcon_core.event_handler.log_command:Invoked command in '/home/eee/ros2/src/armor_detect_ros2-main/build/armor_interfaces' returned '0': CMAKE_PREFIX_PATH=/opt/ros/humble /usr/bin/cmake --install /home/eee/ros2/src/armor_detect_ros2-main/build/armor_interfaces
[0.680s] Level 1:colcon.colcon_core.environment:checking '/home/eee/ros2/src/armor_detect_ros2-main/install/armor_interfaces' for CMake config files
[0.681s] Level 1:colcon.colcon_core.shell:create_environment_hook('armor_interfaces', 'cmake_prefix_path')
[0.681s] INFO:colcon.colcon_core.shell:Creating environment hook '/home/eee/ros2/src/armor_detect_ros2-main/install/armor_interfaces/share/armor_interfaces/hook/cmake_prefix_path.ps1'
[0.682s] INFO:colcon.colcon_core.shell:Creating environment descriptor '/home/eee/ros2/src/armor_detect_ros2-main/install/armor_interfaces/share/armor_interfaces/hook/cmake_prefix_path.dsv'
[0.682s] INFO:colcon.colcon_core.shell:Creating environment hook '/home/eee/ros2/src/armor_detect_ros2-main/install/armor_interfaces/share/armor_interfaces/hook/cmake_prefix_path.sh'
[0.683s] Level 1:colcon.colcon_core.environment:checking '/home/eee/ros2/src/armor_detect_ros2-main/install/armor_interfaces/lib'
[0.683s] Level 1:colcon.colcon_core.shell:create_environment_hook('armor_interfaces', 'ld_library_path_lib')
[0.683s] INFO:colcon.colcon_core.shell:Creating environment hook '/home/eee/ros2/src/armor_detect_ros2-main/install/armor_interfaces/share/armor_interfaces/hook/ld_library_path_lib.ps1'
[0.683s] INFO:colcon.colcon_core.shell:Creating environment descriptor '/home/eee/ros2/src/armor_detect_ros2-main/install/armor_interfaces/share/armor_interfaces/hook/ld_library_path_lib.dsv'
[0.684s] INFO:colcon.colcon_core.shell:Creating environment hook '/home/eee/ros2/src/armor_detect_ros2-main/install/armor_interfaces/share/armor_interfaces/hook/ld_library_path_lib.sh'
[0.684s] Level 1:colcon.colcon_core.environment:checking '/home/eee/ros2/src/armor_detect_ros2-main/install/armor_interfaces/bin'
[0.684s] Level 1:colcon.colcon_core.environment:checking '/home/eee/ros2/src/armor_detect_ros2-main/install/armor_interfaces/lib/pkgconfig/armor_interfaces.pc'
[0.684s] Level 1:colcon.colcon_core.environment:checking '/home/eee/ros2/src/armor_detect_ros2-main/install/armor_interfaces/lib/python3.10/site-packages'
[0.685s] Level 1:colcon.colcon_core.environment:checking '/home/eee/ros2/src/armor_detect_ros2-main/install/armor_interfaces/bin'
[0.685s] INFO:colcon.colcon_core.shell:Creating package script '/home/eee/ros2/src/armor_detect_ros2-main/install/armor_interfaces/share/armor_interfaces/package.ps1'
[0.685s] INFO:colcon.colcon_core.shell:Creating package descriptor '/home/eee/ros2/src/armor_detect_ros2-main/install/armor_interfaces/share/armor_interfaces/package.dsv'
[0.686s] INFO:colcon.colcon_core.shell:Creating package script '/home/eee/ros2/src/armor_detect_ros2-main/install/armor_interfaces/share/armor_interfaces/package.sh'
[0.686s] INFO:colcon.colcon_core.shell:Creating package script '/home/eee/ros2/src/armor_detect_ros2-main/install/armor_interfaces/share/armor_interfaces/package.bash'
[0.686s] INFO:colcon.colcon_core.shell:Creating package script '/home/eee/ros2/src/armor_detect_ros2-main/install/armor_interfaces/share/armor_interfaces/package.zsh'
[0.686s] Level 1:colcon.colcon_core.environment:create_file_with_runtime_dependencies(/home/eee/ros2/src/armor_detect_ros2-main/install/armor_interfaces/share/colcon-core/packages/armor_interfaces)
[0.687s] Level 1:colcon.colcon_core.environment:create_environment_scripts_only(armor_interfaces)
[0.687s] Level 1:colcon.colcon_core.environment:checking '/home/eee/ros2/src/armor_detect_ros2-main/install/armor_interfaces' for CMake module files
[0.687s] Level 1:colcon.colcon_core.environment:checking '/home/eee/ros2/src/armor_detect_ros2-main/install/armor_interfaces' for CMake config files
[0.688s] Level 1:colcon.colcon_core.shell:create_environment_hook('armor_interfaces', 'cmake_prefix_path')
[0.688s] INFO:colcon.colcon_core.shell:Creating environment hook '/home/eee/ros2/src/armor_detect_ros2-main/install/armor_interfaces/share/armor_interfaces/hook/cmake_prefix_path.ps1'
[0.688s] INFO:colcon.colcon_core.shell:Creating environment descriptor '/home/eee/ros2/src/armor_detect_ros2-main/install/armor_interfaces/share/armor_interfaces/hook/cmake_prefix_path.dsv'
[0.689s] INFO:colcon.colcon_core.shell:Creating environment hook '/home/eee/ros2/src/armor_detect_ros2-main/install/armor_interfaces/share/armor_interfaces/hook/cmake_prefix_path.sh'
[0.689s] Level 1:colcon.colcon_core.environment:checking '/home/eee/ros2/src/armor_detect_ros2-main/install/armor_interfaces/lib'
[0.689s] Level 1:colcon.colcon_core.shell:create_environment_hook('armor_interfaces', 'ld_library_path_lib')
[0.689s] INFO:colcon.colcon_core.shell:Creating environment hook '/home/eee/ros2/src/armor_detect_ros2-main/install/armor_interfaces/share/armor_interfaces/hook/ld_library_path_lib.ps1'
[0.690s] INFO:colcon.colcon_core.shell:Creating environment descriptor '/home/eee/ros2/src/armor_detect_ros2-main/install/armor_interfaces/share/armor_interfaces/hook/ld_library_path_lib.dsv'
[0.690s] INFO:colcon.colcon_core.shell:Creating environment hook '/home/eee/ros2/src/armor_detect_ros2-main/install/armor_interfaces/share/armor_interfaces/hook/ld_library_path_lib.sh'
[0.690s] Level 1:colcon.colcon_core.environment:checking '/home/eee/ros2/src/armor_detect_ros2-main/install/armor_interfaces/bin'
[0.690s] Level 1:colcon.colcon_core.environment:checking '/home/eee/ros2/src/armor_detect_ros2-main/install/armor_interfaces/lib/pkgconfig/armor_interfaces.pc'
[0.690s] Level 1:colcon.colcon_core.environment:checking '/home/eee/ros2/src/armor_detect_ros2-main/install/armor_interfaces/lib/python3.10/site-packages'
[0.691s] Level 1:colcon.colcon_core.environment:checking '/home/eee/ros2/src/armor_detect_ros2-main/install/armor_interfaces/bin'
[0.691s] INFO:colcon.colcon_core.shell:Creating package script '/home/eee/ros2/src/armor_detect_ros2-main/install/armor_interfaces/share/armor_interfaces/package.ps1'
[0.691s] INFO:colcon.colcon_core.shell:Creating package descriptor '/home/eee/ros2/src/armor_detect_ros2-main/install/armor_interfaces/share/armor_interfaces/package.dsv'
[0.692s] INFO:colcon.colcon_core.shell:Creating package script '/home/eee/ros2/src/armor_detect_ros2-main/install/armor_interfaces/share/armor_interfaces/package.sh'
[0.692s] INFO:colcon.colcon_core.shell:Creating package script '/home/eee/ros2/src/armor_detect_ros2-main/install/armor_interfaces/share/armor_interfaces/package.bash'
[0.692s] INFO:colcon.colcon_core.shell:Creating package script '/home/eee/ros2/src/armor_detect_ros2-main/install/armor_interfaces/share/armor_interfaces/package.zsh'
[0.693s] Level 1:colcon.colcon_core.environment:create_file_with_runtime_dependencies(/home/eee/ros2/src/armor_detect_ros2-main/install/armor_interfaces/share/colcon-core/packages/armor_interfaces)
[0.693s] INFO:colcon.colcon_ros.task.ament_cmake.build:Building ROS package in '/home/eee/ros2/src/armor_detect_ros2-main/src/armor_drawer' with build type 'ament_cmake'
[0.694s] INFO:colcon.colcon_cmake.task.cmake.build:Building CMake package in '/home/eee/ros2/src/armor_detect_ros2-main/src/armor_drawer'
[0.694s] INFO:colcon.colcon_core.shell:Skip shell extension 'powershell' for command environment: Not usable outside of PowerShell
[0.694s] DEBUG:colcon.colcon_core.shell:Skip shell extension 'dsv' for command environment
[0.697s] INFO:colcon.colcon_ros.task.ament_cmake.build:Building ROS package in '/home/eee/ros2/src/armor_detect_ros2-main/src/armor_tracker' with build type 'ament_cmake'
[0.697s] INFO:colcon.colcon_cmake.task.cmake.build:Building CMake package in '/home/eee/ros2/src/armor_detect_ros2-main/src/armor_tracker'
[0.697s] INFO:colcon.colcon_core.shell:Skip shell extension 'powershell' for command environment: Not usable outside of PowerShell
[0.697s] DEBUG:colcon.colcon_core.shell:Skip shell extension 'dsv' for command environment
[0.699s] INFO:colcon.colcon_ros.task.ament_cmake.build:Building ROS package in '/home/eee/ros2/src/armor_detect_ros2-main/src/serial_driver' with build type 'ament_cmake'
[0.699s] INFO:colcon.colcon_cmake.task.cmake.build:Building CMake package in '/home/eee/ros2/src/armor_detect_ros2-main/src/serial_driver'
[0.699s] INFO:colcon.colcon_core.shell:Skip shell extension 'powershell' for command environment: Not usable outside of PowerShell
[0.699s] DEBUG:colcon.colcon_core.shell:Skip shell extension 'dsv' for command environment
[0.704s] DEBUG:colcon.colcon_core.event_handler.log_command:Invoking command in '/home/eee/ros2/src/armor_detect_ros2-main/build/armor_drawer': AMENT_PREFIX_PATH=/home/eee/ros2/src/armor_detect_ros2-main/install/armor_interfaces:${AMENT_PREFIX_PATH} CMAKE_PREFIX_PATH=/home/eee/ros2/src/armor_detect_ros2-main/install/armor_interfaces:/opt/ros/humble LD_LIBRARY_PATH=/home/eee/ros2/src/armor_detect_ros2-main/install/armor_interfaces/lib:${LD_LIBRARY_PATH} PYTHONPATH=/home/eee/ros2/src/armor_detect_ros2-main/install/armor_interfaces/local/lib/python3.10/dist-packages:${PYTHONPATH} /usr/bin/cmake --build /home/eee/ros2/src/armor_detect_ros2-main/build/armor_drawer -- -j20 -l20
[0.707s] DEBUG:colcon.colcon_core.event_handler.log_command:Invoking command in '/home/eee/ros2/src/armor_detect_ros2-main/build/armor_tracker_node': AMENT_PREFIX_PATH=/home/eee/ros2/src/armor_detect_ros2-main/install/armor_interfaces:${AMENT_PREFIX_PATH} CMAKE_PREFIX_PATH=/home/eee/ros2/src/armor_detect_ros2-main/install/armor_interfaces:/opt/ros/humble LD_LIBRARY_PATH=/home/eee/ros2/src/armor_detect_ros2-main/install/armor_interfaces/lib:${LD_LIBRARY_PATH} PYTHONPATH=/home/eee/ros2/src/armor_detect_ros2-main/install/armor_interfaces/local/lib/python3.10/dist-packages:${PYTHONPATH} /usr/bin/cmake --build /home/eee/ros2/src/armor_detect_ros2-main/build/armor_tracker_node -- -j20 -l20
[0.711s] DEBUG:colcon.colcon_core.event_handler.log_command:Invoking command in '/home/eee/ros2/src/armor_detect_ros2-main/build/rm_serial_driver': AMENT_PREFIX_PATH=/home/eee/ros2/src/armor_detect_ros2-main/install/armor_interfaces:${AMENT_PREFIX_PATH} CMAKE_PREFIX_PATH=/home/eee/ros2/src/armor_detect_ros2-main/install/armor_interfaces:/opt/ros/humble LD_LIBRARY_PATH=/home/eee/ros2/src/armor_detect_ros2-main/install/armor_interfaces/lib:${LD_LIBRARY_PATH} PYTHONPATH=/home/eee/ros2/src/armor_detect_ros2-main/install/armor_interfaces/local/lib/python3.10/dist-packages:${PYTHONPATH} /usr/bin/cmake --build /home/eee/ros2/src/armor_detect_ros2-main/build/rm_serial_driver -- -j20 -l20
[0.775s] DEBUG:colcon.colcon_core.event_handler.log_command:Invoked command in '/home/eee/ros2/src/armor_detect_ros2-main/build/armor_drawer' returned '0': AMENT_PREFIX_PATH=/home/eee/ros2/src/armor_detect_ros2-main/install/armor_interfaces:${AMENT_PREFIX_PATH} CMAKE_PREFIX_PATH=/home/eee/ros2/src/armor_detect_ros2-main/install/armor_interfaces:/opt/ros/humble LD_LIBRARY_PATH=/home/eee/ros2/src/armor_detect_ros2-main/install/armor_interfaces/lib:${LD_LIBRARY_PATH} PYTHONPATH=/home/eee/ros2/src/armor_detect_ros2-main/install/armor_interfaces/local/lib/python3.10/dist-packages:${PYTHONPATH} /usr/bin/cmake --build /home/eee/ros2/src/armor_detect_ros2-main/build/armor_drawer -- -j20 -l20
[0.777s] DEBUG:colcon.colcon_core.event_handler.log_command:Invoking command in '/home/eee/ros2/src/armor_detect_ros2-main/build/armor_drawer': AMENT_PREFIX_PATH=/home/eee/ros2/src/armor_detect_ros2-main/install/armor_interfaces:${AMENT_PREFIX_PATH} CMAKE_PREFIX_PATH=/home/eee/ros2/src/armor_detect_ros2-main/install/armor_interfaces:/opt/ros/humble LD_LIBRARY_PATH=/home/eee/ros2/src/armor_detect_ros2-main/install/armor_interfaces/lib:${LD_LIBRARY_PATH} PYTHONPATH=/home/eee/ros2/src/armor_detect_ros2-main/install/armor_interfaces/local/lib/python3.10/dist-packages:${PYTHONPATH} /usr/bin/cmake --install /home/eee/ros2/src/armor_detect_ros2-main/build/armor_drawer
[0.788s] Level 1:colcon.colcon_core.environment:create_environment_scripts_only(armor_drawer)
[0.788s] Level 1:colcon.colcon_core.environment:checking '/home/eee/ros2/src/armor_detect_ros2-main/install/armor_drawer' for CMake module files
[0.790s] DEBUG:colcon.colcon_core.event_handler.log_command:Invoked command in '/home/eee/ros2/src/armor_detect_ros2-main/build/armor_drawer' returned '0': AMENT_PREFIX_PATH=/home/eee/ros2/src/armor_detect_ros2-main/install/armor_interfaces:${AMENT_PREFIX_PATH} CMAKE_PREFIX_PATH=/home/eee/ros2/src/armor_detect_ros2-main/install/armor_interfaces:/opt/ros/humble LD_LIBRARY_PATH=/home/eee/ros2/src/armor_detect_ros2-main/install/armor_interfaces/lib:${LD_LIBRARY_PATH} PYTHONPATH=/home/eee/ros2/src/armor_detect_ros2-main/install/armor_interfaces/local/lib/python3.10/dist-packages:${PYTHONPATH} /usr/bin/cmake --install /home/eee/ros2/src/armor_detect_ros2-main/build/armor_drawer
[0.790s] Level 1:colcon.colcon_core.environment:checking '/home/eee/ros2/src/armor_detect_ros2-main/install/armor_drawer' for CMake config files
[0.791s] Level 1:colcon.colcon_core.shell:create_environment_hook('armor_drawer', 'cmake_prefix_path')
[0.791s] INFO:colcon.colcon_core.shell:Creating environment hook '/home/eee/ros2/src/armor_detect_ros2-main/install/armor_drawer/share/armor_drawer/hook/cmake_prefix_path.ps1'
[0.791s] INFO:colcon.colcon_core.shell:Creating environment descriptor '/home/eee/ros2/src/armor_detect_ros2-main/install/armor_drawer/share/armor_drawer/hook/cmake_prefix_path.dsv'
[0.792s] INFO:colcon.colcon_core.shell:Creating environment hook '/home/eee/ros2/src/armor_detect_ros2-main/install/armor_drawer/share/armor_drawer/hook/cmake_prefix_path.sh'
[0.793s] Level 1:colcon.colcon_core.environment:checking '/home/eee/ros2/src/armor_detect_ros2-main/install/armor_drawer/lib'
[0.793s] Level 1:colcon.colcon_core.environment:checking '/home/eee/ros2/src/armor_detect_ros2-main/install/armor_drawer/bin'
[0.793s] Level 1:colcon.colcon_core.environment:checking '/home/eee/ros2/src/armor_detect_ros2-main/install/armor_drawer/lib/pkgconfig/armor_drawer.pc'
[0.793s] Level 1:colcon.colcon_core.environment:checking '/home/eee/ros2/src/armor_detect_ros2-main/install/armor_drawer/lib/python3.10/site-packages'
[0.794s] Level 1:colcon.colcon_core.environment:checking '/home/eee/ros2/src/armor_detect_ros2-main/install/armor_drawer/bin'
[0.794s] INFO:colcon.colcon_core.shell:Creating package script '/home/eee/ros2/src/armor_detect_ros2-main/install/armor_drawer/share/armor_drawer/package.ps1'
[0.795s] INFO:colcon.colcon_core.shell:Creating package descriptor '/home/eee/ros2/src/armor_detect_ros2-main/install/armor_drawer/share/armor_drawer/package.dsv'
[0.796s] INFO:colcon.colcon_core.shell:Creating package script '/home/eee/ros2/src/armor_detect_ros2-main/install/armor_drawer/share/armor_drawer/package.sh'
[0.796s] INFO:colcon.colcon_core.shell:Creating package script '/home/eee/ros2/src/armor_detect_ros2-main/install/armor_drawer/share/armor_drawer/package.bash'
[0.796s] INFO:colcon.colcon_core.shell:Creating package script '/home/eee/ros2/src/armor_detect_ros2-main/install/armor_drawer/share/armor_drawer/package.zsh'
[0.796s] Level 1:colcon.colcon_core.environment:create_file_with_runtime_dependencies(/home/eee/ros2/src/armor_detect_ros2-main/install/armor_drawer/share/colcon-core/packages/armor_drawer)
[0.797s] Level 1:colcon.colcon_core.environment:create_environment_scripts_only(armor_drawer)
[0.797s] Level 1:colcon.colcon_core.environment:checking '/home/eee/ros2/src/armor_detect_ros2-main/install/armor_drawer' for CMake module files
[0.798s] Level 1:colcon.colcon_core.environment:checking '/home/eee/ros2/src/armor_detect_ros2-main/install/armor_drawer' for CMake config files
[0.798s] Level 1:colcon.colcon_core.shell:create_environment_hook('armor_drawer', 'cmake_prefix_path')
[0.798s] INFO:colcon.colcon_core.shell:Creating environment hook '/home/eee/ros2/src/armor_detect_ros2-main/install/armor_drawer/share/armor_drawer/hook/cmake_prefix_path.ps1'
[0.799s] INFO:colcon.colcon_core.shell:Creating environment descriptor '/home/eee/ros2/src/armor_detect_ros2-main/install/armor_drawer/share/armor_drawer/hook/cmake_prefix_path.dsv'
[0.799s] INFO:colcon.colcon_core.shell:Creating environment hook '/home/eee/ros2/src/armor_detect_ros2-main/install/armor_drawer/share/armor_drawer/hook/cmake_prefix_path.sh'
[0.800s] Level 1:colcon.colcon_core.environment:checking '/home/eee/ros2/src/armor_detect_ros2-main/install/armor_drawer/lib'
[0.800s] Level 1:colcon.colcon_core.environment:checking '/home/eee/ros2/src/armor_detect_ros2-main/install/armor_drawer/bin'
[0.800s] Level 1:colcon.colcon_core.environment:checking '/home/eee/ros2/src/armor_detect_ros2-main/install/armor_drawer/lib/pkgconfig/armor_drawer.pc'
[0.800s] Level 1:colcon.colcon_core.environment:checking '/home/eee/ros2/src/armor_detect_ros2-main/install/armor_drawer/lib/python3.10/site-packages'
[0.800s] Level 1:colcon.colcon_core.environment:checking '/home/eee/ros2/src/armor_detect_ros2-main/install/armor_drawer/bin'
[0.801s] INFO:colcon.colcon_core.shell:Creating package script '/home/eee/ros2/src/armor_detect_ros2-main/install/armor_drawer/share/armor_drawer/package.ps1'
[0.801s] INFO:colcon.colcon_core.shell:Creating package descriptor '/home/eee/ros2/src/armor_detect_ros2-main/install/armor_drawer/share/armor_drawer/package.dsv'
[0.802s] INFO:colcon.colcon_core.shell:Creating package script '/home/eee/ros2/src/armor_detect_ros2-main/install/armor_drawer/share/armor_drawer/package.sh'
[0.802s] INFO:colcon.colcon_core.shell:Creating package script '/home/eee/ros2/src/armor_detect_ros2-main/install/armor_drawer/share/armor_drawer/package.bash'
[0.803s] INFO:colcon.colcon_core.shell:Creating package script '/home/eee/ros2/src/armor_detect_ros2-main/install/armor_drawer/share/armor_drawer/package.zsh'
[0.803s] Level 1:colcon.colcon_core.environment:create_file_with_runtime_dependencies(/home/eee/ros2/src/armor_detect_ros2-main/install/armor_drawer/share/colcon-core/packages/armor_drawer)
[0.805s] DEBUG:colcon.colcon_core.event_handler.log_command:Invoked command in '/home/eee/ros2/src/armor_detect_ros2-main/build/armor_tracker_node' returned '0': AMENT_PREFIX_PATH=/home/eee/ros2/src/armor_detect_ros2-main/install/armor_interfaces:${AMENT_PREFIX_PATH} CMAKE_PREFIX_PATH=/home/eee/ros2/src/armor_detect_ros2-main/install/armor_interfaces:/opt/ros/humble LD_LIBRARY_PATH=/home/eee/ros2/src/armor_detect_ros2-main/install/armor_interfaces/lib:${LD_LIBRARY_PATH} PYTHONPATH=/home/eee/ros2/src/armor_detect_ros2-main/install/armor_interfaces/local/lib/python3.10/dist-packages:${PYTHONPATH} /usr/bin/cmake --build /home/eee/ros2/src/armor_detect_ros2-main/build/armor_tracker_node -- -j20 -l20
[0.807s] DEBUG:colcon.colcon_core.event_handler.log_command:Invoking command in '/home/eee/ros2/src/armor_detect_ros2-main/build/armor_tracker_node': AMENT_PREFIX_PATH=/home/eee/ros2/src/armor_detect_ros2-main/install/armor_interfaces:${AMENT_PREFIX_PATH} CMAKE_PREFIX_PATH=/home/eee/ros2/src/armor_detect_ros2-main/install/armor_interfaces:/opt/ros/humble LD_LIBRARY_PATH=/home/eee/ros2/src/armor_detect_ros2-main/install/armor_interfaces/lib:${LD_LIBRARY_PATH} PYTHONPATH=/home/eee/ros2/src/armor_detect_ros2-main/install/armor_interfaces/local/lib/python3.10/dist-packages:${PYTHONPATH} /usr/bin/cmake --install /home/eee/ros2/src/armor_detect_ros2-main/build/armor_tracker_node
[0.813s] DEBUG:colcon.colcon_core.event_handler.log_command:Invoked command in '/home/eee/ros2/src/armor_detect_ros2-main/build/rm_serial_driver' returned '0': AMENT_PREFIX_PATH=/home/eee/ros2/src/armor_detect_ros2-main/install/armor_interfaces:${AMENT_PREFIX_PATH} CMAKE_PREFIX_PATH=/home/eee/ros2/src/armor_detect_ros2-main/install/armor_interfaces:/opt/ros/humble LD_LIBRARY_PATH=/home/eee/ros2/src/armor_detect_ros2-main/install/armor_interfaces/lib:${LD_LIBRARY_PATH} PYTHONPATH=/home/eee/ros2/src/armor_detect_ros2-main/install/armor_interfaces/local/lib/python3.10/dist-packages:${PYTHONPATH} /usr/bin/cmake --build /home/eee/ros2/src/armor_detect_ros2-main/build/rm_serial_driver -- -j20 -l20
[0.815s] DEBUG:colcon.colcon_core.event_handler.log_command:Invoking command in '/home/eee/ros2/src/armor_detect_ros2-main/build/rm_serial_driver': AMENT_PREFIX_PATH=/home/eee/ros2/src/armor_detect_ros2-main/install/armor_interfaces:${AMENT_PREFIX_PATH} CMAKE_PREFIX_PATH=/home/eee/ros2/src/armor_detect_ros2-main/install/armor_interfaces:/opt/ros/humble LD_LIBRARY_PATH=/home/eee/ros2/src/armor_detect_ros2-main/install/armor_interfaces/lib:${LD_LIBRARY_PATH} PYTHONPATH=/home/eee/ros2/src/armor_detect_ros2-main/install/armor_interfaces/local/lib/python3.10/dist-packages:${PYTHONPATH} /usr/bin/cmake --install /home/eee/ros2/src/armor_detect_ros2-main/build/rm_serial_driver
[0.818s] Level 1:colcon.colcon_core.environment:create_environment_scripts_only(armor_tracker_node)
[0.819s] Level 1:colcon.colcon_core.environment:checking '/home/eee/ros2/src/armor_detect_ros2-main/install/armor_tracker_node' for CMake module files
[0.819s] DEBUG:colcon.colcon_core.event_handler.log_command:Invoked command in '/home/eee/ros2/src/armor_detect_ros2-main/build/armor_tracker_node' returned '0': AMENT_PREFIX_PATH=/home/eee/ros2/src/armor_detect_ros2-main/install/armor_interfaces:${AMENT_PREFIX_PATH} CMAKE_PREFIX_PATH=/home/eee/ros2/src/armor_detect_ros2-main/install/armor_interfaces:/opt/ros/humble LD_LIBRARY_PATH=/home/eee/ros2/src/armor_detect_ros2-main/install/armor_interfaces/lib:${LD_LIBRARY_PATH} PYTHONPATH=/home/eee/ros2/src/armor_detect_ros2-main/install/armor_interfaces/local/lib/python3.10/dist-packages:${PYTHONPATH} /usr/bin/cmake --install /home/eee/ros2/src/armor_detect_ros2-main/build/armor_tracker_node
[0.820s] Level 1:colcon.colcon_core.environment:checking '/home/eee/ros2/src/armor_detect_ros2-main/install/armor_tracker_node' for CMake config files
[0.820s] Level 1:colcon.colcon_core.shell:create_environment_hook('armor_tracker_node', 'cmake_prefix_path')
[0.820s] INFO:colcon.colcon_core.shell:Creating environment hook '/home/eee/ros2/src/armor_detect_ros2-main/install/armor_tracker_node/share/armor_tracker_node/hook/cmake_prefix_path.ps1'
[0.821s] INFO:colcon.colcon_core.shell:Creating environment descriptor '/home/eee/ros2/src/armor_detect_ros2-main/install/armor_tracker_node/share/armor_tracker_node/hook/cmake_prefix_path.dsv'
[0.822s] INFO:colcon.colcon_core.shell:Creating environment hook '/home/eee/ros2/src/armor_detect_ros2-main/install/armor_tracker_node/share/armor_tracker_node/hook/cmake_prefix_path.sh'
[0.823s] Level 1:colcon.colcon_core.environment:checking '/home/eee/ros2/src/armor_detect_ros2-main/install/armor_tracker_node/lib'
[0.823s] Level 1:colcon.colcon_core.environment:checking '/home/eee/ros2/src/armor_detect_ros2-main/install/armor_tracker_node/bin'
[0.823s] Level 1:colcon.colcon_core.environment:checking '/home/eee/ros2/src/armor_detect_ros2-main/install/armor_tracker_node/lib/pkgconfig/armor_tracker_node.pc'
[0.823s] Level 1:colcon.colcon_core.environment:checking '/home/eee/ros2/src/armor_detect_ros2-main/install/armor_tracker_node/lib/python3.10/site-packages'
[0.824s] Level 1:colcon.colcon_core.environment:checking '/home/eee/ros2/src/armor_detect_ros2-main/install/armor_tracker_node/bin'
[0.824s] INFO:colcon.colcon_core.shell:Creating package script '/home/eee/ros2/src/armor_detect_ros2-main/install/armor_tracker_node/share/armor_tracker_node/package.ps1'
[0.826s] INFO:colcon.colcon_core.shell:Creating package descriptor '/home/eee/ros2/src/armor_detect_ros2-main/install/armor_tracker_node/share/armor_tracker_node/package.dsv'
[0.829s] INFO:colcon.colcon_core.shell:Creating package script '/home/eee/ros2/src/armor_detect_ros2-main/install/armor_tracker_node/share/armor_tracker_node/package.sh'
[0.830s] INFO:colcon.colcon_core.shell:Creating package script '/home/eee/ros2/src/armor_detect_ros2-main/install/armor_tracker_node/share/armor_tracker_node/package.bash'
[0.830s] INFO:colcon.colcon_core.shell:Creating package script '/home/eee/ros2/src/armor_detect_ros2-main/install/armor_tracker_node/share/armor_tracker_node/package.zsh'
[0.831s] Level 1:colcon.colcon_core.environment:create_file_with_runtime_dependencies(/home/eee/ros2/src/armor_detect_ros2-main/install/armor_tracker_node/share/colcon-core/packages/armor_tracker_node)
[0.832s] Level 1:colcon.colcon_core.environment:create_environment_scripts_only(armor_tracker_node)
[0.833s] Level 1:colcon.colcon_core.environment:checking '/home/eee/ros2/src/armor_detect_ros2-main/install/armor_tracker_node' for CMake module files
[0.833s] Level 1:colcon.colcon_core.environment:checking '/home/eee/ros2/src/armor_detect_ros2-main/install/armor_tracker_node' for CMake config files
[0.834s] Level 1:colcon.colcon_core.shell:create_environment_hook('armor_tracker_node', 'cmake_prefix_path')
[0.834s] INFO:colcon.colcon_core.shell:Creating environment hook '/home/eee/ros2/src/armor_detect_ros2-main/install/armor_tracker_node/share/armor_tracker_node/hook/cmake_prefix_path.ps1'
[0.834s] INFO:colcon.colcon_core.shell:Creating environment descriptor '/home/eee/ros2/src/armor_detect_ros2-main/install/armor_tracker_node/share/armor_tracker_node/hook/cmake_prefix_path.dsv'
[0.835s] INFO:colcon.colcon_core.shell:Creating environment hook '/home/eee/ros2/src/armor_detect_ros2-main/install/armor_tracker_node/share/armor_tracker_node/hook/cmake_prefix_path.sh'
[0.836s] Level 1:colcon.colcon_core.environment:checking '/home/eee/ros2/src/armor_detect_ros2-main/install/armor_tracker_node/lib'
[0.836s] Level 1:colcon.colcon_core.environment:checking '/home/eee/ros2/src/armor_detect_ros2-main/install/armor_tracker_node/bin'
[0.836s] Level 1:colcon.colcon_core.environment:checking '/home/eee/ros2/src/armor_detect_ros2-main/install/armor_tracker_node/lib/pkgconfig/armor_tracker_node.pc'
[0.836s] Level 1:colcon.colcon_core.environment:checking '/home/eee/ros2/src/armor_detect_ros2-main/install/armor_tracker_node/lib/python3.10/site-packages'
[0.837s] Level 1:colcon.colcon_core.environment:checking '/home/eee/ros2/src/armor_detect_ros2-main/install/armor_tracker_node/bin'
[0.837s] INFO:colcon.colcon_core.shell:Creating package script '/home/eee/ros2/src/armor_detect_ros2-main/install/armor_tracker_node/share/armor_tracker_node/package.ps1'
[0.838s] INFO:colcon.colcon_core.shell:Creating package descriptor '/home/eee/ros2/src/armor_detect_ros2-main/install/armor_tracker_node/share/armor_tracker_node/package.dsv'
[0.839s] INFO:colcon.colcon_core.shell:Creating package script '/home/eee/ros2/src/armor_detect_ros2-main/install/armor_tracker_node/share/armor_tracker_node/package.sh'
[0.839s] INFO:colcon.colcon_core.shell:Creating package script '/home/eee/ros2/src/armor_detect_ros2-main/install/armor_tracker_node/share/armor_tracker_node/package.bash'
[0.840s] INFO:colcon.colcon_core.shell:Creating package script '/home/eee/ros2/src/armor_detect_ros2-main/install/armor_tracker_node/share/armor_tracker_node/package.zsh'
[0.840s] Level 1:colcon.colcon_core.environment:create_file_with_runtime_dependencies(/home/eee/ros2/src/armor_detect_ros2-main/install/armor_tracker_node/share/colcon-core/packages/armor_tracker_node)
[0.842s] Level 1:colcon.colcon_core.environment:create_environment_scripts_only(rm_serial_driver)
[0.842s] Level 1:colcon.colcon_core.environment:checking '/home/eee/ros2/src/armor_detect_ros2-main/install/rm_serial_driver' for CMake module files
[0.843s] DEBUG:colcon.colcon_core.event_handler.log_command:Invoked command in '/home/eee/ros2/src/armor_detect_ros2-main/build/rm_serial_driver' returned '0': AMENT_PREFIX_PATH=/home/eee/ros2/src/armor_detect_ros2-main/install/armor_interfaces:${AMENT_PREFIX_PATH} CMAKE_PREFIX_PATH=/home/eee/ros2/src/armor_detect_ros2-main/install/armor_interfaces:/opt/ros/humble LD_LIBRARY_PATH=/home/eee/ros2/src/armor_detect_ros2-main/install/armor_interfaces/lib:${LD_LIBRARY_PATH} PYTHONPATH=/home/eee/ros2/src/armor_detect_ros2-main/install/armor_interfaces/local/lib/python3.10/dist-packages:${PYTHONPATH} /usr/bin/cmake --install /home/eee/ros2/src/armor_detect_ros2-main/build/rm_serial_driver
[0.843s] Level 1:colcon.colcon_core.environment:checking '/home/eee/ros2/src/armor_detect_ros2-main/install/rm_serial_driver' for CMake config files
[0.843s] Level 1:colcon.colcon_core.shell:create_environment_hook('rm_serial_driver', 'cmake_prefix_path')
[0.844s] INFO:colcon.colcon_core.shell:Creating environment hook '/home/eee/ros2/src/armor_detect_ros2-main/install/rm_serial_driver/share/rm_serial_driver/hook/cmake_prefix_path.ps1'
[0.844s] INFO:colcon.colcon_core.shell:Creating environment descriptor '/home/eee/ros2/src/armor_detect_ros2-main/install/rm_serial_driver/share/rm_serial_driver/hook/cmake_prefix_path.dsv'
[0.845s] INFO:colcon.colcon_core.shell:Creating environment hook '/home/eee/ros2/src/armor_detect_ros2-main/install/rm_serial_driver/share/rm_serial_driver/hook/cmake_prefix_path.sh'
[0.846s] Level 1:colcon.colcon_core.environment:checking '/home/eee/ros2/src/armor_detect_ros2-main/install/rm_serial_driver/lib'
[0.846s] Level 1:colcon.colcon_core.shell:create_environment_hook('rm_serial_driver', 'ld_library_path_lib')
[0.846s] INFO:colcon.colcon_core.shell:Creating environment hook '/home/eee/ros2/src/armor_detect_ros2-main/install/rm_serial_driver/share/rm_serial_driver/hook/ld_library_path_lib.ps1'
[0.847s] INFO:colcon.colcon_core.shell:Creating environment descriptor '/home/eee/ros2/src/armor_detect_ros2-main/install/rm_serial_driver/share/rm_serial_driver/hook/ld_library_path_lib.dsv'
[0.847s] INFO:colcon.colcon_core.shell:Creating environment hook '/home/eee/ros2/src/armor_detect_ros2-main/install/rm_serial_driver/share/rm_serial_driver/hook/ld_library_path_lib.sh'
[0.847s] Level 1:colcon.colcon_core.environment:checking '/home/eee/ros2/src/armor_detect_ros2-main/install/rm_serial_driver/bin'
[0.847s] Level 1:colcon.colcon_core.environment:checking '/home/eee/ros2/src/armor_detect_ros2-main/install/rm_serial_driver/lib/pkgconfig/rm_serial_driver.pc'
[0.848s] Level 1:colcon.colcon_core.environment:checking '/home/eee/ros2/src/armor_detect_ros2-main/install/rm_serial_driver/lib/python3.10/site-packages'
[0.848s] Level 1:colcon.colcon_core.environment:checking '/home/eee/ros2/src/armor_detect_ros2-main/install/rm_serial_driver/bin'
[0.849s] INFO:colcon.colcon_core.shell:Creating package script '/home/eee/ros2/src/armor_detect_ros2-main/install/rm_serial_driver/share/rm_serial_driver/package.ps1'
[0.849s] INFO:colcon.colcon_core.shell:Creating package descriptor '/home/eee/ros2/src/armor_detect_ros2-main/install/rm_serial_driver/share/rm_serial_driver/package.dsv'
[0.850s] INFO:colcon.colcon_core.shell:Creating package script '/home/eee/ros2/src/armor_detect_ros2-main/install/rm_serial_driver/share/rm_serial_driver/package.sh'
[0.850s] INFO:colcon.colcon_core.shell:Creating package script '/home/eee/ros2/src/armor_detect_ros2-main/install/rm_serial_driver/share/rm_serial_driver/package.bash'
[0.850s] INFO:colcon.colcon_core.shell:Creating package script '/home/eee/ros2/src/armor_detect_ros2-main/install/rm_serial_driver/share/rm_serial_driver/package.zsh'
[0.851s] Level 1:colcon.colcon_core.environment:create_file_with_runtime_dependencies(/home/eee/ros2/src/armor_detect_ros2-main/install/rm_serial_driver/share/colcon-core/packages/rm_serial_driver)
[0.851s] Level 1:colcon.colcon_core.environment:create_environment_scripts_only(rm_serial_driver)
[0.852s] Level 1:colcon.colcon_core.environment:checking '/home/eee/ros2/src/armor_detect_ros2-main/install/rm_serial_driver' for CMake module files
[0.852s] Level 1:colcon.colcon_core.environment:checking '/home/eee/ros2/src/armor_detect_ros2-main/install/rm_serial_driver' for CMake config files
[0.853s] Level 1:colcon.colcon_core.shell:create_environment_hook('rm_serial_driver', 'cmake_prefix_path')
[0.853s] INFO:colcon.colcon_core.shell:Creating environment hook '/home/eee/ros2/src/armor_detect_ros2-main/install/rm_serial_driver/share/rm_serial_driver/hook/cmake_prefix_path.ps1'
[0.854s] INFO:colcon.colcon_core.shell:Creating environment descriptor '/home/eee/ros2/src/armor_detect_ros2-main/install/rm_serial_driver/share/rm_serial_driver/hook/cmake_prefix_path.dsv'
[0.854s] INFO:colcon.colcon_core.shell:Creating environment hook '/home/eee/ros2/src/armor_detect_ros2-main/install/rm_serial_driver/share/rm_serial_driver/hook/cmake_prefix_path.sh'
[0.855s] Level 1:colcon.colcon_core.environment:checking '/home/eee/ros2/src/armor_detect_ros2-main/install/rm_serial_driver/lib'
[0.855s] Level 1:colcon.colcon_core.shell:create_environment_hook('rm_serial_driver', 'ld_library_path_lib')
[0.855s] INFO:colcon.colcon_core.shell:Creating environment hook '/home/eee/ros2/src/armor_detect_ros2-main/install/rm_serial_driver/share/rm_serial_driver/hook/ld_library_path_lib.ps1'
[0.856s] INFO:colcon.colcon_core.shell:Creating environment descriptor '/home/eee/ros2/src/armor_detect_ros2-main/install/rm_serial_driver/share/rm_serial_driver/hook/ld_library_path_lib.dsv'
[0.856s] INFO:colcon.colcon_core.shell:Creating environment hook '/home/eee/ros2/src/armor_detect_ros2-main/install/rm_serial_driver/share/rm_serial_driver/hook/ld_library_path_lib.sh'
[0.856s] Level 1:colcon.colcon_core.environment:checking '/home/eee/ros2/src/armor_detect_ros2-main/install/rm_serial_driver/bin'
[0.857s] Level 1:colcon.colcon_core.environment:checking '/home/eee/ros2/src/armor_detect_ros2-main/install/rm_serial_driver/lib/pkgconfig/rm_serial_driver.pc'
[0.857s] Level 1:colcon.colcon_core.environment:checking '/home/eee/ros2/src/armor_detect_ros2-main/install/rm_serial_driver/lib/python3.10/site-packages'
[0.857s] Level 1:colcon.colcon_core.environment:checking '/home/eee/ros2/src/armor_detect_ros2-main/install/rm_serial_driver/bin'
[0.858s] INFO:colcon.colcon_core.shell:Creating package script '/home/eee/ros2/src/armor_detect_ros2-main/install/rm_serial_driver/share/rm_serial_driver/package.ps1'
[0.858s] INFO:colcon.colcon_core.shell:Creating package descriptor '/home/eee/ros2/src/armor_detect_ros2-main/install/rm_serial_driver/share/rm_serial_driver/package.dsv'
[0.859s] INFO:colcon.colcon_core.shell:Creating package script '/home/eee/ros2/src/armor_detect_ros2-main/install/rm_serial_driver/share/rm_serial_driver/package.sh'
[0.859s] INFO:colcon.colcon_core.shell:Creating package script '/home/eee/ros2/src/armor_detect_ros2-main/install/rm_serial_driver/share/rm_serial_driver/package.bash'
[0.860s] INFO:colcon.colcon_core.shell:Creating package script '/home/eee/ros2/src/armor_detect_ros2-main/install/rm_serial_driver/share/rm_serial_driver/package.zsh'
[0.860s] Level 1:colcon.colcon_core.environment:create_file_with_runtime_dependencies(/home/eee/ros2/src/armor_detect_ros2-main/install/rm_serial_driver/share/colcon-core/packages/rm_serial_driver)
[0.860s] DEBUG:colcon.colcon_parallel_executor.executor.parallel:closing loop
[0.861s] DEBUG:colcon.colcon_parallel_executor.executor.parallel:loop closed
[0.861s] DEBUG:colcon.colcon_parallel_executor.executor.parallel:run_until_complete finished with '0'
[0.861s] DEBUG:colcon.colcon_core.event_reactor:joining thread
[0.866s] INFO:colcon.colcon_core.plugin_system:Skipping extension 'colcon_notification.desktop_notification.terminal_notifier': Not used on non-Darwin systems
[0.866s] INFO:colcon.colcon_core.plugin_system:Skipping extension 'colcon_notification.desktop_notification.win32': Not used on non-Windows systems
[0.866s] INFO:colcon.colcon_notification.desktop_notification:Sending desktop notification using 'notify2'
[0.875s] DEBUG:colcon.colcon_core.event_reactor:joined thread
[0.876s] INFO:colcon.colcon_core.shell:Creating prefix script '/home/eee/ros2/src/armor_detect_ros2-main/install/local_setup.ps1'
[0.877s] INFO:colcon.colcon_core.shell:Creating prefix util module '/home/eee/ros2/src/armor_detect_ros2-main/install/_local_setup_util_ps1.py'
[0.878s] INFO:colcon.colcon_core.shell:Creating prefix chain script '/home/eee/ros2/src/armor_detect_ros2-main/install/setup.ps1'
[0.879s] INFO:colcon.colcon_core.shell:Creating prefix script '/home/eee/ros2/src/armor_detect_ros2-main/install/local_setup.sh'
[0.879s] INFO:colcon.colcon_core.shell:Creating prefix util module '/home/eee/ros2/src/armor_detect_ros2-main/install/_local_setup_util_sh.py'
[0.880s] INFO:colcon.colcon_core.shell:Creating prefix chain script '/home/eee/ros2/src/armor_detect_ros2-main/install/setup.sh'
[0.881s] INFO:colcon.colcon_core.shell:Creating prefix script '/home/eee/ros2/src/armor_detect_ros2-main/install/local_setup.bash'
[0.881s] INFO:colcon.colcon_core.shell:Creating prefix chain script '/home/eee/ros2/src/armor_detect_ros2-main/install/setup.bash'
[0.882s] INFO:colcon.colcon_core.shell:Creating prefix script '/home/eee/ros2/src/armor_detect_ros2-main/install/local_setup.zsh'
[0.882s] INFO:colcon.colcon_core.shell:Creating prefix chain script '/home/eee/ros2/src/armor_detect_ros2-main/install/setup.zsh'
