In file included from [01m[K/home/eee/ros2/src/armor_detect_ros2-main/src/armor_tracker/src/KalmanFilter.cpp:1[m[K:
[01m[K/home/eee/ros2/src/armor_detect_ros2-main/src/armor_tracker/include/KalmanFilter.h:7:10:[m[K [01;31m[Kfatal error: [m[Kassert.hpp: 没有那个文件或目录
    7 | #include [01;31m[K"assert.hpp"[m[K
      |          [01;31m[K^~~~~~~~~~~~[m[K
compilation terminated.
gmake[2]: *** [CMakeFiles/armor_tracker_node.dir/build.make:90：CMakeFiles/armor_tracker_node.dir/src/KalmanFilter.cpp.o] 错误 1
gmake[2]: *** 正在等待未完成的任务....
In file included from [01m[K/home/eee/ros2/src/armor_detect_ros2-main/src/armor_tracker/include/ArmorTracker.hpp:40[m[K,
                 from [01m[K/home/eee/ros2/src/armor_detect_ros2-main/src/armor_tracker/src/main1.cpp:18[m[K:
[01m[K/home/eee/ros2/src/armor_detect_ros2-main/src/armor_tracker/include/KalmanFilter.h:7:10:[m[K [01;31m[Kfatal error: [m[Kassert.hpp: 没有那个文件或目录
    7 | #include [01;31m[K"assert.hpp"[m[K
      |          [01;31m[K^~~~~~~~~~~~[m[K
compilation terminated.
gmake[2]: *** [CMakeFiles/armor_tracker_node.dir/build.make:76：CMakeFiles/armor_tracker_node.dir/src/main1.cpp.o] 错误 1
In file included from [01m[K/home/eee/ros2/src/armor_detect_ros2-main/src/armor_tracker/include/ArmorTracker.hpp:40[m[K,
                 from [01m[K/home/eee/ros2/src/armor_detect_ros2-main/src/armor_tracker/src/ArmorTracker.cpp:1[m[K:
[01m[K/home/eee/ros2/src/armor_detect_ros2-main/src/armor_tracker/include/KalmanFilter.h:7:10:[m[K [01;31m[Kfatal error: [m[Kassert.hpp: 没有那个文件或目录
    7 | #include [01;31m[K"assert.hpp"[m[K
      |          [01;31m[K^~~~~~~~~~~~[m[K
compilation terminated.
gmake[2]: *** [CMakeFiles/armor_tracker_node.dir/build.make:174：CMakeFiles/armor_tracker_node.dir/src/ArmorTracker.cpp.o] 错误 1
[01m[K/home/eee/ros2/src/armor_detect_ros2-main/src/armor_tracker/src/MathTool.cpp:[m[K In member function ‘[01m[Kstd::unique_ptr<cv::Point_<float> []> MathTool::armor_vector_extend(cv::Point2f&, cv::Point2f&, cv::Point2f&, cv::Point2f&)[m[K’:
[01m[K/home/eee/ros2/src/armor_detect_ros2-main/src/armor_tracker/src/MathTool.cpp:55:17:[m[K [01;35m[Kwarning: [m[Kunused variable ‘[01m[Ksrc_points[m[K’ [[01;35m[K]8;;https://gcc.gnu.org/onlinedocs/gcc/Warning-Options.html#index-Wunused-variable-Wunused-variable]8;;[m[K]
   55 |     cv::Point2f [01;35m[Ksrc_points[m[K[4] = {final_top_left, final_top_right, final_bottom_right, final_bottom_left};
      |                 [01;35m[K^~~~~~~~~~[m[K
gmake[1]: *** [CMakeFiles/Makefile2:137：CMakeFiles/armor_tracker_node.dir/all] 错误 2
gmake: *** [Makefile:146：all] 错误 2
