-- Found ament_cmake: 1.3.14 (/opt/ros/humble/share/ament_cmake/cmake)
-- Found armor_interfaces: 0.0.0 (/home/eee/ros2/src/armor_detect_ros2-main/install/armor_interfaces/share/armor_interfaces/cmake)
-- Found rosidl_generator_c: 3.1.8 (/opt/ros/humble/share/rosidl_generator_c/cmake)
-- Found rosidl_adapter: 3.1.8 (/opt/ros/humble/share/rosidl_adapter/cmake)
-- Found rosidl_generator_cpp: 3.1.8 (/opt/ros/humble/share/rosidl_generator_cpp/cmake)
-- Using all available rosidl_typesupport_c: rosidl_typesupport_fastrtps_c;rosidl_typesupport_introspection_c
-- Using all available rosidl_typesupport_cpp: rosidl_typesupport_fastrtps_cpp;rosidl_typesupport_introspection_cpp
-- Found geometry_msgs: 4.9.1 (/opt/ros/humble/share/geometry_msgs/cmake)
-- Found rclcpp: 16.0.19 (/opt/ros/humble/share/rclcpp/cmake)
-- Found rmw_implementation_cmake: 6.1.2 (/opt/ros/humble/share/rmw_implementation_cmake/cmake)
-- Found rmw_fastrtps_cpp: 6.2.10 (/opt/ros/humble/share/rmw_fastrtps_cpp/cmake)
-- Using RMW implementation 'rmw_fastrtps_cpp' as default
-- Found tf2: 0.25.20 (/opt/ros/humble/share/tf2/cmake)
-- Found tf2_ros: 0.25.20 (/opt/ros/humble/share/tf2_ros/cmake)
-- Found tf2_geometry_msgs: 0.25.20 (/opt/ros/humble/share/tf2_geometry_msgs/cmake)
-- Found eigen3_cmake_module: 0.1.1 (/opt/ros/humble/share/eigen3_cmake_module/cmake)
-- Ensuring Eigen3 include directory is part of orocos-kdl CMake target
-- Found sensor_msgs: 4.9.1 (/opt/ros/humble/share/sensor_msgs/cmake)
-- Found cv_bridge: 3.2.1 (/opt/ros/humble/share/cv_bridge/cmake)
-- Found image_transport: 3.1.12 (/opt/ros/humble/share/image_transport/cmake)
-- Eigen3_INCLUDE_DIRS = /usr/include/eigen3
-- Configuring done
-- Generating done
-- Build files have been written to: /home/eee/ros2/src/armor_detect_ros2-main/build/armor_tracker_node
[35m[1mConsolidate compiler generated dependencies of target armor_tracker_node[0m
[ 18%] [32mBuilding CXX object CMakeFiles/armor_tracker_node.dir/src/main1.cpp.o[0m
[ 18%] [32mBuilding CXX object CMakeFiles/armor_tracker_node.dir/src/KalmanFilter.cpp.o[0m
[ 27%] [32mBuilding CXX object CMakeFiles/armor_tracker_node.dir/src/MathTool.cpp.o[0m
[ 36%] [32mBuilding CXX object CMakeFiles/armor_tracker_node.dir/src/ArmorTracker.cpp.o[0m
In file included from [01m[K/home/eee/ros2/src/armor_detect_ros2-main/src/armor_tracker/src/KalmanFilter.cpp:1[m[K:
[01m[K/home/eee/ros2/src/armor_detect_ros2-main/src/armor_tracker/include/KalmanFilter.h:7:10:[m[K [01;31m[Kfatal error: [m[Kassert.hpp: 没有那个文件或目录
    7 | #include [01;31m[K"assert.hpp"[m[K
      |          [01;31m[K^~~~~~~~~~~~[m[K
compilation terminated.
gmake[2]: *** [CMakeFiles/armor_tracker_node.dir/build.make:90：CMakeFiles/armor_tracker_node.dir/src/KalmanFilter.cpp.o] 错误 1
gmake[2]: *** 正在等待未完成的任务....
In file included from [01m[K/home/eee/ros2/src/armor_detect_ros2-main/src/armor_tracker/include/ArmorTracker.hpp:40[m[K,
                 from [01m[K/home/eee/ros2/src/armor_detect_ros2-main/src/armor_tracker/src/main1.cpp:18[m[K:
[01m[K/home/eee/ros2/src/armor_detect_ros2-main/src/armor_tracker/include/KalmanFilter.h:7:10:[m[K [01;31m[Kfatal error: [m[Kassert.hpp: 没有那个文件或目录
    7 | #include [01;31m[K"assert.hpp"[m[K
      |          [01;31m[K^~~~~~~~~~~~[m[K
compilation terminated.
gmake[2]: *** [CMakeFiles/armor_tracker_node.dir/build.make:76：CMakeFiles/armor_tracker_node.dir/src/main1.cpp.o] 错误 1
In file included from [01m[K/home/eee/ros2/src/armor_detect_ros2-main/src/armor_tracker/include/ArmorTracker.hpp:40[m[K,
                 from [01m[K/home/eee/ros2/src/armor_detect_ros2-main/src/armor_tracker/src/ArmorTracker.cpp:1[m[K:
[01m[K/home/eee/ros2/src/armor_detect_ros2-main/src/armor_tracker/include/KalmanFilter.h:7:10:[m[K [01;31m[Kfatal error: [m[Kassert.hpp: 没有那个文件或目录
    7 | #include [01;31m[K"assert.hpp"[m[K
      |          [01;31m[K^~~~~~~~~~~~[m[K
compilation terminated.
gmake[2]: *** [CMakeFiles/armor_tracker_node.dir/build.make:174：CMakeFiles/armor_tracker_node.dir/src/ArmorTracker.cpp.o] 错误 1
[01m[K/home/eee/ros2/src/armor_detect_ros2-main/src/armor_tracker/src/MathTool.cpp:[m[K In member function ‘[01m[Kstd::unique_ptr<cv::Point_<float> []> MathTool::armor_vector_extend(cv::Point2f&, cv::Point2f&, cv::Point2f&, cv::Point2f&)[m[K’:
[01m[K/home/eee/ros2/src/armor_detect_ros2-main/src/armor_tracker/src/MathTool.cpp:55:17:[m[K [01;35m[Kwarning: [m[Kunused variable ‘[01m[Ksrc_points[m[K’ [[01;35m[K]8;;https://gcc.gnu.org/onlinedocs/gcc/Warning-Options.html#index-Wunused-variable-Wunused-variable]8;;[m[K]
   55 |     cv::Point2f [01;35m[Ksrc_points[m[K[4] = {final_top_left, final_top_right, final_bottom_right, final_bottom_left};
      |                 [01;35m[K^~~~~~~~~~[m[K
gmake[1]: *** [CMakeFiles/Makefile2:137：CMakeFiles/armor_tracker_node.dir/all] 错误 2
gmake: *** [Makefile:146：all] 错误 2
