[0.022s] Invoking command in '/home/eee/ros2/src/armor_detect_ros2-main/build/rm_serial_driver': CMAKE_PREFIX_PATH=/home/eee/ros2/src/armor_detect_ros2-main/install/armor_interfaces:/home/eee/ros2/src/armor_detect_ros2-main/install/rm_serial_driver:/home/eee/ros2/src/armor_detect_ros2-main/install/armor_tracker_node:/home/eee/ros2/src/armor_detect_ros2-main/install/armor_drawer:/opt/ros/humble LD_LIBRARY_PATH=/home/eee/ros2/src/armor_detect_ros2-main/install/armor_interfaces/lib:/home/eee/ros2/src/armor_detect_ros2-main/install/rm_serial_driver/lib:/opt/ros/humble/opt/rviz_ogre_vendor/lib:/opt/ros/humble/lib/x86_64-linux-gnu:/opt/ros/humble/lib /usr/bin/cmake --build /home/eee/ros2/src/armor_detect_ros2-main/build/rm_serial_driver -- -j20 -l20
[0.059s] -- Found ament_cmake_auto: 1.3.14 (/opt/ros/humble/share/ament_cmake_auto/cmake)
[0.246s] -- Found libstatistics_collector: 1.3.4 (/opt/ros/humble/share/libstatistics_collector/cmake)
[0.281s] -- Found rosidl_generator_c: 3.1.8 (/opt/ros/humble/share/rosidl_generator_c/cmake)
[0.284s] -- Found rosidl_adapter: 3.1.8 (/opt/ros/humble/share/rosidl_adapter/cmake)
[0.292s] -- Found rosidl_generator_cpp: 3.1.8 (/opt/ros/humble/share/rosidl_generator_cpp/cmake)
[0.303s] -- Using all available rosidl_typesupport_c: rosidl_typesupport_fastrtps_c;rosidl_typesupport_introspection_c
[0.317s] -- Using all available rosidl_typesupport_cpp: rosidl_typesupport_fastrtps_cpp;rosidl_typesupport_introspection_cpp
[0.352s] -- Found rmw_implementation_cmake: 6.1.2 (/opt/ros/humble/share/rmw_implementation_cmake/cmake)
[0.354s] -- Found rmw_fastrtps_cpp: 6.2.10 (/opt/ros/humble/share/rmw_fastrtps_cpp/cmake)
[0.477s] -- Using RMW implementation 'rmw_fastrtps_cpp' as default
[0.651s] -- Found asio_cmake_module: 1.2.0 (/opt/ros/humble/share/asio_cmake_module/cmake)
[0.766s] -- Found eigen3_cmake_module: 0.1.1 (/opt/ros/humble/share/eigen3_cmake_module/cmake)
[0.768s] -- Ensuring Eigen3 include directory is part of orocos-kdl CMake target
[0.853s] -- Found ament_lint_auto: 0.12.15 (/opt/ros/humble/share/ament_lint_auto/cmake)
[0.868s] [0mIn this package, headers install destination is set to `include` by ament_auto_package. It is recommended to install `include/rm_serial_driver` instead and will be the default behavior of ament_auto_package from ROS 2 Kilted Kaiju. On distributions before Kilted, ament_auto_package behaves the same way when you use USE_SCOPED_HEADER_INSTALL_DIR option.[0m
[0.873s] -- Added test 'cppcheck' to perform static code analysis on C / C++ code
[0.873s] -- Configured cppcheck include dirs: /home/eee/ros2/src/armor_detect_ros2-main/src/serial_driver/include
[0.873s] -- Configured cppcheck exclude dirs and/or files: 
[0.874s] -- Added test 'cpplint' to check C / C++ code against the Google style
[0.874s] -- Configured cpplint exclude dirs and/or files: 
[0.875s] -- Added test 'flake8' to check Python code syntax and style conventions
[0.875s] -- Added test 'lint_cmake' to check CMake code style
[0.876s] -- Added test 'pep257' to check Python code against some of the docstring style conventions in PEP 257
[0.876s] -- Added test 'xmllint' to check XML markup files
[0.878s] -- Configuring done
[0.917s] -- Generating done
[0.928s] -- Build files have been written to: /home/eee/ros2/src/armor_detect_ros2-main/build/rm_serial_driver
[0.962s] [35m[1mConsolidate compiler generated dependencies of target rm_serial_driver_node[0m
[0.963s] [35m[1mConsolidate compiler generated dependencies of target rm_serial_driver[0m
[0.987s] [ 22%] Built target rm_serial_driver_node
[0.994s] [ 55%] Built target rm_serial_driver
[1.011s] [35m[1mConsolidate compiler generated dependencies of target my_rm_serial_node[0m
[1.044s] [ 66%] [32mBuilding CXX object CMakeFiles/my_rm_serial_node.dir/src/rm_serial_driver.cpp.o[0m
[1.045s] [ 77%] [32mBuilding CXX object CMakeFiles/my_rm_serial_node.dir/src/crc.cpp.o[0m
[1.047s] [ 88%] [32mBuilding CXX object CMakeFiles/my_rm_serial_node.dir/src/main.cpp.o[0m
[4.705s] In file included from [01m[K/home/eee/ros2/src/armor_detect_ros2-main/src/serial_driver/src/main.cpp:1[m[K:
[4.705s] [01m[K/home/eee/ros2/src/armor_detect_ros2-main/src/serial_driver/include/rm_serial_driver/rm_serial_driver.hpp:41:17:[m[K [01;31m[Kerror: [m[K‘[01m[Karmor_interfaces[m[K’ has not been declared
[4.705s]    41 |   void sendData([01;31m[Karmor_interfaces[m[K::msg::SerialDriver::SharedPtr msg);
[4.705s]       |                 [01;31m[K^~~~~~~~~~~~~~~~[m[K
[4.705s] [01m[K/home/eee/ros2/src/armor_detect_ros2-main/src/serial_driver/include/rm_serial_driver/rm_serial_driver.hpp:41:64:[m[K [01;31m[Kerror: [m[Kexpected ‘[01m[K,[m[K’ or ‘[01m[K...[m[K’ before ‘[01m[Kmsg[m[K’
[4.705s]    41 |   void sendData(armor_interfaces::msg::SerialDriver::SharedPtr [01;31m[Kmsg[m[K);
[4.706s]       |                                                                [01;31m[K^~~[m[K
[4.741s] [01m[K/home/eee/ros2/src/armor_detect_ros2-main/src/serial_driver/include/rm_serial_driver/rm_serial_driver.hpp:54:24:[m[K [01;31m[Kerror: [m[K‘[01m[Karmor_interfaces[m[K’ was not declared in this scope; did you mean ‘[01m[Krcl_interfaces[m[K’?
[4.741s]    54 |   rclcpp::Subscription<[01;31m[Karmor_interfaces[m[K::msg::SerialDriver>::SharedPtr target_sub_;
[4.741s]       |                        [01;31m[K^~~~~~~~~~~~~~~~[m[K
[4.741s]       |                        [32m[Krcl_interfaces[m[K
[4.741s] [01m[K/home/eee/ros2/src/armor_detect_ros2-main/src/serial_driver/include/rm_serial_driver/rm_serial_driver.hpp:54:59:[m[K [01;31m[Kerror: [m[Ktemplate argument 1 is invalid
[4.741s]    54 |   rclcpp::Subscription<armor_interfaces::msg::SerialDriver[01;31m[K>[m[K::SharedPtr target_sub_;
[4.741s]       |                                                           [01;31m[K^[m[K
[4.741s] [01m[K/home/eee/ros2/src/armor_detect_ros2-main/src/serial_driver/include/rm_serial_driver/rm_serial_driver.hpp:54:59:[m[K [01;31m[Kerror: [m[Ktemplate argument 3 is invalid
[4.742s] [01m[K/home/eee/ros2/src/armor_detect_ros2-main/src/serial_driver/include/rm_serial_driver/rm_serial_driver.hpp:54:59:[m[K [01;31m[Kerror: [m[Ktemplate argument 4 is invalid
[4.742s] [01m[K/home/eee/ros2/src/armor_detect_ros2-main/src/serial_driver/include/rm_serial_driver/rm_serial_driver.hpp:54:59:[m[K [01;31m[Kerror: [m[Ktemplate argument 5 is invalid
[4.742s] [01m[K/home/eee/ros2/src/armor_detect_ros2-main/src/serial_driver/include/rm_serial_driver/rm_serial_driver.hpp:54:62:[m[K [01;31m[Kerror: [m[Kexpected ‘[01m[K;[m[K’ at end of member declaration
[4.742s]    54 |   rclcpp::Subscription<armor_interfaces::msg::SerialDriver>::[01;31m[KSharedPtr[m[K target_sub_;
[4.742s]       |                                                              [01;31m[K^~~~~~~~~[m[K
[4.742s]       |                                                                       [32m[K;[m[K
[4.745s] [01m[K/home/eee/ros2/src/armor_detect_ros2-main/src/serial_driver/include/rm_serial_driver/rm_serial_driver.hpp:54:72:[m[K [01;31m[Kerror: [m[K‘[01m[Ktarget_sub_[m[K’ does not name a type
[4.746s]    54 |   rclcpp::Subscription<armor_interfaces::msg::SerialDriver>::SharedPtr [01;31m[Ktarget_sub_[m[K;
[4.746s]       |                                                                        [01;31m[K^~~~~~~~~~~[m[K
[5.255s] In file included from [01m[K/usr/include/x86_64-linux-gnu/c++/11/bits/c++allocator.h:33[m[K,
[5.255s]                  from [01m[K/usr/include/c++/11/bits/allocator.h:46[m[K,
[5.255s]                  from [01m[K/usr/include/c++/11/unordered_map:40[m[K,
[5.256s]                  from [01m[K/usr/include/c++/11/functional:61[m[K,
[5.256s]                  from [01m[K/opt/ros/humble/include/rclcpp/rclcpp/publisher.hpp:18[m[K,
[5.256s]                  from [01m[K/home/eee/ros2/src/armor_detect_ros2-main/src/serial_driver/include/rm_serial_driver/rm_serial_driver.hpp:10[m[K,
[5.256s]                  from [01m[K/home/eee/ros2/src/armor_detect_ros2-main/src/serial_driver/src/main.cpp:1[m[K:
[5.256s] /usr/include/c++/11/ext/new_allocator.h: In instantiation of ‘[01m[Kvoid __gnu_cxx::new_allocator<_Tp>::construct(_Up*, _Args&& ...) [with _Up = rm_serial_driver::RMSerialDriver; _Args = {}; _Tp = rm_serial_driver::RMSerialDriver][m[K’:
[5.256s] [01m[K/usr/include/c++/11/bits/alloc_traits.h:516:17:[m[K   required from ‘[01m[Kstatic void std::allocator_traits<std::allocator<_Tp1> >::construct(std::allocator_traits<std::allocator<_Tp1> >::allocator_type&, _Up*, _Args&& ...) [with _Up = rm_serial_driver::RMSerialDriver; _Args = {}; _Tp = rm_serial_driver::RMSerialDriver; std::allocator_traits<std::allocator<_Tp1> >::allocator_type = std::allocator<rm_serial_driver::RMSerialDriver>][m[K’
[5.256s] [01m[K/usr/include/c++/11/bits/shared_ptr_base.h:519:39:[m[K   required from ‘[01m[Kstd::_Sp_counted_ptr_inplace<_Tp, _Alloc, _Lp>::_Sp_counted_ptr_inplace(_Alloc, _Args&& ...) [with _Args = {}; _Tp = rm_serial_driver::RMSerialDriver; _Alloc = std::allocator<rm_serial_driver::RMSerialDriver>; __gnu_cxx::_Lock_policy _Lp = __gnu_cxx::_S_atomic][m[K’
[5.256s] [01m[K/usr/include/c++/11/bits/shared_ptr_base.h:650:16:[m[K   required from ‘[01m[Kstd::__shared_count<_Lp>::__shared_count(_Tp*&, std::_Sp_alloc_shared_tag<_Alloc>, _Args&& ...) [with _Tp = rm_serial_driver::RMSerialDriver; _Alloc = std::allocator<rm_serial_driver::RMSerialDriver>; _Args = {}; __gnu_cxx::_Lock_policy _Lp = __gnu_cxx::_S_atomic][m[K’
[5.256s] [01m[K/usr/include/c++/11/bits/shared_ptr_base.h:1342:14:[m[K   required from ‘[01m[Kstd::__shared_ptr<_Tp, _Lp>::__shared_ptr(std::_Sp_alloc_shared_tag<_Tp>, _Args&& ...) [with _Alloc = std::allocator<rm_serial_driver::RMSerialDriver>; _Args = {}; _Tp = rm_serial_driver::RMSerialDriver; __gnu_cxx::_Lock_policy _Lp = __gnu_cxx::_S_atomic][m[K’
[5.256s] [01m[K/usr/include/c++/11/bits/shared_ptr.h:409:59:[m[K   required from ‘[01m[Kstd::shared_ptr<_Tp>::shared_ptr(std::_Sp_alloc_shared_tag<_Tp>, _Args&& ...) [with _Alloc = std::allocator<rm_serial_driver::RMSerialDriver>; _Args = {}; _Tp = rm_serial_driver::RMSerialDriver][m[K’
[5.256s] [01m[K/usr/include/c++/11/bits/shared_ptr.h:862:14:[m[K   required from ‘[01m[Kstd::shared_ptr<_Tp> std::allocate_shared(const _Alloc&, _Args&& ...) [with _Tp = rm_serial_driver::RMSerialDriver; _Alloc = std::allocator<rm_serial_driver::RMSerialDriver>; _Args = {}][m[K’
[5.256s] [01m[K/usr/include/c++/11/bits/shared_ptr.h:878:39:[m[K   required from ‘[01m[Kstd::shared_ptr<_Tp> std::make_shared(_Args&& ...) [with _Tp = rm_serial_driver::RMSerialDriver; _Args = {}][m[K’
[5.256s] [01m[K/home/eee/ros2/src/armor_detect_ros2-main/src/serial_driver/src/main.cpp:9:65:[m[K   required from here
[5.256s] [01m[K/usr/include/c++/11/ext/new_allocator.h:162:11:[m[K [01;31m[Kerror: [m[Kno matching function for call to ‘[01m[Krm_serial_driver::RMSerialDriver::RMSerialDriver()[m[K’
[5.257s]   162 |         { [01;31m[K::new((void *)__p) _Up(std::forward<_Args>(__args)...)[m[K; }
[5.257s]       |           [01;31m[K^~~~~~~~~~~~~~~~~~~~~~~~~~~~~~~~~~~~~~~~~~~~~~~~~~~~~~[m[K
[5.257s] In file included from [01m[K/home/eee/ros2/src/armor_detect_ros2-main/src/serial_driver/src/main.cpp:1[m[K:
[5.257s] [01m[K/home/eee/ros2/src/armor_detect_ros2-main/src/serial_driver/include/rm_serial_driver/rm_serial_driver.hpp:32:12:[m[K [01;36m[Knote: [m[Kcandidate: ‘[01m[Krm_serial_driver::RMSerialDriver::RMSerialDriver(const rclcpp::NodeOptions&)[m[K’
[5.257s]    32 |   explicit [01;36m[KRMSerialDriver[m[K(const rclcpp::NodeOptions & options);
[5.257s]       |            [01;36m[K^~~~~~~~~~~~~~[m[K
[5.257s] [01m[K/home/eee/ros2/src/armor_detect_ros2-main/src/serial_driver/include/rm_serial_driver/rm_serial_driver.hpp:32:12:[m[K [01;36m[Knote: [m[K  candidate expects 1 argument, 0 provided
[5.357s] gmake[2]: *** [CMakeFiles/my_rm_serial_node.dir/build.make:104：CMakeFiles/my_rm_serial_node.dir/src/main.cpp.o] 错误 1
[5.357s] gmake[2]: *** 正在等待未完成的任务....
[11.740s] gmake[1]: *** [CMakeFiles/Makefile2:193：CMakeFiles/my_rm_serial_node.dir/all] 错误 2
[11.740s] gmake: *** [Makefile:146：all] 错误 2
[11.744s] Invoked command in '/home/eee/ros2/src/armor_detect_ros2-main/build/rm_serial_driver' returned '2': CMAKE_PREFIX_PATH=/home/eee/ros2/src/armor_detect_ros2-main/install/armor_interfaces:/home/eee/ros2/src/armor_detect_ros2-main/install/rm_serial_driver:/home/eee/ros2/src/armor_detect_ros2-main/install/armor_tracker_node:/home/eee/ros2/src/armor_detect_ros2-main/install/armor_drawer:/opt/ros/humble LD_LIBRARY_PATH=/home/eee/ros2/src/armor_detect_ros2-main/install/armor_interfaces/lib:/home/eee/ros2/src/armor_detect_ros2-main/install/rm_serial_driver/lib:/opt/ros/humble/opt/rviz_ogre_vendor/lib:/opt/ros/humble/lib/x86_64-linux-gnu:/opt/ros/humble/lib /usr/bin/cmake --build /home/eee/ros2/src/armor_detect_ros2-main/build/rm_serial_driver -- -j20 -l20
