[35m[1mConsolidate compiler generated dependencies of target armor_tracker_node[0m
[  9%] [32mBuilding CXX object CMakeFiles/armor_tracker_node.dir/src/main1.cpp.o[0m
[ 18%] [32m[1mLinking CXX executable armor_tracker_node[0m
[100%] Built target armor_tracker_node
-- Install configuration: ""
-- Installing: /home/eee/ros2/src/armor_detect_ros2-main/install/armor_tracker_node/lib/armor_tracker_node/armor_tracker_node
-- Set runtime path of "/home/eee/ros2/src/armor_detect_ros2-main/install/armor_tracker_node/lib/armor_tracker_node/armor_tracker_node" to ""
-- Up-to-date: /home/eee/ros2/src/armor_detect_ros2-main/install/armor_tracker_node/share/armor_tracker_node/launch
-- Up-to-date: /home/eee/ros2/src/armor_detect_ros2-main/install/armor_tracker_node/share/armor_tracker_node/launch/1.launch.py
-- Up-to-date: /home/eee/ros2/src/armor_detect_ros2-main/install/armor_tracker_node/share/ament_index/resource_index/package_run_dependencies/armor_tracker_node
-- Up-to-date: /home/eee/ros2/src/armor_detect_ros2-main/install/armor_tracker_node/share/ament_index/resource_index/parent_prefix_path/armor_tracker_node
-- Up-to-date: /home/eee/ros2/src/armor_detect_ros2-main/install/armor_tracker_node/share/armor_tracker_node/environment/ament_prefix_path.sh
-- Up-to-date: /home/eee/ros2/src/armor_detect_ros2-main/install/armor_tracker_node/share/armor_tracker_node/environment/ament_prefix_path.dsv
-- Up-to-date: /home/eee/ros2/src/armor_detect_ros2-main/install/armor_tracker_node/share/armor_tracker_node/environment/path.sh
-- Up-to-date: /home/eee/ros2/src/armor_detect_ros2-main/install/armor_tracker_node/share/armor_tracker_node/environment/path.dsv
-- Up-to-date: /home/eee/ros2/src/armor_detect_ros2-main/install/armor_tracker_node/share/armor_tracker_node/local_setup.bash
-- Up-to-date: /home/eee/ros2/src/armor_detect_ros2-main/install/armor_tracker_node/share/armor_tracker_node/local_setup.sh
-- Up-to-date: /home/eee/ros2/src/armor_detect_ros2-main/install/armor_tracker_node/share/armor_tracker_node/local_setup.zsh
-- Up-to-date: /home/eee/ros2/src/armor_detect_ros2-main/install/armor_tracker_node/share/armor_tracker_node/local_setup.dsv
-- Installing: /home/eee/ros2/src/armor_detect_ros2-main/install/armor_tracker_node/share/armor_tracker_node/package.dsv
-- Up-to-date: /home/eee/ros2/src/armor_detect_ros2-main/install/armor_tracker_node/share/ament_index/resource_index/packages/armor_tracker_node
-- Up-to-date: /home/eee/ros2/src/armor_detect_ros2-main/install/armor_tracker_node/share/armor_tracker_node/cmake/armor_tracker_nodeConfig.cmake
-- Up-to-date: /home/eee/ros2/src/armor_detect_ros2-main/install/armor_tracker_node/share/armor_tracker_node/cmake/armor_tracker_nodeConfig-version.cmake
-- Up-to-date: /home/eee/ros2/src/armor_detect_ros2-main/install/armor_tracker_node/share/armor_tracker_node/package.xml
