[0.122s] DEBUG:colcon:Command line arguments: ['/usr/bin/colcon', 'build']
[0.122s] DEBUG:colcon:Parsed command line arguments: Namespace(log_base=None, log_level=None, verb_name='build', build_base='build', install_base='install', merge_install=False, symlink_install=False, test_result_base=None, continue_on_error=False, executor='parallel', parallel_workers=20, event_handlers=None, ignore_user_meta=False, metas=['./colcon.meta'], base_paths=['.'], packages_ignore=None, packages_ignore_regex=None, paths=None, packages_up_to=None, packages_up_to_regex=None, packages_above=None, packages_above_and_dependencies=None, packages_above_depth=None, packages_select_by_dep=None, packages_skip_by_dep=None, packages_skip_up_to=None, packages_select_build_failed=False, packages_skip_build_finished=False, packages_select_test_failures=False, packages_skip_test_passed=False, packages_select=None, packages_skip=None, packages_select_regex=None, packages_skip_regex=None, packages_start=None, packages_end=None, allow_overriding=[], cmake_args=None, cmake_target=None, cmake_target_skip_unavailable=False, cmake_clean_cache=False, cmake_clean_first=False, cmake_force_configure=False, ament_cmake_args=None, catkin_cmake_args=None, catkin_skip_building_tests=False, verb_parser=<colcon_defaults.argument_parser.defaults.DefaultArgumentsDecorator object at 0x745abe5cbfa0>, verb_extension=<colcon_core.verb.build.BuildVerb object at 0x745abe5cbb50>, main=<bound method BuildVerb.main of <colcon_core.verb.build.BuildVerb object at 0x745abe5cbb50>>)
[0.309s] Level 1:colcon.colcon_core.package_discovery:discover_packages(colcon_meta) check parameters
[0.309s] Level 1:colcon.colcon_core.package_discovery:discover_packages(recursive) check parameters
[0.309s] Level 1:colcon.colcon_core.package_discovery:discover_packages(ignore) check parameters
[0.309s] Level 1:colcon.colcon_core.package_discovery:discover_packages(path) check parameters
[0.309s] Level 1:colcon.colcon_core.package_discovery:discover_packages(colcon_meta) discover
[0.310s] Level 1:colcon.colcon_core.package_discovery:discover_packages(recursive) discover
[0.310s] INFO:colcon.colcon_core.package_discovery:Crawling recursively for packages in '/home/eee/ros2/src/armor_detect_ros2-main'
[0.310s] Level 1:colcon.colcon_core.package_identification:_identify(.) by extensions ['ignore', 'ignore_ament_install']
[0.310s] Level 1:colcon.colcon_core.package_identification:_identify(.) by extension 'ignore'
[0.310s] Level 1:colcon.colcon_core.package_identification:_identify(.) by extension 'ignore_ament_install'
[0.310s] Level 1:colcon.colcon_core.package_identification:_identify(.) by extensions ['colcon_pkg']
[0.310s] Level 1:colcon.colcon_core.package_identification:_identify(.) by extension 'colcon_pkg'
[0.310s] Level 1:colcon.colcon_core.package_identification:_identify(.) by extensions ['colcon_meta']
[0.310s] Level 1:colcon.colcon_core.package_identification:_identify(.) by extension 'colcon_meta'
[0.310s] Level 1:colcon.colcon_core.package_identification:_identify(.) by extensions ['ros']
[0.310s] Level 1:colcon.colcon_core.package_identification:_identify(.) by extension 'ros'
[0.323s] Level 1:colcon.colcon_core.package_identification:_identify(.) by extensions ['cmake', 'python']
[0.323s] Level 1:colcon.colcon_core.package_identification:_identify(.) by extension 'cmake'
[0.323s] Level 1:colcon.colcon_core.package_identification:_identify(.) by extension 'python'
[0.323s] Level 1:colcon.colcon_core.package_identification:_identify(.) by extensions ['python_setup_py']
[0.323s] Level 1:colcon.colcon_core.package_identification:_identify(.) by extension 'python_setup_py'
[0.323s] Level 1:colcon.colcon_core.package_identification:_identify(Camera) by extensions ['ignore', 'ignore_ament_install']
[0.323s] Level 1:colcon.colcon_core.package_identification:_identify(Camera) by extension 'ignore'
[0.323s] Level 1:colcon.colcon_core.package_identification:_identify(Camera) by extension 'ignore_ament_install'
[0.323s] Level 1:colcon.colcon_core.package_identification:_identify(Camera) by extensions ['colcon_pkg']
[0.323s] Level 1:colcon.colcon_core.package_identification:_identify(Camera) by extension 'colcon_pkg'
[0.323s] Level 1:colcon.colcon_core.package_identification:_identify(Camera) by extensions ['colcon_meta']
[0.323s] Level 1:colcon.colcon_core.package_identification:_identify(Camera) by extension 'colcon_meta'
[0.323s] Level 1:colcon.colcon_core.package_identification:_identify(Camera) by extensions ['ros']
[0.324s] Level 1:colcon.colcon_core.package_identification:_identify(Camera) by extension 'ros'
[0.324s] Level 1:colcon.colcon_core.package_identification:_identify(Camera) by extensions ['cmake', 'python']
[0.324s] Level 1:colcon.colcon_core.package_identification:_identify(Camera) by extension 'cmake'
[0.324s] Level 1:colcon.colcon_core.package_identification:_identify(Camera) by extension 'python'
[0.324s] Level 1:colcon.colcon_core.package_identification:_identify(Camera) by extensions ['python_setup_py']
[0.324s] Level 1:colcon.colcon_core.package_identification:_identify(Camera) by extension 'python_setup_py'
[0.324s] Level 1:colcon.colcon_core.package_identification:_identify(Camera/Data) by extensions ['ignore', 'ignore_ament_install']
[0.324s] Level 1:colcon.colcon_core.package_identification:_identify(Camera/Data) by extension 'ignore'
[0.324s] Level 1:colcon.colcon_core.package_identification:_identify(Camera/Data) by extension 'ignore_ament_install'
[0.324s] Level 1:colcon.colcon_core.package_identification:_identify(Camera/Data) by extensions ['colcon_pkg']
[0.324s] Level 1:colcon.colcon_core.package_identification:_identify(Camera/Data) by extension 'colcon_pkg'
[0.324s] Level 1:colcon.colcon_core.package_identification:_identify(Camera/Data) by extensions ['colcon_meta']
[0.324s] Level 1:colcon.colcon_core.package_identification:_identify(Camera/Data) by extension 'colcon_meta'
[0.324s] Level 1:colcon.colcon_core.package_identification:_identify(Camera/Data) by extensions ['ros']
[0.324s] Level 1:colcon.colcon_core.package_identification:_identify(Camera/Data) by extension 'ros'
[0.324s] Level 1:colcon.colcon_core.package_identification:_identify(Camera/Data) by extensions ['cmake', 'python']
[0.324s] Level 1:colcon.colcon_core.package_identification:_identify(Camera/Data) by extension 'cmake'
[0.324s] Level 1:colcon.colcon_core.package_identification:_identify(Camera/Data) by extension 'python'
[0.324s] Level 1:colcon.colcon_core.package_identification:_identify(Camera/Data) by extensions ['python_setup_py']
[0.324s] Level 1:colcon.colcon_core.package_identification:_identify(Camera/Data) by extension 'python_setup_py'
[0.324s] Level 1:colcon.colcon_core.package_identification:_identify(Camera/log) by extensions ['ignore', 'ignore_ament_install']
[0.324s] Level 1:colcon.colcon_core.package_identification:_identify(Camera/log) by extension 'ignore'
[0.325s] Level 1:colcon.colcon_core.package_identification:_identify(Camera/log) by extension 'ignore_ament_install'
[0.325s] Level 1:colcon.colcon_core.package_identification:_identify(Camera/log) by extensions ['colcon_pkg']
[0.325s] Level 1:colcon.colcon_core.package_identification:_identify(Camera/log) by extension 'colcon_pkg'
[0.325s] Level 1:colcon.colcon_core.package_identification:_identify(Camera/log) by extensions ['colcon_meta']
[0.325s] Level 1:colcon.colcon_core.package_identification:_identify(Camera/log) by extension 'colcon_meta'
[0.325s] Level 1:colcon.colcon_core.package_identification:_identify(Camera/log) by extensions ['ros']
[0.325s] Level 1:colcon.colcon_core.package_identification:_identify(Camera/log) by extension 'ros'
[0.325s] Level 1:colcon.colcon_core.package_identification:_identify(Camera/log) by extensions ['cmake', 'python']
[0.325s] Level 1:colcon.colcon_core.package_identification:_identify(Camera/log) by extension 'cmake'
[0.325s] Level 1:colcon.colcon_core.package_identification:_identify(Camera/log) by extension 'python'
[0.325s] Level 1:colcon.colcon_core.package_identification:_identify(Camera/log) by extensions ['python_setup_py']
[0.325s] Level 1:colcon.colcon_core.package_identification:_identify(Camera/log) by extension 'python_setup_py'
[0.325s] Level 1:colcon.colcon_core.package_identification:_identify(build) by extensions ['ignore', 'ignore_ament_install']
[0.325s] Level 1:colcon.colcon_core.package_identification:_identify(build) by extension 'ignore'
[0.325s] Level 1:colcon.colcon_core.package_identification:_identify(build) ignored
[0.325s] Level 1:colcon.colcon_core.package_identification:_identify(include) by extensions ['ignore', 'ignore_ament_install']
[0.325s] Level 1:colcon.colcon_core.package_identification:_identify(include) by extension 'ignore'
[0.325s] Level 1:colcon.colcon_core.package_identification:_identify(include) by extension 'ignore_ament_install'
[0.325s] Level 1:colcon.colcon_core.package_identification:_identify(include) by extensions ['colcon_pkg']
[0.325s] Level 1:colcon.colcon_core.package_identification:_identify(include) by extension 'colcon_pkg'
[0.325s] Level 1:colcon.colcon_core.package_identification:_identify(include) by extensions ['colcon_meta']
[0.326s] Level 1:colcon.colcon_core.package_identification:_identify(include) by extension 'colcon_meta'
[0.326s] Level 1:colcon.colcon_core.package_identification:_identify(include) by extensions ['ros']
[0.326s] Level 1:colcon.colcon_core.package_identification:_identify(include) by extension 'ros'
[0.326s] Level 1:colcon.colcon_core.package_identification:_identify(include) by extensions ['cmake', 'python']
[0.326s] Level 1:colcon.colcon_core.package_identification:_identify(include) by extension 'cmake'
[0.326s] Level 1:colcon.colcon_core.package_identification:_identify(include) by extension 'python'
[0.326s] Level 1:colcon.colcon_core.package_identification:_identify(include) by extensions ['python_setup_py']
[0.326s] Level 1:colcon.colcon_core.package_identification:_identify(include) by extension 'python_setup_py'
[0.326s] Level 1:colcon.colcon_core.package_identification:_identify(install) by extensions ['ignore', 'ignore_ament_install']
[0.326s] Level 1:colcon.colcon_core.package_identification:_identify(install) by extension 'ignore'
[0.326s] Level 1:colcon.colcon_core.package_identification:_identify(install) ignored
[0.326s] Level 1:colcon.colcon_core.package_identification:_identify(log) by extensions ['ignore', 'ignore_ament_install']
[0.326s] Level 1:colcon.colcon_core.package_identification:_identify(log) by extension 'ignore'
[0.326s] Level 1:colcon.colcon_core.package_identification:_identify(log) ignored
[0.326s] Level 1:colcon.colcon_core.package_identification:_identify(src) by extensions ['ignore', 'ignore_ament_install']
[0.326s] Level 1:colcon.colcon_core.package_identification:_identify(src) by extension 'ignore'
[0.326s] Level 1:colcon.colcon_core.package_identification:_identify(src) by extension 'ignore_ament_install'
[0.327s] Level 1:colcon.colcon_core.package_identification:_identify(src) by extensions ['colcon_pkg']
[0.327s] Level 1:colcon.colcon_core.package_identification:_identify(src) by extension 'colcon_pkg'
[0.327s] Level 1:colcon.colcon_core.package_identification:_identify(src) by extensions ['colcon_meta']
[0.327s] Level 1:colcon.colcon_core.package_identification:_identify(src) by extension 'colcon_meta'
[0.327s] Level 1:colcon.colcon_core.package_identification:_identify(src) by extensions ['ros']
[0.327s] Level 1:colcon.colcon_core.package_identification:_identify(src) by extension 'ros'
[0.327s] Level 1:colcon.colcon_core.package_identification:_identify(src) by extensions ['cmake', 'python']
[0.327s] Level 1:colcon.colcon_core.package_identification:_identify(src) by extension 'cmake'
[0.327s] Level 1:colcon.colcon_core.package_identification:_identify(src) by extension 'python'
[0.327s] Level 1:colcon.colcon_core.package_identification:_identify(src) by extensions ['python_setup_py']
[0.327s] Level 1:colcon.colcon_core.package_identification:_identify(src) by extension 'python_setup_py'
[0.327s] Level 1:colcon.colcon_core.package_identification:_identify(src/armor_drawer) by extensions ['ignore', 'ignore_ament_install']
[0.327s] Level 1:colcon.colcon_core.package_identification:_identify(src/armor_drawer) by extension 'ignore'
[0.327s] Level 1:colcon.colcon_core.package_identification:_identify(src/armor_drawer) by extension 'ignore_ament_install'
[0.327s] Level 1:colcon.colcon_core.package_identification:_identify(src/armor_drawer) by extensions ['colcon_pkg']
[0.327s] Level 1:colcon.colcon_core.package_identification:_identify(src/armor_drawer) by extension 'colcon_pkg'
[0.327s] Level 1:colcon.colcon_core.package_identification:_identify(src/armor_drawer) by extensions ['colcon_meta']
[0.327s] Level 1:colcon.colcon_core.package_identification:_identify(src/armor_drawer) by extension 'colcon_meta'
[0.327s] Level 1:colcon.colcon_core.package_identification:_identify(src/armor_drawer) by extensions ['ros']
[0.327s] Level 1:colcon.colcon_core.package_identification:_identify(src/armor_drawer) by extension 'ros'
[0.331s] DEBUG:colcon.colcon_core.package_identification:Package 'src/armor_drawer' with type 'ros.ament_cmake' and name 'armor_drawer'
[0.331s] Level 1:colcon.colcon_core.package_identification:_identify(src/armor_interfaces) by extensions ['ignore', 'ignore_ament_install']
[0.331s] Level 1:colcon.colcon_core.package_identification:_identify(src/armor_interfaces) by extension 'ignore'
[0.331s] Level 1:colcon.colcon_core.package_identification:_identify(src/armor_interfaces) by extension 'ignore_ament_install'
[0.331s] Level 1:colcon.colcon_core.package_identification:_identify(src/armor_interfaces) by extensions ['colcon_pkg']
[0.331s] Level 1:colcon.colcon_core.package_identification:_identify(src/armor_interfaces) by extension 'colcon_pkg'
[0.331s] Level 1:colcon.colcon_core.package_identification:_identify(src/armor_interfaces) by extensions ['colcon_meta']
[0.331s] Level 1:colcon.colcon_core.package_identification:_identify(src/armor_interfaces) by extension 'colcon_meta'
[0.331s] Level 1:colcon.colcon_core.package_identification:_identify(src/armor_interfaces) by extensions ['ros']
[0.331s] Level 1:colcon.colcon_core.package_identification:_identify(src/armor_interfaces) by extension 'ros'
[0.332s] DEBUG:colcon.colcon_core.package_identification:Package 'src/armor_interfaces' with type 'ros.ament_cmake' and name 'armor_interfaces'
[0.332s] Level 1:colcon.colcon_core.package_identification:_identify(src/armor_tracker) by extensions ['ignore', 'ignore_ament_install']
[0.332s] Level 1:colcon.colcon_core.package_identification:_identify(src/armor_tracker) by extension 'ignore'
[0.332s] Level 1:colcon.colcon_core.package_identification:_identify(src/armor_tracker) by extension 'ignore_ament_install'
[0.332s] Level 1:colcon.colcon_core.package_identification:_identify(src/armor_tracker) by extensions ['colcon_pkg']
[0.332s] Level 1:colcon.colcon_core.package_identification:_identify(src/armor_tracker) by extension 'colcon_pkg'
[0.332s] Level 1:colcon.colcon_core.package_identification:_identify(src/armor_tracker) by extensions ['colcon_meta']
[0.332s] Level 1:colcon.colcon_core.package_identification:_identify(src/armor_tracker) by extension 'colcon_meta'
[0.332s] Level 1:colcon.colcon_core.package_identification:_identify(src/armor_tracker) by extensions ['ros']
[0.332s] Level 1:colcon.colcon_core.package_identification:_identify(src/armor_tracker) by extension 'ros'
[0.333s] DEBUG:colcon.colcon_core.package_identification:Package 'src/armor_tracker' with type 'ros.ament_cmake' and name 'armor_tracker_node'
[0.334s] Level 1:colcon.colcon_core.package_identification:_identify(src/serial_driver) by extensions ['ignore', 'ignore_ament_install']
[0.334s] Level 1:colcon.colcon_core.package_identification:_identify(src/serial_driver) by extension 'ignore'
[0.334s] Level 1:colcon.colcon_core.package_identification:_identify(src/serial_driver) by extension 'ignore_ament_install'
[0.334s] Level 1:colcon.colcon_core.package_identification:_identify(src/serial_driver) by extensions ['colcon_pkg']
[0.334s] Level 1:colcon.colcon_core.package_identification:_identify(src/serial_driver) by extension 'colcon_pkg'
[0.334s] Level 1:colcon.colcon_core.package_identification:_identify(src/serial_driver) by extensions ['colcon_meta']
[0.334s] Level 1:colcon.colcon_core.package_identification:_identify(src/serial_driver) by extension 'colcon_meta'
[0.334s] Level 1:colcon.colcon_core.package_identification:_identify(src/serial_driver) by extensions ['ros']
[0.334s] Level 1:colcon.colcon_core.package_identification:_identify(src/serial_driver) by extension 'ros'
[0.335s] DEBUG:colcon.colcon_core.package_identification:Package 'src/serial_driver' with type 'ros.ament_cmake' and name 'rm_serial_driver'
[0.335s] Level 1:colcon.colcon_core.package_discovery:discover_packages(recursive) using defaults
[0.336s] Level 1:colcon.colcon_core.package_discovery:discover_packages(ignore) discover
[0.336s] Level 1:colcon.colcon_core.package_discovery:discover_packages(ignore) using defaults
[0.336s] Level 1:colcon.colcon_core.package_discovery:discover_packages(path) discover
[0.336s] Level 1:colcon.colcon_core.package_discovery:discover_packages(path) using defaults
[0.377s] Level 1:colcon.colcon_core.package_discovery:discover_packages(prefix_path) check parameters
[0.377s] Level 1:colcon.colcon_core.package_discovery:discover_packages(prefix_path) discover
[0.379s] DEBUG:colcon.colcon_installed_package_information.package_discovery:Found 280 installed packages in /opt/ros/humble
[0.381s] Level 1:colcon.colcon_core.package_discovery:discover_packages(prefix_path) using defaults
[0.424s] Level 5:colcon.colcon_core.verb:set package 'armor_interfaces' build argument 'cmake_args' from command line to 'None'
[0.424s] Level 5:colcon.colcon_core.verb:set package 'armor_interfaces' build argument 'cmake_target' from command line to 'None'
[0.424s] Level 5:colcon.colcon_core.verb:set package 'armor_interfaces' build argument 'cmake_target_skip_unavailable' from command line to 'False'
[0.425s] Level 5:colcon.colcon_core.verb:set package 'armor_interfaces' build argument 'cmake_clean_cache' from command line to 'False'
[0.425s] Level 5:colcon.colcon_core.verb:set package 'armor_interfaces' build argument 'cmake_clean_first' from command line to 'False'
[0.425s] Level 5:colcon.colcon_core.verb:set package 'armor_interfaces' build argument 'cmake_force_configure' from command line to 'False'
[0.425s] Level 5:colcon.colcon_core.verb:set package 'armor_interfaces' build argument 'ament_cmake_args' from command line to 'None'
[0.425s] Level 5:colcon.colcon_core.verb:set package 'armor_interfaces' build argument 'catkin_cmake_args' from command line to 'None'
[0.425s] Level 5:colcon.colcon_core.verb:set package 'armor_interfaces' build argument 'catkin_skip_building_tests' from command line to 'False'
[0.425s] DEBUG:colcon.colcon_core.verb:Building package 'armor_interfaces' with the following arguments: {'ament_cmake_args': None, 'build_base': '/home/eee/ros2/src/armor_detect_ros2-main/build/armor_interfaces', 'catkin_cmake_args': None, 'catkin_skip_building_tests': False, 'cmake_args': None, 'cmake_clean_cache': False, 'cmake_clean_first': False, 'cmake_force_configure': False, 'cmake_target': None, 'cmake_target_skip_unavailable': False, 'install_base': '/home/eee/ros2/src/armor_detect_ros2-main/install/armor_interfaces', 'merge_install': False, 'path': '/home/eee/ros2/src/armor_detect_ros2-main/src/armor_interfaces', 'symlink_install': False, 'test_result_base': None}
[0.425s] Level 5:colcon.colcon_core.verb:set package 'armor_drawer' build argument 'cmake_args' from command line to 'None'
[0.425s] Level 5:colcon.colcon_core.verb:set package 'armor_drawer' build argument 'cmake_target' from command line to 'None'
[0.425s] Level 5:colcon.colcon_core.verb:set package 'armor_drawer' build argument 'cmake_target_skip_unavailable' from command line to 'False'
[0.425s] Level 5:colcon.colcon_core.verb:set package 'armor_drawer' build argument 'cmake_clean_cache' from command line to 'False'
[0.425s] Level 5:colcon.colcon_core.verb:set package 'armor_drawer' build argument 'cmake_clean_first' from command line to 'False'
[0.425s] Level 5:colcon.colcon_core.verb:set package 'armor_drawer' build argument 'cmake_force_configure' from command line to 'False'
[0.425s] Level 5:colcon.colcon_core.verb:set package 'armor_drawer' build argument 'ament_cmake_args' from command line to 'None'
[0.425s] Level 5:colcon.colcon_core.verb:set package 'armor_drawer' build argument 'catkin_cmake_args' from command line to 'None'
[0.425s] Level 5:colcon.colcon_core.verb:set package 'armor_drawer' build argument 'catkin_skip_building_tests' from command line to 'False'
[0.425s] DEBUG:colcon.colcon_core.verb:Building package 'armor_drawer' with the following arguments: {'ament_cmake_args': None, 'build_base': '/home/eee/ros2/src/armor_detect_ros2-main/build/armor_drawer', 'catkin_cmake_args': None, 'catkin_skip_building_tests': False, 'cmake_args': None, 'cmake_clean_cache': False, 'cmake_clean_first': False, 'cmake_force_configure': False, 'cmake_target': None, 'cmake_target_skip_unavailable': False, 'install_base': '/home/eee/ros2/src/armor_detect_ros2-main/install/armor_drawer', 'merge_install': False, 'path': '/home/eee/ros2/src/armor_detect_ros2-main/src/armor_drawer', 'symlink_install': False, 'test_result_base': None}
[0.426s] Level 5:colcon.colcon_core.verb:set package 'armor_tracker_node' build argument 'cmake_args' from command line to 'None'
[0.426s] Level 5:colcon.colcon_core.verb:set package 'armor_tracker_node' build argument 'cmake_target' from command line to 'None'
[0.426s] Level 5:colcon.colcon_core.verb:set package 'armor_tracker_node' build argument 'cmake_target_skip_unavailable' from command line to 'False'
[0.426s] Level 5:colcon.colcon_core.verb:set package 'armor_tracker_node' build argument 'cmake_clean_cache' from command line to 'False'
[0.426s] Level 5:colcon.colcon_core.verb:set package 'armor_tracker_node' build argument 'cmake_clean_first' from command line to 'False'
[0.426s] Level 5:colcon.colcon_core.verb:set package 'armor_tracker_node' build argument 'cmake_force_configure' from command line to 'False'
[0.426s] Level 5:colcon.colcon_core.verb:set package 'armor_tracker_node' build argument 'ament_cmake_args' from command line to 'None'
[0.426s] Level 5:colcon.colcon_core.verb:set package 'armor_tracker_node' build argument 'catkin_cmake_args' from command line to 'None'
[0.426s] Level 5:colcon.colcon_core.verb:set package 'armor_tracker_node' build argument 'catkin_skip_building_tests' from command line to 'False'
[0.426s] DEBUG:colcon.colcon_core.verb:Building package 'armor_tracker_node' with the following arguments: {'ament_cmake_args': None, 'build_base': '/home/eee/ros2/src/armor_detect_ros2-main/build/armor_tracker_node', 'catkin_cmake_args': None, 'catkin_skip_building_tests': False, 'cmake_args': None, 'cmake_clean_cache': False, 'cmake_clean_first': False, 'cmake_force_configure': False, 'cmake_target': None, 'cmake_target_skip_unavailable': False, 'install_base': '/home/eee/ros2/src/armor_detect_ros2-main/install/armor_tracker_node', 'merge_install': False, 'path': '/home/eee/ros2/src/armor_detect_ros2-main/src/armor_tracker', 'symlink_install': False, 'test_result_base': None}
[0.426s] Level 5:colcon.colcon_core.verb:set package 'rm_serial_driver' build argument 'cmake_args' from command line to 'None'
[0.426s] Level 5:colcon.colcon_core.verb:set package 'rm_serial_driver' build argument 'cmake_target' from command line to 'None'
[0.426s] Level 5:colcon.colcon_core.verb:set package 'rm_serial_driver' build argument 'cmake_target_skip_unavailable' from command line to 'False'
[0.426s] Level 5:colcon.colcon_core.verb:set package 'rm_serial_driver' build argument 'cmake_clean_cache' from command line to 'False'
[0.426s] Level 5:colcon.colcon_core.verb:set package 'rm_serial_driver' build argument 'cmake_clean_first' from command line to 'False'
[0.426s] Level 5:colcon.colcon_core.verb:set package 'rm_serial_driver' build argument 'cmake_force_configure' from command line to 'False'
[0.426s] Level 5:colcon.colcon_core.verb:set package 'rm_serial_driver' build argument 'ament_cmake_args' from command line to 'None'
[0.426s] Level 5:colcon.colcon_core.verb:set package 'rm_serial_driver' build argument 'catkin_cmake_args' from command line to 'None'
[0.426s] Level 5:colcon.colcon_core.verb:set package 'rm_serial_driver' build argument 'catkin_skip_building_tests' from command line to 'False'
[0.426s] DEBUG:colcon.colcon_core.verb:Building package 'rm_serial_driver' with the following arguments: {'ament_cmake_args': None, 'build_base': '/home/eee/ros2/src/armor_detect_ros2-main/build/rm_serial_driver', 'catkin_cmake_args': None, 'catkin_skip_building_tests': False, 'cmake_args': None, 'cmake_clean_cache': False, 'cmake_clean_first': False, 'cmake_force_configure': False, 'cmake_target': None, 'cmake_target_skip_unavailable': False, 'install_base': '/home/eee/ros2/src/armor_detect_ros2-main/install/rm_serial_driver', 'merge_install': False, 'path': '/home/eee/ros2/src/armor_detect_ros2-main/src/serial_driver', 'symlink_install': False, 'test_result_base': None}
[0.427s] INFO:colcon.colcon_core.executor:Executing jobs using 'parallel' executor
[0.428s] DEBUG:colcon.colcon_parallel_executor.executor.parallel:run_until_complete
[0.429s] INFO:colcon.colcon_ros.task.ament_cmake.build:Building ROS package in '/home/eee/ros2/src/armor_detect_ros2-main/src/armor_interfaces' with build type 'ament_cmake'
[0.429s] INFO:colcon.colcon_cmake.task.cmake.build:Building CMake package in '/home/eee/ros2/src/armor_detect_ros2-main/src/armor_interfaces'
[0.431s] INFO:colcon.colcon_core.plugin_system:Skipping extension 'colcon_core.shell.bat': Not used on non-Windows systems
[0.431s] INFO:colcon.colcon_core.shell:Skip shell extension 'powershell' for command environment: Not usable outside of PowerShell
[0.431s] DEBUG:colcon.colcon_core.shell:Skip shell extension 'dsv' for command environment
[0.441s] DEBUG:colcon.colcon_core.event_handler.log_command:Invoking command in '/home/eee/ros2/src/armor_detect_ros2-main/build/armor_interfaces': CMAKE_PREFIX_PATH=/opt/ros/humble /usr/bin/cmake --build /home/eee/ros2/src/armor_detect_ros2-main/build/armor_interfaces -- -j20 -l20
[1.053s] DEBUG:colcon.colcon_core.event_handler.log_command:Invoked command in '/home/eee/ros2/src/armor_detect_ros2-main/build/armor_interfaces' returned '0': CMAKE_PREFIX_PATH=/opt/ros/humble /usr/bin/cmake --build /home/eee/ros2/src/armor_detect_ros2-main/build/armor_interfaces -- -j20 -l20
[1.071s] DEBUG:colcon.colcon_core.event_handler.log_command:Invoking command in '/home/eee/ros2/src/armor_detect_ros2-main/build/armor_interfaces': CMAKE_PREFIX_PATH=/opt/ros/humble /usr/bin/cmake --install /home/eee/ros2/src/armor_detect_ros2-main/build/armor_interfaces
[1.161s] Level 1:colcon.colcon_core.environment:create_environment_scripts_only(armor_interfaces)
[1.162s] DEBUG:colcon.colcon_core.event_handler.log_command:Invoked command in '/home/eee/ros2/src/armor_detect_ros2-main/build/armor_interfaces' returned '0': CMAKE_PREFIX_PATH=/opt/ros/humble /usr/bin/cmake --install /home/eee/ros2/src/armor_detect_ros2-main/build/armor_interfaces
[1.166s] Level 1:colcon.colcon_core.environment:checking '/home/eee/ros2/src/armor_detect_ros2-main/install/armor_interfaces' for CMake module files
[1.167s] Level 1:colcon.colcon_core.environment:checking '/home/eee/ros2/src/armor_detect_ros2-main/install/armor_interfaces' for CMake config files
[1.169s] Level 1:colcon.colcon_core.shell:create_environment_hook('armor_interfaces', 'cmake_prefix_path')
[1.169s] INFO:colcon.colcon_core.shell:Creating environment hook '/home/eee/ros2/src/armor_detect_ros2-main/install/armor_interfaces/share/armor_interfaces/hook/cmake_prefix_path.ps1'
[1.170s] INFO:colcon.colcon_core.shell:Creating environment descriptor '/home/eee/ros2/src/armor_detect_ros2-main/install/armor_interfaces/share/armor_interfaces/hook/cmake_prefix_path.dsv'
[1.171s] INFO:colcon.colcon_core.shell:Creating environment hook '/home/eee/ros2/src/armor_detect_ros2-main/install/armor_interfaces/share/armor_interfaces/hook/cmake_prefix_path.sh'
[1.173s] Level 1:colcon.colcon_core.environment:checking '/home/eee/ros2/src/armor_detect_ros2-main/install/armor_interfaces/lib'
[1.174s] Level 1:colcon.colcon_core.shell:create_environment_hook('armor_interfaces', 'ld_library_path_lib')
[1.174s] INFO:colcon.colcon_core.shell:Creating environment hook '/home/eee/ros2/src/armor_detect_ros2-main/install/armor_interfaces/share/armor_interfaces/hook/ld_library_path_lib.ps1'
[1.175s] INFO:colcon.colcon_core.shell:Creating environment descriptor '/home/eee/ros2/src/armor_detect_ros2-main/install/armor_interfaces/share/armor_interfaces/hook/ld_library_path_lib.dsv'
[1.176s] INFO:colcon.colcon_core.shell:Creating environment hook '/home/eee/ros2/src/armor_detect_ros2-main/install/armor_interfaces/share/armor_interfaces/hook/ld_library_path_lib.sh'
[1.176s] Level 1:colcon.colcon_core.environment:checking '/home/eee/ros2/src/armor_detect_ros2-main/install/armor_interfaces/bin'
[1.176s] Level 1:colcon.colcon_core.environment:checking '/home/eee/ros2/src/armor_detect_ros2-main/install/armor_interfaces/lib/pkgconfig/armor_interfaces.pc'
[1.177s] Level 1:colcon.colcon_core.environment:checking '/home/eee/ros2/src/armor_detect_ros2-main/install/armor_interfaces/lib/python3.10/site-packages'
[1.177s] Level 1:colcon.colcon_core.environment:checking '/home/eee/ros2/src/armor_detect_ros2-main/install/armor_interfaces/bin'
[1.178s] INFO:colcon.colcon_core.shell:Creating package script '/home/eee/ros2/src/armor_detect_ros2-main/install/armor_interfaces/share/armor_interfaces/package.ps1'
[1.179s] INFO:colcon.colcon_core.shell:Creating package descriptor '/home/eee/ros2/src/armor_detect_ros2-main/install/armor_interfaces/share/armor_interfaces/package.dsv'
[1.180s] INFO:colcon.colcon_core.shell:Creating package script '/home/eee/ros2/src/armor_detect_ros2-main/install/armor_interfaces/share/armor_interfaces/package.sh'
[1.181s] INFO:colcon.colcon_core.shell:Creating package script '/home/eee/ros2/src/armor_detect_ros2-main/install/armor_interfaces/share/armor_interfaces/package.bash'
[1.182s] INFO:colcon.colcon_core.shell:Creating package script '/home/eee/ros2/src/armor_detect_ros2-main/install/armor_interfaces/share/armor_interfaces/package.zsh'
[1.182s] Level 1:colcon.colcon_core.environment:create_file_with_runtime_dependencies(/home/eee/ros2/src/armor_detect_ros2-main/install/armor_interfaces/share/colcon-core/packages/armor_interfaces)
[1.183s] Level 1:colcon.colcon_core.environment:create_environment_scripts_only(armor_interfaces)
[1.184s] Level 1:colcon.colcon_core.environment:checking '/home/eee/ros2/src/armor_detect_ros2-main/install/armor_interfaces' for CMake module files
[1.184s] Level 1:colcon.colcon_core.environment:checking '/home/eee/ros2/src/armor_detect_ros2-main/install/armor_interfaces' for CMake config files
[1.185s] Level 1:colcon.colcon_core.shell:create_environment_hook('armor_interfaces', 'cmake_prefix_path')
[1.185s] INFO:colcon.colcon_core.shell:Creating environment hook '/home/eee/ros2/src/armor_detect_ros2-main/install/armor_interfaces/share/armor_interfaces/hook/cmake_prefix_path.ps1'
[1.186s] INFO:colcon.colcon_core.shell:Creating environment descriptor '/home/eee/ros2/src/armor_detect_ros2-main/install/armor_interfaces/share/armor_interfaces/hook/cmake_prefix_path.dsv'
[1.186s] INFO:colcon.colcon_core.shell:Creating environment hook '/home/eee/ros2/src/armor_detect_ros2-main/install/armor_interfaces/share/armor_interfaces/hook/cmake_prefix_path.sh'
[1.187s] Level 1:colcon.colcon_core.environment:checking '/home/eee/ros2/src/armor_detect_ros2-main/install/armor_interfaces/lib'
[1.187s] Level 1:colcon.colcon_core.shell:create_environment_hook('armor_interfaces', 'ld_library_path_lib')
[1.187s] INFO:colcon.colcon_core.shell:Creating environment hook '/home/eee/ros2/src/armor_detect_ros2-main/install/armor_interfaces/share/armor_interfaces/hook/ld_library_path_lib.ps1'
[1.188s] INFO:colcon.colcon_core.shell:Creating environment descriptor '/home/eee/ros2/src/armor_detect_ros2-main/install/armor_interfaces/share/armor_interfaces/hook/ld_library_path_lib.dsv'
[1.188s] INFO:colcon.colcon_core.shell:Creating environment hook '/home/eee/ros2/src/armor_detect_ros2-main/install/armor_interfaces/share/armor_interfaces/hook/ld_library_path_lib.sh'
[1.188s] Level 1:colcon.colcon_core.environment:checking '/home/eee/ros2/src/armor_detect_ros2-main/install/armor_interfaces/bin'
[1.188s] Level 1:colcon.colcon_core.environment:checking '/home/eee/ros2/src/armor_detect_ros2-main/install/armor_interfaces/lib/pkgconfig/armor_interfaces.pc'
[1.189s] Level 1:colcon.colcon_core.environment:checking '/home/eee/ros2/src/armor_detect_ros2-main/install/armor_interfaces/lib/python3.10/site-packages'
[1.189s] Level 1:colcon.colcon_core.environment:checking '/home/eee/ros2/src/armor_detect_ros2-main/install/armor_interfaces/bin'
[1.190s] INFO:colcon.colcon_core.shell:Creating package script '/home/eee/ros2/src/armor_detect_ros2-main/install/armor_interfaces/share/armor_interfaces/package.ps1'
[1.190s] INFO:colcon.colcon_core.shell:Creating package descriptor '/home/eee/ros2/src/armor_detect_ros2-main/install/armor_interfaces/share/armor_interfaces/package.dsv'
[1.191s] INFO:colcon.colcon_core.shell:Creating package script '/home/eee/ros2/src/armor_detect_ros2-main/install/armor_interfaces/share/armor_interfaces/package.sh'
[1.191s] INFO:colcon.colcon_core.shell:Creating package script '/home/eee/ros2/src/armor_detect_ros2-main/install/armor_interfaces/share/armor_interfaces/package.bash'
[1.192s] INFO:colcon.colcon_core.shell:Creating package script '/home/eee/ros2/src/armor_detect_ros2-main/install/armor_interfaces/share/armor_interfaces/package.zsh'
[1.192s] Level 1:colcon.colcon_core.environment:create_file_with_runtime_dependencies(/home/eee/ros2/src/armor_detect_ros2-main/install/armor_interfaces/share/colcon-core/packages/armor_interfaces)
[1.193s] INFO:colcon.colcon_ros.task.ament_cmake.build:Building ROS package in '/home/eee/ros2/src/armor_detect_ros2-main/src/armor_drawer' with build type 'ament_cmake'
[1.193s] INFO:colcon.colcon_cmake.task.cmake.build:Building CMake package in '/home/eee/ros2/src/armor_detect_ros2-main/src/armor_drawer'
[1.194s] INFO:colcon.colcon_core.shell:Skip shell extension 'powershell' for command environment: Not usable outside of PowerShell
[1.194s] DEBUG:colcon.colcon_core.shell:Skip shell extension 'dsv' for command environment
[1.197s] INFO:colcon.colcon_ros.task.ament_cmake.build:Building ROS package in '/home/eee/ros2/src/armor_detect_ros2-main/src/armor_tracker' with build type 'ament_cmake'
[1.198s] INFO:colcon.colcon_cmake.task.cmake.build:Building CMake package in '/home/eee/ros2/src/armor_detect_ros2-main/src/armor_tracker'
[1.198s] INFO:colcon.colcon_core.shell:Skip shell extension 'powershell' for command environment: Not usable outside of PowerShell
[1.198s] DEBUG:colcon.colcon_core.shell:Skip shell extension 'dsv' for command environment
[1.202s] INFO:colcon.colcon_ros.task.ament_cmake.build:Building ROS package in '/home/eee/ros2/src/armor_detect_ros2-main/src/serial_driver' with build type 'ament_cmake'
[1.202s] INFO:colcon.colcon_cmake.task.cmake.build:Building CMake package in '/home/eee/ros2/src/armor_detect_ros2-main/src/serial_driver'
[1.202s] INFO:colcon.colcon_core.shell:Skip shell extension 'powershell' for command environment: Not usable outside of PowerShell
[1.202s] DEBUG:colcon.colcon_core.shell:Skip shell extension 'dsv' for command environment
[1.211s] DEBUG:colcon.colcon_core.event_handler.log_command:Invoking command in '/home/eee/ros2/src/armor_detect_ros2-main/build/armor_drawer': AMENT_PREFIX_PATH=/home/eee/ros2/src/armor_detect_ros2-main/install/armor_interfaces:${AMENT_PREFIX_PATH} CMAKE_PREFIX_PATH=/home/eee/ros2/src/armor_detect_ros2-main/install/armor_interfaces:/opt/ros/humble LD_LIBRARY_PATH=/home/eee/ros2/src/armor_detect_ros2-main/install/armor_interfaces/lib:${LD_LIBRARY_PATH} PYTHONPATH=/home/eee/ros2/src/armor_detect_ros2-main/install/armor_interfaces/local/lib/python3.10/dist-packages:${PYTHONPATH} /usr/bin/cmake --build /home/eee/ros2/src/armor_detect_ros2-main/build/armor_drawer -- -j20 -l20
[1.216s] DEBUG:colcon.colcon_core.event_handler.log_command:Invoking command in '/home/eee/ros2/src/armor_detect_ros2-main/build/armor_tracker_node': AMENT_PREFIX_PATH=/home/eee/ros2/src/armor_detect_ros2-main/install/armor_interfaces:${AMENT_PREFIX_PATH} CMAKE_PREFIX_PATH=/home/eee/ros2/src/armor_detect_ros2-main/install/armor_interfaces:/opt/ros/humble LD_LIBRARY_PATH=/home/eee/ros2/src/armor_detect_ros2-main/install/armor_interfaces/lib:${LD_LIBRARY_PATH} PYTHONPATH=/home/eee/ros2/src/armor_detect_ros2-main/install/armor_interfaces/local/lib/python3.10/dist-packages:${PYTHONPATH} /usr/bin/cmake --build /home/eee/ros2/src/armor_detect_ros2-main/build/armor_tracker_node -- -j20 -l20
[1.221s] DEBUG:colcon.colcon_core.event_handler.log_command:Invoking command in '/home/eee/ros2/src/armor_detect_ros2-main/build/rm_serial_driver': AMENT_PREFIX_PATH=/home/eee/ros2/src/armor_detect_ros2-main/install/armor_interfaces:${AMENT_PREFIX_PATH} CMAKE_PREFIX_PATH=/home/eee/ros2/src/armor_detect_ros2-main/install/armor_interfaces:/opt/ros/humble LD_LIBRARY_PATH=/home/eee/ros2/src/armor_detect_ros2-main/install/armor_interfaces/lib:${LD_LIBRARY_PATH} PYTHONPATH=/home/eee/ros2/src/armor_detect_ros2-main/install/armor_interfaces/local/lib/python3.10/dist-packages:${PYTHONPATH} /usr/bin/cmake --build /home/eee/ros2/src/armor_detect_ros2-main/build/rm_serial_driver -- -j20 -l20
[1.327s] DEBUG:colcon.colcon_core.event_handler.log_command:Invoked command in '/home/eee/ros2/src/armor_detect_ros2-main/build/armor_drawer' returned '0': AMENT_PREFIX_PATH=/home/eee/ros2/src/armor_detect_ros2-main/install/armor_interfaces:${AMENT_PREFIX_PATH} CMAKE_PREFIX_PATH=/home/eee/ros2/src/armor_detect_ros2-main/install/armor_interfaces:/opt/ros/humble LD_LIBRARY_PATH=/home/eee/ros2/src/armor_detect_ros2-main/install/armor_interfaces/lib:${LD_LIBRARY_PATH} PYTHONPATH=/home/eee/ros2/src/armor_detect_ros2-main/install/armor_interfaces/local/lib/python3.10/dist-packages:${PYTHONPATH} /usr/bin/cmake --build /home/eee/ros2/src/armor_detect_ros2-main/build/armor_drawer -- -j20 -l20
[1.328s] DEBUG:colcon.colcon_core.event_handler.log_command:Invoking command in '/home/eee/ros2/src/armor_detect_ros2-main/build/armor_drawer': AMENT_PREFIX_PATH=/home/eee/ros2/src/armor_detect_ros2-main/install/armor_interfaces:${AMENT_PREFIX_PATH} CMAKE_PREFIX_PATH=/home/eee/ros2/src/armor_detect_ros2-main/install/armor_interfaces:/opt/ros/humble LD_LIBRARY_PATH=/home/eee/ros2/src/armor_detect_ros2-main/install/armor_interfaces/lib:${LD_LIBRARY_PATH} PYTHONPATH=/home/eee/ros2/src/armor_detect_ros2-main/install/armor_interfaces/local/lib/python3.10/dist-packages:${PYTHONPATH} /usr/bin/cmake --install /home/eee/ros2/src/armor_detect_ros2-main/build/armor_drawer
[1.344s] Level 1:colcon.colcon_core.environment:create_environment_scripts_only(armor_drawer)
[1.345s] Level 1:colcon.colcon_core.environment:checking '/home/eee/ros2/src/armor_detect_ros2-main/install/armor_drawer' for CMake module files
[1.346s] DEBUG:colcon.colcon_core.event_handler.log_command:Invoked command in '/home/eee/ros2/src/armor_detect_ros2-main/build/armor_drawer' returned '0': AMENT_PREFIX_PATH=/home/eee/ros2/src/armor_detect_ros2-main/install/armor_interfaces:${AMENT_PREFIX_PATH} CMAKE_PREFIX_PATH=/home/eee/ros2/src/armor_detect_ros2-main/install/armor_interfaces:/opt/ros/humble LD_LIBRARY_PATH=/home/eee/ros2/src/armor_detect_ros2-main/install/armor_interfaces/lib:${LD_LIBRARY_PATH} PYTHONPATH=/home/eee/ros2/src/armor_detect_ros2-main/install/armor_interfaces/local/lib/python3.10/dist-packages:${PYTHONPATH} /usr/bin/cmake --install /home/eee/ros2/src/armor_detect_ros2-main/build/armor_drawer
[1.346s] Level 1:colcon.colcon_core.environment:checking '/home/eee/ros2/src/armor_detect_ros2-main/install/armor_drawer' for CMake config files
[1.347s] Level 1:colcon.colcon_core.shell:create_environment_hook('armor_drawer', 'cmake_prefix_path')
[1.347s] INFO:colcon.colcon_core.shell:Creating environment hook '/home/eee/ros2/src/armor_detect_ros2-main/install/armor_drawer/share/armor_drawer/hook/cmake_prefix_path.ps1'
[1.348s] INFO:colcon.colcon_core.shell:Creating environment descriptor '/home/eee/ros2/src/armor_detect_ros2-main/install/armor_drawer/share/armor_drawer/hook/cmake_prefix_path.dsv'
[1.348s] INFO:colcon.colcon_core.shell:Creating environment hook '/home/eee/ros2/src/armor_detect_ros2-main/install/armor_drawer/share/armor_drawer/hook/cmake_prefix_path.sh'
[1.349s] Level 1:colcon.colcon_core.environment:checking '/home/eee/ros2/src/armor_detect_ros2-main/install/armor_drawer/lib'
[1.349s] Level 1:colcon.colcon_core.environment:checking '/home/eee/ros2/src/armor_detect_ros2-main/install/armor_drawer/bin'
[1.350s] Level 1:colcon.colcon_core.environment:checking '/home/eee/ros2/src/armor_detect_ros2-main/install/armor_drawer/lib/pkgconfig/armor_drawer.pc'
[1.350s] Level 1:colcon.colcon_core.environment:checking '/home/eee/ros2/src/armor_detect_ros2-main/install/armor_drawer/lib/python3.10/site-packages'
[1.351s] Level 1:colcon.colcon_core.environment:checking '/home/eee/ros2/src/armor_detect_ros2-main/install/armor_drawer/bin'
[1.351s] INFO:colcon.colcon_core.shell:Creating package script '/home/eee/ros2/src/armor_detect_ros2-main/install/armor_drawer/share/armor_drawer/package.ps1'
[1.352s] INFO:colcon.colcon_core.shell:Creating package descriptor '/home/eee/ros2/src/armor_detect_ros2-main/install/armor_drawer/share/armor_drawer/package.dsv'
[1.352s] INFO:colcon.colcon_core.shell:Creating package script '/home/eee/ros2/src/armor_detect_ros2-main/install/armor_drawer/share/armor_drawer/package.sh'
[1.353s] INFO:colcon.colcon_core.shell:Creating package script '/home/eee/ros2/src/armor_detect_ros2-main/install/armor_drawer/share/armor_drawer/package.bash'
[1.353s] INFO:colcon.colcon_core.shell:Creating package script '/home/eee/ros2/src/armor_detect_ros2-main/install/armor_drawer/share/armor_drawer/package.zsh'
[1.353s] Level 1:colcon.colcon_core.environment:create_file_with_runtime_dependencies(/home/eee/ros2/src/armor_detect_ros2-main/install/armor_drawer/share/colcon-core/packages/armor_drawer)
[1.354s] Level 1:colcon.colcon_core.environment:create_environment_scripts_only(armor_drawer)
[1.354s] Level 1:colcon.colcon_core.environment:checking '/home/eee/ros2/src/armor_detect_ros2-main/install/armor_drawer' for CMake module files
[1.355s] Level 1:colcon.colcon_core.environment:checking '/home/eee/ros2/src/armor_detect_ros2-main/install/armor_drawer' for CMake config files
[1.355s] Level 1:colcon.colcon_core.shell:create_environment_hook('armor_drawer', 'cmake_prefix_path')
[1.355s] INFO:colcon.colcon_core.shell:Creating environment hook '/home/eee/ros2/src/armor_detect_ros2-main/install/armor_drawer/share/armor_drawer/hook/cmake_prefix_path.ps1'
[1.356s] INFO:colcon.colcon_core.shell:Creating environment descriptor '/home/eee/ros2/src/armor_detect_ros2-main/install/armor_drawer/share/armor_drawer/hook/cmake_prefix_path.dsv'
[1.357s] INFO:colcon.colcon_core.shell:Creating environment hook '/home/eee/ros2/src/armor_detect_ros2-main/install/armor_drawer/share/armor_drawer/hook/cmake_prefix_path.sh'
[1.357s] Level 1:colcon.colcon_core.environment:checking '/home/eee/ros2/src/armor_detect_ros2-main/install/armor_drawer/lib'
[1.357s] Level 1:colcon.colcon_core.environment:checking '/home/eee/ros2/src/armor_detect_ros2-main/install/armor_drawer/bin'
[1.358s] Level 1:colcon.colcon_core.environment:checking '/home/eee/ros2/src/armor_detect_ros2-main/install/armor_drawer/lib/pkgconfig/armor_drawer.pc'
[1.358s] Level 1:colcon.colcon_core.environment:checking '/home/eee/ros2/src/armor_detect_ros2-main/install/armor_drawer/lib/python3.10/site-packages'
[1.358s] Level 1:colcon.colcon_core.environment:checking '/home/eee/ros2/src/armor_detect_ros2-main/install/armor_drawer/bin'
[1.359s] INFO:colcon.colcon_core.shell:Creating package script '/home/eee/ros2/src/armor_detect_ros2-main/install/armor_drawer/share/armor_drawer/package.ps1'
[1.360s] INFO:colcon.colcon_core.shell:Creating package descriptor '/home/eee/ros2/src/armor_detect_ros2-main/install/armor_drawer/share/armor_drawer/package.dsv'
[1.360s] INFO:colcon.colcon_core.shell:Creating package script '/home/eee/ros2/src/armor_detect_ros2-main/install/armor_drawer/share/armor_drawer/package.sh'
[1.361s] INFO:colcon.colcon_core.shell:Creating package script '/home/eee/ros2/src/armor_detect_ros2-main/install/armor_drawer/share/armor_drawer/package.bash'
[1.361s] INFO:colcon.colcon_core.shell:Creating package script '/home/eee/ros2/src/armor_detect_ros2-main/install/armor_drawer/share/armor_drawer/package.zsh'
[1.362s] Level 1:colcon.colcon_core.environment:create_file_with_runtime_dependencies(/home/eee/ros2/src/armor_detect_ros2-main/install/armor_drawer/share/colcon-core/packages/armor_drawer)
[1.383s] DEBUG:colcon.colcon_core.event_handler.log_command:Invoked command in '/home/eee/ros2/src/armor_detect_ros2-main/build/rm_serial_driver' returned '0': AMENT_PREFIX_PATH=/home/eee/ros2/src/armor_detect_ros2-main/install/armor_interfaces:${AMENT_PREFIX_PATH} CMAKE_PREFIX_PATH=/home/eee/ros2/src/armor_detect_ros2-main/install/armor_interfaces:/opt/ros/humble LD_LIBRARY_PATH=/home/eee/ros2/src/armor_detect_ros2-main/install/armor_interfaces/lib:${LD_LIBRARY_PATH} PYTHONPATH=/home/eee/ros2/src/armor_detect_ros2-main/install/armor_interfaces/local/lib/python3.10/dist-packages:${PYTHONPATH} /usr/bin/cmake --build /home/eee/ros2/src/armor_detect_ros2-main/build/rm_serial_driver -- -j20 -l20
[1.385s] DEBUG:colcon.colcon_core.event_handler.log_command:Invoking command in '/home/eee/ros2/src/armor_detect_ros2-main/build/rm_serial_driver': AMENT_PREFIX_PATH=/home/eee/ros2/src/armor_detect_ros2-main/install/armor_interfaces:${AMENT_PREFIX_PATH} CMAKE_PREFIX_PATH=/home/eee/ros2/src/armor_detect_ros2-main/install/armor_interfaces:/opt/ros/humble LD_LIBRARY_PATH=/home/eee/ros2/src/armor_detect_ros2-main/install/armor_interfaces/lib:${LD_LIBRARY_PATH} PYTHONPATH=/home/eee/ros2/src/armor_detect_ros2-main/install/armor_interfaces/local/lib/python3.10/dist-packages:${PYTHONPATH} /usr/bin/cmake --install /home/eee/ros2/src/armor_detect_ros2-main/build/rm_serial_driver
[1.404s] Level 1:colcon.colcon_core.environment:create_environment_scripts_only(rm_serial_driver)
[1.404s] Level 1:colcon.colcon_core.environment:checking '/home/eee/ros2/src/armor_detect_ros2-main/install/rm_serial_driver' for CMake module files
[1.407s] Level 1:colcon.colcon_core.environment:checking '/home/eee/ros2/src/armor_detect_ros2-main/install/rm_serial_driver' for CMake config files
[1.408s] DEBUG:colcon.colcon_core.event_handler.log_command:Invoked command in '/home/eee/ros2/src/armor_detect_ros2-main/build/rm_serial_driver' returned '0': AMENT_PREFIX_PATH=/home/eee/ros2/src/armor_detect_ros2-main/install/armor_interfaces:${AMENT_PREFIX_PATH} CMAKE_PREFIX_PATH=/home/eee/ros2/src/armor_detect_ros2-main/install/armor_interfaces:/opt/ros/humble LD_LIBRARY_PATH=/home/eee/ros2/src/armor_detect_ros2-main/install/armor_interfaces/lib:${LD_LIBRARY_PATH} PYTHONPATH=/home/eee/ros2/src/armor_detect_ros2-main/install/armor_interfaces/local/lib/python3.10/dist-packages:${PYTHONPATH} /usr/bin/cmake --install /home/eee/ros2/src/armor_detect_ros2-main/build/rm_serial_driver
[1.408s] Level 1:colcon.colcon_core.shell:create_environment_hook('rm_serial_driver', 'cmake_prefix_path')
[1.409s] INFO:colcon.colcon_core.shell:Creating environment hook '/home/eee/ros2/src/armor_detect_ros2-main/install/rm_serial_driver/share/rm_serial_driver/hook/cmake_prefix_path.ps1'
[1.409s] INFO:colcon.colcon_core.shell:Creating environment descriptor '/home/eee/ros2/src/armor_detect_ros2-main/install/rm_serial_driver/share/rm_serial_driver/hook/cmake_prefix_path.dsv'
[1.410s] INFO:colcon.colcon_core.shell:Creating environment hook '/home/eee/ros2/src/armor_detect_ros2-main/install/rm_serial_driver/share/rm_serial_driver/hook/cmake_prefix_path.sh'
[1.410s] Level 1:colcon.colcon_core.environment:checking '/home/eee/ros2/src/armor_detect_ros2-main/install/rm_serial_driver/lib'
[1.410s] Level 1:colcon.colcon_core.shell:create_environment_hook('rm_serial_driver', 'ld_library_path_lib')
[1.411s] INFO:colcon.colcon_core.shell:Creating environment hook '/home/eee/ros2/src/armor_detect_ros2-main/install/rm_serial_driver/share/rm_serial_driver/hook/ld_library_path_lib.ps1'
[1.411s] INFO:colcon.colcon_core.shell:Creating environment descriptor '/home/eee/ros2/src/armor_detect_ros2-main/install/rm_serial_driver/share/rm_serial_driver/hook/ld_library_path_lib.dsv'
[1.411s] INFO:colcon.colcon_core.shell:Creating environment hook '/home/eee/ros2/src/armor_detect_ros2-main/install/rm_serial_driver/share/rm_serial_driver/hook/ld_library_path_lib.sh'
[1.412s] Level 1:colcon.colcon_core.environment:checking '/home/eee/ros2/src/armor_detect_ros2-main/install/rm_serial_driver/bin'
[1.412s] Level 1:colcon.colcon_core.environment:checking '/home/eee/ros2/src/armor_detect_ros2-main/install/rm_serial_driver/lib/pkgconfig/rm_serial_driver.pc'
[1.412s] Level 1:colcon.colcon_core.environment:checking '/home/eee/ros2/src/armor_detect_ros2-main/install/rm_serial_driver/lib/python3.10/site-packages'
[1.413s] Level 1:colcon.colcon_core.environment:checking '/home/eee/ros2/src/armor_detect_ros2-main/install/rm_serial_driver/bin'
[1.413s] INFO:colcon.colcon_core.shell:Creating package script '/home/eee/ros2/src/armor_detect_ros2-main/install/rm_serial_driver/share/rm_serial_driver/package.ps1'
[1.414s] INFO:colcon.colcon_core.shell:Creating package descriptor '/home/eee/ros2/src/armor_detect_ros2-main/install/rm_serial_driver/share/rm_serial_driver/package.dsv'
[1.414s] INFO:colcon.colcon_core.shell:Creating package script '/home/eee/ros2/src/armor_detect_ros2-main/install/rm_serial_driver/share/rm_serial_driver/package.sh'
[1.415s] INFO:colcon.colcon_core.shell:Creating package script '/home/eee/ros2/src/armor_detect_ros2-main/install/rm_serial_driver/share/rm_serial_driver/package.bash'
[1.415s] INFO:colcon.colcon_core.shell:Creating package script '/home/eee/ros2/src/armor_detect_ros2-main/install/rm_serial_driver/share/rm_serial_driver/package.zsh'
[1.416s] Level 1:colcon.colcon_core.environment:create_file_with_runtime_dependencies(/home/eee/ros2/src/armor_detect_ros2-main/install/rm_serial_driver/share/colcon-core/packages/rm_serial_driver)
[1.416s] Level 1:colcon.colcon_core.environment:create_environment_scripts_only(rm_serial_driver)
[1.416s] Level 1:colcon.colcon_core.environment:checking '/home/eee/ros2/src/armor_detect_ros2-main/install/rm_serial_driver' for CMake module files
[1.417s] Level 1:colcon.colcon_core.environment:checking '/home/eee/ros2/src/armor_detect_ros2-main/install/rm_serial_driver' for CMake config files
[1.417s] Level 1:colcon.colcon_core.shell:create_environment_hook('rm_serial_driver', 'cmake_prefix_path')
[1.417s] INFO:colcon.colcon_core.shell:Creating environment hook '/home/eee/ros2/src/armor_detect_ros2-main/install/rm_serial_driver/share/rm_serial_driver/hook/cmake_prefix_path.ps1'
[1.418s] INFO:colcon.colcon_core.shell:Creating environment descriptor '/home/eee/ros2/src/armor_detect_ros2-main/install/rm_serial_driver/share/rm_serial_driver/hook/cmake_prefix_path.dsv'
[1.418s] INFO:colcon.colcon_core.shell:Creating environment hook '/home/eee/ros2/src/armor_detect_ros2-main/install/rm_serial_driver/share/rm_serial_driver/hook/cmake_prefix_path.sh'
[1.419s] Level 1:colcon.colcon_core.environment:checking '/home/eee/ros2/src/armor_detect_ros2-main/install/rm_serial_driver/lib'
[1.419s] Level 1:colcon.colcon_core.shell:create_environment_hook('rm_serial_driver', 'ld_library_path_lib')
[1.419s] INFO:colcon.colcon_core.shell:Creating environment hook '/home/eee/ros2/src/armor_detect_ros2-main/install/rm_serial_driver/share/rm_serial_driver/hook/ld_library_path_lib.ps1'
[1.420s] INFO:colcon.colcon_core.shell:Creating environment descriptor '/home/eee/ros2/src/armor_detect_ros2-main/install/rm_serial_driver/share/rm_serial_driver/hook/ld_library_path_lib.dsv'
[1.420s] INFO:colcon.colcon_core.shell:Creating environment hook '/home/eee/ros2/src/armor_detect_ros2-main/install/rm_serial_driver/share/rm_serial_driver/hook/ld_library_path_lib.sh'
[1.421s] Level 1:colcon.colcon_core.environment:checking '/home/eee/ros2/src/armor_detect_ros2-main/install/rm_serial_driver/bin'
[1.421s] Level 1:colcon.colcon_core.environment:checking '/home/eee/ros2/src/armor_detect_ros2-main/install/rm_serial_driver/lib/pkgconfig/rm_serial_driver.pc'
[1.421s] Level 1:colcon.colcon_core.environment:checking '/home/eee/ros2/src/armor_detect_ros2-main/install/rm_serial_driver/lib/python3.10/site-packages'
[1.421s] Level 1:colcon.colcon_core.environment:checking '/home/eee/ros2/src/armor_detect_ros2-main/install/rm_serial_driver/bin'
[1.422s] INFO:colcon.colcon_core.shell:Creating package script '/home/eee/ros2/src/armor_detect_ros2-main/install/rm_serial_driver/share/rm_serial_driver/package.ps1'
[1.423s] INFO:colcon.colcon_core.shell:Creating package descriptor '/home/eee/ros2/src/armor_detect_ros2-main/install/rm_serial_driver/share/rm_serial_driver/package.dsv'
[1.423s] INFO:colcon.colcon_core.shell:Creating package script '/home/eee/ros2/src/armor_detect_ros2-main/install/rm_serial_driver/share/rm_serial_driver/package.sh'
[1.424s] INFO:colcon.colcon_core.shell:Creating package script '/home/eee/ros2/src/armor_detect_ros2-main/install/rm_serial_driver/share/rm_serial_driver/package.bash'
[1.424s] INFO:colcon.colcon_core.shell:Creating package script '/home/eee/ros2/src/armor_detect_ros2-main/install/rm_serial_driver/share/rm_serial_driver/package.zsh'
[1.424s] Level 1:colcon.colcon_core.environment:create_file_with_runtime_dependencies(/home/eee/ros2/src/armor_detect_ros2-main/install/rm_serial_driver/share/colcon-core/packages/rm_serial_driver)
[17.211s] DEBUG:colcon.colcon_core.event_handler.log_command:Invoked command in '/home/eee/ros2/src/armor_detect_ros2-main/build/armor_tracker_node' returned '0': AMENT_PREFIX_PATH=/home/eee/ros2/src/armor_detect_ros2-main/install/armor_interfaces:${AMENT_PREFIX_PATH} CMAKE_PREFIX_PATH=/home/eee/ros2/src/armor_detect_ros2-main/install/armor_interfaces:/opt/ros/humble LD_LIBRARY_PATH=/home/eee/ros2/src/armor_detect_ros2-main/install/armor_interfaces/lib:${LD_LIBRARY_PATH} PYTHONPATH=/home/eee/ros2/src/armor_detect_ros2-main/install/armor_interfaces/local/lib/python3.10/dist-packages:${PYTHONPATH} /usr/bin/cmake --build /home/eee/ros2/src/armor_detect_ros2-main/build/armor_tracker_node -- -j20 -l20
[17.213s] DEBUG:colcon.colcon_core.event_handler.log_command:Invoking command in '/home/eee/ros2/src/armor_detect_ros2-main/build/armor_tracker_node': AMENT_PREFIX_PATH=/home/eee/ros2/src/armor_detect_ros2-main/install/armor_interfaces:${AMENT_PREFIX_PATH} CMAKE_PREFIX_PATH=/home/eee/ros2/src/armor_detect_ros2-main/install/armor_interfaces:/opt/ros/humble LD_LIBRARY_PATH=/home/eee/ros2/src/armor_detect_ros2-main/install/armor_interfaces/lib:${LD_LIBRARY_PATH} PYTHONPATH=/home/eee/ros2/src/armor_detect_ros2-main/install/armor_interfaces/local/lib/python3.10/dist-packages:${PYTHONPATH} /usr/bin/cmake --install /home/eee/ros2/src/armor_detect_ros2-main/build/armor_tracker_node
[17.238s] Level 1:colcon.colcon_core.environment:create_environment_scripts_only(armor_tracker_node)
[17.239s] Level 1:colcon.colcon_core.environment:checking '/home/eee/ros2/src/armor_detect_ros2-main/install/armor_tracker_node' for CMake module files
[17.239s] DEBUG:colcon.colcon_core.event_handler.log_command:Invoked command in '/home/eee/ros2/src/armor_detect_ros2-main/build/armor_tracker_node' returned '0': AMENT_PREFIX_PATH=/home/eee/ros2/src/armor_detect_ros2-main/install/armor_interfaces:${AMENT_PREFIX_PATH} CMAKE_PREFIX_PATH=/home/eee/ros2/src/armor_detect_ros2-main/install/armor_interfaces:/opt/ros/humble LD_LIBRARY_PATH=/home/eee/ros2/src/armor_detect_ros2-main/install/armor_interfaces/lib:${LD_LIBRARY_PATH} PYTHONPATH=/home/eee/ros2/src/armor_detect_ros2-main/install/armor_interfaces/local/lib/python3.10/dist-packages:${PYTHONPATH} /usr/bin/cmake --install /home/eee/ros2/src/armor_detect_ros2-main/build/armor_tracker_node
[17.240s] Level 1:colcon.colcon_core.environment:checking '/home/eee/ros2/src/armor_detect_ros2-main/install/armor_tracker_node' for CMake config files
[17.240s] Level 1:colcon.colcon_core.shell:create_environment_hook('armor_tracker_node', 'cmake_prefix_path')
[17.241s] INFO:colcon.colcon_core.shell:Creating environment hook '/home/eee/ros2/src/armor_detect_ros2-main/install/armor_tracker_node/share/armor_tracker_node/hook/cmake_prefix_path.ps1'
[17.241s] INFO:colcon.colcon_core.shell:Creating environment descriptor '/home/eee/ros2/src/armor_detect_ros2-main/install/armor_tracker_node/share/armor_tracker_node/hook/cmake_prefix_path.dsv'
[17.242s] INFO:colcon.colcon_core.shell:Creating environment hook '/home/eee/ros2/src/armor_detect_ros2-main/install/armor_tracker_node/share/armor_tracker_node/hook/cmake_prefix_path.sh'
[17.243s] Level 1:colcon.colcon_core.environment:checking '/home/eee/ros2/src/armor_detect_ros2-main/install/armor_tracker_node/lib'
[17.243s] Level 1:colcon.colcon_core.environment:checking '/home/eee/ros2/src/armor_detect_ros2-main/install/armor_tracker_node/bin'
[17.243s] Level 1:colcon.colcon_core.environment:checking '/home/eee/ros2/src/armor_detect_ros2-main/install/armor_tracker_node/lib/pkgconfig/armor_tracker_node.pc'
[17.244s] Level 1:colcon.colcon_core.environment:checking '/home/eee/ros2/src/armor_detect_ros2-main/install/armor_tracker_node/lib/python3.10/site-packages'
[17.244s] Level 1:colcon.colcon_core.environment:checking '/home/eee/ros2/src/armor_detect_ros2-main/install/armor_tracker_node/bin'
[17.245s] INFO:colcon.colcon_core.shell:Creating package script '/home/eee/ros2/src/armor_detect_ros2-main/install/armor_tracker_node/share/armor_tracker_node/package.ps1'
[17.246s] INFO:colcon.colcon_core.shell:Creating package descriptor '/home/eee/ros2/src/armor_detect_ros2-main/install/armor_tracker_node/share/armor_tracker_node/package.dsv'
[17.247s] INFO:colcon.colcon_core.shell:Creating package script '/home/eee/ros2/src/armor_detect_ros2-main/install/armor_tracker_node/share/armor_tracker_node/package.sh'
[17.247s] INFO:colcon.colcon_core.shell:Creating package script '/home/eee/ros2/src/armor_detect_ros2-main/install/armor_tracker_node/share/armor_tracker_node/package.bash'
[17.248s] INFO:colcon.colcon_core.shell:Creating package script '/home/eee/ros2/src/armor_detect_ros2-main/install/armor_tracker_node/share/armor_tracker_node/package.zsh'
[17.249s] Level 1:colcon.colcon_core.environment:create_file_with_runtime_dependencies(/home/eee/ros2/src/armor_detect_ros2-main/install/armor_tracker_node/share/colcon-core/packages/armor_tracker_node)
[17.250s] Level 1:colcon.colcon_core.environment:create_environment_scripts_only(armor_tracker_node)
[17.250s] Level 1:colcon.colcon_core.environment:checking '/home/eee/ros2/src/armor_detect_ros2-main/install/armor_tracker_node' for CMake module files
[17.251s] Level 1:colcon.colcon_core.environment:checking '/home/eee/ros2/src/armor_detect_ros2-main/install/armor_tracker_node' for CMake config files
[17.252s] Level 1:colcon.colcon_core.shell:create_environment_hook('armor_tracker_node', 'cmake_prefix_path')
[17.252s] INFO:colcon.colcon_core.shell:Creating environment hook '/home/eee/ros2/src/armor_detect_ros2-main/install/armor_tracker_node/share/armor_tracker_node/hook/cmake_prefix_path.ps1'
[17.253s] INFO:colcon.colcon_core.shell:Creating environment descriptor '/home/eee/ros2/src/armor_detect_ros2-main/install/armor_tracker_node/share/armor_tracker_node/hook/cmake_prefix_path.dsv'
[17.254s] INFO:colcon.colcon_core.shell:Creating environment hook '/home/eee/ros2/src/armor_detect_ros2-main/install/armor_tracker_node/share/armor_tracker_node/hook/cmake_prefix_path.sh'
[17.255s] Level 1:colcon.colcon_core.environment:checking '/home/eee/ros2/src/armor_detect_ros2-main/install/armor_tracker_node/lib'
[17.255s] Level 1:colcon.colcon_core.environment:checking '/home/eee/ros2/src/armor_detect_ros2-main/install/armor_tracker_node/bin'
[17.255s] Level 1:colcon.colcon_core.environment:checking '/home/eee/ros2/src/armor_detect_ros2-main/install/armor_tracker_node/lib/pkgconfig/armor_tracker_node.pc'
[17.256s] Level 1:colcon.colcon_core.environment:checking '/home/eee/ros2/src/armor_detect_ros2-main/install/armor_tracker_node/lib/python3.10/site-packages'
[17.257s] Level 1:colcon.colcon_core.environment:checking '/home/eee/ros2/src/armor_detect_ros2-main/install/armor_tracker_node/bin'
[17.257s] INFO:colcon.colcon_core.shell:Creating package script '/home/eee/ros2/src/armor_detect_ros2-main/install/armor_tracker_node/share/armor_tracker_node/package.ps1'
[17.258s] INFO:colcon.colcon_core.shell:Creating package descriptor '/home/eee/ros2/src/armor_detect_ros2-main/install/armor_tracker_node/share/armor_tracker_node/package.dsv'
[17.259s] INFO:colcon.colcon_core.shell:Creating package script '/home/eee/ros2/src/armor_detect_ros2-main/install/armor_tracker_node/share/armor_tracker_node/package.sh'
[17.259s] INFO:colcon.colcon_core.shell:Creating package script '/home/eee/ros2/src/armor_detect_ros2-main/install/armor_tracker_node/share/armor_tracker_node/package.bash'
[17.260s] INFO:colcon.colcon_core.shell:Creating package script '/home/eee/ros2/src/armor_detect_ros2-main/install/armor_tracker_node/share/armor_tracker_node/package.zsh'
[17.261s] Level 1:colcon.colcon_core.environment:create_file_with_runtime_dependencies(/home/eee/ros2/src/armor_detect_ros2-main/install/armor_tracker_node/share/colcon-core/packages/armor_tracker_node)
[17.261s] DEBUG:colcon.colcon_parallel_executor.executor.parallel:closing loop
[17.262s] DEBUG:colcon.colcon_parallel_executor.executor.parallel:loop closed
[17.262s] DEBUG:colcon.colcon_parallel_executor.executor.parallel:run_until_complete finished with '0'
[17.262s] DEBUG:colcon.colcon_core.event_reactor:joining thread
[17.275s] INFO:colcon.colcon_core.plugin_system:Skipping extension 'colcon_notification.desktop_notification.terminal_notifier': Not used on non-Darwin systems
[17.275s] INFO:colcon.colcon_core.plugin_system:Skipping extension 'colcon_notification.desktop_notification.win32': Not used on non-Windows systems
[17.276s] INFO:colcon.colcon_notification.desktop_notification:Sending desktop notification using 'notify2'
[17.298s] DEBUG:colcon.colcon_core.event_reactor:joined thread
[17.298s] INFO:colcon.colcon_core.shell:Creating prefix script '/home/eee/ros2/src/armor_detect_ros2-main/install/local_setup.ps1'
[17.300s] INFO:colcon.colcon_core.shell:Creating prefix util module '/home/eee/ros2/src/armor_detect_ros2-main/install/_local_setup_util_ps1.py'
[17.301s] INFO:colcon.colcon_core.shell:Creating prefix chain script '/home/eee/ros2/src/armor_detect_ros2-main/install/setup.ps1'
[17.303s] INFO:colcon.colcon_core.shell:Creating prefix script '/home/eee/ros2/src/armor_detect_ros2-main/install/local_setup.sh'
[17.304s] INFO:colcon.colcon_core.shell:Creating prefix util module '/home/eee/ros2/src/armor_detect_ros2-main/install/_local_setup_util_sh.py'
[17.305s] INFO:colcon.colcon_core.shell:Creating prefix chain script '/home/eee/ros2/src/armor_detect_ros2-main/install/setup.sh'
[17.307s] INFO:colcon.colcon_core.shell:Creating prefix script '/home/eee/ros2/src/armor_detect_ros2-main/install/local_setup.bash'
[17.309s] INFO:colcon.colcon_core.shell:Creating prefix chain script '/home/eee/ros2/src/armor_detect_ros2-main/install/setup.bash'
[17.311s] INFO:colcon.colcon_core.shell:Creating prefix script '/home/eee/ros2/src/armor_detect_ros2-main/install/local_setup.zsh'
[17.312s] INFO:colcon.colcon_core.shell:Creating prefix chain script '/home/eee/ros2/src/armor_detect_ros2-main/install/setup.zsh'
