-- The C compiler identification is GNU 11.4.0
-- The CXX compiler identification is GNU 11.4.0
-- Detecting C compiler ABI info
-- Detecting C compiler ABI info - done
-- Check for working C compiler: /usr/bin/cc - skipped
-- Detecting C compile features
-- Detecting C compile features - done
-- Detecting CXX compiler ABI info
-- Detecting CXX compiler ABI info - done
-- Check for working CXX compiler: /usr/bin/c++ - skipped
-- Detecting CXX compile features
-- Detecting CXX compile features - done
-- Found ament_cmake: 1.3.14 (/opt/ros/humble/share/ament_cmake/cmake)
-- Found Python3: /usr/bin/python3 (found version "3.10.12") found components: Interpreter 
-- Found armor_interfaces: 0.0.0 (/home/eee/ros2/src/armor_detect_ros2-main/install/armor_interfaces/share/armor_interfaces/cmake)
-- Found rosidl_generator_c: 3.1.8 (/opt/ros/humble/share/rosidl_generator_c/cmake)
-- Found rosidl_adapter: 3.1.8 (/opt/ros/humble/share/rosidl_adapter/cmake)
-- Found rosidl_generator_cpp: 3.1.8 (/opt/ros/humble/share/rosidl_generator_cpp/cmake)
-- Using all available rosidl_typesupport_c: rosidl_typesupport_fastrtps_c;rosidl_typesupport_introspection_c
-- Using all available rosidl_typesupport_cpp: rosidl_typesupport_fastrtps_cpp;rosidl_typesupport_introspection_cpp
-- Found geometry_msgs: 4.9.1 (/opt/ros/humble/share/geometry_msgs/cmake)
-- Found rclcpp: 16.0.19 (/opt/ros/humble/share/rclcpp/cmake)
-- Found rmw_implementation_cmake: 6.1.2 (/opt/ros/humble/share/rmw_implementation_cmake/cmake)
-- Found rmw_fastrtps_cpp: 6.2.10 (/opt/ros/humble/share/rmw_fastrtps_cpp/cmake)
-- Found OpenSSL: /usr/lib/x86_64-linux-gnu/libcrypto.so (found version "3.0.2")  
-- Found FastRTPS: /opt/ros/humble/include  
-- Using RMW implementation 'rmw_fastrtps_cpp' as default
-- Looking for pthread.h
-- Looking for pthread.h - found
-- Performing Test CMAKE_HAVE_LIBC_PTHREAD
-- Performing Test CMAKE_HAVE_LIBC_PTHREAD - Success
-- Found Threads: TRUE  
-- Found tf2: 0.25.20 (/opt/ros/humble/share/tf2/cmake)
-- Found tf2_ros: 0.25.20 (/opt/ros/humble/share/tf2_ros/cmake)
-- Found OpenCV: /usr (found version "4.5.4") 
-- Eigen3_INCLUDE_DIRS = 
-- Configuring done
-- Generating done
-- Build files have been written to: /home/eee/ros2/src/armor_detect_ros2-main/build/armor_drawer
[ 33%] [32mBuilding CXX object CMakeFiles/armor_drawer.dir/src/main1.cpp.o[0m
[ 66%] [32mBuilding CXX object CMakeFiles/armor_drawer.dir/src/DrawMyFunction.cpp.o[0m
[100%] [32m[1mLinking CXX executable armor_drawer[0m
[100%] Built target armor_drawer
-- Install configuration: ""
-- Installing: /home/eee/ros2/src/armor_detect_ros2-main/install/armor_drawer/lib/armor_drawer/armor_drawer
-- Set runtime path of "/home/eee/ros2/src/armor_detect_ros2-main/install/armor_drawer/lib/armor_drawer/armor_drawer" to ""
-- Installing: /home/eee/ros2/src/armor_detect_ros2-main/install/armor_drawer/share/ament_index/resource_index/package_run_dependencies/armor_drawer
-- Installing: /home/eee/ros2/src/armor_detect_ros2-main/install/armor_drawer/share/ament_index/resource_index/parent_prefix_path/armor_drawer
-- Installing: /home/eee/ros2/src/armor_detect_ros2-main/install/armor_drawer/share/armor_drawer/environment/ament_prefix_path.sh
-- Installing: /home/eee/ros2/src/armor_detect_ros2-main/install/armor_drawer/share/armor_drawer/environment/ament_prefix_path.dsv
-- Installing: /home/eee/ros2/src/armor_detect_ros2-main/install/armor_drawer/share/armor_drawer/environment/path.sh
-- Installing: /home/eee/ros2/src/armor_detect_ros2-main/install/armor_drawer/share/armor_drawer/environment/path.dsv
-- Installing: /home/eee/ros2/src/armor_detect_ros2-main/install/armor_drawer/share/armor_drawer/local_setup.bash
-- Installing: /home/eee/ros2/src/armor_detect_ros2-main/install/armor_drawer/share/armor_drawer/local_setup.sh
-- Installing: /home/eee/ros2/src/armor_detect_ros2-main/install/armor_drawer/share/armor_drawer/local_setup.zsh
-- Installing: /home/eee/ros2/src/armor_detect_ros2-main/install/armor_drawer/share/armor_drawer/local_setup.dsv
-- Installing: /home/eee/ros2/src/armor_detect_ros2-main/install/armor_drawer/share/armor_drawer/package.dsv
-- Installing: /home/eee/ros2/src/armor_detect_ros2-main/install/armor_drawer/share/ament_index/resource_index/packages/armor_drawer
-- Installing: /home/eee/ros2/src/armor_detect_ros2-main/install/armor_drawer/share/armor_drawer/cmake/armor_drawerConfig.cmake
-- Installing: /home/eee/ros2/src/armor_detect_ros2-main/install/armor_drawer/share/armor_drawer/cmake/armor_drawerConfig-version.cmake
-- Installing: /home/eee/ros2/src/armor_detect_ros2-main/install/armor_drawer/share/armor_drawer/package.xml
