[0.027s] Invoking command in '/home/eee/ros2/src/armor_detect_ros2-main/build/armor_interfaces': CMAKE_PREFIX_PATH=${CMAKE_PREFIX_PATH}:/opt/ros/humble /usr/bin/cmake --build /home/eee/ros2/src/armor_detect_ros2-main/build/armor_interfaces -- -j20 -l20
[0.150s] [  2%] Built target armor_interfaces__cpp
[0.150s] [  5%] Built target armor_interfaces__rs
[0.152s] [ 15%] Built target armor_interfaces__rosidl_generator_c
[0.180s] [ 15%] Built target ament_cmake_python_copy_armor_interfaces
[0.201s] [ 25%] Built target armor_interfaces__rosidl_typesupport_introspection_c
[0.203s] [ 35%] Built target armor_interfaces__rosidl_typesupport_introspection_cpp
[0.204s] [ 45%] Built target armor_interfaces__rosidl_typesupport_cpp
[0.210s] [ 62%] Built target armor_interfaces__rosidl_typesupport_c
[0.210s] [ 65%] Built target armor_interfaces__rosidl_typesupport_fastrtps_cpp
[0.215s] [ 75%] Built target armor_interfaces__rosidl_typesupport_fastrtps_c
[0.265s] [ 75%] Built target armor_interfaces
[0.316s] [ 77%] Built target armor_interfaces__py
[0.372s] [ 85%] Built target armor_interfaces__rosidl_generator_py
[0.428s] [ 90%] Built target armor_interfaces__rosidl_typesupport_fastrtps_c__pyext
[0.429s] [100%] Built target armor_interfaces__rosidl_typesupport_c__pyext
[0.429s] [100%] Built target armor_interfaces__rosidl_typesupport_introspection_c__pyext
[0.755s] running egg_info
[0.757s] writing armor_interfaces.egg-info/PKG-INFO
[0.758s] writing dependency_links to armor_interfaces.egg-info/dependency_links.txt
[0.758s] writing top-level names to armor_interfaces.egg-info/top_level.txt
[0.763s] reading manifest file 'armor_interfaces.egg-info/SOURCES.txt'
[0.765s] writing manifest file 'armor_interfaces.egg-info/SOURCES.txt'
[0.823s] [100%] Built target ament_cmake_python_build_armor_interfaces_egg
[0.852s] Invoked command in '/home/eee/ros2/src/armor_detect_ros2-main/build/armor_interfaces' returned '0': CMAKE_PREFIX_PATH=${CMAKE_PREFIX_PATH}:/opt/ros/humble /usr/bin/cmake --build /home/eee/ros2/src/armor_detect_ros2-main/build/armor_interfaces -- -j20 -l20
[0.882s] Invoking command in '/home/eee/ros2/src/armor_detect_ros2-main/build/armor_interfaces': CMAKE_PREFIX_PATH=${CMAKE_PREFIX_PATH}:/opt/ros/humble /usr/bin/cmake --install /home/eee/ros2/src/armor_detect_ros2-main/build/armor_interfaces
[0.900s] -- Install configuration: ""
[0.901s] -- Up-to-date: /home/eee/ros2/src/armor_detect_ros2-main/install/armor_interfaces/share/ament_index/resource_index/rosidl_interfaces/armor_interfaces
[0.901s] -- Up-to-date: /home/eee/ros2/src/armor_detect_ros2-main/install/armor_interfaces/include/armor_interfaces/armor_interfaces
[0.902s] -- Up-to-date: /home/eee/ros2/src/armor_detect_ros2-main/install/armor_interfaces/include/armor_interfaces/armor_interfaces/msg
[0.902s] -- Up-to-date: /home/eee/ros2/src/armor_detect_ros2-main/install/armor_interfaces/include/armor_interfaces/armor_interfaces/msg/armor_info.h
[0.902s] -- Up-to-date: /home/eee/ros2/src/armor_detect_ros2-main/install/armor_interfaces/include/armor_interfaces/armor_interfaces/msg/detail
[0.903s] -- Up-to-date: /home/eee/ros2/src/armor_detect_ros2-main/install/armor_interfaces/include/armor_interfaces/armor_interfaces/msg/detail/serial_driver__type_support.h
[0.903s] -- Up-to-date: /home/eee/ros2/src/armor_detect_ros2-main/install/armor_interfaces/include/armor_interfaces/armor_interfaces/msg/detail/armor_info__functions.c
[0.903s] -- Up-to-date: /home/eee/ros2/src/armor_detect_ros2-main/install/armor_interfaces/include/armor_interfaces/armor_interfaces/msg/detail/serial_driver__struct.h
[0.904s] -- Up-to-date: /home/eee/ros2/src/armor_detect_ros2-main/install/armor_interfaces/include/armor_interfaces/armor_interfaces/msg/detail/armor_info__struct.h
[0.904s] -- Up-to-date: /home/eee/ros2/src/armor_detect_ros2-main/install/armor_interfaces/include/armor_interfaces/armor_interfaces/msg/detail/armor_info__type_support.h
[0.905s] -- Up-to-date: /home/eee/ros2/src/armor_detect_ros2-main/install/armor_interfaces/include/armor_interfaces/armor_interfaces/msg/detail/serial_driver__functions.h
[0.906s] -- Up-to-date: /home/eee/ros2/src/armor_detect_ros2-main/install/armor_interfaces/include/armor_interfaces/armor_interfaces/msg/detail/armor_info__functions.h
[0.906s] -- Up-to-date: /home/eee/ros2/src/armor_detect_ros2-main/install/armor_interfaces/include/armor_interfaces/armor_interfaces/msg/detail/serial_driver__functions.c
[0.907s] -- Up-to-date: /home/eee/ros2/src/armor_detect_ros2-main/install/armor_interfaces/include/armor_interfaces/armor_interfaces/msg/rosidl_generator_c__visibility_control.h
[0.907s] -- Up-to-date: /home/eee/ros2/src/armor_detect_ros2-main/install/armor_interfaces/include/armor_interfaces/armor_interfaces/msg/serial_driver.h
[0.908s] -- Up-to-date: /home/eee/ros2/src/armor_detect_ros2-main/install/armor_interfaces/share/armor_interfaces/environment/library_path.sh
[0.908s] -- Up-to-date: /home/eee/ros2/src/armor_detect_ros2-main/install/armor_interfaces/share/armor_interfaces/environment/library_path.dsv
[0.909s] -- Up-to-date: /home/eee/ros2/src/armor_detect_ros2-main/install/armor_interfaces/lib/libarmor_interfaces__rosidl_generator_c.so
[0.909s] -- Up-to-date: /home/eee/ros2/src/armor_detect_ros2-main/install/armor_interfaces/include/armor_interfaces/armor_interfaces
[0.909s] -- Up-to-date: /home/eee/ros2/src/armor_detect_ros2-main/install/armor_interfaces/include/armor_interfaces/armor_interfaces/msg
[0.909s] -- Up-to-date: /home/eee/ros2/src/armor_detect_ros2-main/install/armor_interfaces/include/armor_interfaces/armor_interfaces/msg/detail
[0.910s] -- Up-to-date: /home/eee/ros2/src/armor_detect_ros2-main/install/armor_interfaces/include/armor_interfaces/armor_interfaces/msg/detail/serial_driver__rosidl_typesupport_fastrtps_c.h
[0.910s] -- Up-to-date: /home/eee/ros2/src/armor_detect_ros2-main/install/armor_interfaces/include/armor_interfaces/armor_interfaces/msg/detail/armor_info__rosidl_typesupport_fastrtps_c.h
[0.910s] -- Up-to-date: /home/eee/ros2/src/armor_detect_ros2-main/install/armor_interfaces/include/armor_interfaces/armor_interfaces/msg/rosidl_typesupport_fastrtps_c__visibility_control.h
[0.910s] -- Up-to-date: /home/eee/ros2/src/armor_detect_ros2-main/install/armor_interfaces/lib/libarmor_interfaces__rosidl_typesupport_fastrtps_c.so
[0.910s] -- Up-to-date: /home/eee/ros2/src/armor_detect_ros2-main/install/armor_interfaces/include/armor_interfaces/armor_interfaces
[0.911s] -- Up-to-date: /home/eee/ros2/src/armor_detect_ros2-main/install/armor_interfaces/include/armor_interfaces/armor_interfaces/msg
[0.911s] -- Up-to-date: /home/eee/ros2/src/armor_detect_ros2-main/install/armor_interfaces/include/armor_interfaces/armor_interfaces/msg/rosidl_typesupport_introspection_c__visibility_control.h
[0.911s] -- Up-to-date: /home/eee/ros2/src/armor_detect_ros2-main/install/armor_interfaces/include/armor_interfaces/armor_interfaces/msg/detail
[0.911s] -- Up-to-date: /home/eee/ros2/src/armor_detect_ros2-main/install/armor_interfaces/include/armor_interfaces/armor_interfaces/msg/detail/armor_info__type_support.c
[0.912s] -- Up-to-date: /home/eee/ros2/src/armor_detect_ros2-main/install/armor_interfaces/include/armor_interfaces/armor_interfaces/msg/detail/armor_info__rosidl_typesupport_introspection_c.h
[0.912s] -- Up-to-date: /home/eee/ros2/src/armor_detect_ros2-main/install/armor_interfaces/include/armor_interfaces/armor_interfaces/msg/detail/serial_driver__type_support.c
[0.912s] -- Up-to-date: /home/eee/ros2/src/armor_detect_ros2-main/install/armor_interfaces/include/armor_interfaces/armor_interfaces/msg/detail/serial_driver__rosidl_typesupport_introspection_c.h
[0.912s] -- Up-to-date: /home/eee/ros2/src/armor_detect_ros2-main/install/armor_interfaces/lib/libarmor_interfaces__rosidl_typesupport_introspection_c.so
[0.912s] -- Up-to-date: /home/eee/ros2/src/armor_detect_ros2-main/install/armor_interfaces/lib/libarmor_interfaces__rosidl_typesupport_c.so
[0.913s] -- Up-to-date: /home/eee/ros2/src/armor_detect_ros2-main/install/armor_interfaces/include/armor_interfaces/armor_interfaces
[0.913s] -- Up-to-date: /home/eee/ros2/src/armor_detect_ros2-main/install/armor_interfaces/include/armor_interfaces/armor_interfaces/msg
[0.913s] -- Up-to-date: /home/eee/ros2/src/armor_detect_ros2-main/install/armor_interfaces/include/armor_interfaces/armor_interfaces/msg/armor_info.hpp
[0.913s] -- Up-to-date: /home/eee/ros2/src/armor_detect_ros2-main/install/armor_interfaces/include/armor_interfaces/armor_interfaces/msg/detail
[0.914s] -- Up-to-date: /home/eee/ros2/src/armor_detect_ros2-main/install/armor_interfaces/include/armor_interfaces/armor_interfaces/msg/detail/armor_info__type_support.hpp
[0.914s] -- Up-to-date: /home/eee/ros2/src/armor_detect_ros2-main/install/armor_interfaces/include/armor_interfaces/armor_interfaces/msg/detail/armor_info__traits.hpp
[0.914s] -- Up-to-date: /home/eee/ros2/src/armor_detect_ros2-main/install/armor_interfaces/include/armor_interfaces/armor_interfaces/msg/detail/armor_info__struct.hpp
[0.914s] -- Up-to-date: /home/eee/ros2/src/armor_detect_ros2-main/install/armor_interfaces/include/armor_interfaces/armor_interfaces/msg/detail/armor_info__builder.hpp
[0.915s] -- Up-to-date: /home/eee/ros2/src/armor_detect_ros2-main/install/armor_interfaces/include/armor_interfaces/armor_interfaces/msg/detail/serial_driver__traits.hpp
[0.915s] -- Up-to-date: /home/eee/ros2/src/armor_detect_ros2-main/install/armor_interfaces/include/armor_interfaces/armor_interfaces/msg/detail/serial_driver__type_support.hpp
[0.915s] -- Up-to-date: /home/eee/ros2/src/armor_detect_ros2-main/install/armor_interfaces/include/armor_interfaces/armor_interfaces/msg/detail/serial_driver__builder.hpp
[0.915s] -- Up-to-date: /home/eee/ros2/src/armor_detect_ros2-main/install/armor_interfaces/include/armor_interfaces/armor_interfaces/msg/detail/serial_driver__struct.hpp
[0.915s] -- Up-to-date: /home/eee/ros2/src/armor_detect_ros2-main/install/armor_interfaces/include/armor_interfaces/armor_interfaces/msg/serial_driver.hpp
[0.916s] -- Up-to-date: /home/eee/ros2/src/armor_detect_ros2-main/install/armor_interfaces/include/armor_interfaces/armor_interfaces/msg/rosidl_generator_cpp__visibility_control.hpp
[0.916s] -- Up-to-date: /home/eee/ros2/src/armor_detect_ros2-main/install/armor_interfaces/include/armor_interfaces/armor_interfaces
[0.916s] -- Up-to-date: /home/eee/ros2/src/armor_detect_ros2-main/install/armor_interfaces/include/armor_interfaces/armor_interfaces/msg
[0.917s] -- Up-to-date: /home/eee/ros2/src/armor_detect_ros2-main/install/armor_interfaces/include/armor_interfaces/armor_interfaces/msg/detail
[0.917s] -- Up-to-date: /home/eee/ros2/src/armor_detect_ros2-main/install/armor_interfaces/include/armor_interfaces/armor_interfaces/msg/detail/serial_driver__rosidl_typesupport_fastrtps_cpp.hpp
[0.917s] -- Up-to-date: /home/eee/ros2/src/armor_detect_ros2-main/install/armor_interfaces/include/armor_interfaces/armor_interfaces/msg/detail/armor_info__rosidl_typesupport_fastrtps_cpp.hpp
[0.917s] -- Up-to-date: /home/eee/ros2/src/armor_detect_ros2-main/install/armor_interfaces/include/armor_interfaces/armor_interfaces/msg/detail/dds_fastrtps
[0.917s] -- Up-to-date: /home/eee/ros2/src/armor_detect_ros2-main/install/armor_interfaces/include/armor_interfaces/armor_interfaces/msg/rosidl_typesupport_fastrtps_cpp__visibility_control.h
[0.918s] -- Up-to-date: /home/eee/ros2/src/armor_detect_ros2-main/install/armor_interfaces/lib/libarmor_interfaces__rosidl_typesupport_fastrtps_cpp.so
[0.918s] -- Up-to-date: /home/eee/ros2/src/armor_detect_ros2-main/install/armor_interfaces/include/armor_interfaces/armor_interfaces
[0.918s] -- Up-to-date: /home/eee/ros2/src/armor_detect_ros2-main/install/armor_interfaces/include/armor_interfaces/armor_interfaces/msg
[0.918s] -- Up-to-date: /home/eee/ros2/src/armor_detect_ros2-main/install/armor_interfaces/include/armor_interfaces/armor_interfaces/msg/detail
[0.918s] -- Up-to-date: /home/eee/ros2/src/armor_detect_ros2-main/install/armor_interfaces/include/armor_interfaces/armor_interfaces/msg/detail/serial_driver__rosidl_typesupport_introspection_cpp.hpp
[0.919s] -- Up-to-date: /home/eee/ros2/src/armor_detect_ros2-main/install/armor_interfaces/include/armor_interfaces/armor_interfaces/msg/detail/armor_info__rosidl_typesupport_introspection_cpp.hpp
[0.919s] -- Up-to-date: /home/eee/ros2/src/armor_detect_ros2-main/install/armor_interfaces/include/armor_interfaces/armor_interfaces/msg/detail/armor_info__type_support.cpp
[0.919s] -- Up-to-date: /home/eee/ros2/src/armor_detect_ros2-main/install/armor_interfaces/include/armor_interfaces/armor_interfaces/msg/detail/serial_driver__type_support.cpp
[0.919s] -- Up-to-date: /home/eee/ros2/src/armor_detect_ros2-main/install/armor_interfaces/lib/libarmor_interfaces__rosidl_typesupport_introspection_cpp.so
[0.920s] -- Up-to-date: /home/eee/ros2/src/armor_detect_ros2-main/install/armor_interfaces/lib/libarmor_interfaces__rosidl_typesupport_cpp.so
[0.920s] -- Up-to-date: /home/eee/ros2/src/armor_detect_ros2-main/install/armor_interfaces/share/armor_interfaces/environment/pythonpath.sh
[0.920s] -- Up-to-date: /home/eee/ros2/src/armor_detect_ros2-main/install/armor_interfaces/share/armor_interfaces/environment/pythonpath.dsv
[0.920s] -- Up-to-date: /home/eee/ros2/src/armor_detect_ros2-main/install/armor_interfaces/local/lib/python3.10/dist-packages/armor_interfaces-0.0.0-py3.10.egg-info
[0.920s] -- Installing: /home/eee/ros2/src/armor_detect_ros2-main/install/armor_interfaces/local/lib/python3.10/dist-packages/armor_interfaces-0.0.0-py3.10.egg-info/PKG-INFO
[0.920s] -- Installing: /home/eee/ros2/src/armor_detect_ros2-main/install/armor_interfaces/local/lib/python3.10/dist-packages/armor_interfaces-0.0.0-py3.10.egg-info/dependency_links.txt
[0.921s] -- Installing: /home/eee/ros2/src/armor_detect_ros2-main/install/armor_interfaces/local/lib/python3.10/dist-packages/armor_interfaces-0.0.0-py3.10.egg-info/SOURCES.txt
[0.921s] -- Installing: /home/eee/ros2/src/armor_detect_ros2-main/install/armor_interfaces/local/lib/python3.10/dist-packages/armor_interfaces-0.0.0-py3.10.egg-info/top_level.txt
[0.921s] -- Up-to-date: /home/eee/ros2/src/armor_detect_ros2-main/install/armor_interfaces/local/lib/python3.10/dist-packages/armor_interfaces
[0.921s] -- Up-to-date: /home/eee/ros2/src/armor_detect_ros2-main/install/armor_interfaces/local/lib/python3.10/dist-packages/armor_interfaces/msg
[0.921s] -- Up-to-date: /home/eee/ros2/src/armor_detect_ros2-main/install/armor_interfaces/local/lib/python3.10/dist-packages/armor_interfaces/msg/__init__.py
[0.921s] -- Up-to-date: /home/eee/ros2/src/armor_detect_ros2-main/install/armor_interfaces/local/lib/python3.10/dist-packages/armor_interfaces/msg/_armor_info.py
[0.922s] -- Up-to-date: /home/eee/ros2/src/armor_detect_ros2-main/install/armor_interfaces/local/lib/python3.10/dist-packages/armor_interfaces/msg/_serial_driver_s.c
[0.922s] -- Up-to-date: /home/eee/ros2/src/armor_detect_ros2-main/install/armor_interfaces/local/lib/python3.10/dist-packages/armor_interfaces/msg/_serial_driver.py
[0.922s] -- Up-to-date: /home/eee/ros2/src/armor_detect_ros2-main/install/armor_interfaces/local/lib/python3.10/dist-packages/armor_interfaces/msg/_armor_info_s.c
[0.922s] -- Up-to-date: /home/eee/ros2/src/armor_detect_ros2-main/install/armor_interfaces/local/lib/python3.10/dist-packages/armor_interfaces/libarmor_interfaces__rosidl_generator_py.so
[0.922s] -- Up-to-date: /home/eee/ros2/src/armor_detect_ros2-main/install/armor_interfaces/local/lib/python3.10/dist-packages/armor_interfaces/armor_interfaces_s__rosidl_typesupport_fastrtps_c.cpython-310-x86_64-linux-gnu.so
[0.923s] -- Up-to-date: /home/eee/ros2/src/armor_detect_ros2-main/install/armor_interfaces/local/lib/python3.10/dist-packages/armor_interfaces/__init__.py
[0.923s] -- Up-to-date: /home/eee/ros2/src/armor_detect_ros2-main/install/armor_interfaces/local/lib/python3.10/dist-packages/armor_interfaces/_armor_interfaces_s.ep.rosidl_typesupport_introspection_c.c
[0.923s] -- Up-to-date: /home/eee/ros2/src/armor_detect_ros2-main/install/armor_interfaces/local/lib/python3.10/dist-packages/armor_interfaces/_armor_interfaces_s.ep.rosidl_typesupport_c.c
[0.923s] -- Up-to-date: /home/eee/ros2/src/armor_detect_ros2-main/install/armor_interfaces/local/lib/python3.10/dist-packages/armor_interfaces/_armor_interfaces_s.ep.rosidl_typesupport_fastrtps_c.c
[0.923s] -- Up-to-date: /home/eee/ros2/src/armor_detect_ros2-main/install/armor_interfaces/local/lib/python3.10/dist-packages/armor_interfaces/armor_interfaces_s__rosidl_typesupport_introspection_c.cpython-310-x86_64-linux-gnu.so
[0.924s] -- Up-to-date: /home/eee/ros2/src/armor_detect_ros2-main/install/armor_interfaces/local/lib/python3.10/dist-packages/armor_interfaces/armor_interfaces_s__rosidl_typesupport_c.cpython-310-x86_64-linux-gnu.so
[0.996s] Listing '/home/eee/ros2/src/armor_detect_ros2-main/install/armor_interfaces/local/lib/python3.10/dist-packages/armor_interfaces'...
[0.996s] Listing '/home/eee/ros2/src/armor_detect_ros2-main/install/armor_interfaces/local/lib/python3.10/dist-packages/armor_interfaces/msg'...
[1.007s] -- Up-to-date: /home/eee/ros2/src/armor_detect_ros2-main/install/armor_interfaces/local/lib/python3.10/dist-packages/armor_interfaces/armor_interfaces_s__rosidl_typesupport_fastrtps_c.cpython-310-x86_64-linux-gnu.so
[1.008s] -- Up-to-date: /home/eee/ros2/src/armor_detect_ros2-main/install/armor_interfaces/local/lib/python3.10/dist-packages/armor_interfaces/armor_interfaces_s__rosidl_typesupport_introspection_c.cpython-310-x86_64-linux-gnu.so
[1.008s] -- Up-to-date: /home/eee/ros2/src/armor_detect_ros2-main/install/armor_interfaces/local/lib/python3.10/dist-packages/armor_interfaces/armor_interfaces_s__rosidl_typesupport_c.cpython-310-x86_64-linux-gnu.so
[1.009s] -- Up-to-date: /home/eee/ros2/src/armor_detect_ros2-main/install/armor_interfaces/lib/libarmor_interfaces__rosidl_generator_py.so
[1.009s] -- Up-to-date: /home/eee/ros2/src/armor_detect_ros2-main/install/armor_interfaces/share/ament_index/resource_index/rust_packages/armor_interfaces
[1.010s] -- Up-to-date: /home/eee/ros2/src/armor_detect_ros2-main/install/armor_interfaces/share/armor_interfaces/rust
[1.010s] -- Up-to-date: /home/eee/ros2/src/armor_detect_ros2-main/install/armor_interfaces/share/armor_interfaces/rust/build.rs
[1.010s] -- Up-to-date: /home/eee/ros2/src/armor_detect_ros2-main/install/armor_interfaces/share/armor_interfaces/rust/Cargo.toml
[1.010s] -- Up-to-date: /home/eee/ros2/src/armor_detect_ros2-main/install/armor_interfaces/share/armor_interfaces/rust/src
[1.010s] -- Up-to-date: /home/eee/ros2/src/armor_detect_ros2-main/install/armor_interfaces/share/armor_interfaces/rust/src/msg
[1.010s] -- Up-to-date: /home/eee/ros2/src/armor_detect_ros2-main/install/armor_interfaces/share/armor_interfaces/rust/src/msg/rmw.rs
[1.010s] -- Up-to-date: /home/eee/ros2/src/armor_detect_ros2-main/install/armor_interfaces/share/armor_interfaces/rust/src/msg.rs
[1.011s] -- Up-to-date: /home/eee/ros2/src/armor_detect_ros2-main/install/armor_interfaces/share/armor_interfaces/rust/src/lib.rs
[1.011s] -- Up-to-date: /home/eee/ros2/src/armor_detect_ros2-main/install/armor_interfaces/share/armor_interfaces/msg/ArmorInfo.idl
[1.011s] -- Up-to-date: /home/eee/ros2/src/armor_detect_ros2-main/install/armor_interfaces/share/armor_interfaces/msg/SerialDriver.idl
[1.011s] -- Up-to-date: /home/eee/ros2/src/armor_detect_ros2-main/install/armor_interfaces/share/armor_interfaces/msg/ArmorInfo.msg
[1.011s] -- Up-to-date: /home/eee/ros2/src/armor_detect_ros2-main/install/armor_interfaces/share/armor_interfaces/msg/SerialDriver.msg
[1.012s] -- Up-to-date: /home/eee/ros2/src/armor_detect_ros2-main/install/armor_interfaces/share/ament_index/resource_index/package_run_dependencies/armor_interfaces
[1.012s] -- Up-to-date: /home/eee/ros2/src/armor_detect_ros2-main/install/armor_interfaces/share/ament_index/resource_index/parent_prefix_path/armor_interfaces
[1.012s] -- Up-to-date: /home/eee/ros2/src/armor_detect_ros2-main/install/armor_interfaces/share/armor_interfaces/environment/ament_prefix_path.sh
[1.012s] -- Up-to-date: /home/eee/ros2/src/armor_detect_ros2-main/install/armor_interfaces/share/armor_interfaces/environment/ament_prefix_path.dsv
[1.012s] -- Up-to-date: /home/eee/ros2/src/armor_detect_ros2-main/install/armor_interfaces/share/armor_interfaces/environment/path.sh
[1.012s] -- Up-to-date: /home/eee/ros2/src/armor_detect_ros2-main/install/armor_interfaces/share/armor_interfaces/environment/path.dsv
[1.012s] -- Up-to-date: /home/eee/ros2/src/armor_detect_ros2-main/install/armor_interfaces/share/armor_interfaces/local_setup.bash
[1.013s] -- Up-to-date: /home/eee/ros2/src/armor_detect_ros2-main/install/armor_interfaces/share/armor_interfaces/local_setup.sh
[1.013s] -- Up-to-date: /home/eee/ros2/src/armor_detect_ros2-main/install/armor_interfaces/share/armor_interfaces/local_setup.zsh
[1.013s] -- Up-to-date: /home/eee/ros2/src/armor_detect_ros2-main/install/armor_interfaces/share/armor_interfaces/local_setup.dsv
[1.013s] -- Installing: /home/eee/ros2/src/armor_detect_ros2-main/install/armor_interfaces/share/armor_interfaces/package.dsv
[1.013s] -- Up-to-date: /home/eee/ros2/src/armor_detect_ros2-main/install/armor_interfaces/share/ament_index/resource_index/packages/armor_interfaces
[1.013s] -- Up-to-date: /home/eee/ros2/src/armor_detect_ros2-main/install/armor_interfaces/share/armor_interfaces/cmake/export_armor_interfaces__rosidl_generator_cExport.cmake
[1.013s] -- Up-to-date: /home/eee/ros2/src/armor_detect_ros2-main/install/armor_interfaces/share/armor_interfaces/cmake/export_armor_interfaces__rosidl_generator_cExport-noconfig.cmake
[1.014s] -- Up-to-date: /home/eee/ros2/src/armor_detect_ros2-main/install/armor_interfaces/share/armor_interfaces/cmake/export_armor_interfaces__rosidl_typesupport_fastrtps_cExport.cmake
[1.014s] -- Up-to-date: /home/eee/ros2/src/armor_detect_ros2-main/install/armor_interfaces/share/armor_interfaces/cmake/export_armor_interfaces__rosidl_typesupport_fastrtps_cExport-noconfig.cmake
[1.014s] -- Up-to-date: /home/eee/ros2/src/armor_detect_ros2-main/install/armor_interfaces/share/armor_interfaces/cmake/armor_interfaces__rosidl_typesupport_introspection_cExport.cmake
[1.014s] -- Up-to-date: /home/eee/ros2/src/armor_detect_ros2-main/install/armor_interfaces/share/armor_interfaces/cmake/armor_interfaces__rosidl_typesupport_introspection_cExport-noconfig.cmake
[1.014s] -- Up-to-date: /home/eee/ros2/src/armor_detect_ros2-main/install/armor_interfaces/share/armor_interfaces/cmake/armor_interfaces__rosidl_typesupport_cExport.cmake
[1.014s] -- Up-to-date: /home/eee/ros2/src/armor_detect_ros2-main/install/armor_interfaces/share/armor_interfaces/cmake/armor_interfaces__rosidl_typesupport_cExport-noconfig.cmake
[1.015s] -- Up-to-date: /home/eee/ros2/src/armor_detect_ros2-main/install/armor_interfaces/share/armor_interfaces/cmake/export_armor_interfaces__rosidl_generator_cppExport.cmake
[1.015s] -- Up-to-date: /home/eee/ros2/src/armor_detect_ros2-main/install/armor_interfaces/share/armor_interfaces/cmake/export_armor_interfaces__rosidl_typesupport_fastrtps_cppExport.cmake
[1.015s] -- Up-to-date: /home/eee/ros2/src/armor_detect_ros2-main/install/armor_interfaces/share/armor_interfaces/cmake/export_armor_interfaces__rosidl_typesupport_fastrtps_cppExport-noconfig.cmake
[1.015s] -- Up-to-date: /home/eee/ros2/src/armor_detect_ros2-main/install/armor_interfaces/share/armor_interfaces/cmake/armor_interfaces__rosidl_typesupport_introspection_cppExport.cmake
[1.015s] -- Up-to-date: /home/eee/ros2/src/armor_detect_ros2-main/install/armor_interfaces/share/armor_interfaces/cmake/armor_interfaces__rosidl_typesupport_introspection_cppExport-noconfig.cmake
[1.015s] -- Up-to-date: /home/eee/ros2/src/armor_detect_ros2-main/install/armor_interfaces/share/armor_interfaces/cmake/armor_interfaces__rosidl_typesupport_cppExport.cmake
[1.015s] -- Up-to-date: /home/eee/ros2/src/armor_detect_ros2-main/install/armor_interfaces/share/armor_interfaces/cmake/armor_interfaces__rosidl_typesupport_cppExport-noconfig.cmake
[1.015s] -- Up-to-date: /home/eee/ros2/src/armor_detect_ros2-main/install/armor_interfaces/share/armor_interfaces/cmake/export_armor_interfaces__rosidl_generator_pyExport.cmake
[1.015s] -- Up-to-date: /home/eee/ros2/src/armor_detect_ros2-main/install/armor_interfaces/share/armor_interfaces/cmake/export_armor_interfaces__rosidl_generator_pyExport-noconfig.cmake
[1.016s] -- Up-to-date: /home/eee/ros2/src/armor_detect_ros2-main/install/armor_interfaces/share/armor_interfaces/cmake/rosidl_cmake-extras.cmake
[1.016s] -- Up-to-date: /home/eee/ros2/src/armor_detect_ros2-main/install/armor_interfaces/share/armor_interfaces/cmake/ament_cmake_export_include_directories-extras.cmake
[1.016s] -- Up-to-date: /home/eee/ros2/src/armor_detect_ros2-main/install/armor_interfaces/share/armor_interfaces/cmake/ament_cmake_export_libraries-extras.cmake
[1.016s] -- Up-to-date: /home/eee/ros2/src/armor_detect_ros2-main/install/armor_interfaces/share/armor_interfaces/cmake/ament_cmake_export_targets-extras.cmake
[1.016s] -- Up-to-date: /home/eee/ros2/src/armor_detect_ros2-main/install/armor_interfaces/share/armor_interfaces/cmake/rosidl_cmake_export_typesupport_targets-extras.cmake
[1.016s] -- Up-to-date: /home/eee/ros2/src/armor_detect_ros2-main/install/armor_interfaces/share/armor_interfaces/cmake/ament_cmake_export_dependencies-extras.cmake
[1.016s] -- Up-to-date: /home/eee/ros2/src/armor_detect_ros2-main/install/armor_interfaces/share/armor_interfaces/cmake/rosidl_cmake_export_typesupport_libraries-extras.cmake
[1.016s] -- Up-to-date: /home/eee/ros2/src/armor_detect_ros2-main/install/armor_interfaces/share/armor_interfaces/cmake/armor_interfacesConfig.cmake
[1.016s] -- Up-to-date: /home/eee/ros2/src/armor_detect_ros2-main/install/armor_interfaces/share/armor_interfaces/cmake/armor_interfacesConfig-version.cmake
[1.017s] -- Up-to-date: /home/eee/ros2/src/armor_detect_ros2-main/install/armor_interfaces/share/armor_interfaces/package.xml
[1.019s] Invoked command in '/home/eee/ros2/src/armor_detect_ros2-main/build/armor_interfaces' returned '0': CMAKE_PREFIX_PATH=${CMAKE_PREFIX_PATH}:/opt/ros/humble /usr/bin/cmake --install /home/eee/ros2/src/armor_detect_ros2-main/build/armor_interfaces
