-- Found ament_cmake_auto: 1.3.14 (/opt/ros/humble/share/ament_cmake_auto/cmake)
-- Found libstatistics_collector: 1.3.4 (/opt/ros/humble/share/libstatistics_collector/cmake)
-- Found rosidl_generator_c: 3.1.8 (/opt/ros/humble/share/rosidl_generator_c/cmake)
-- Found rosidl_adapter: 3.1.8 (/opt/ros/humble/share/rosidl_adapter/cmake)
-- Found rosidl_generator_cpp: 3.1.8 (/opt/ros/humble/share/rosidl_generator_cpp/cmake)
-- Using all available rosidl_typesupport_c: rosidl_typesupport_fastrtps_c;rosidl_typesupport_introspection_c
-- Using all available rosidl_typesupport_cpp: rosidl_typesupport_fastrtps_cpp;rosidl_typesupport_introspection_cpp
-- Found rmw_implementation_cmake: 6.1.2 (/opt/ros/humble/share/rmw_implementation_cmake/cmake)
-- Found rmw_fastrtps_cpp: 6.2.10 (/opt/ros/humble/share/rmw_fastrtps_cpp/cmake)
-- Using RMW implementation 'rmw_fastrtps_cpp' as default
-- Found asio_cmake_module: 1.2.0 (/opt/ros/humble/share/asio_cmake_module/cmake)
-- Found eigen3_cmake_module: 0.1.1 (/opt/ros/humble/share/eigen3_cmake_module/cmake)
-- Ensuring Eigen3 include directory is part of orocos-kdl CMake target
-- Found ament_lint_auto: 0.12.15 (/opt/ros/humble/share/ament_lint_auto/cmake)
[0mIn this package, headers install destination is set to `include` by ament_auto_package. It is recommended to install `include/rm_serial_driver` instead and will be the default behavior of ament_auto_package from ROS 2 Kilted Kaiju. On distributions before Kilted, ament_auto_package behaves the same way when you use USE_SCOPED_HEADER_INSTALL_DIR option.[0m
-- Added test 'cppcheck' to perform static code analysis on C / C++ code
-- Configured cppcheck include dirs: /home/eee/ros2/src/armor_detect_ros2-main/src/serial_driver/include
-- Configured cppcheck exclude dirs and/or files: 
-- Added test 'cpplint' to check C / C++ code against the Google style
-- Configured cpplint exclude dirs and/or files: 
-- Added test 'flake8' to check Python code syntax and style conventions
-- Added test 'lint_cmake' to check CMake code style
-- Added test 'pep257' to check Python code against some of the docstring style conventions in PEP 257
-- Added test 'xmllint' to check XML markup files
-- Configuring done
-- Generating done
-- Build files have been written to: /home/eee/ros2/src/armor_detect_ros2-main/build/rm_serial_driver
[35m[1mConsolidate compiler generated dependencies of target rm_serial_driver_node[0m
[35m[1mConsolidate compiler generated dependencies of target rm_serial_driver[0m
[ 22%] Built target rm_serial_driver_node
[ 33%] [32mBuilding CXX object CMakeFiles/rm_serial_driver.dir/src/rm_serial_driver.cpp.o[0m
[ 44%] [32m[1mLinking CXX shared library librm_serial_driver.so[0m
[ 55%] Built target rm_serial_driver
[35m[1mConsolidate compiler generated dependencies of target my_rm_serial_node[0m
[ 66%] [32mBuilding CXX object CMakeFiles/my_rm_serial_node.dir/src/rm_serial_driver.cpp.o[0m
[ 77%] [32mBuilding CXX object CMakeFiles/my_rm_serial_node.dir/src/main.cpp.o[0m
In file included from [01m[K/usr/include/x86_64-linux-gnu/c++/11/bits/c++allocator.h:33[m[K,
                 from [01m[K/usr/include/c++/11/bits/allocator.h:46[m[K,
                 from [01m[K/usr/include/c++/11/unordered_map:40[m[K,
                 from [01m[K/usr/include/c++/11/functional:61[m[K,
                 from [01m[K/opt/ros/humble/include/rclcpp/rclcpp/publisher.hpp:18[m[K,
                 from [01m[K/home/eee/ros2/src/armor_detect_ros2-main/src/serial_driver/include/rm_serial_driver/rm_serial_driver.hpp:10[m[K,
                 from [01m[K/home/eee/ros2/src/armor_detect_ros2-main/src/serial_driver/src/main.cpp:1[m[K:
/usr/include/c++/11/ext/new_allocator.h: In instantiation of ‘[01m[Kvoid __gnu_cxx::new_allocator<_Tp>::construct(_Up*, _Args&& ...) [with _Up = rm_serial_driver::RMSerialDriver; _Args = {}; _Tp = rm_serial_driver::RMSerialDriver][m[K’:
[01m[K/usr/include/c++/11/bits/alloc_traits.h:516:17:[m[K   required from ‘[01m[Kstatic void std::allocator_traits<std::allocator<_Tp1> >::construct(std::allocator_traits<std::allocator<_Tp1> >::allocator_type&, _Up*, _Args&& ...) [with _Up = rm_serial_driver::RMSerialDriver; _Args = {}; _Tp = rm_serial_driver::RMSerialDriver; std::allocator_traits<std::allocator<_Tp1> >::allocator_type = std::allocator<rm_serial_driver::RMSerialDriver>][m[K’
[01m[K/usr/include/c++/11/bits/shared_ptr_base.h:519:39:[m[K   required from ‘[01m[Kstd::_Sp_counted_ptr_inplace<_Tp, _Alloc, _Lp>::_Sp_counted_ptr_inplace(_Alloc, _Args&& ...) [with _Args = {}; _Tp = rm_serial_driver::RMSerialDriver; _Alloc = std::allocator<rm_serial_driver::RMSerialDriver>; __gnu_cxx::_Lock_policy _Lp = __gnu_cxx::_S_atomic][m[K’
[01m[K/usr/include/c++/11/bits/shared_ptr_base.h:650:16:[m[K   required from ‘[01m[Kstd::__shared_count<_Lp>::__shared_count(_Tp*&, std::_Sp_alloc_shared_tag<_Alloc>, _Args&& ...) [with _Tp = rm_serial_driver::RMSerialDriver; _Alloc = std::allocator<rm_serial_driver::RMSerialDriver>; _Args = {}; __gnu_cxx::_Lock_policy _Lp = __gnu_cxx::_S_atomic][m[K’
[01m[K/usr/include/c++/11/bits/shared_ptr_base.h:1342:14:[m[K   required from ‘[01m[Kstd::__shared_ptr<_Tp, _Lp>::__shared_ptr(std::_Sp_alloc_shared_tag<_Tp>, _Args&& ...) [with _Alloc = std::allocator<rm_serial_driver::RMSerialDriver>; _Args = {}; _Tp = rm_serial_driver::RMSerialDriver; __gnu_cxx::_Lock_policy _Lp = __gnu_cxx::_S_atomic][m[K’
[01m[K/usr/include/c++/11/bits/shared_ptr.h:409:59:[m[K   required from ‘[01m[Kstd::shared_ptr<_Tp>::shared_ptr(std::_Sp_alloc_shared_tag<_Tp>, _Args&& ...) [with _Alloc = std::allocator<rm_serial_driver::RMSerialDriver>; _Args = {}; _Tp = rm_serial_driver::RMSerialDriver][m[K’
[01m[K/usr/include/c++/11/bits/shared_ptr.h:862:14:[m[K   required from ‘[01m[Kstd::shared_ptr<_Tp> std::allocate_shared(const _Alloc&, _Args&& ...) [with _Tp = rm_serial_driver::RMSerialDriver; _Alloc = std::allocator<rm_serial_driver::RMSerialDriver>; _Args = {}][m[K’
[01m[K/usr/include/c++/11/bits/shared_ptr.h:878:39:[m[K   required from ‘[01m[Kstd::shared_ptr<_Tp> std::make_shared(_Args&& ...) [with _Tp = rm_serial_driver::RMSerialDriver; _Args = {}][m[K’
[01m[K/home/eee/ros2/src/armor_detect_ros2-main/src/serial_driver/src/main.cpp:9:65:[m[K   required from here
[01m[K/usr/include/c++/11/ext/new_allocator.h:162:11:[m[K [01;31m[Kerror: [m[Kno matching function for call to ‘[01m[Krm_serial_driver::RMSerialDriver::RMSerialDriver()[m[K’
  162 |         { [01;31m[K::new((void *)__p) _Up(std::forward<_Args>(__args)...)[m[K; }
      |           [01;31m[K^~~~~~~~~~~~~~~~~~~~~~~~~~~~~~~~~~~~~~~~~~~~~~~~~~~~~~[m[K
In file included from [01m[K/home/eee/ros2/src/armor_detect_ros2-main/src/serial_driver/src/main.cpp:1[m[K:
[01m[K/home/eee/ros2/src/armor_detect_ros2-main/src/serial_driver/include/rm_serial_driver/rm_serial_driver.hpp:33:12:[m[K [01;36m[Knote: [m[Kcandidate: ‘[01m[Krm_serial_driver::RMSerialDriver::RMSerialDriver(const rclcpp::NodeOptions&)[m[K’
   33 |   explicit [01;36m[KRMSerialDriver[m[K(const rclcpp::NodeOptions & options);
      |            [01;36m[K^~~~~~~~~~~~~~[m[K
[01m[K/home/eee/ros2/src/armor_detect_ros2-main/src/serial_driver/include/rm_serial_driver/rm_serial_driver.hpp:33:12:[m[K [01;36m[Knote: [m[K  candidate expects 1 argument, 0 provided
gmake[2]: *** [CMakeFiles/my_rm_serial_node.dir/build.make:104：CMakeFiles/my_rm_serial_node.dir/src/main.cpp.o] 错误 1
gmake[2]: *** 正在等待未完成的任务....
gmake[1]: *** [CMakeFiles/Makefile2:193：CMakeFiles/my_rm_serial_node.dir/all] 错误 2
gmake: *** [Makefile:146：all] 错误 2
