[0.008s] Invoking command in '/home/eee/ros2/src/armor_detect_ros2-main/build/armor_tracker_node': AMENT_PREFIX_PATH=/home/eee/ros2/src/armor_detect_ros2-main/install/armor_interfaces:${AMENT_PREFIX_PATH} CMAKE_PREFIX_PATH=/home/eee/ros2/src/armor_detect_ros2-main/install/armor_interfaces:/opt/ros/humble LD_LIBRARY_PATH=/home/eee/ros2/src/armor_detect_ros2-main/install/armor_interfaces/lib:${LD_LIBRARY_PATH} PYTHONPATH=/home/eee/ros2/src/armor_detect_ros2-main/install/armor_interfaces/local/lib/python3.10/dist-packages:${PYTHONPATH} /usr/bin/cmake --build /home/eee/ros2/src/armor_detect_ros2-main/build/armor_tracker_node -- -j20 -l20
[0.053s] Consolidate compiler generated dependencies of target armor_tracker_node
[0.068s] [  8%] Building CXX object CMakeFiles/armor_tracker_node.dir/src/ArmorTracker.cpp.o
[2.790s] In file included from /home/eee/ros2/src/armor_detect_ros2-main/src/armor_tracker/include/ArmorTracker.hpp:31,
[2.790s]                  from /home/eee/ros2/src/armor_detect_ros2-main/src/armor_tracker/src/ArmorTracker.cpp:518:
[2.790s] /opt/ros/humble/include/image_transport/image_transport/image_transport.h:32:89: note: ‘#pragma message: Warning: This header is deprecated. Use 'image_transport.hpp' instead’
[2.790s]    32 | #pragma message ("Warning: This header is deprecated. Use 'image_transport.hpp' instead")
[2.790s]       |                                                                                         ^
[2.989s] /home/eee/ros2/src/armor_detect_ros2-main/src/armor_tracker/src/ArmorTracker.cpp: In member function ‘void ArmorTracker::run()’:
[2.989s] /home/eee/ros2/src/armor_detect_ros2-main/src/armor_tracker/src/ArmorTracker.cpp:661:27: warning: comparison of integer expressions of different signedness: ‘int’ and ‘std::vector<std::vector<cv::Point_<int> > >::size_type’ {aka ‘long unsigned int’} [-Wsign-compare]
[2.989s]   661 |         for (int i = 0; i < contours.size(); i++)
[2.989s]       |                         ~~^~~~~~~~~~~~~~~~~
[2.990s] /home/eee/ros2/src/armor_detect_ros2-main/src/armor_tracker/src/ArmorTracker.cpp:695:27: warning: comparison of integer expressions of different signedness: ‘int’ and ‘std::vector<LightBar>::size_type’ {aka ‘long unsigned int’} [-Wsign-compare]
[2.990s]   695 |         for (int i = 0; i < this->LightBarVector.size(); i++)
[2.990s]       |                         ~~^~~~~~~~~~~~~~~~~~~~~~~~~~~~~
[2.991s] /home/eee/ros2/src/armor_detect_ros2-main/src/armor_tracker/src/ArmorTracker.cpp:697:35: warning: comparison of integer expressions of different signedness: ‘int’ and ‘std::vector<LightBar>::size_type’ {aka ‘long unsigned int’} [-Wsign-compare]
[2.991s]   697 |             for (int j = i + 1; j < this->LightBarVector.size(); j++)
[2.991s]       |                                 ~~^~~~~~~~~~~~~~~~~~~~~~~~~~~~~
[2.994s] /home/eee/ros2/src/armor_detect_ros2-main/src/armor_tracker/src/ArmorTracker.cpp:640:16: warning: unused variable ‘delta_time’ [-Wunused-variable]
[2.994s]   640 |         double delta_time = 1.0 / fps;
[2.994s]       |                ^~~~~~~~~~
[2.994s] /home/eee/ros2/src/armor_detect_ros2-main/src/armor_tracker/src/ArmorTracker.cpp:606:9: warning: unused variable ‘frame_width’ [-Wunused-variable]
[2.994s]   606 |     int frame_width = 0, frame_height = 0;
[2.994s]       |         ^~~~~~~~~~~
[2.994s] /home/eee/ros2/src/armor_detect_ros2-main/src/armor_tracker/src/ArmorTracker.cpp:606:26: warning: unused variable ‘frame_height’ [-Wunused-variable]
[2.994s]   606 |     int frame_width = 0, frame_height = 0;
[2.994s]       |                          ^~~~~~~~~~~~
[2.994s] /home/eee/ros2/src/armor_detect_ros2-main/src/armor_tracker/src/ArmorTracker.cpp:607:23: warning: unused variable ‘current_time_ms’ [-Wunused-variable]
[2.994s]   607 |     double fps = 0.0, current_time_ms = 0.0;
[2.994s]       |                       ^~~~~~~~~~~~~~~
[3.001s] /home/eee/ros2/src/armor_detect_ros2-main/src/armor_tracker/src/ArmorTracker.cpp: In member function ‘void ArmorTracker::cameraCallback(const ConstSharedPtr&, const ConstSharedPtr&)’:
[3.001s] /home/eee/ros2/src/armor_detect_ros2-main/src/armor_tracker/src/ArmorTracker.cpp:1027:88: warning: unused parameter ‘camera_info’ [-Wunused-parameter]
[3.002s]  1027 |                                    const sensor_msgs::msg::CameraInfo::ConstSharedPtr& camera_info)
[3.002s]       |                                    ~~~~~~~~~~~~~~~~~~~~~~~~~~~~~~~~~~~~~~~~~~~~~~~~~~~~^~~~~~~~~~~
[13.098s] In file included from /home/eee/ros2/src/armor_detect_ros2-main/src/armor_tracker/include/ArmorTracker.hpp:40,
[13.098s]                  from /home/eee/ros2/src/armor_detect_ros2-main/src/armor_tracker/src/ArmorTracker.cpp:518:
[13.098s] /home/eee/ros2/src/armor_detect_ros2-main/src/armor_tracker/include/LightBarProcessor.h: In member function ‘void ArmorTracker::run()’:
[13.098s] /home/eee/ros2/src/armor_detect_ros2-main/src/armor_tracker/include/LightBarProcessor.h:14:8: warning: ‘light.LightBar::color’ may be used uninitialized [-Wmaybe-uninitialized]
[13.098s]    14 | struct LightBar
[13.098s]       |        ^~~~~~~~
[13.098s] /home/eee/ros2/src/armor_detect_ros2-main/src/armor_tracker/src/ArmorTracker.cpp:686:22: note: ‘light.LightBar::color’ was declared here
[13.098s]   686 |             LightBar light;
[13.098s]       |                      ^~~~~
[13.099s] /home/eee/ros2/src/armor_detect_ros2-main/src/armor_tracker/src/ArmorTracker.cpp:885:33: warning: ‘pitch’ may be used uninitialized in this function [-Wmaybe-uninitialized]
[13.099s]   885 |         publish_to_serial_driver(yaw, pitch, armorPoints);
[13.099s]       |         ~~~~~~~~~~~~~~~~~~~~~~~~^~~~~~~~~~~~~~~~~~~~~~~~~
[14.090s] [ 16%] Linking CXX executable armor_tracker_node
[14.542s] [100%] Built target armor_tracker_node
[14.552s] Invoked command in '/home/eee/ros2/src/armor_detect_ros2-main/build/armor_tracker_node' returned '0': AMENT_PREFIX_PATH=/home/eee/ros2/src/armor_detect_ros2-main/install/armor_interfaces:${AMENT_PREFIX_PATH} CMAKE_PREFIX_PATH=/home/eee/ros2/src/armor_detect_ros2-main/install/armor_interfaces:/opt/ros/humble LD_LIBRARY_PATH=/home/eee/ros2/src/armor_detect_ros2-main/install/armor_interfaces/lib:${LD_LIBRARY_PATH} PYTHONPATH=/home/eee/ros2/src/armor_detect_ros2-main/install/armor_interfaces/local/lib/python3.10/dist-packages:${PYTHONPATH} /usr/bin/cmake --build /home/eee/ros2/src/armor_detect_ros2-main/build/armor_tracker_node -- -j20 -l20
[14.558s] Invoking command in '/home/eee/ros2/src/armor_detect_ros2-main/build/armor_tracker_node': AMENT_PREFIX_PATH=/home/eee/ros2/src/armor_detect_ros2-main/install/armor_interfaces:${AMENT_PREFIX_PATH} CMAKE_PREFIX_PATH=/home/eee/ros2/src/armor_detect_ros2-main/install/armor_interfaces:/opt/ros/humble LD_LIBRARY_PATH=/home/eee/ros2/src/armor_detect_ros2-main/install/armor_interfaces/lib:${LD_LIBRARY_PATH} PYTHONPATH=/home/eee/ros2/src/armor_detect_ros2-main/install/armor_interfaces/local/lib/python3.10/dist-packages:${PYTHONPATH} /usr/bin/cmake --install /home/eee/ros2/src/armor_detect_ros2-main/build/armor_tracker_node
[14.564s] -- Install configuration: "Release"
[14.564s] -- Execute custom install script
[14.565s] -- Up-to-date symlink: /home/eee/ros2/src/armor_detect_ros2-main/install/armor_tracker_node/lib/armor_tracker_node/armor_tracker_node
[14.565s] -- Up-to-date symlink: /home/eee/ros2/src/armor_detect_ros2-main/install/armor_tracker_node/share/armor_tracker_node/launch/1.launch.py
[14.565s] -- Up-to-date symlink: /home/eee/ros2/src/armor_detect_ros2-main/install/armor_tracker_node/share/ament_index/resource_index/package_run_dependencies/armor_tracker_node
[14.565s] -- Up-to-date symlink: /home/eee/ros2/src/armor_detect_ros2-main/install/armor_tracker_node/share/ament_index/resource_index/parent_prefix_path/armor_tracker_node
[14.565s] -- Up-to-date symlink: /home/eee/ros2/src/armor_detect_ros2-main/install/armor_tracker_node/share/armor_tracker_node/environment/ament_prefix_path.sh
[14.565s] -- Up-to-date symlink: /home/eee/ros2/src/armor_detect_ros2-main/install/armor_tracker_node/share/armor_tracker_node/environment/ament_prefix_path.dsv
[14.565s] -- Up-to-date symlink: /home/eee/ros2/src/armor_detect_ros2-main/install/armor_tracker_node/share/armor_tracker_node/environment/path.sh
[14.565s] -- Up-to-date symlink: /home/eee/ros2/src/armor_detect_ros2-main/install/armor_tracker_node/share/armor_tracker_node/environment/path.dsv
[14.565s] -- Up-to-date symlink: /home/eee/ros2/src/armor_detect_ros2-main/install/armor_tracker_node/share/armor_tracker_node/local_setup.bash
[14.565s] -- Up-to-date symlink: /home/eee/ros2/src/armor_detect_ros2-main/install/armor_tracker_node/share/armor_tracker_node/local_setup.sh
[14.566s] -- Up-to-date symlink: /home/eee/ros2/src/armor_detect_ros2-main/install/armor_tracker_node/share/armor_tracker_node/local_setup.zsh
[14.566s] -- Up-to-date symlink: /home/eee/ros2/src/armor_detect_ros2-main/install/armor_tracker_node/share/armor_tracker_node/local_setup.dsv
[14.566s] -- Symlinking: /home/eee/ros2/src/armor_detect_ros2-main/install/armor_tracker_node/share/armor_tracker_node/package.dsv
[14.573s] -- Up-to-date symlink: /home/eee/ros2/src/armor_detect_ros2-main/install/armor_tracker_node/share/ament_index/resource_index/packages/armor_tracker_node
[14.574s] -- Up-to-date symlink: /home/eee/ros2/src/armor_detect_ros2-main/install/armor_tracker_node/share/armor_tracker_node/cmake/armor_tracker_nodeConfig.cmake
[14.574s] -- Up-to-date symlink: /home/eee/ros2/src/armor_detect_ros2-main/install/armor_tracker_node/share/armor_tracker_node/cmake/armor_tracker_nodeConfig-version.cmake
[14.574s] -- Up-to-date symlink: /home/eee/ros2/src/armor_detect_ros2-main/install/armor_tracker_node/share/armor_tracker_node/package.xml
[14.575s] Invoked command in '/home/eee/ros2/src/armor_detect_ros2-main/build/armor_tracker_node' returned '0': AMENT_PREFIX_PATH=/home/eee/ros2/src/armor_detect_ros2-main/install/armor_interfaces:${AMENT_PREFIX_PATH} CMAKE_PREFIX_PATH=/home/eee/ros2/src/armor_detect_ros2-main/install/armor_interfaces:/opt/ros/humble LD_LIBRARY_PATH=/home/eee/ros2/src/armor_detect_ros2-main/install/armor_interfaces/lib:${LD_LIBRARY_PATH} PYTHONPATH=/home/eee/ros2/src/armor_detect_ros2-main/install/armor_interfaces/local/lib/python3.10/dist-packages:${PYTHONPATH} /usr/bin/cmake --install /home/eee/ros2/src/armor_detect_ros2-main/build/armor_tracker_node
