[0.008s] Invoking command in '/home/eee/ros2/src/armor_detect_ros2-main/build/armor_interfaces': CMAKE_PREFIX_PATH=${CMAKE_PREFIX_PATH}:/opt/ros/humble /usr/bin/cmake /home/eee/ros2/src/armor_detect_ros2-main/src/armor_interfaces -DCMAKE_INSTALL_PREFIX=/home/eee/ros2/src/armor_detect_ros2-main/install/armor_interfaces
[0.090s] -- The C compiler identification is GNU 11.4.0
[0.140s] -- The CXX compiler identification is GNU 11.4.0
[0.147s] -- Detecting C compiler ABI info
[0.214s] -- Detecting C compiler ABI info - done
[0.219s] -- Check for working C compiler: /usr/bin/cc - skipped
[0.220s] -- Detecting C compile features
[0.221s] -- Detecting C compile features - done
[0.223s] -- Detecting CXX compiler ABI info
[0.300s] -- Detecting CXX compiler ABI info - done
[0.305s] -- Check for working CXX compiler: /usr/bin/c++ - skipped
[0.305s] -- Detecting CXX compile features
[0.306s] -- Detecting CXX compile features - done
[0.311s] -- Found ament_cmake: 1.3.14 (/opt/ros/humble/share/ament_cmake/cmake)
[0.417s] -- Found Python3: /usr/bin/python3 (found version "3.10.12") found components: Interpreter 
[0.483s] -- Found std_msgs: 4.9.1 (/opt/ros/humble/share/std_msgs/cmake)
[0.515s] -- Found rosidl_generator_c: 3.1.8 (/opt/ros/humble/share/rosidl_generator_c/cmake)
[0.519s] -- Found rosidl_adapter: 3.1.8 (/opt/ros/humble/share/rosidl_adapter/cmake)
[0.526s] -- Found rosidl_generator_cpp: 3.1.8 (/opt/ros/humble/share/rosidl_generator_cpp/cmake)
[0.536s] -- Using all available rosidl_typesupport_c: rosidl_typesupport_fastrtps_c;rosidl_typesupport_introspection_c
[0.547s] -- Using all available rosidl_typesupport_cpp: rosidl_typesupport_fastrtps_cpp;rosidl_typesupport_introspection_cpp
[0.567s] -- Found rosidl_default_generators: 1.2.1 (/opt/ros/humble/share/rosidl_default_generators/cmake)
[0.778s] -- Found ament_cmake_ros: 0.10.0 (/opt/ros/humble/share/ament_cmake_ros/cmake)
[1.042s] -- Using all available rosidl_typesupport_c: rosidl_typesupport_fastrtps_c;rosidl_typesupport_introspection_c
[1.142s] -- Using all available rosidl_typesupport_cpp: rosidl_typesupport_fastrtps_cpp;rosidl_typesupport_introspection_cpp
[1.159s] -- Found PythonInterp: /usr/bin/python3 (found suitable version "3.10.12", minimum required is "3.6") 
[1.168s] -- Found python_cmake_module: 0.10.0 (/opt/ros/humble/share/python_cmake_module/cmake)
[1.193s] -- Found PythonLibs: /usr/lib/x86_64-linux-gnu/libpython3.10.so (found suitable version "3.10.12", minimum required is "3.5") 
[1.193s] -- Using PYTHON_EXECUTABLE: /usr/bin/python3
[1.193s] -- Using PYTHON_INCLUDE_DIRS: /usr/include/python3.10
[1.193s] -- Using PYTHON_LIBRARIES: /usr/lib/x86_64-linux-gnu/libpython3.10.so
[1.215s] -- Found PythonExtra: .so  
[1.302s] -- Found ament_lint_auto: 0.12.15 (/opt/ros/humble/share/ament_lint_auto/cmake)
[1.307s] -- Configuring done
[1.329s] -- Generating done
[1.337s] -- Build files have been written to: /home/eee/ros2/src/armor_detect_ros2-main/build/armor_interfaces
[1.342s] Invoked command in '/home/eee/ros2/src/armor_detect_ros2-main/build/armor_interfaces' returned '0': CMAKE_PREFIX_PATH=${CMAKE_PREFIX_PATH}:/opt/ros/humble /usr/bin/cmake /home/eee/ros2/src/armor_detect_ros2-main/src/armor_interfaces -DCMAKE_INSTALL_PREFIX=/home/eee/ros2/src/armor_detect_ros2-main/install/armor_interfaces
[1.342s] Invoking command in '/home/eee/ros2/src/armor_detect_ros2-main/build/armor_interfaces': CMAKE_PREFIX_PATH=${CMAKE_PREFIX_PATH}:/opt/ros/humble /usr/bin/cmake --build /home/eee/ros2/src/armor_detect_ros2-main/build/armor_interfaces -- -j20 -l20
[1.377s] [  1%] [34m[1mGenerating C code for ROS interfaces[0m
[1.389s] [  3%] [34m[1mGenerating C++ code for ROS interfaces[0m
[1.393s] [  5%] [34m[1mGenerating Rust code for ROS interfaces[0m
[1.398s] [  5%] Built target ament_cmake_python_copy_armor_interfaces
[1.588s] running egg_info
[1.589s] creating armor_interfaces.egg-info
[1.589s] writing armor_interfaces.egg-info/PKG-INFO
[1.590s] writing dependency_links to armor_interfaces.egg-info/dependency_links.txt
[1.590s] writing top-level names to armor_interfaces.egg-info/top_level.txt
[1.591s] writing manifest file 'armor_interfaces.egg-info/SOURCES.txt'
[1.594s] reading manifest file 'armor_interfaces.egg-info/SOURCES.txt'
[1.594s] writing manifest file 'armor_interfaces.egg-info/SOURCES.txt'
[1.632s] [  5%] Built target ament_cmake_python_build_armor_interfaces_egg
[1.658s] [  5%] Built target armor_interfaces__rs
[1.744s] [  5%] Built target armor_interfaces__cpp
[1.755s] [  7%] [34m[1mGenerating C++ type support for eProsima Fast-RTPS[0m
[1.755s] [  8%] [34m[1mGenerating C++ type support dispatch for ROS interfaces[0m
[1.756s] [ 10%] [32mBuilding C object CMakeFiles/armor_interfaces__rosidl_generator_c.dir/rosidl_generator_c/armor_interfaces/msg/detail/armor_info__functions.c.o[0m
[1.756s] [ 12%] [32mBuilding C object CMakeFiles/armor_interfaces__rosidl_generator_c.dir/rosidl_generator_c/armor_interfaces/msg/detail/serial_driver__functions.c.o[0m
[1.757s] [ 14%] [32mBuilding C object CMakeFiles/armor_interfaces__rosidl_generator_c.dir/rosidl_generator_c/armor_interfaces/msg/detail/serial_receive_data__functions.c.o[0m
[1.757s] [ 16%] [32mBuilding C object CMakeFiles/armor_interfaces__rosidl_generator_c.dir/rosidl_generator_c/armor_interfaces/msg/detail/joint_state__functions.c.o[0m
[1.758s] [ 17%] [34m[1mGenerating C++ introspection for ROS interfaces[0m
[1.804s] [ 19%] [32m[1mLinking C shared library libarmor_interfaces__rosidl_generator_c.so[0m
[1.840s] [ 19%] Built target armor_interfaces__rosidl_generator_c
[1.851s] [ 23%] [34m[1mGenerating C type support for eProsima Fast-RTPS[0m
[1.851s] [ 23%] [34m[1mGenerating C type support dispatch for ROS interfaces[0m
[1.851s] [ 25%] [34m[1mGenerating C introspection for ROS interfaces[0m
[2.044s] [ 26%] [32mBuilding CXX object CMakeFiles/armor_interfaces__rosidl_typesupport_cpp.dir/rosidl_typesupport_cpp/armor_interfaces/msg/armor_info__type_support.cpp.o[0m
[2.047s] [ 28%] [32mBuilding CXX object CMakeFiles/armor_interfaces__rosidl_typesupport_cpp.dir/rosidl_typesupport_cpp/armor_interfaces/msg/serial_driver__type_support.cpp.o[0m
[2.047s] [ 32%] [32mBuilding CXX object CMakeFiles/armor_interfaces__rosidl_typesupport_cpp.dir/rosidl_typesupport_cpp/armor_interfaces/msg/serial_receive_data__type_support.cpp.o[0m
[2.047s] [ 32%] [32mBuilding CXX object CMakeFiles/armor_interfaces__rosidl_typesupport_cpp.dir/rosidl_typesupport_cpp/armor_interfaces/msg/joint_state__type_support.cpp.o[0m
[2.091s] [ 33%] [32mBuilding CXX object CMakeFiles/armor_interfaces__rosidl_typesupport_introspection_cpp.dir/rosidl_typesupport_introspection_cpp/armor_interfaces/msg/detail/serial_driver__type_support.cpp.o[0m
[2.094s] [ 35%] [32mBuilding CXX object CMakeFiles/armor_interfaces__rosidl_typesupport_introspection_cpp.dir/rosidl_typesupport_introspection_cpp/armor_interfaces/msg/detail/armor_info__type_support.cpp.o[0m
[2.095s] [ 37%] [32mBuilding CXX object CMakeFiles/armor_interfaces__rosidl_typesupport_introspection_cpp.dir/rosidl_typesupport_introspection_cpp/armor_interfaces/msg/detail/joint_state__type_support.cpp.o[0m
[2.095s] [ 39%] [32mBuilding CXX object CMakeFiles/armor_interfaces__rosidl_typesupport_introspection_cpp.dir/rosidl_typesupport_introspection_cpp/armor_interfaces/msg/detail/serial_receive_data__type_support.cpp.o[0m
[2.100s] [ 41%] [32mBuilding CXX object CMakeFiles/armor_interfaces__rosidl_typesupport_fastrtps_cpp.dir/rosidl_typesupport_fastrtps_cpp/armor_interfaces/msg/detail/dds_fastrtps/serial_driver__type_support.cpp.o[0m
[2.101s] [ 42%] [32mBuilding CXX object CMakeFiles/armor_interfaces__rosidl_typesupport_fastrtps_cpp.dir/rosidl_typesupport_fastrtps_cpp/armor_interfaces/msg/detail/dds_fastrtps/joint_state__type_support.cpp.o[0m
[2.102s] [ 46%] [32mBuilding CXX object CMakeFiles/armor_interfaces__rosidl_typesupport_fastrtps_cpp.dir/rosidl_typesupport_fastrtps_cpp/armor_interfaces/msg/detail/dds_fastrtps/serial_receive_data__type_support.cpp.o[0m
[2.102s] [ 46%] [32mBuilding CXX object CMakeFiles/armor_interfaces__rosidl_typesupport_fastrtps_cpp.dir/rosidl_typesupport_fastrtps_cpp/armor_interfaces/msg/detail/dds_fastrtps/armor_info__type_support.cpp.o[0m
[2.214s] [ 48%] [32mBuilding CXX object CMakeFiles/armor_interfaces__rosidl_typesupport_c.dir/rosidl_typesupport_c/armor_interfaces/msg/armor_info__type_support.cpp.o[0m
[2.216s] [ 50%] [32mBuilding CXX object CMakeFiles/armor_interfaces__rosidl_typesupport_c.dir/rosidl_typesupport_c/armor_interfaces/msg/serial_driver__type_support.cpp.o[0m
[2.226s] [ 51%] [32mBuilding CXX object CMakeFiles/armor_interfaces__rosidl_typesupport_c.dir/rosidl_typesupport_c/armor_interfaces/msg/serial_receive_data__type_support.cpp.o[0m
[2.231s] [ 53%] [32mBuilding CXX object CMakeFiles/armor_interfaces__rosidl_typesupport_c.dir/rosidl_typesupport_c/armor_interfaces/msg/joint_state__type_support.cpp.o[0m
[2.267s] [ 55%] [32mBuilding CXX object CMakeFiles/armor_interfaces__rosidl_typesupport_fastrtps_c.dir/rosidl_typesupport_fastrtps_c/armor_interfaces/msg/detail/armor_info__type_support_c.cpp.o[0m
[2.270s] [ 57%] [32mBuilding CXX object CMakeFiles/armor_interfaces__rosidl_typesupport_fastrtps_c.dir/rosidl_typesupport_fastrtps_c/armor_interfaces/msg/detail/serial_driver__type_support_c.cpp.o[0m
[2.278s] [ 58%] [32mBuilding CXX object CMakeFiles/armor_interfaces__rosidl_typesupport_fastrtps_c.dir/rosidl_typesupport_fastrtps_c/armor_interfaces/msg/detail/joint_state__type_support_c.cpp.o[0m
[2.281s] [ 60%] [32mBuilding CXX object CMakeFiles/armor_interfaces__rosidl_typesupport_fastrtps_c.dir/rosidl_typesupport_fastrtps_c/armor_interfaces/msg/detail/serial_receive_data__type_support_c.cpp.o[0m
[2.287s] [ 62%] [32m[1mLinking CXX shared library libarmor_interfaces__rosidl_typesupport_c.so[0m
[2.303s] [ 64%] [32mBuilding C object CMakeFiles/armor_interfaces__rosidl_typesupport_introspection_c.dir/rosidl_typesupport_introspection_c/armor_interfaces/msg/detail/armor_info__type_support.c.o[0m
[2.305s] [ 66%] [32mBuilding C object CMakeFiles/armor_interfaces__rosidl_typesupport_introspection_c.dir/rosidl_typesupport_introspection_c/armor_interfaces/msg/detail/joint_state__type_support.c.o[0m
[2.306s] [ 67%] [32mBuilding C object CMakeFiles/armor_interfaces__rosidl_typesupport_introspection_c.dir/rosidl_typesupport_introspection_c/armor_interfaces/msg/detail/serial_driver__type_support.c.o[0m
[2.371s] [ 67%] Built target armor_interfaces__rosidl_typesupport_c
[2.372s] [ 69%] [32mBuilding C object CMakeFiles/armor_interfaces__rosidl_typesupport_introspection_c.dir/rosidl_typesupport_introspection_c/armor_interfaces/msg/detail/serial_receive_data__type_support.c.o[0m
[2.425s] [ 71%] [32m[1mLinking C shared library libarmor_interfaces__rosidl_typesupport_introspection_c.so[0m
[2.476s] [ 71%] Built target armor_interfaces__rosidl_typesupport_introspection_c
[2.493s] [ 73%] [32m[1mLinking CXX shared library libarmor_interfaces__rosidl_typesupport_cpp.so[0m
[2.541s] [ 73%] Built target armor_interfaces__rosidl_typesupport_cpp
[2.727s] [ 75%] [32m[1mLinking CXX shared library libarmor_interfaces__rosidl_typesupport_fastrtps_c.so[0m
[2.728s] [ 76%] [32m[1mLinking CXX shared library libarmor_interfaces__rosidl_typesupport_introspection_cpp.so[0m
[2.741s] [ 78%] [32m[1mLinking CXX shared library libarmor_interfaces__rosidl_typesupport_fastrtps_cpp.so[0m
[2.781s] [ 78%] Built target armor_interfaces__rosidl_typesupport_introspection_cpp
[2.783s] [ 78%] Built target armor_interfaces__rosidl_typesupport_fastrtps_c
[2.796s] [ 78%] Built target armor_interfaces__rosidl_typesupport_fastrtps_cpp
[2.816s] [ 78%] Built target armor_interfaces
[2.838s] [ 80%] [34m[1mGenerating Python code for ROS interfaces[0m
[3.286s] [ 80%] Built target armor_interfaces__py
[3.308s] [ 83%] [32mBuilding C object CMakeFiles/armor_interfaces__rosidl_generator_py.dir/rosidl_generator_py/armor_interfaces/msg/_serial_driver_s.c.o[0m
[3.308s] [ 83%] [32mBuilding C object CMakeFiles/armor_interfaces__rosidl_generator_py.dir/rosidl_generator_py/armor_interfaces/msg/_armor_info_s.c.o[0m
[3.308s] [ 85%] [32mBuilding C object CMakeFiles/armor_interfaces__rosidl_generator_py.dir/rosidl_generator_py/armor_interfaces/msg/_serial_receive_data_s.c.o[0m
[3.309s] [ 87%] [32mBuilding C object CMakeFiles/armor_interfaces__rosidl_generator_py.dir/rosidl_generator_py/armor_interfaces/msg/_joint_state_s.c.o[0m
[3.403s] [ 89%] [32m[1mLinking C shared library rosidl_generator_py/armor_interfaces/libarmor_interfaces__rosidl_generator_py.so[0m
[3.445s] [ 89%] Built target armor_interfaces__rosidl_generator_py
[3.467s] [ 91%] [32mBuilding C object CMakeFiles/armor_interfaces__rosidl_typesupport_fastrtps_c__pyext.dir/rosidl_generator_py/armor_interfaces/_armor_interfaces_s.ep.rosidl_typesupport_fastrtps_c.c.o[0m
[3.468s] [ 92%] [32mBuilding C object CMakeFiles/armor_interfaces__rosidl_typesupport_introspection_c__pyext.dir/rosidl_generator_py/armor_interfaces/_armor_interfaces_s.ep.rosidl_typesupport_introspection_c.c.o[0m
[3.469s] [ 94%] [32mBuilding C object CMakeFiles/armor_interfaces__rosidl_typesupport_c__pyext.dir/rosidl_generator_py/armor_interfaces/_armor_interfaces_s.ep.rosidl_typesupport_c.c.o[0m
[3.538s] [ 96%] [32m[1mLinking C shared library rosidl_generator_py/armor_interfaces/armor_interfaces_s__rosidl_typesupport_fastrtps_c.cpython-310-x86_64-linux-gnu.so[0m
[3.538s] [ 98%] [32m[1mLinking C shared library rosidl_generator_py/armor_interfaces/armor_interfaces_s__rosidl_typesupport_c.cpython-310-x86_64-linux-gnu.so[0m
[3.539s] [100%] [32m[1mLinking C shared library rosidl_generator_py/armor_interfaces/armor_interfaces_s__rosidl_typesupport_introspection_c.cpython-310-x86_64-linux-gnu.so[0m
[3.568s] [100%] Built target armor_interfaces__rosidl_typesupport_fastrtps_c__pyext
[3.568s] [100%] Built target armor_interfaces__rosidl_typesupport_introspection_c__pyext
[3.570s] [100%] Built target armor_interfaces__rosidl_typesupport_c__pyext
[3.579s] Invoked command in '/home/eee/ros2/src/armor_detect_ros2-main/build/armor_interfaces' returned '0': CMAKE_PREFIX_PATH=${CMAKE_PREFIX_PATH}:/opt/ros/humble /usr/bin/cmake --build /home/eee/ros2/src/armor_detect_ros2-main/build/armor_interfaces -- -j20 -l20
[3.581s] Invoking command in '/home/eee/ros2/src/armor_detect_ros2-main/build/armor_interfaces': CMAKE_PREFIX_PATH=${CMAKE_PREFIX_PATH}:/opt/ros/humble /usr/bin/cmake --install /home/eee/ros2/src/armor_detect_ros2-main/build/armor_interfaces
[3.591s] -- Install configuration: ""
[3.591s] -- Installing: /home/eee/ros2/src/armor_detect_ros2-main/install/armor_interfaces/share/ament_index/resource_index/rosidl_interfaces/armor_interfaces
[3.591s] -- Installing: /home/eee/ros2/src/armor_detect_ros2-main/install/armor_interfaces/include/armor_interfaces/armor_interfaces
[3.591s] -- Installing: /home/eee/ros2/src/armor_detect_ros2-main/install/armor_interfaces/include/armor_interfaces/armor_interfaces/msg
[3.591s] -- Installing: /home/eee/ros2/src/armor_detect_ros2-main/install/armor_interfaces/include/armor_interfaces/armor_interfaces/msg/serial_receive_data.h
[3.591s] -- Installing: /home/eee/ros2/src/armor_detect_ros2-main/install/armor_interfaces/include/armor_interfaces/armor_interfaces/msg/armor_info.h
[3.591s] -- Installing: /home/eee/ros2/src/armor_detect_ros2-main/install/armor_interfaces/include/armor_interfaces/armor_interfaces/msg/detail
[3.591s] -- Installing: /home/eee/ros2/src/armor_detect_ros2-main/install/armor_interfaces/include/armor_interfaces/armor_interfaces/msg/detail/serial_receive_data__functions.h
[3.591s] -- Installing: /home/eee/ros2/src/armor_detect_ros2-main/install/armor_interfaces/include/armor_interfaces/armor_interfaces/msg/detail/serial_driver__type_support.h
[3.591s] -- Installing: /home/eee/ros2/src/armor_detect_ros2-main/install/armor_interfaces/include/armor_interfaces/armor_interfaces/msg/detail/armor_info__functions.c
[3.592s] -- Installing: /home/eee/ros2/src/armor_detect_ros2-main/install/armor_interfaces/include/armor_interfaces/armor_interfaces/msg/detail/serial_receive_data__struct.h
[3.592s] -- Installing: /home/eee/ros2/src/armor_detect_ros2-main/install/armor_interfaces/include/armor_interfaces/armor_interfaces/msg/detail/serial_driver__struct.h
[3.592s] -- Installing: /home/eee/ros2/src/armor_detect_ros2-main/install/armor_interfaces/include/armor_interfaces/armor_interfaces/msg/detail/armor_info__struct.h
[3.592s] -- Installing: /home/eee/ros2/src/armor_detect_ros2-main/install/armor_interfaces/include/armor_interfaces/armor_interfaces/msg/detail/serial_receive_data__type_support.h
[3.592s] -- Installing: /home/eee/ros2/src/armor_detect_ros2-main/install/armor_interfaces/include/armor_interfaces/armor_interfaces/msg/detail/joint_state__struct.h
[3.592s] -- Installing: /home/eee/ros2/src/armor_detect_ros2-main/install/armor_interfaces/include/armor_interfaces/armor_interfaces/msg/detail/armor_info__type_support.h
[3.592s] -- Installing: /home/eee/ros2/src/armor_detect_ros2-main/install/armor_interfaces/include/armor_interfaces/armor_interfaces/msg/detail/joint_state__functions.h
[3.592s] -- Installing: /home/eee/ros2/src/armor_detect_ros2-main/install/armor_interfaces/include/armor_interfaces/armor_interfaces/msg/detail/serial_driver__functions.h
[3.592s] -- Installing: /home/eee/ros2/src/armor_detect_ros2-main/install/armor_interfaces/include/armor_interfaces/armor_interfaces/msg/detail/joint_state__functions.c
[3.592s] -- Installing: /home/eee/ros2/src/armor_detect_ros2-main/install/armor_interfaces/include/armor_interfaces/armor_interfaces/msg/detail/armor_info__functions.h
[3.592s] -- Installing: /home/eee/ros2/src/armor_detect_ros2-main/install/armor_interfaces/include/armor_interfaces/armor_interfaces/msg/detail/serial_driver__functions.c
[3.592s] -- Installing: /home/eee/ros2/src/armor_detect_ros2-main/install/armor_interfaces/include/armor_interfaces/armor_interfaces/msg/detail/joint_state__type_support.h
[3.592s] -- Installing: /home/eee/ros2/src/armor_detect_ros2-main/install/armor_interfaces/include/armor_interfaces/armor_interfaces/msg/detail/serial_receive_data__functions.c
[3.592s] -- Installing: /home/eee/ros2/src/armor_detect_ros2-main/install/armor_interfaces/include/armor_interfaces/armor_interfaces/msg/rosidl_generator_c__visibility_control.h
[3.593s] -- Installing: /home/eee/ros2/src/armor_detect_ros2-main/install/armor_interfaces/include/armor_interfaces/armor_interfaces/msg/joint_state.h
[3.593s] -- Installing: /home/eee/ros2/src/armor_detect_ros2-main/install/armor_interfaces/include/armor_interfaces/armor_interfaces/msg/serial_driver.h
[3.593s] -- Installing: /home/eee/ros2/src/armor_detect_ros2-main/install/armor_interfaces/share/armor_interfaces/environment/library_path.sh
[3.593s] -- Installing: /home/eee/ros2/src/armor_detect_ros2-main/install/armor_interfaces/share/armor_interfaces/environment/library_path.dsv
[3.593s] -- Installing: /home/eee/ros2/src/armor_detect_ros2-main/install/armor_interfaces/lib/libarmor_interfaces__rosidl_generator_c.so
[3.593s] -- Set runtime path of "/home/eee/ros2/src/armor_detect_ros2-main/install/armor_interfaces/lib/libarmor_interfaces__rosidl_generator_c.so" to ""
[3.593s] -- Up-to-date: /home/eee/ros2/src/armor_detect_ros2-main/install/armor_interfaces/include/armor_interfaces/armor_interfaces
[3.593s] -- Up-to-date: /home/eee/ros2/src/armor_detect_ros2-main/install/armor_interfaces/include/armor_interfaces/armor_interfaces/msg
[3.593s] -- Up-to-date: /home/eee/ros2/src/armor_detect_ros2-main/install/armor_interfaces/include/armor_interfaces/armor_interfaces/msg/detail
[3.593s] -- Installing: /home/eee/ros2/src/armor_detect_ros2-main/install/armor_interfaces/include/armor_interfaces/armor_interfaces/msg/detail/serial_receive_data__rosidl_typesupport_fastrtps_c.h
[3.593s] -- Installing: /home/eee/ros2/src/armor_detect_ros2-main/install/armor_interfaces/include/armor_interfaces/armor_interfaces/msg/detail/joint_state__rosidl_typesupport_fastrtps_c.h
[3.593s] -- Installing: /home/eee/ros2/src/armor_detect_ros2-main/install/armor_interfaces/include/armor_interfaces/armor_interfaces/msg/detail/serial_driver__rosidl_typesupport_fastrtps_c.h
[3.593s] -- Installing: /home/eee/ros2/src/armor_detect_ros2-main/install/armor_interfaces/include/armor_interfaces/armor_interfaces/msg/detail/armor_info__rosidl_typesupport_fastrtps_c.h
[3.594s] -- Installing: /home/eee/ros2/src/armor_detect_ros2-main/install/armor_interfaces/include/armor_interfaces/armor_interfaces/msg/rosidl_typesupport_fastrtps_c__visibility_control.h
[3.594s] -- Installing: /home/eee/ros2/src/armor_detect_ros2-main/install/armor_interfaces/lib/libarmor_interfaces__rosidl_typesupport_fastrtps_c.so
[3.594s] -- Set runtime path of "/home/eee/ros2/src/armor_detect_ros2-main/install/armor_interfaces/lib/libarmor_interfaces__rosidl_typesupport_fastrtps_c.so" to ""
[3.594s] -- Up-to-date: /home/eee/ros2/src/armor_detect_ros2-main/install/armor_interfaces/include/armor_interfaces/armor_interfaces
[3.594s] -- Up-to-date: /home/eee/ros2/src/armor_detect_ros2-main/install/armor_interfaces/include/armor_interfaces/armor_interfaces/msg
[3.594s] -- Installing: /home/eee/ros2/src/armor_detect_ros2-main/install/armor_interfaces/include/armor_interfaces/armor_interfaces/msg/serial_receive_data.hpp
[3.594s] -- Installing: /home/eee/ros2/src/armor_detect_ros2-main/install/armor_interfaces/include/armor_interfaces/armor_interfaces/msg/armor_info.hpp
[3.594s] -- Installing: /home/eee/ros2/src/armor_detect_ros2-main/install/armor_interfaces/include/armor_interfaces/armor_interfaces/msg/joint_state.hpp
[3.594s] -- Up-to-date: /home/eee/ros2/src/armor_detect_ros2-main/install/armor_interfaces/include/armor_interfaces/armor_interfaces/msg/detail
[3.594s] -- Installing: /home/eee/ros2/src/armor_detect_ros2-main/install/armor_interfaces/include/armor_interfaces/armor_interfaces/msg/detail/armor_info__type_support.hpp
[3.594s] -- Installing: /home/eee/ros2/src/armor_detect_ros2-main/install/armor_interfaces/include/armor_interfaces/armor_interfaces/msg/detail/serial_receive_data__builder.hpp
[3.594s] -- Installing: /home/eee/ros2/src/armor_detect_ros2-main/install/armor_interfaces/include/armor_interfaces/armor_interfaces/msg/detail/serial_receive_data__struct.hpp
[3.594s] -- Installing: /home/eee/ros2/src/armor_detect_ros2-main/install/armor_interfaces/include/armor_interfaces/armor_interfaces/msg/detail/joint_state__builder.hpp
[3.594s] -- Installing: /home/eee/ros2/src/armor_detect_ros2-main/install/armor_interfaces/include/armor_interfaces/armor_interfaces/msg/detail/armor_info__traits.hpp
[3.594s] -- Installing: /home/eee/ros2/src/armor_detect_ros2-main/install/armor_interfaces/include/armor_interfaces/armor_interfaces/msg/detail/armor_info__struct.hpp
[3.594s] -- Installing: /home/eee/ros2/src/armor_detect_ros2-main/install/armor_interfaces/include/armor_interfaces/armor_interfaces/msg/detail/armor_info__builder.hpp
[3.594s] -- Installing: /home/eee/ros2/src/armor_detect_ros2-main/install/armor_interfaces/include/armor_interfaces/armor_interfaces/msg/detail/serial_driver__traits.hpp
[3.594s] -- Installing: /home/eee/ros2/src/armor_detect_ros2-main/install/armor_interfaces/include/armor_interfaces/armor_interfaces/msg/detail/joint_state__traits.hpp
[3.595s] -- Installing: /home/eee/ros2/src/armor_detect_ros2-main/install/armor_interfaces/include/armor_interfaces/armor_interfaces/msg/detail/serial_driver__type_support.hpp
[3.595s] -- Installing: /home/eee/ros2/src/armor_detect_ros2-main/install/armor_interfaces/include/armor_interfaces/armor_interfaces/msg/detail/serial_driver__builder.hpp
[3.595s] -- Installing: /home/eee/ros2/src/armor_detect_ros2-main/install/armor_interfaces/include/armor_interfaces/armor_interfaces/msg/detail/serial_driver__struct.hpp
[3.595s] -- Installing: /home/eee/ros2/src/armor_detect_ros2-main/install/armor_interfaces/include/armor_interfaces/armor_interfaces/msg/detail/joint_state__type_support.hpp
[3.595s] -- Installing: /home/eee/ros2/src/armor_detect_ros2-main/install/armor_interfaces/include/armor_interfaces/armor_interfaces/msg/detail/joint_state__struct.hpp
[3.595s] -- Installing: /home/eee/ros2/src/armor_detect_ros2-main/install/armor_interfaces/include/armor_interfaces/armor_interfaces/msg/detail/serial_receive_data__traits.hpp
[3.595s] -- Installing: /home/eee/ros2/src/armor_detect_ros2-main/install/armor_interfaces/include/armor_interfaces/armor_interfaces/msg/detail/serial_receive_data__type_support.hpp
[3.595s] -- Installing: /home/eee/ros2/src/armor_detect_ros2-main/install/armor_interfaces/include/armor_interfaces/armor_interfaces/msg/serial_driver.hpp
[3.595s] -- Installing: /home/eee/ros2/src/armor_detect_ros2-main/install/armor_interfaces/include/armor_interfaces/armor_interfaces/msg/rosidl_generator_cpp__visibility_control.hpp
[3.595s] -- Up-to-date: /home/eee/ros2/src/armor_detect_ros2-main/install/armor_interfaces/include/armor_interfaces/armor_interfaces
[3.595s] -- Up-to-date: /home/eee/ros2/src/armor_detect_ros2-main/install/armor_interfaces/include/armor_interfaces/armor_interfaces/msg
[3.595s] -- Up-to-date: /home/eee/ros2/src/armor_detect_ros2-main/install/armor_interfaces/include/armor_interfaces/armor_interfaces/msg/detail
[3.595s] -- Installing: /home/eee/ros2/src/armor_detect_ros2-main/install/armor_interfaces/include/armor_interfaces/armor_interfaces/msg/detail/joint_state__rosidl_typesupport_fastrtps_cpp.hpp
[3.595s] -- Installing: /home/eee/ros2/src/armor_detect_ros2-main/install/armor_interfaces/include/armor_interfaces/armor_interfaces/msg/detail/serial_driver__rosidl_typesupport_fastrtps_cpp.hpp
[3.595s] -- Installing: /home/eee/ros2/src/armor_detect_ros2-main/install/armor_interfaces/include/armor_interfaces/armor_interfaces/msg/detail/serial_receive_data__rosidl_typesupport_fastrtps_cpp.hpp
[3.595s] -- Installing: /home/eee/ros2/src/armor_detect_ros2-main/install/armor_interfaces/include/armor_interfaces/armor_interfaces/msg/detail/armor_info__rosidl_typesupport_fastrtps_cpp.hpp
[3.595s] -- Installing: /home/eee/ros2/src/armor_detect_ros2-main/install/armor_interfaces/include/armor_interfaces/armor_interfaces/msg/detail/dds_fastrtps
[3.595s] -- Installing: /home/eee/ros2/src/armor_detect_ros2-main/install/armor_interfaces/include/armor_interfaces/armor_interfaces/msg/rosidl_typesupport_fastrtps_cpp__visibility_control.h
[3.595s] -- Installing: /home/eee/ros2/src/armor_detect_ros2-main/install/armor_interfaces/lib/libarmor_interfaces__rosidl_typesupport_fastrtps_cpp.so
[3.595s] -- Set runtime path of "/home/eee/ros2/src/armor_detect_ros2-main/install/armor_interfaces/lib/libarmor_interfaces__rosidl_typesupport_fastrtps_cpp.so" to ""
[3.596s] -- Up-to-date: /home/eee/ros2/src/armor_detect_ros2-main/install/armor_interfaces/include/armor_interfaces/armor_interfaces
[3.596s] -- Up-to-date: /home/eee/ros2/src/armor_detect_ros2-main/install/armor_interfaces/include/armor_interfaces/armor_interfaces/msg
[3.596s] -- Installing: /home/eee/ros2/src/armor_detect_ros2-main/install/armor_interfaces/include/armor_interfaces/armor_interfaces/msg/rosidl_typesupport_introspection_c__visibility_control.h
[3.596s] -- Up-to-date: /home/eee/ros2/src/armor_detect_ros2-main/install/armor_interfaces/include/armor_interfaces/armor_interfaces/msg/detail
[3.596s] -- Installing: /home/eee/ros2/src/armor_detect_ros2-main/install/armor_interfaces/include/armor_interfaces/armor_interfaces/msg/detail/armor_info__type_support.c
[3.596s] -- Installing: /home/eee/ros2/src/armor_detect_ros2-main/install/armor_interfaces/include/armor_interfaces/armor_interfaces/msg/detail/serial_receive_data__type_support.c
[3.596s] -- Installing: /home/eee/ros2/src/armor_detect_ros2-main/install/armor_interfaces/include/armor_interfaces/armor_interfaces/msg/detail/joint_state__rosidl_typesupport_introspection_c.h
[3.596s] -- Installing: /home/eee/ros2/src/armor_detect_ros2-main/install/armor_interfaces/include/armor_interfaces/armor_interfaces/msg/detail/armor_info__rosidl_typesupport_introspection_c.h
[3.596s] -- Installing: /home/eee/ros2/src/armor_detect_ros2-main/install/armor_interfaces/include/armor_interfaces/armor_interfaces/msg/detail/joint_state__type_support.c
[3.596s] -- Installing: /home/eee/ros2/src/armor_detect_ros2-main/install/armor_interfaces/include/armor_interfaces/armor_interfaces/msg/detail/serial_receive_data__rosidl_typesupport_introspection_c.h
[3.596s] -- Installing: /home/eee/ros2/src/armor_detect_ros2-main/install/armor_interfaces/include/armor_interfaces/armor_interfaces/msg/detail/serial_driver__type_support.c
[3.596s] -- Installing: /home/eee/ros2/src/armor_detect_ros2-main/install/armor_interfaces/include/armor_interfaces/armor_interfaces/msg/detail/serial_driver__rosidl_typesupport_introspection_c.h
[3.596s] -- Installing: /home/eee/ros2/src/armor_detect_ros2-main/install/armor_interfaces/lib/libarmor_interfaces__rosidl_typesupport_introspection_c.so
[3.596s] -- Set runtime path of "/home/eee/ros2/src/armor_detect_ros2-main/install/armor_interfaces/lib/libarmor_interfaces__rosidl_typesupport_introspection_c.so" to ""
[3.596s] -- Installing: /home/eee/ros2/src/armor_detect_ros2-main/install/armor_interfaces/lib/libarmor_interfaces__rosidl_typesupport_c.so
[3.596s] -- Set runtime path of "/home/eee/ros2/src/armor_detect_ros2-main/install/armor_interfaces/lib/libarmor_interfaces__rosidl_typesupport_c.so" to ""
[3.596s] -- Up-to-date: /home/eee/ros2/src/armor_detect_ros2-main/install/armor_interfaces/include/armor_interfaces/armor_interfaces
[3.596s] -- Up-to-date: /home/eee/ros2/src/armor_detect_ros2-main/install/armor_interfaces/include/armor_interfaces/armor_interfaces/msg
[3.596s] -- Up-to-date: /home/eee/ros2/src/armor_detect_ros2-main/install/armor_interfaces/include/armor_interfaces/armor_interfaces/msg/detail
[3.596s] -- Installing: /home/eee/ros2/src/armor_detect_ros2-main/install/armor_interfaces/include/armor_interfaces/armor_interfaces/msg/detail/serial_driver__rosidl_typesupport_introspection_cpp.hpp
[3.597s] -- Installing: /home/eee/ros2/src/armor_detect_ros2-main/install/armor_interfaces/include/armor_interfaces/armor_interfaces/msg/detail/serial_receive_data__type_support.cpp
[3.597s] -- Installing: /home/eee/ros2/src/armor_detect_ros2-main/install/armor_interfaces/include/armor_interfaces/armor_interfaces/msg/detail/joint_state__type_support.cpp
[3.597s] -- Installing: /home/eee/ros2/src/armor_detect_ros2-main/install/armor_interfaces/include/armor_interfaces/armor_interfaces/msg/detail/armor_info__rosidl_typesupport_introspection_cpp.hpp
[3.597s] -- Installing: /home/eee/ros2/src/armor_detect_ros2-main/install/armor_interfaces/include/armor_interfaces/armor_interfaces/msg/detail/armor_info__type_support.cpp
[3.597s] -- Installing: /home/eee/ros2/src/armor_detect_ros2-main/install/armor_interfaces/include/armor_interfaces/armor_interfaces/msg/detail/serial_driver__type_support.cpp
[3.597s] -- Installing: /home/eee/ros2/src/armor_detect_ros2-main/install/armor_interfaces/include/armor_interfaces/armor_interfaces/msg/detail/serial_receive_data__rosidl_typesupport_introspection_cpp.hpp
[3.597s] -- Installing: /home/eee/ros2/src/armor_detect_ros2-main/install/armor_interfaces/include/armor_interfaces/armor_interfaces/msg/detail/joint_state__rosidl_typesupport_introspection_cpp.hpp
[3.597s] -- Installing: /home/eee/ros2/src/armor_detect_ros2-main/install/armor_interfaces/lib/libarmor_interfaces__rosidl_typesupport_introspection_cpp.so
[3.597s] -- Set runtime path of "/home/eee/ros2/src/armor_detect_ros2-main/install/armor_interfaces/lib/libarmor_interfaces__rosidl_typesupport_introspection_cpp.so" to ""
[3.597s] -- Installing: /home/eee/ros2/src/armor_detect_ros2-main/install/armor_interfaces/lib/libarmor_interfaces__rosidl_typesupport_cpp.so
[3.597s] -- Set runtime path of "/home/eee/ros2/src/armor_detect_ros2-main/install/armor_interfaces/lib/libarmor_interfaces__rosidl_typesupport_cpp.so" to ""
[3.597s] -- Installing: /home/eee/ros2/src/armor_detect_ros2-main/install/armor_interfaces/share/armor_interfaces/environment/pythonpath.sh
[3.597s] -- Installing: /home/eee/ros2/src/armor_detect_ros2-main/install/armor_interfaces/share/armor_interfaces/environment/pythonpath.dsv
[3.597s] -- Installing: /home/eee/ros2/src/armor_detect_ros2-main/install/armor_interfaces/local/lib/python3.10/dist-packages/armor_interfaces-0.0.0-py3.10.egg-info
[3.597s] -- Installing: /home/eee/ros2/src/armor_detect_ros2-main/install/armor_interfaces/local/lib/python3.10/dist-packages/armor_interfaces-0.0.0-py3.10.egg-info/PKG-INFO
[3.597s] -- Installing: /home/eee/ros2/src/armor_detect_ros2-main/install/armor_interfaces/local/lib/python3.10/dist-packages/armor_interfaces-0.0.0-py3.10.egg-info/dependency_links.txt
[3.597s] -- Installing: /home/eee/ros2/src/armor_detect_ros2-main/install/armor_interfaces/local/lib/python3.10/dist-packages/armor_interfaces-0.0.0-py3.10.egg-info/SOURCES.txt
[3.597s] -- Installing: /home/eee/ros2/src/armor_detect_ros2-main/install/armor_interfaces/local/lib/python3.10/dist-packages/armor_interfaces-0.0.0-py3.10.egg-info/top_level.txt
[3.597s] -- Installing: /home/eee/ros2/src/armor_detect_ros2-main/install/armor_interfaces/local/lib/python3.10/dist-packages/armor_interfaces
[3.597s] -- Installing: /home/eee/ros2/src/armor_detect_ros2-main/install/armor_interfaces/local/lib/python3.10/dist-packages/armor_interfaces/msg
[3.598s] -- Installing: /home/eee/ros2/src/armor_detect_ros2-main/install/armor_interfaces/local/lib/python3.10/dist-packages/armor_interfaces/msg/_serial_receive_data.py
[3.598s] -- Installing: /home/eee/ros2/src/armor_detect_ros2-main/install/armor_interfaces/local/lib/python3.10/dist-packages/armor_interfaces/msg/__init__.py
[3.598s] -- Installing: /home/eee/ros2/src/armor_detect_ros2-main/install/armor_interfaces/local/lib/python3.10/dist-packages/armor_interfaces/msg/_serial_receive_data_s.c
[3.598s] -- Installing: /home/eee/ros2/src/armor_detect_ros2-main/install/armor_interfaces/local/lib/python3.10/dist-packages/armor_interfaces/msg/_armor_info.py
[3.598s] -- Installing: /home/eee/ros2/src/armor_detect_ros2-main/install/armor_interfaces/local/lib/python3.10/dist-packages/armor_interfaces/msg/_serial_driver_s.c
[3.598s] -- Installing: /home/eee/ros2/src/armor_detect_ros2-main/install/armor_interfaces/local/lib/python3.10/dist-packages/armor_interfaces/msg/_joint_state.py
[3.598s] -- Installing: /home/eee/ros2/src/armor_detect_ros2-main/install/armor_interfaces/local/lib/python3.10/dist-packages/armor_interfaces/msg/_joint_state_s.c
[3.598s] -- Installing: /home/eee/ros2/src/armor_detect_ros2-main/install/armor_interfaces/local/lib/python3.10/dist-packages/armor_interfaces/msg/_serial_driver.py
[3.598s] -- Installing: /home/eee/ros2/src/armor_detect_ros2-main/install/armor_interfaces/local/lib/python3.10/dist-packages/armor_interfaces/msg/_armor_info_s.c
[3.598s] -- Installing: /home/eee/ros2/src/armor_detect_ros2-main/install/armor_interfaces/local/lib/python3.10/dist-packages/armor_interfaces/libarmor_interfaces__rosidl_generator_py.so
[3.598s] -- Installing: /home/eee/ros2/src/armor_detect_ros2-main/install/armor_interfaces/local/lib/python3.10/dist-packages/armor_interfaces/armor_interfaces_s__rosidl_typesupport_fastrtps_c.cpython-310-x86_64-linux-gnu.so
[3.598s] -- Installing: /home/eee/ros2/src/armor_detect_ros2-main/install/armor_interfaces/local/lib/python3.10/dist-packages/armor_interfaces/__init__.py
[3.598s] -- Installing: /home/eee/ros2/src/armor_detect_ros2-main/install/armor_interfaces/local/lib/python3.10/dist-packages/armor_interfaces/_armor_interfaces_s.ep.rosidl_typesupport_introspection_c.c
[3.598s] -- Installing: /home/eee/ros2/src/armor_detect_ros2-main/install/armor_interfaces/local/lib/python3.10/dist-packages/armor_interfaces/_armor_interfaces_s.ep.rosidl_typesupport_c.c
[3.598s] -- Installing: /home/eee/ros2/src/armor_detect_ros2-main/install/armor_interfaces/local/lib/python3.10/dist-packages/armor_interfaces/_armor_interfaces_s.ep.rosidl_typesupport_fastrtps_c.c
[3.598s] -- Installing: /home/eee/ros2/src/armor_detect_ros2-main/install/armor_interfaces/local/lib/python3.10/dist-packages/armor_interfaces/armor_interfaces_s__rosidl_typesupport_introspection_c.cpython-310-x86_64-linux-gnu.so
[3.598s] -- Installing: /home/eee/ros2/src/armor_detect_ros2-main/install/armor_interfaces/local/lib/python3.10/dist-packages/armor_interfaces/armor_interfaces_s__rosidl_typesupport_c.cpython-310-x86_64-linux-gnu.so
[3.623s] Listing '/home/eee/ros2/src/armor_detect_ros2-main/install/armor_interfaces/local/lib/python3.10/dist-packages/armor_interfaces'...
[3.623s] Compiling '/home/eee/ros2/src/armor_detect_ros2-main/install/armor_interfaces/local/lib/python3.10/dist-packages/armor_interfaces/__init__.py'...
[3.623s] Listing '/home/eee/ros2/src/armor_detect_ros2-main/install/armor_interfaces/local/lib/python3.10/dist-packages/armor_interfaces/msg'...
[3.623s] Compiling '/home/eee/ros2/src/armor_detect_ros2-main/install/armor_interfaces/local/lib/python3.10/dist-packages/armor_interfaces/msg/__init__.py'...
[3.623s] Compiling '/home/eee/ros2/src/armor_detect_ros2-main/install/armor_interfaces/local/lib/python3.10/dist-packages/armor_interfaces/msg/_armor_info.py'...
[3.623s] Compiling '/home/eee/ros2/src/armor_detect_ros2-main/install/armor_interfaces/local/lib/python3.10/dist-packages/armor_interfaces/msg/_joint_state.py'...
[3.623s] Compiling '/home/eee/ros2/src/armor_detect_ros2-main/install/armor_interfaces/local/lib/python3.10/dist-packages/armor_interfaces/msg/_serial_driver.py'...
[3.623s] Compiling '/home/eee/ros2/src/armor_detect_ros2-main/install/armor_interfaces/local/lib/python3.10/dist-packages/armor_interfaces/msg/_serial_receive_data.py'...
[3.626s] -- Installing: /home/eee/ros2/src/armor_detect_ros2-main/install/armor_interfaces/local/lib/python3.10/dist-packages/armor_interfaces/armor_interfaces_s__rosidl_typesupport_fastrtps_c.cpython-310-x86_64-linux-gnu.so
[3.626s] -- Set runtime path of "/home/eee/ros2/src/armor_detect_ros2-main/install/armor_interfaces/local/lib/python3.10/dist-packages/armor_interfaces/armor_interfaces_s__rosidl_typesupport_fastrtps_c.cpython-310-x86_64-linux-gnu.so" to ""
[3.626s] -- Installing: /home/eee/ros2/src/armor_detect_ros2-main/install/armor_interfaces/local/lib/python3.10/dist-packages/armor_interfaces/armor_interfaces_s__rosidl_typesupport_introspection_c.cpython-310-x86_64-linux-gnu.so
[3.626s] -- Set runtime path of "/home/eee/ros2/src/armor_detect_ros2-main/install/armor_interfaces/local/lib/python3.10/dist-packages/armor_interfaces/armor_interfaces_s__rosidl_typesupport_introspection_c.cpython-310-x86_64-linux-gnu.so" to ""
[3.626s] -- Installing: /home/eee/ros2/src/armor_detect_ros2-main/install/armor_interfaces/local/lib/python3.10/dist-packages/armor_interfaces/armor_interfaces_s__rosidl_typesupport_c.cpython-310-x86_64-linux-gnu.so
[3.626s] -- Set runtime path of "/home/eee/ros2/src/armor_detect_ros2-main/install/armor_interfaces/local/lib/python3.10/dist-packages/armor_interfaces/armor_interfaces_s__rosidl_typesupport_c.cpython-310-x86_64-linux-gnu.so" to ""
[3.626s] -- Installing: /home/eee/ros2/src/armor_detect_ros2-main/install/armor_interfaces/lib/libarmor_interfaces__rosidl_generator_py.so
[3.626s] -- Set runtime path of "/home/eee/ros2/src/armor_detect_ros2-main/install/armor_interfaces/lib/libarmor_interfaces__rosidl_generator_py.so" to ""
[3.626s] -- Installing: /home/eee/ros2/src/armor_detect_ros2-main/install/armor_interfaces/share/ament_index/resource_index/rust_packages/armor_interfaces
[3.626s] -- Installing: /home/eee/ros2/src/armor_detect_ros2-main/install/armor_interfaces/share/armor_interfaces/rust
[3.626s] -- Installing: /home/eee/ros2/src/armor_detect_ros2-main/install/armor_interfaces/share/armor_interfaces/rust/build.rs
[3.627s] -- Installing: /home/eee/ros2/src/armor_detect_ros2-main/install/armor_interfaces/share/armor_interfaces/rust/Cargo.toml
[3.627s] -- Installing: /home/eee/ros2/src/armor_detect_ros2-main/install/armor_interfaces/share/armor_interfaces/rust/src
[3.627s] -- Installing: /home/eee/ros2/src/armor_detect_ros2-main/install/armor_interfaces/share/armor_interfaces/rust/src/msg
[3.627s] -- Installing: /home/eee/ros2/src/armor_detect_ros2-main/install/armor_interfaces/share/armor_interfaces/rust/src/msg/rmw.rs
[3.627s] -- Installing: /home/eee/ros2/src/armor_detect_ros2-main/install/armor_interfaces/share/armor_interfaces/rust/src/msg.rs
[3.627s] -- Installing: /home/eee/ros2/src/armor_detect_ros2-main/install/armor_interfaces/share/armor_interfaces/rust/src/lib.rs
[3.627s] -- Installing: /home/eee/ros2/src/armor_detect_ros2-main/install/armor_interfaces/share/armor_interfaces/msg/ArmorInfo.idl
[3.627s] -- Installing: /home/eee/ros2/src/armor_detect_ros2-main/install/armor_interfaces/share/armor_interfaces/msg/SerialDriver.idl
[3.627s] -- Installing: /home/eee/ros2/src/armor_detect_ros2-main/install/armor_interfaces/share/armor_interfaces/msg/JointState.idl
[3.627s] -- Installing: /home/eee/ros2/src/armor_detect_ros2-main/install/armor_interfaces/share/armor_interfaces/msg/SerialReceiveData.idl
[3.627s] -- Installing: /home/eee/ros2/src/armor_detect_ros2-main/install/armor_interfaces/share/armor_interfaces/msg/ArmorInfo.msg
[3.627s] -- Installing: /home/eee/ros2/src/armor_detect_ros2-main/install/armor_interfaces/share/armor_interfaces/msg/SerialDriver.msg
[3.627s] -- Installing: /home/eee/ros2/src/armor_detect_ros2-main/install/armor_interfaces/share/armor_interfaces/msg/JointState.msg
[3.627s] -- Installing: /home/eee/ros2/src/armor_detect_ros2-main/install/armor_interfaces/share/armor_interfaces/msg/SerialReceiveData.msg
[3.627s] -- Installing: /home/eee/ros2/src/armor_detect_ros2-main/install/armor_interfaces/share/ament_index/resource_index/package_run_dependencies/armor_interfaces
[3.627s] -- Installing: /home/eee/ros2/src/armor_detect_ros2-main/install/armor_interfaces/share/ament_index/resource_index/parent_prefix_path/armor_interfaces
[3.627s] -- Installing: /home/eee/ros2/src/armor_detect_ros2-main/install/armor_interfaces/share/armor_interfaces/environment/ament_prefix_path.sh
[3.627s] -- Installing: /home/eee/ros2/src/armor_detect_ros2-main/install/armor_interfaces/share/armor_interfaces/environment/ament_prefix_path.dsv
[3.627s] -- Installing: /home/eee/ros2/src/armor_detect_ros2-main/install/armor_interfaces/share/armor_interfaces/environment/path.sh
[3.627s] -- Installing: /home/eee/ros2/src/armor_detect_ros2-main/install/armor_interfaces/share/armor_interfaces/environment/path.dsv
[3.627s] -- Installing: /home/eee/ros2/src/armor_detect_ros2-main/install/armor_interfaces/share/armor_interfaces/local_setup.bash
[3.628s] -- Installing: /home/eee/ros2/src/armor_detect_ros2-main/install/armor_interfaces/share/armor_interfaces/local_setup.sh
[3.628s] -- Installing: /home/eee/ros2/src/armor_detect_ros2-main/install/armor_interfaces/share/armor_interfaces/local_setup.zsh
[3.628s] -- Installing: /home/eee/ros2/src/armor_detect_ros2-main/install/armor_interfaces/share/armor_interfaces/local_setup.dsv
[3.628s] -- Installing: /home/eee/ros2/src/armor_detect_ros2-main/install/armor_interfaces/share/armor_interfaces/package.dsv
[3.628s] -- Installing: /home/eee/ros2/src/armor_detect_ros2-main/install/armor_interfaces/share/ament_index/resource_index/packages/armor_interfaces
[3.628s] -- Installing: /home/eee/ros2/src/armor_detect_ros2-main/install/armor_interfaces/share/armor_interfaces/cmake/export_armor_interfaces__rosidl_generator_cExport.cmake
[3.628s] -- Installing: /home/eee/ros2/src/armor_detect_ros2-main/install/armor_interfaces/share/armor_interfaces/cmake/export_armor_interfaces__rosidl_generator_cExport-noconfig.cmake
[3.628s] -- Installing: /home/eee/ros2/src/armor_detect_ros2-main/install/armor_interfaces/share/armor_interfaces/cmake/export_armor_interfaces__rosidl_typesupport_fastrtps_cExport.cmake
[3.628s] -- Installing: /home/eee/ros2/src/armor_detect_ros2-main/install/armor_interfaces/share/armor_interfaces/cmake/export_armor_interfaces__rosidl_typesupport_fastrtps_cExport-noconfig.cmake
[3.628s] -- Installing: /home/eee/ros2/src/armor_detect_ros2-main/install/armor_interfaces/share/armor_interfaces/cmake/export_armor_interfaces__rosidl_generator_cppExport.cmake
[3.628s] -- Installing: /home/eee/ros2/src/armor_detect_ros2-main/install/armor_interfaces/share/armor_interfaces/cmake/export_armor_interfaces__rosidl_typesupport_fastrtps_cppExport.cmake
[3.628s] -- Installing: /home/eee/ros2/src/armor_detect_ros2-main/install/armor_interfaces/share/armor_interfaces/cmake/export_armor_interfaces__rosidl_typesupport_fastrtps_cppExport-noconfig.cmake
[3.628s] -- Installing: /home/eee/ros2/src/armor_detect_ros2-main/install/armor_interfaces/share/armor_interfaces/cmake/armor_interfaces__rosidl_typesupport_introspection_cExport.cmake
[3.628s] -- Installing: /home/eee/ros2/src/armor_detect_ros2-main/install/armor_interfaces/share/armor_interfaces/cmake/armor_interfaces__rosidl_typesupport_introspection_cExport-noconfig.cmake
[3.628s] -- Installing: /home/eee/ros2/src/armor_detect_ros2-main/install/armor_interfaces/share/armor_interfaces/cmake/armor_interfaces__rosidl_typesupport_cExport.cmake
[3.628s] -- Installing: /home/eee/ros2/src/armor_detect_ros2-main/install/armor_interfaces/share/armor_interfaces/cmake/armor_interfaces__rosidl_typesupport_cExport-noconfig.cmake
[3.628s] -- Installing: /home/eee/ros2/src/armor_detect_ros2-main/install/armor_interfaces/share/armor_interfaces/cmake/armor_interfaces__rosidl_typesupport_introspection_cppExport.cmake
[3.628s] -- Installing: /home/eee/ros2/src/armor_detect_ros2-main/install/armor_interfaces/share/armor_interfaces/cmake/armor_interfaces__rosidl_typesupport_introspection_cppExport-noconfig.cmake
[3.628s] -- Installing: /home/eee/ros2/src/armor_detect_ros2-main/install/armor_interfaces/share/armor_interfaces/cmake/armor_interfaces__rosidl_typesupport_cppExport.cmake
[3.628s] -- Installing: /home/eee/ros2/src/armor_detect_ros2-main/install/armor_interfaces/share/armor_interfaces/cmake/armor_interfaces__rosidl_typesupport_cppExport-noconfig.cmake
[3.629s] -- Installing: /home/eee/ros2/src/armor_detect_ros2-main/install/armor_interfaces/share/armor_interfaces/cmake/export_armor_interfaces__rosidl_generator_pyExport.cmake
[3.629s] -- Installing: /home/eee/ros2/src/armor_detect_ros2-main/install/armor_interfaces/share/armor_interfaces/cmake/export_armor_interfaces__rosidl_generator_pyExport-noconfig.cmake
[3.629s] -- Installing: /home/eee/ros2/src/armor_detect_ros2-main/install/armor_interfaces/share/armor_interfaces/cmake/rosidl_cmake-extras.cmake
[3.629s] -- Installing: /home/eee/ros2/src/armor_detect_ros2-main/install/armor_interfaces/share/armor_interfaces/cmake/ament_cmake_export_dependencies-extras.cmake
[3.629s] -- Installing: /home/eee/ros2/src/armor_detect_ros2-main/install/armor_interfaces/share/armor_interfaces/cmake/ament_cmake_export_include_directories-extras.cmake
[3.629s] -- Installing: /home/eee/ros2/src/armor_detect_ros2-main/install/armor_interfaces/share/armor_interfaces/cmake/ament_cmake_export_libraries-extras.cmake
[3.629s] -- Installing: /home/eee/ros2/src/armor_detect_ros2-main/install/armor_interfaces/share/armor_interfaces/cmake/ament_cmake_export_targets-extras.cmake
[3.629s] -- Installing: /home/eee/ros2/src/armor_detect_ros2-main/install/armor_interfaces/share/armor_interfaces/cmake/rosidl_cmake_export_typesupport_targets-extras.cmake
[3.629s] -- Installing: /home/eee/ros2/src/armor_detect_ros2-main/install/armor_interfaces/share/armor_interfaces/cmake/rosidl_cmake_export_typesupport_libraries-extras.cmake
[3.629s] -- Installing: /home/eee/ros2/src/armor_detect_ros2-main/install/armor_interfaces/share/armor_interfaces/cmake/armor_interfacesConfig.cmake
[3.629s] -- Installing: /home/eee/ros2/src/armor_detect_ros2-main/install/armor_interfaces/share/armor_interfaces/cmake/armor_interfacesConfig-version.cmake
[3.629s] -- Installing: /home/eee/ros2/src/armor_detect_ros2-main/install/armor_interfaces/share/armor_interfaces/package.xml
[3.631s] Invoked command in '/home/eee/ros2/src/armor_detect_ros2-main/build/armor_interfaces' returned '0': CMAKE_PREFIX_PATH=${CMAKE_PREFIX_PATH}:/opt/ros/humble /usr/bin/cmake --install /home/eee/ros2/src/armor_detect_ros2-main/build/armor_interfaces
