[0.009s] Invoking command in '/home/eee/ros2/src/armor_detect_ros2-main/build/armor_tracker_node': CMAKE_PREFIX_PATH=/home/eee/ros2/src/armor_detect_ros2-main/install/armor_interfaces:/home/eee/ros2/install/galaxy_camera:/home/eee/ros2/install/cpp06_urdf:/home/eee/ros2/install/armor_urdf:/home/eee/ros2/src/armor_detect_ros2-main/install/rm_serial_driver:/home/eee/ros2/src/armor_detect_ros2-main/install/galaxy_camera:/home/eee/ros2/src/armor_detect_ros2-main/install/armor_urdf:/home/eee/ros2/src/armor_detect_ros2-main/install/armor_tracker_node:/home/eee/ros2/src/armor_detect_ros2-main/install/armor_drawer:/opt/ros/humble LD_LIBRARY_PATH=/home/eee/ros2/src/armor_detect_ros2-main/install/armor_interfaces/lib:/home/eee/ros2/install/galaxy_camera/lib:/home/eee/ros2/src/armor_detect_ros2-main/install/rm_serial_driver/lib:/home/eee/ros2/src/armor_detect_ros2-main/install/galaxy_camera/lib:/opt/ros/humble/opt/rviz_ogre_vendor/lib:/opt/ros/humble/lib/x86_64-linux-gnu:/opt/ros/humble/lib /usr/bin/cmake --build /home/eee/ros2/src/armor_detect_ros2-main/build/armor_tracker_node -- -j20 -l20
[0.056s] [35m[1mConsolidate compiler generated dependencies of target armor_tracker_node[0m
[0.080s] [  8%] [32mBuilding CXX object CMakeFiles/armor_tracker_node.dir/src/main1.cpp.o[0m
[0.081s] [ 16%] [32mBuilding CXX object CMakeFiles/armor_tracker_node.dir/src/ArmorTracker.cpp.o[0m
[0.473s] In file included from [01m[K/home/eee/ros2/src/armor_detect_ros2-main/src/armor_tracker/src/ArmorTracker.cpp:518[m[K:
[0.473s] [01m[K/home/eee/ros2/src/armor_detect_ros2-main/src/armor_tracker/include/ArmorTracker.hpp:35:10:[m[K [01;31m[Kfatal error: [m[Kcv_bridge/cv_bridge.h: 没有那个文件或目录
[0.473s]    35 | #include [01;31m[K<cv_bridge/cv_bridge.h>[m[K // 需要在 package.xml 和 CMakeLists.txt 加上 cv_bridge 依赖
[0.473s]       |          [01;31m[K^~~~~~~~~~~~~~~~~~~~~~~[m[K
[0.474s] compilation terminated.
[0.475s] In file included from [01m[K/home/eee/ros2/src/armor_detect_ros2-main/src/armor_tracker/src/main1.cpp:2[m[K:
[0.475s] [01m[K/home/eee/ros2/src/armor_detect_ros2-main/src/armor_tracker/include/ArmorTracker.hpp:35:10:[m[K [01;31m[Kfatal error: [m[Kcv_bridge/cv_bridge.h: 没有那个文件或目录
[0.475s]    35 | #include [01;31m[K<cv_bridge/cv_bridge.h>[m[K // 需要在 package.xml 和 CMakeLists.txt 加上 cv_bridge 依赖
[0.475s]       |          [01;31m[K^~~~~~~~~~~~~~~~~~~~~~~[m[K
[0.475s] compilation terminated.
[0.478s] gmake[2]: *** [CMakeFiles/armor_tracker_node.dir/build.make:188：CMakeFiles/armor_tracker_node.dir/src/ArmorTracker.cpp.o] 错误 1
[0.478s] gmake[2]: *** 正在等待未完成的任务....
[0.479s] gmake[2]: *** [CMakeFiles/armor_tracker_node.dir/build.make:76：CMakeFiles/armor_tracker_node.dir/src/main1.cpp.o] 错误 1
[0.480s] gmake[1]: *** [CMakeFiles/Makefile2:137：CMakeFiles/armor_tracker_node.dir/all] 错误 2
[0.480s] gmake: *** [Makefile:146：all] 错误 2
[0.482s] Invoked command in '/home/eee/ros2/src/armor_detect_ros2-main/build/armor_tracker_node' returned '2': CMAKE_PREFIX_PATH=/home/eee/ros2/src/armor_detect_ros2-main/install/armor_interfaces:/home/eee/ros2/install/galaxy_camera:/home/eee/ros2/install/cpp06_urdf:/home/eee/ros2/install/armor_urdf:/home/eee/ros2/src/armor_detect_ros2-main/install/rm_serial_driver:/home/eee/ros2/src/armor_detect_ros2-main/install/galaxy_camera:/home/eee/ros2/src/armor_detect_ros2-main/install/armor_urdf:/home/eee/ros2/src/armor_detect_ros2-main/install/armor_tracker_node:/home/eee/ros2/src/armor_detect_ros2-main/install/armor_drawer:/opt/ros/humble LD_LIBRARY_PATH=/home/eee/ros2/src/armor_detect_ros2-main/install/armor_interfaces/lib:/home/eee/ros2/install/galaxy_camera/lib:/home/eee/ros2/src/armor_detect_ros2-main/install/rm_serial_driver/lib:/home/eee/ros2/src/armor_detect_ros2-main/install/galaxy_camera/lib:/opt/ros/humble/opt/rviz_ogre_vendor/lib:/opt/ros/humble/lib/x86_64-linux-gnu:/opt/ros/humble/lib /usr/bin/cmake --build /home/eee/ros2/src/armor_detect_ros2-main/build/armor_tracker_node -- -j20 -l20
