-- Found ament_cmake: 1.3.14 (/opt/ros/humble/share/ament_cmake/cmake)
-- Found armor_interfaces: 0.0.0 (/home/eee/ros2/src/armor_detect_ros2-main/install/armor_interfaces/share/armor_interfaces/cmake)
-- Found rosidl_generator_c: 3.1.8 (/opt/ros/humble/share/rosidl_generator_c/cmake)
-- Found rosidl_adapter: 3.1.8 (/opt/ros/humble/share/rosidl_adapter/cmake)
-- Found rosidl_generator_cpp: 3.1.8 (/opt/ros/humble/share/rosidl_generator_cpp/cmake)
-- Using all available rosidl_typesupport_c: rosidl_typesupport_fastrtps_c;rosidl_typesupport_introspection_c
-- Using all available rosidl_typesupport_cpp: rosidl_typesupport_fastrtps_cpp;rosidl_typesupport_introspection_cpp
-- Found geometry_msgs: 4.9.1 (/opt/ros/humble/share/geometry_msgs/cmake)
-- Found rclcpp: 16.0.19 (/opt/ros/humble/share/rclcpp/cmake)
-- Found rmw_implementation_cmake: 6.1.2 (/opt/ros/humble/share/rmw_implementation_cmake/cmake)
-- Found rmw_fastrtps_cpp: 6.2.10 (/opt/ros/humble/share/rmw_fastrtps_cpp/cmake)
-- Using RMW implementation 'rmw_fastrtps_cpp' as default
-- Found tf2: 0.25.20 (/opt/ros/humble/share/tf2/cmake)
-- Found tf2_ros: 0.25.20 (/opt/ros/humble/share/tf2_ros/cmake)
-- Found tf2_geometry_msgs: 0.25.20 (/opt/ros/humble/share/tf2_geometry_msgs/cmake)
-- Found eigen3_cmake_module: 0.1.1 (/opt/ros/humble/share/eigen3_cmake_module/cmake)
-- Ensuring Eigen3 include directory is part of orocos-kdl CMake target
-- Found sensor_msgs: 4.9.1 (/opt/ros/humble/share/sensor_msgs/cmake)
-- Found cv_bridge: 3.2.1 (/opt/ros/humble/share/cv_bridge/cmake)
-- Found image_transport: 3.1.12 (/opt/ros/humble/share/image_transport/cmake)
-- Found camera_calibration_parsers: 3.1.12 (/opt/ros/humble/share/camera_calibration_parsers/cmake)
-- Eigen3_INCLUDE_DIRS = /usr/include/eigen3
-- Configuring done
-- Generating done
-- Build files have been written to: /home/eee/ros2/src/armor_detect_ros2-main/build/armor_tracker_node
[35m[1mConsolidate compiler generated dependencies of target armor_tracker_node[0m
[  8%] [32mBuilding CXX object CMakeFiles/armor_tracker_node.dir/src/LightBarProcessor.cpp.o[0m
[ 16%] [32mBuilding CXX object CMakeFiles/armor_tracker_node.dir/src/MathTool.cpp.o[0m
[ 33%] [32mBuilding CXX object CMakeFiles/armor_tracker_node.dir/src/KalmanFilter.cpp.o[0m
[ 33%] [32mBuilding CXX object CMakeFiles/armor_tracker_node.dir/src/main1.cpp.o[0m
[ 58%] [32mBuilding CXX object CMakeFiles/armor_tracker_node.dir/src/Vedio.cpp.o[0m
[ 58%] [32mBuilding CXX object CMakeFiles/armor_tracker_node.dir/src/RotationCenterSolver.cpp.o[0m
[ 58%] [32mBuilding CXX object CMakeFiles/armor_tracker_node.dir/src/Preprocessing.cpp.o[0m
[ 66%] [32mBuilding CXX object CMakeFiles/armor_tracker_node.dir/src/armor_camera_capture.cpp.o[0m
[ 91%] [32mBuilding CXX object CMakeFiles/armor_tracker_node.dir/src/galaxy_camera.cpp.o[0m
[ 91%] [32mBuilding CXX object CMakeFiles/armor_tracker_node.dir/src/camera_intrinsics_parser.cpp.o[0m
[ 91%] [32mBuilding CXX object CMakeFiles/armor_tracker_node.dir/src/ArmorTracker.cpp.o[0m
