[0.010s] Invoking command in '/home/eee/ros2/src/armor_detect_ros2-main/build/armor_interfaces': CMAKE_PREFIX_PATH=/opt/ros/humble /usr/bin/cmake --build /home/eee/ros2/src/armor_detect_ros2-main/build/armor_interfaces -- -j20 -l20
[0.064s] [35m[1mConsolidate compiler generated dependencies of target armor_interfaces__rosidl_generator_c[0m
[0.074s] [  2%] Built target armor_interfaces__rs
[0.078s] [  5%] Built target armor_interfaces__cpp
[0.079s] [ 15%] Built target armor_interfaces__rosidl_generator_c
[0.090s] [ 15%] Built target ament_cmake_python_copy_armor_interfaces
[0.093s] [35m[1mConsolidate compiler generated dependencies of target armor_interfaces__rosidl_typesupport_fastrtps_c[0m
[0.093s] [35m[1mConsolidate compiler generated dependencies of target armor_interfaces__rosidl_typesupport_cpp[0m
[0.094s] [35m[1mConsolidate compiler generated dependencies of target armor_interfaces__rosidl_typesupport_fastrtps_cpp[0m
[0.095s] [35m[1mConsolidate compiler generated dependencies of target armor_interfaces__rosidl_typesupport_introspection_cpp[0m
[0.104s] [35m[1mConsolidate compiler generated dependencies of target armor_interfaces__rosidl_typesupport_c[0m
[0.106s] [35m[1mConsolidate compiler generated dependencies of target armor_interfaces__rosidl_typesupport_introspection_c[0m
[0.111s] [ 25%] Built target armor_interfaces__rosidl_typesupport_cpp
[0.112s] [ 35%] Built target armor_interfaces__rosidl_typesupport_introspection_cpp
[0.114s] [ 45%] Built target armor_interfaces__rosidl_typesupport_fastrtps_cpp
[0.114s] [ 55%] Built target armor_interfaces__rosidl_typesupport_fastrtps_c
[0.120s] [ 65%] Built target armor_interfaces__rosidl_typesupport_c
[0.121s] [ 75%] Built target armor_interfaces__rosidl_typesupport_introspection_c
[0.159s] [ 75%] Built target armor_interfaces
[0.187s] [ 77%] Built target armor_interfaces__py
[0.202s] [35m[1mConsolidate compiler generated dependencies of target armor_interfaces__rosidl_generator_py[0m
[0.220s] [ 85%] Built target armor_interfaces__rosidl_generator_py
[0.236s] [35m[1mConsolidate compiler generated dependencies of target armor_interfaces__rosidl_typesupport_fastrtps_c__pyext[0m
[0.236s] [35m[1mConsolidate compiler generated dependencies of target armor_interfaces__rosidl_typesupport_c__pyext[0m
[0.236s] [35m[1mConsolidate compiler generated dependencies of target armor_interfaces__rosidl_typesupport_introspection_c__pyext[0m
[0.254s] [ 90%] Built target armor_interfaces__rosidl_typesupport_c__pyext
[0.255s] [ 95%] Built target armor_interfaces__rosidl_typesupport_introspection_c__pyext
[0.255s] [100%] Built target armor_interfaces__rosidl_typesupport_fastrtps_c__pyext
[0.431s] running egg_info
[0.433s] writing armor_interfaces.egg-info/PKG-INFO
[0.434s] writing dependency_links to armor_interfaces.egg-info/dependency_links.txt
[0.435s] writing top-level names to armor_interfaces.egg-info/top_level.txt
[0.442s] reading manifest file 'armor_interfaces.egg-info/SOURCES.txt'
[0.444s] writing manifest file 'armor_interfaces.egg-info/SOURCES.txt'
[0.505s] [100%] Built target ament_cmake_python_build_armor_interfaces_egg
[0.533s] Invoked command in '/home/eee/ros2/src/armor_detect_ros2-main/build/armor_interfaces' returned '0': CMAKE_PREFIX_PATH=/opt/ros/humble /usr/bin/cmake --build /home/eee/ros2/src/armor_detect_ros2-main/build/armor_interfaces -- -j20 -l20
[0.555s] Invoking command in '/home/eee/ros2/src/armor_detect_ros2-main/build/armor_interfaces': CMAKE_PREFIX_PATH=/opt/ros/humble /usr/bin/cmake --install /home/eee/ros2/src/armor_detect_ros2-main/build/armor_interfaces
[0.572s] -- Install configuration: ""
[0.572s] -- Up-to-date: /home/eee/ros2/src/armor_detect_ros2-main/install/armor_interfaces/share/ament_index/resource_index/rosidl_interfaces/armor_interfaces
[0.572s] -- Up-to-date: /home/eee/ros2/src/armor_detect_ros2-main/install/armor_interfaces/include/armor_interfaces/armor_interfaces
[0.572s] -- Up-to-date: /home/eee/ros2/src/armor_detect_ros2-main/install/armor_interfaces/include/armor_interfaces/armor_interfaces/msg
[0.572s] -- Up-to-date: /home/eee/ros2/src/armor_detect_ros2-main/install/armor_interfaces/include/armor_interfaces/armor_interfaces/msg/armor_info.h
[0.572s] -- Up-to-date: /home/eee/ros2/src/armor_detect_ros2-main/install/armor_interfaces/include/armor_interfaces/armor_interfaces/msg/detail
[0.572s] -- Up-to-date: /home/eee/ros2/src/armor_detect_ros2-main/install/armor_interfaces/include/armor_interfaces/armor_interfaces/msg/detail/serial_driver__type_support.h
[0.573s] -- Up-to-date: /home/eee/ros2/src/armor_detect_ros2-main/install/armor_interfaces/include/armor_interfaces/armor_interfaces/msg/detail/armor_info__functions.c
[0.573s] -- Up-to-date: /home/eee/ros2/src/armor_detect_ros2-main/install/armor_interfaces/include/armor_interfaces/armor_interfaces/msg/detail/serial_driver__struct.h
[0.573s] -- Up-to-date: /home/eee/ros2/src/armor_detect_ros2-main/install/armor_interfaces/include/armor_interfaces/armor_interfaces/msg/detail/armor_info__struct.h
[0.573s] -- Up-to-date: /home/eee/ros2/src/armor_detect_ros2-main/install/armor_interfaces/include/armor_interfaces/armor_interfaces/msg/detail/armor_info__type_support.h
[0.573s] -- Up-to-date: /home/eee/ros2/src/armor_detect_ros2-main/install/armor_interfaces/include/armor_interfaces/armor_interfaces/msg/detail/serial_driver__functions.h
[0.573s] -- Up-to-date: /home/eee/ros2/src/armor_detect_ros2-main/install/armor_interfaces/include/armor_interfaces/armor_interfaces/msg/detail/armor_info__functions.h
[0.573s] -- Up-to-date: /home/eee/ros2/src/armor_detect_ros2-main/install/armor_interfaces/include/armor_interfaces/armor_interfaces/msg/detail/serial_driver__functions.c
[0.573s] -- Up-to-date: /home/eee/ros2/src/armor_detect_ros2-main/install/armor_interfaces/include/armor_interfaces/armor_interfaces/msg/rosidl_generator_c__visibility_control.h
[0.573s] -- Up-to-date: /home/eee/ros2/src/armor_detect_ros2-main/install/armor_interfaces/include/armor_interfaces/armor_interfaces/msg/serial_driver.h
[0.573s] -- Up-to-date: /home/eee/ros2/src/armor_detect_ros2-main/install/armor_interfaces/share/armor_interfaces/environment/library_path.sh
[0.573s] -- Up-to-date: /home/eee/ros2/src/armor_detect_ros2-main/install/armor_interfaces/share/armor_interfaces/environment/library_path.dsv
[0.573s] -- Up-to-date: /home/eee/ros2/src/armor_detect_ros2-main/install/armor_interfaces/lib/libarmor_interfaces__rosidl_generator_c.so
[0.573s] -- Up-to-date: /home/eee/ros2/src/armor_detect_ros2-main/install/armor_interfaces/include/armor_interfaces/armor_interfaces
[0.574s] -- Up-to-date: /home/eee/ros2/src/armor_detect_ros2-main/install/armor_interfaces/include/armor_interfaces/armor_interfaces/msg
[0.574s] -- Up-to-date: /home/eee/ros2/src/armor_detect_ros2-main/install/armor_interfaces/include/armor_interfaces/armor_interfaces/msg/detail
[0.574s] -- Up-to-date: /home/eee/ros2/src/armor_detect_ros2-main/install/armor_interfaces/include/armor_interfaces/armor_interfaces/msg/detail/serial_driver__rosidl_typesupport_fastrtps_c.h
[0.574s] -- Up-to-date: /home/eee/ros2/src/armor_detect_ros2-main/install/armor_interfaces/include/armor_interfaces/armor_interfaces/msg/detail/armor_info__rosidl_typesupport_fastrtps_c.h
[0.574s] -- Up-to-date: /home/eee/ros2/src/armor_detect_ros2-main/install/armor_interfaces/include/armor_interfaces/armor_interfaces/msg/rosidl_typesupport_fastrtps_c__visibility_control.h
[0.574s] -- Up-to-date: /home/eee/ros2/src/armor_detect_ros2-main/install/armor_interfaces/lib/libarmor_interfaces__rosidl_typesupport_fastrtps_c.so
[0.574s] -- Up-to-date: /home/eee/ros2/src/armor_detect_ros2-main/install/armor_interfaces/include/armor_interfaces/armor_interfaces
[0.574s] -- Up-to-date: /home/eee/ros2/src/armor_detect_ros2-main/install/armor_interfaces/include/armor_interfaces/armor_interfaces/msg
[0.574s] -- Up-to-date: /home/eee/ros2/src/armor_detect_ros2-main/install/armor_interfaces/include/armor_interfaces/armor_interfaces/msg/rosidl_typesupport_introspection_c__visibility_control.h
[0.574s] -- Up-to-date: /home/eee/ros2/src/armor_detect_ros2-main/install/armor_interfaces/include/armor_interfaces/armor_interfaces/msg/detail
[0.574s] -- Up-to-date: /home/eee/ros2/src/armor_detect_ros2-main/install/armor_interfaces/include/armor_interfaces/armor_interfaces/msg/detail/armor_info__type_support.c
[0.575s] -- Up-to-date: /home/eee/ros2/src/armor_detect_ros2-main/install/armor_interfaces/include/armor_interfaces/armor_interfaces/msg/detail/armor_info__rosidl_typesupport_introspection_c.h
[0.575s] -- Up-to-date: /home/eee/ros2/src/armor_detect_ros2-main/install/armor_interfaces/include/armor_interfaces/armor_interfaces/msg/detail/serial_driver__type_support.c
[0.575s] -- Up-to-date: /home/eee/ros2/src/armor_detect_ros2-main/install/armor_interfaces/include/armor_interfaces/armor_interfaces/msg/detail/serial_driver__rosidl_typesupport_introspection_c.h
[0.575s] -- Up-to-date: /home/eee/ros2/src/armor_detect_ros2-main/install/armor_interfaces/lib/libarmor_interfaces__rosidl_typesupport_introspection_c.so
[0.575s] -- Up-to-date: /home/eee/ros2/src/armor_detect_ros2-main/install/armor_interfaces/lib/libarmor_interfaces__rosidl_typesupport_c.so
[0.575s] -- Up-to-date: /home/eee/ros2/src/armor_detect_ros2-main/install/armor_interfaces/include/armor_interfaces/armor_interfaces
[0.575s] -- Up-to-date: /home/eee/ros2/src/armor_detect_ros2-main/install/armor_interfaces/include/armor_interfaces/armor_interfaces/msg
[0.575s] -- Up-to-date: /home/eee/ros2/src/armor_detect_ros2-main/install/armor_interfaces/include/armor_interfaces/armor_interfaces/msg/armor_info.hpp
[0.575s] -- Up-to-date: /home/eee/ros2/src/armor_detect_ros2-main/install/armor_interfaces/include/armor_interfaces/armor_interfaces/msg/detail
[0.575s] -- Up-to-date: /home/eee/ros2/src/armor_detect_ros2-main/install/armor_interfaces/include/armor_interfaces/armor_interfaces/msg/detail/armor_info__type_support.hpp
[0.575s] -- Up-to-date: /home/eee/ros2/src/armor_detect_ros2-main/install/armor_interfaces/include/armor_interfaces/armor_interfaces/msg/detail/armor_info__traits.hpp
[0.575s] -- Up-to-date: /home/eee/ros2/src/armor_detect_ros2-main/install/armor_interfaces/include/armor_interfaces/armor_interfaces/msg/detail/armor_info__struct.hpp
[0.575s] -- Up-to-date: /home/eee/ros2/src/armor_detect_ros2-main/install/armor_interfaces/include/armor_interfaces/armor_interfaces/msg/detail/armor_info__builder.hpp
[0.576s] -- Up-to-date: /home/eee/ros2/src/armor_detect_ros2-main/install/armor_interfaces/include/armor_interfaces/armor_interfaces/msg/detail/serial_driver__traits.hpp
[0.576s] -- Up-to-date: /home/eee/ros2/src/armor_detect_ros2-main/install/armor_interfaces/include/armor_interfaces/armor_interfaces/msg/detail/serial_driver__type_support.hpp
[0.576s] -- Up-to-date: /home/eee/ros2/src/armor_detect_ros2-main/install/armor_interfaces/include/armor_interfaces/armor_interfaces/msg/detail/serial_driver__builder.hpp
[0.576s] -- Up-to-date: /home/eee/ros2/src/armor_detect_ros2-main/install/armor_interfaces/include/armor_interfaces/armor_interfaces/msg/detail/serial_driver__struct.hpp
[0.576s] -- Up-to-date: /home/eee/ros2/src/armor_detect_ros2-main/install/armor_interfaces/include/armor_interfaces/armor_interfaces/msg/serial_driver.hpp
[0.576s] -- Up-to-date: /home/eee/ros2/src/armor_detect_ros2-main/install/armor_interfaces/include/armor_interfaces/armor_interfaces/msg/rosidl_generator_cpp__visibility_control.hpp
[0.576s] -- Up-to-date: /home/eee/ros2/src/armor_detect_ros2-main/install/armor_interfaces/include/armor_interfaces/armor_interfaces
[0.576s] -- Up-to-date: /home/eee/ros2/src/armor_detect_ros2-main/install/armor_interfaces/include/armor_interfaces/armor_interfaces/msg
[0.576s] -- Up-to-date: /home/eee/ros2/src/armor_detect_ros2-main/install/armor_interfaces/include/armor_interfaces/armor_interfaces/msg/detail
[0.576s] -- Up-to-date: /home/eee/ros2/src/armor_detect_ros2-main/install/armor_interfaces/include/armor_interfaces/armor_interfaces/msg/detail/serial_driver__rosidl_typesupport_fastrtps_cpp.hpp
[0.576s] -- Up-to-date: /home/eee/ros2/src/armor_detect_ros2-main/install/armor_interfaces/include/armor_interfaces/armor_interfaces/msg/detail/armor_info__rosidl_typesupport_fastrtps_cpp.hpp
[0.576s] -- Up-to-date: /home/eee/ros2/src/armor_detect_ros2-main/install/armor_interfaces/include/armor_interfaces/armor_interfaces/msg/detail/dds_fastrtps
[0.576s] -- Up-to-date: /home/eee/ros2/src/armor_detect_ros2-main/install/armor_interfaces/include/armor_interfaces/armor_interfaces/msg/rosidl_typesupport_fastrtps_cpp__visibility_control.h
[0.576s] -- Up-to-date: /home/eee/ros2/src/armor_detect_ros2-main/install/armor_interfaces/lib/libarmor_interfaces__rosidl_typesupport_fastrtps_cpp.so
[0.577s] -- Up-to-date: /home/eee/ros2/src/armor_detect_ros2-main/install/armor_interfaces/include/armor_interfaces/armor_interfaces
[0.577s] -- Up-to-date: /home/eee/ros2/src/armor_detect_ros2-main/install/armor_interfaces/include/armor_interfaces/armor_interfaces/msg
[0.577s] -- Up-to-date: /home/eee/ros2/src/armor_detect_ros2-main/install/armor_interfaces/include/armor_interfaces/armor_interfaces/msg/detail
[0.577s] -- Up-to-date: /home/eee/ros2/src/armor_detect_ros2-main/install/armor_interfaces/include/armor_interfaces/armor_interfaces/msg/detail/serial_driver__rosidl_typesupport_introspection_cpp.hpp
[0.577s] -- Up-to-date: /home/eee/ros2/src/armor_detect_ros2-main/install/armor_interfaces/include/armor_interfaces/armor_interfaces/msg/detail/armor_info__rosidl_typesupport_introspection_cpp.hpp
[0.577s] -- Up-to-date: /home/eee/ros2/src/armor_detect_ros2-main/install/armor_interfaces/include/armor_interfaces/armor_interfaces/msg/detail/armor_info__type_support.cpp
[0.577s] -- Up-to-date: /home/eee/ros2/src/armor_detect_ros2-main/install/armor_interfaces/include/armor_interfaces/armor_interfaces/msg/detail/serial_driver__type_support.cpp
[0.577s] -- Up-to-date: /home/eee/ros2/src/armor_detect_ros2-main/install/armor_interfaces/lib/libarmor_interfaces__rosidl_typesupport_introspection_cpp.so
[0.577s] -- Up-to-date: /home/eee/ros2/src/armor_detect_ros2-main/install/armor_interfaces/lib/libarmor_interfaces__rosidl_typesupport_cpp.so
[0.577s] -- Up-to-date: /home/eee/ros2/src/armor_detect_ros2-main/install/armor_interfaces/share/armor_interfaces/environment/pythonpath.sh
[0.577s] -- Up-to-date: /home/eee/ros2/src/armor_detect_ros2-main/install/armor_interfaces/share/armor_interfaces/environment/pythonpath.dsv
[0.577s] -- Up-to-date: /home/eee/ros2/src/armor_detect_ros2-main/install/armor_interfaces/local/lib/python3.10/dist-packages/armor_interfaces-0.0.0-py3.10.egg-info
[0.577s] -- Installing: /home/eee/ros2/src/armor_detect_ros2-main/install/armor_interfaces/local/lib/python3.10/dist-packages/armor_interfaces-0.0.0-py3.10.egg-info/PKG-INFO
[0.577s] -- Installing: /home/eee/ros2/src/armor_detect_ros2-main/install/armor_interfaces/local/lib/python3.10/dist-packages/armor_interfaces-0.0.0-py3.10.egg-info/dependency_links.txt
[0.578s] -- Installing: /home/eee/ros2/src/armor_detect_ros2-main/install/armor_interfaces/local/lib/python3.10/dist-packages/armor_interfaces-0.0.0-py3.10.egg-info/SOURCES.txt
[0.578s] -- Installing: /home/eee/ros2/src/armor_detect_ros2-main/install/armor_interfaces/local/lib/python3.10/dist-packages/armor_interfaces-0.0.0-py3.10.egg-info/top_level.txt
[0.578s] -- Up-to-date: /home/eee/ros2/src/armor_detect_ros2-main/install/armor_interfaces/local/lib/python3.10/dist-packages/armor_interfaces
[0.578s] -- Up-to-date: /home/eee/ros2/src/armor_detect_ros2-main/install/armor_interfaces/local/lib/python3.10/dist-packages/armor_interfaces/msg
[0.578s] -- Up-to-date: /home/eee/ros2/src/armor_detect_ros2-main/install/armor_interfaces/local/lib/python3.10/dist-packages/armor_interfaces/msg/__init__.py
[0.578s] -- Up-to-date: /home/eee/ros2/src/armor_detect_ros2-main/install/armor_interfaces/local/lib/python3.10/dist-packages/armor_interfaces/msg/_armor_info.py
[0.578s] -- Up-to-date: /home/eee/ros2/src/armor_detect_ros2-main/install/armor_interfaces/local/lib/python3.10/dist-packages/armor_interfaces/msg/_serial_driver_s.c
[0.578s] -- Up-to-date: /home/eee/ros2/src/armor_detect_ros2-main/install/armor_interfaces/local/lib/python3.10/dist-packages/armor_interfaces/msg/_serial_driver.py
[0.578s] -- Up-to-date: /home/eee/ros2/src/armor_detect_ros2-main/install/armor_interfaces/local/lib/python3.10/dist-packages/armor_interfaces/msg/_armor_info_s.c
[0.578s] -- Up-to-date: /home/eee/ros2/src/armor_detect_ros2-main/install/armor_interfaces/local/lib/python3.10/dist-packages/armor_interfaces/libarmor_interfaces__rosidl_generator_py.so
[0.578s] -- Up-to-date: /home/eee/ros2/src/armor_detect_ros2-main/install/armor_interfaces/local/lib/python3.10/dist-packages/armor_interfaces/armor_interfaces_s__rosidl_typesupport_fastrtps_c.cpython-310-x86_64-linux-gnu.so
[0.578s] -- Up-to-date: /home/eee/ros2/src/armor_detect_ros2-main/install/armor_interfaces/local/lib/python3.10/dist-packages/armor_interfaces/__init__.py
[0.578s] -- Up-to-date: /home/eee/ros2/src/armor_detect_ros2-main/install/armor_interfaces/local/lib/python3.10/dist-packages/armor_interfaces/_armor_interfaces_s.ep.rosidl_typesupport_introspection_c.c
[0.578s] -- Up-to-date: /home/eee/ros2/src/armor_detect_ros2-main/install/armor_interfaces/local/lib/python3.10/dist-packages/armor_interfaces/_armor_interfaces_s.ep.rosidl_typesupport_c.c
[0.578s] -- Up-to-date: /home/eee/ros2/src/armor_detect_ros2-main/install/armor_interfaces/local/lib/python3.10/dist-packages/armor_interfaces/_armor_interfaces_s.ep.rosidl_typesupport_fastrtps_c.c
[0.578s] -- Up-to-date: /home/eee/ros2/src/armor_detect_ros2-main/install/armor_interfaces/local/lib/python3.10/dist-packages/armor_interfaces/armor_interfaces_s__rosidl_typesupport_introspection_c.cpython-310-x86_64-linux-gnu.so
[0.579s] -- Up-to-date: /home/eee/ros2/src/armor_detect_ros2-main/install/armor_interfaces/local/lib/python3.10/dist-packages/armor_interfaces/armor_interfaces_s__rosidl_typesupport_c.cpython-310-x86_64-linux-gnu.so
[0.619s] Listing '/home/eee/ros2/src/armor_detect_ros2-main/install/armor_interfaces/local/lib/python3.10/dist-packages/armor_interfaces'...
[0.619s] Listing '/home/eee/ros2/src/armor_detect_ros2-main/install/armor_interfaces/local/lib/python3.10/dist-packages/armor_interfaces/msg'...
[0.625s] -- Up-to-date: /home/eee/ros2/src/armor_detect_ros2-main/install/armor_interfaces/local/lib/python3.10/dist-packages/armor_interfaces/armor_interfaces_s__rosidl_typesupport_fastrtps_c.cpython-310-x86_64-linux-gnu.so
[0.625s] -- Up-to-date: /home/eee/ros2/src/armor_detect_ros2-main/install/armor_interfaces/local/lib/python3.10/dist-packages/armor_interfaces/armor_interfaces_s__rosidl_typesupport_introspection_c.cpython-310-x86_64-linux-gnu.so
[0.625s] -- Up-to-date: /home/eee/ros2/src/armor_detect_ros2-main/install/armor_interfaces/local/lib/python3.10/dist-packages/armor_interfaces/armor_interfaces_s__rosidl_typesupport_c.cpython-310-x86_64-linux-gnu.so
[0.626s] -- Up-to-date: /home/eee/ros2/src/armor_detect_ros2-main/install/armor_interfaces/lib/libarmor_interfaces__rosidl_generator_py.so
[0.626s] -- Up-to-date: /home/eee/ros2/src/armor_detect_ros2-main/install/armor_interfaces/share/ament_index/resource_index/rust_packages/armor_interfaces
[0.626s] -- Up-to-date: /home/eee/ros2/src/armor_detect_ros2-main/install/armor_interfaces/share/armor_interfaces/rust
[0.626s] -- Up-to-date: /home/eee/ros2/src/armor_detect_ros2-main/install/armor_interfaces/share/armor_interfaces/rust/build.rs
[0.626s] -- Up-to-date: /home/eee/ros2/src/armor_detect_ros2-main/install/armor_interfaces/share/armor_interfaces/rust/Cargo.toml
[0.626s] -- Up-to-date: /home/eee/ros2/src/armor_detect_ros2-main/install/armor_interfaces/share/armor_interfaces/rust/src
[0.626s] -- Up-to-date: /home/eee/ros2/src/armor_detect_ros2-main/install/armor_interfaces/share/armor_interfaces/rust/src/msg
[0.627s] -- Up-to-date: /home/eee/ros2/src/armor_detect_ros2-main/install/armor_interfaces/share/armor_interfaces/rust/src/msg/rmw.rs
[0.627s] -- Up-to-date: /home/eee/ros2/src/armor_detect_ros2-main/install/armor_interfaces/share/armor_interfaces/rust/src/msg.rs
[0.627s] -- Up-to-date: /home/eee/ros2/src/armor_detect_ros2-main/install/armor_interfaces/share/armor_interfaces/rust/src/lib.rs
[0.627s] -- Up-to-date: /home/eee/ros2/src/armor_detect_ros2-main/install/armor_interfaces/share/armor_interfaces/msg/ArmorInfo.idl
[0.627s] -- Up-to-date: /home/eee/ros2/src/armor_detect_ros2-main/install/armor_interfaces/share/armor_interfaces/msg/SerialDriver.idl
[0.628s] -- Up-to-date: /home/eee/ros2/src/armor_detect_ros2-main/install/armor_interfaces/share/armor_interfaces/msg/ArmorInfo.msg
[0.628s] -- Up-to-date: /home/eee/ros2/src/armor_detect_ros2-main/install/armor_interfaces/share/armor_interfaces/msg/SerialDriver.msg
[0.628s] -- Up-to-date: /home/eee/ros2/src/armor_detect_ros2-main/install/armor_interfaces/share/ament_index/resource_index/package_run_dependencies/armor_interfaces
[0.628s] -- Up-to-date: /home/eee/ros2/src/armor_detect_ros2-main/install/armor_interfaces/share/ament_index/resource_index/parent_prefix_path/armor_interfaces
[0.628s] -- Up-to-date: /home/eee/ros2/src/armor_detect_ros2-main/install/armor_interfaces/share/armor_interfaces/environment/ament_prefix_path.sh
[0.628s] -- Up-to-date: /home/eee/ros2/src/armor_detect_ros2-main/install/armor_interfaces/share/armor_interfaces/environment/ament_prefix_path.dsv
[0.628s] -- Up-to-date: /home/eee/ros2/src/armor_detect_ros2-main/install/armor_interfaces/share/armor_interfaces/environment/path.sh
[0.628s] -- Up-to-date: /home/eee/ros2/src/armor_detect_ros2-main/install/armor_interfaces/share/armor_interfaces/environment/path.dsv
[0.628s] -- Up-to-date: /home/eee/ros2/src/armor_detect_ros2-main/install/armor_interfaces/share/armor_interfaces/local_setup.bash
[0.629s] -- Up-to-date: /home/eee/ros2/src/armor_detect_ros2-main/install/armor_interfaces/share/armor_interfaces/local_setup.sh
[0.629s] -- Up-to-date: /home/eee/ros2/src/armor_detect_ros2-main/install/armor_interfaces/share/armor_interfaces/local_setup.zsh
[0.629s] -- Up-to-date: /home/eee/ros2/src/armor_detect_ros2-main/install/armor_interfaces/share/armor_interfaces/local_setup.dsv
[0.629s] -- Installing: /home/eee/ros2/src/armor_detect_ros2-main/install/armor_interfaces/share/armor_interfaces/package.dsv
[0.629s] -- Up-to-date: /home/eee/ros2/src/armor_detect_ros2-main/install/armor_interfaces/share/ament_index/resource_index/packages/armor_interfaces
[0.629s] -- Up-to-date: /home/eee/ros2/src/armor_detect_ros2-main/install/armor_interfaces/share/armor_interfaces/cmake/export_armor_interfaces__rosidl_generator_cExport.cmake
[0.629s] -- Up-to-date: /home/eee/ros2/src/armor_detect_ros2-main/install/armor_interfaces/share/armor_interfaces/cmake/export_armor_interfaces__rosidl_generator_cExport-noconfig.cmake
[0.629s] -- Up-to-date: /home/eee/ros2/src/armor_detect_ros2-main/install/armor_interfaces/share/armor_interfaces/cmake/export_armor_interfaces__rosidl_typesupport_fastrtps_cExport.cmake
[0.630s] -- Up-to-date: /home/eee/ros2/src/armor_detect_ros2-main/install/armor_interfaces/share/armor_interfaces/cmake/export_armor_interfaces__rosidl_typesupport_fastrtps_cExport-noconfig.cmake
[0.630s] -- Up-to-date: /home/eee/ros2/src/armor_detect_ros2-main/install/armor_interfaces/share/armor_interfaces/cmake/armor_interfaces__rosidl_typesupport_introspection_cExport.cmake
[0.630s] -- Up-to-date: /home/eee/ros2/src/armor_detect_ros2-main/install/armor_interfaces/share/armor_interfaces/cmake/armor_interfaces__rosidl_typesupport_introspection_cExport-noconfig.cmake
[0.630s] -- Up-to-date: /home/eee/ros2/src/armor_detect_ros2-main/install/armor_interfaces/share/armor_interfaces/cmake/armor_interfaces__rosidl_typesupport_cExport.cmake
[0.631s] -- Up-to-date: /home/eee/ros2/src/armor_detect_ros2-main/install/armor_interfaces/share/armor_interfaces/cmake/armor_interfaces__rosidl_typesupport_cExport-noconfig.cmake
[0.631s] -- Up-to-date: /home/eee/ros2/src/armor_detect_ros2-main/install/armor_interfaces/share/armor_interfaces/cmake/export_armor_interfaces__rosidl_generator_cppExport.cmake
[0.632s] -- Up-to-date: /home/eee/ros2/src/armor_detect_ros2-main/install/armor_interfaces/share/armor_interfaces/cmake/export_armor_interfaces__rosidl_typesupport_fastrtps_cppExport.cmake
[0.632s] -- Up-to-date: /home/eee/ros2/src/armor_detect_ros2-main/install/armor_interfaces/share/armor_interfaces/cmake/export_armor_interfaces__rosidl_typesupport_fastrtps_cppExport-noconfig.cmake
[0.632s] -- Up-to-date: /home/eee/ros2/src/armor_detect_ros2-main/install/armor_interfaces/share/armor_interfaces/cmake/armor_interfaces__rosidl_typesupport_introspection_cppExport.cmake
[0.633s] -- Up-to-date: /home/eee/ros2/src/armor_detect_ros2-main/install/armor_interfaces/share/armor_interfaces/cmake/armor_interfaces__rosidl_typesupport_introspection_cppExport-noconfig.cmake
[0.633s] -- Up-to-date: /home/eee/ros2/src/armor_detect_ros2-main/install/armor_interfaces/share/armor_interfaces/cmake/armor_interfaces__rosidl_typesupport_cppExport.cmake
[0.633s] -- Up-to-date: /home/eee/ros2/src/armor_detect_ros2-main/install/armor_interfaces/share/armor_interfaces/cmake/armor_interfaces__rosidl_typesupport_cppExport-noconfig.cmake
[0.633s] -- Up-to-date: /home/eee/ros2/src/armor_detect_ros2-main/install/armor_interfaces/share/armor_interfaces/cmake/export_armor_interfaces__rosidl_generator_pyExport.cmake
[0.633s] -- Up-to-date: /home/eee/ros2/src/armor_detect_ros2-main/install/armor_interfaces/share/armor_interfaces/cmake/export_armor_interfaces__rosidl_generator_pyExport-noconfig.cmake
[0.634s] -- Up-to-date: /home/eee/ros2/src/armor_detect_ros2-main/install/armor_interfaces/share/armor_interfaces/cmake/rosidl_cmake-extras.cmake
[0.634s] -- Up-to-date: /home/eee/ros2/src/armor_detect_ros2-main/install/armor_interfaces/share/armor_interfaces/cmake/ament_cmake_export_include_directories-extras.cmake
[0.634s] -- Up-to-date: /home/eee/ros2/src/armor_detect_ros2-main/install/armor_interfaces/share/armor_interfaces/cmake/ament_cmake_export_libraries-extras.cmake
[0.634s] -- Up-to-date: /home/eee/ros2/src/armor_detect_ros2-main/install/armor_interfaces/share/armor_interfaces/cmake/ament_cmake_export_targets-extras.cmake
[0.635s] -- Up-to-date: /home/eee/ros2/src/armor_detect_ros2-main/install/armor_interfaces/share/armor_interfaces/cmake/rosidl_cmake_export_typesupport_targets-extras.cmake
[0.635s] -- Up-to-date: /home/eee/ros2/src/armor_detect_ros2-main/install/armor_interfaces/share/armor_interfaces/cmake/ament_cmake_export_dependencies-extras.cmake
[0.635s] -- Up-to-date: /home/eee/ros2/src/armor_detect_ros2-main/install/armor_interfaces/share/armor_interfaces/cmake/rosidl_cmake_export_typesupport_libraries-extras.cmake
[0.635s] -- Up-to-date: /home/eee/ros2/src/armor_detect_ros2-main/install/armor_interfaces/share/armor_interfaces/cmake/armor_interfacesConfig.cmake
[0.636s] -- Up-to-date: /home/eee/ros2/src/armor_detect_ros2-main/install/armor_interfaces/share/armor_interfaces/cmake/armor_interfacesConfig-version.cmake
[0.636s] -- Up-to-date: /home/eee/ros2/src/armor_detect_ros2-main/install/armor_interfaces/share/armor_interfaces/package.xml
[0.636s] Invoked command in '/home/eee/ros2/src/armor_detect_ros2-main/build/armor_interfaces' returned '0': CMAKE_PREFIX_PATH=/opt/ros/humble /usr/bin/cmake --install /home/eee/ros2/src/armor_detect_ros2-main/build/armor_interfaces
