[0.007s] Invoking command in '/home/eee/ros2/src/armor_detect_ros2-main/build/armor_tracker_node': AMENT_PREFIX_PATH=/home/eee/ros2/src/armor_detect_ros2-main/install/armor_interfaces:${AMENT_PREFIX_PATH} CMAKE_PREFIX_PATH=/home/eee/ros2/src/armor_detect_ros2-main/install/armor_interfaces:/opt/ros/humble LD_LIBRARY_PATH=/home/eee/ros2/src/armor_detect_ros2-main/install/armor_interfaces/lib:${LD_LIBRARY_PATH} PYTHONPATH=/home/eee/ros2/src/armor_detect_ros2-main/install/armor_interfaces/local/lib/python3.10/dist-packages:${PYTHONPATH} /usr/bin/cmake /home/eee/ros2/src/armor_detect_ros2-main/src/armor_tracker -DCMAKE_INSTALL_PREFIX=/home/eee/ros2/src/armor_detect_ros2-main/install/armor_tracker_node
[0.016s] -- Found ament_cmake: 1.3.14 (/opt/ros/humble/share/ament_cmake/cmake)
[0.093s] -- Override CMake install command with custom implementation using symlinks instead of copying resources
[0.097s] -- Found armor_interfaces: 0.0.0 (/home/eee/ros2/src/armor_detect_ros2-main/install/armor_interfaces/share/armor_interfaces/cmake)
[0.110s] -- Found rosidl_generator_c: 3.1.8 (/opt/ros/humble/share/rosidl_generator_c/cmake)
[0.111s] -- Found rosidl_adapter: 3.1.8 (/opt/ros/humble/share/rosidl_adapter/cmake)
[0.114s] -- Found rosidl_generator_cpp: 3.1.8 (/opt/ros/humble/share/rosidl_generator_cpp/cmake)
[0.121s] -- Using all available rosidl_typesupport_c: rosidl_typesupport_fastrtps_c;rosidl_typesupport_introspection_c
[0.128s] -- Using all available rosidl_typesupport_cpp: rosidl_typesupport_fastrtps_cpp;rosidl_typesupport_introspection_cpp
[0.152s] -- Found geometry_msgs: 4.9.1 (/opt/ros/humble/share/geometry_msgs/cmake)
[0.161s] -- Found rclcpp: 16.0.19 (/opt/ros/humble/share/rclcpp/cmake)
[0.178s] -- Found rmw_implementation_cmake: 6.1.2 (/opt/ros/humble/share/rmw_implementation_cmake/cmake)
[0.179s] -- Found rmw_fastrtps_cpp: 6.2.10 (/opt/ros/humble/share/rmw_fastrtps_cpp/cmake)
[0.243s] -- Using RMW implementation 'rmw_fastrtps_cpp' as default
[0.273s] -- Found tf2: 0.25.20 (/opt/ros/humble/share/tf2/cmake)
[0.277s] -- Found tf2_ros: 0.25.20 (/opt/ros/humble/share/tf2_ros/cmake)
[0.349s] -- Eigen3_INCLUDE_DIRS = 
[0.406s] -- Configuring done
[0.419s] -- Generating done
[0.422s] -- Build files have been written to: /home/eee/ros2/src/armor_detect_ros2-main/build/armor_tracker_node
[0.427s] Invoked command in '/home/eee/ros2/src/armor_detect_ros2-main/build/armor_tracker_node' returned '0': AMENT_PREFIX_PATH=/home/eee/ros2/src/armor_detect_ros2-main/install/armor_interfaces:${AMENT_PREFIX_PATH} CMAKE_PREFIX_PATH=/home/eee/ros2/src/armor_detect_ros2-main/install/armor_interfaces:/opt/ros/humble LD_LIBRARY_PATH=/home/eee/ros2/src/armor_detect_ros2-main/install/armor_interfaces/lib:${LD_LIBRARY_PATH} PYTHONPATH=/home/eee/ros2/src/armor_detect_ros2-main/install/armor_interfaces/local/lib/python3.10/dist-packages:${PYTHONPATH} /usr/bin/cmake /home/eee/ros2/src/armor_detect_ros2-main/src/armor_tracker -DCMAKE_INSTALL_PREFIX=/home/eee/ros2/src/armor_detect_ros2-main/install/armor_tracker_node
[0.428s] Invoking command in '/home/eee/ros2/src/armor_detect_ros2-main/build/armor_tracker_node': AMENT_PREFIX_PATH=/home/eee/ros2/src/armor_detect_ros2-main/install/armor_interfaces:${AMENT_PREFIX_PATH} CMAKE_PREFIX_PATH=/home/eee/ros2/src/armor_detect_ros2-main/install/armor_interfaces:/opt/ros/humble LD_LIBRARY_PATH=/home/eee/ros2/src/armor_detect_ros2-main/install/armor_interfaces/lib:${LD_LIBRARY_PATH} PYTHONPATH=/home/eee/ros2/src/armor_detect_ros2-main/install/armor_interfaces/local/lib/python3.10/dist-packages:${PYTHONPATH} /usr/bin/cmake --build /home/eee/ros2/src/armor_detect_ros2-main/build/armor_tracker_node -- -j20 -l20
[0.463s] [35m[1mConsolidate compiler generated dependencies of target armor_tracker_node[0m
[0.485s] [100%] Built target armor_tracker_node
[0.492s] Invoked command in '/home/eee/ros2/src/armor_detect_ros2-main/build/armor_tracker_node' returned '0': AMENT_PREFIX_PATH=/home/eee/ros2/src/armor_detect_ros2-main/install/armor_interfaces:${AMENT_PREFIX_PATH} CMAKE_PREFIX_PATH=/home/eee/ros2/src/armor_detect_ros2-main/install/armor_interfaces:/opt/ros/humble LD_LIBRARY_PATH=/home/eee/ros2/src/armor_detect_ros2-main/install/armor_interfaces/lib:${LD_LIBRARY_PATH} PYTHONPATH=/home/eee/ros2/src/armor_detect_ros2-main/install/armor_interfaces/local/lib/python3.10/dist-packages:${PYTHONPATH} /usr/bin/cmake --build /home/eee/ros2/src/armor_detect_ros2-main/build/armor_tracker_node -- -j20 -l20
[0.493s] Invoking command in '/home/eee/ros2/src/armor_detect_ros2-main/build/armor_tracker_node': AMENT_PREFIX_PATH=/home/eee/ros2/src/armor_detect_ros2-main/install/armor_interfaces:${AMENT_PREFIX_PATH} CMAKE_PREFIX_PATH=/home/eee/ros2/src/armor_detect_ros2-main/install/armor_interfaces:/opt/ros/humble LD_LIBRARY_PATH=/home/eee/ros2/src/armor_detect_ros2-main/install/armor_interfaces/lib:${LD_LIBRARY_PATH} PYTHONPATH=/home/eee/ros2/src/armor_detect_ros2-main/install/armor_interfaces/local/lib/python3.10/dist-packages:${PYTHONPATH} /usr/bin/cmake --install /home/eee/ros2/src/armor_detect_ros2-main/build/armor_tracker_node
[0.496s] -- Install configuration: "Release"
[0.496s] -- Execute custom install script
[0.497s] -- Up-to-date symlink: /home/eee/ros2/src/armor_detect_ros2-main/install/armor_tracker_node/lib/armor_tracker_node/armor_tracker_node
[0.497s] -- Up-to-date symlink: /home/eee/ros2/src/armor_detect_ros2-main/install/armor_tracker_node/share/armor_tracker_node/launch/1.launch.py
[0.497s] -- Up-to-date symlink: /home/eee/ros2/src/armor_detect_ros2-main/install/armor_tracker_node/share/ament_index/resource_index/package_run_dependencies/armor_tracker_node
[0.498s] -- Up-to-date symlink: /home/eee/ros2/src/armor_detect_ros2-main/install/armor_tracker_node/share/ament_index/resource_index/parent_prefix_path/armor_tracker_node
[0.498s] -- Up-to-date symlink: /home/eee/ros2/src/armor_detect_ros2-main/install/armor_tracker_node/share/armor_tracker_node/environment/ament_prefix_path.sh
[0.498s] -- Up-to-date symlink: /home/eee/ros2/src/armor_detect_ros2-main/install/armor_tracker_node/share/armor_tracker_node/environment/ament_prefix_path.dsv
[0.498s] -- Up-to-date symlink: /home/eee/ros2/src/armor_detect_ros2-main/install/armor_tracker_node/share/armor_tracker_node/environment/path.sh
[0.498s] -- Up-to-date symlink: /home/eee/ros2/src/armor_detect_ros2-main/install/armor_tracker_node/share/armor_tracker_node/environment/path.dsv
[0.498s] -- Up-to-date symlink: /home/eee/ros2/src/armor_detect_ros2-main/install/armor_tracker_node/share/armor_tracker_node/local_setup.bash
[0.498s] -- Up-to-date symlink: /home/eee/ros2/src/armor_detect_ros2-main/install/armor_tracker_node/share/armor_tracker_node/local_setup.sh
[0.498s] -- Up-to-date symlink: /home/eee/ros2/src/armor_detect_ros2-main/install/armor_tracker_node/share/armor_tracker_node/local_setup.zsh
[0.498s] -- Up-to-date symlink: /home/eee/ros2/src/armor_detect_ros2-main/install/armor_tracker_node/share/armor_tracker_node/local_setup.dsv
[0.499s] -- Symlinking: /home/eee/ros2/src/armor_detect_ros2-main/install/armor_tracker_node/share/armor_tracker_node/package.dsv
[0.504s] -- Up-to-date symlink: /home/eee/ros2/src/armor_detect_ros2-main/install/armor_tracker_node/share/ament_index/resource_index/packages/armor_tracker_node
[0.504s] -- Up-to-date symlink: /home/eee/ros2/src/armor_detect_ros2-main/install/armor_tracker_node/share/armor_tracker_node/cmake/armor_tracker_nodeConfig.cmake
[0.504s] -- Up-to-date symlink: /home/eee/ros2/src/armor_detect_ros2-main/install/armor_tracker_node/share/armor_tracker_node/cmake/armor_tracker_nodeConfig-version.cmake
[0.504s] -- Up-to-date symlink: /home/eee/ros2/src/armor_detect_ros2-main/install/armor_tracker_node/share/armor_tracker_node/package.xml
[0.510s] Invoked command in '/home/eee/ros2/src/armor_detect_ros2-main/build/armor_tracker_node' returned '0': AMENT_PREFIX_PATH=/home/eee/ros2/src/armor_detect_ros2-main/install/armor_interfaces:${AMENT_PREFIX_PATH} CMAKE_PREFIX_PATH=/home/eee/ros2/src/armor_detect_ros2-main/install/armor_interfaces:/opt/ros/humble LD_LIBRARY_PATH=/home/eee/ros2/src/armor_detect_ros2-main/install/armor_interfaces/lib:${LD_LIBRARY_PATH} PYTHONPATH=/home/eee/ros2/src/armor_detect_ros2-main/install/armor_interfaces/local/lib/python3.10/dist-packages:${PYTHONPATH} /usr/bin/cmake --install /home/eee/ros2/src/armor_detect_ros2-main/build/armor_tracker_node
