[0.029s] Invoking command in '/home/eee/ros2/src/armor_detect_ros2-main/build/rm_serial_driver': AMENT_PREFIX_PATH=/home/eee/ros2/src/armor_detect_ros2-main/install/armor_interfaces:${AMENT_PREFIX_PATH} CMAKE_PREFIX_PATH=/home/eee/ros2/src/armor_detect_ros2-main/install/armor_interfaces:/opt/ros/humble LD_LIBRARY_PATH=/home/eee/ros2/src/armor_detect_ros2-main/install/armor_interfaces/lib:${LD_LIBRARY_PATH} PYTHONPATH=/home/eee/ros2/src/armor_detect_ros2-main/install/armor_interfaces/local/lib/python3.10/dist-packages:${PYTHONPATH} /usr/bin/cmake --build /home/eee/ros2/src/armor_detect_ros2-main/build/rm_serial_driver -- -j20 -l20
[0.146s] [ 22%] Built target rm_serial_driver_node
[0.157s] [ 33%] [32mBuilding CXX object CMakeFiles/rm_serial_driver.dir/src/rm_serial_driver.cpp.o[0m
[0.214s] [ 44%] [32m[1mLinking CXX shared library librm_serial_driver.so[0m
[0.443s] [ 55%] Built target rm_serial_driver
[0.532s] [ 66%] [32mBuilding CXX object CMakeFiles/rm_serial_node.dir/src/rm_serial_driver.cpp.o[0m
[0.535s] [ 77%] [32mBuilding CXX object CMakeFiles/rm_serial_node.dir/src/main.cpp.o[0m
[6.900s] [ 88%] [32m[1mLinking CXX executable rm_serial_node[0m
[7.257s] [100%] Built target rm_serial_node
[7.278s] Invoked command in '/home/eee/ros2/src/armor_detect_ros2-main/build/rm_serial_driver' returned '0': AMENT_PREFIX_PATH=/home/eee/ros2/src/armor_detect_ros2-main/install/armor_interfaces:${AMENT_PREFIX_PATH} CMAKE_PREFIX_PATH=/home/eee/ros2/src/armor_detect_ros2-main/install/armor_interfaces:/opt/ros/humble LD_LIBRARY_PATH=/home/eee/ros2/src/armor_detect_ros2-main/install/armor_interfaces/lib:${LD_LIBRARY_PATH} PYTHONPATH=/home/eee/ros2/src/armor_detect_ros2-main/install/armor_interfaces/local/lib/python3.10/dist-packages:${PYTHONPATH} /usr/bin/cmake --build /home/eee/ros2/src/armor_detect_ros2-main/build/rm_serial_driver -- -j20 -l20
[7.284s] Invoking command in '/home/eee/ros2/src/armor_detect_ros2-main/build/rm_serial_driver': AMENT_PREFIX_PATH=/home/eee/ros2/src/armor_detect_ros2-main/install/armor_interfaces:${AMENT_PREFIX_PATH} CMAKE_PREFIX_PATH=/home/eee/ros2/src/armor_detect_ros2-main/install/armor_interfaces:/opt/ros/humble LD_LIBRARY_PATH=/home/eee/ros2/src/armor_detect_ros2-main/install/armor_interfaces/lib:${LD_LIBRARY_PATH} PYTHONPATH=/home/eee/ros2/src/armor_detect_ros2-main/install/armor_interfaces/local/lib/python3.10/dist-packages:${PYTHONPATH} /usr/bin/cmake --install /home/eee/ros2/src/armor_detect_ros2-main/build/rm_serial_driver
[7.302s] -- Install configuration: ""
[7.303s] -- Up-to-date: /home/eee/ros2/src/armor_detect_ros2-main/install/rm_serial_driver/lib/rm_serial_driver/rm_serial_driver_node
[7.304s] -- Up-to-date: /home/eee/ros2/src/armor_detect_ros2-main/install/rm_serial_driver/include
[7.304s] -- Up-to-date: /home/eee/ros2/src/armor_detect_ros2-main/install/rm_serial_driver/include/rm_serial_driver
[7.304s] -- Up-to-date: /home/eee/ros2/src/armor_detect_ros2-main/install/rm_serial_driver/include/rm_serial_driver/crc.hpp
[7.304s] -- Up-to-date: /home/eee/ros2/src/armor_detect_ros2-main/install/rm_serial_driver/include/rm_serial_driver/packet.hpp
[7.305s] -- Up-to-date: /home/eee/ros2/src/armor_detect_ros2-main/install/rm_serial_driver/include/rm_serial_driver/rm_serial_driver.hpp
[7.305s] -- Up-to-date: /home/eee/ros2/src/armor_detect_ros2-main/install/rm_serial_driver/share/rm_serial_driver/environment/library_path.sh
[7.305s] -- Up-to-date: /home/eee/ros2/src/armor_detect_ros2-main/install/rm_serial_driver/share/rm_serial_driver/environment/library_path.dsv
[7.306s] -- Installing: /home/eee/ros2/src/armor_detect_ros2-main/install/rm_serial_driver/lib/librm_serial_driver.so
[7.307s] -- Set runtime path of "/home/eee/ros2/src/armor_detect_ros2-main/install/rm_serial_driver/lib/librm_serial_driver.so" to ""
[7.307s] -- Up-to-date: /home/eee/ros2/src/armor_detect_ros2-main/install/rm_serial_driver/share/rm_serial_driver/config
[7.307s] -- Up-to-date: /home/eee/ros2/src/armor_detect_ros2-main/install/rm_serial_driver/share/rm_serial_driver/config/serial_driver.yaml
[7.307s] -- Up-to-date: /home/eee/ros2/src/armor_detect_ros2-main/install/rm_serial_driver/share/rm_serial_driver/launch
[7.307s] -- Up-to-date: /home/eee/ros2/src/armor_detect_ros2-main/install/rm_serial_driver/share/rm_serial_driver/launch/serial_driver.launch.py
[7.308s] -- Up-to-date: /home/eee/ros2/src/armor_detect_ros2-main/install/rm_serial_driver/share/ament_index/resource_index/package_run_dependencies/rm_serial_driver
[7.308s] -- Up-to-date: /home/eee/ros2/src/armor_detect_ros2-main/install/rm_serial_driver/share/ament_index/resource_index/parent_prefix_path/rm_serial_driver
[7.308s] -- Up-to-date: /home/eee/ros2/src/armor_detect_ros2-main/install/rm_serial_driver/share/rm_serial_driver/environment/ament_prefix_path.sh
[7.308s] -- Up-to-date: /home/eee/ros2/src/armor_detect_ros2-main/install/rm_serial_driver/share/rm_serial_driver/environment/ament_prefix_path.dsv
[7.308s] -- Up-to-date: /home/eee/ros2/src/armor_detect_ros2-main/install/rm_serial_driver/share/rm_serial_driver/environment/path.sh
[7.308s] -- Up-to-date: /home/eee/ros2/src/armor_detect_ros2-main/install/rm_serial_driver/share/rm_serial_driver/environment/path.dsv
[7.308s] -- Up-to-date: /home/eee/ros2/src/armor_detect_ros2-main/install/rm_serial_driver/share/rm_serial_driver/local_setup.bash
[7.308s] -- Up-to-date: /home/eee/ros2/src/armor_detect_ros2-main/install/rm_serial_driver/share/rm_serial_driver/local_setup.sh
[7.309s] -- Up-to-date: /home/eee/ros2/src/armor_detect_ros2-main/install/rm_serial_driver/share/rm_serial_driver/local_setup.zsh
[7.309s] -- Up-to-date: /home/eee/ros2/src/armor_detect_ros2-main/install/rm_serial_driver/share/rm_serial_driver/local_setup.dsv
[7.309s] -- Installing: /home/eee/ros2/src/armor_detect_ros2-main/install/rm_serial_driver/share/rm_serial_driver/package.dsv
[7.309s] -- Up-to-date: /home/eee/ros2/src/armor_detect_ros2-main/install/rm_serial_driver/share/ament_index/resource_index/packages/rm_serial_driver
[7.309s] -- Up-to-date: /home/eee/ros2/src/armor_detect_ros2-main/install/rm_serial_driver/share/ament_index/resource_index/rclcpp_components/rm_serial_driver
[7.309s] -- Up-to-date: /home/eee/ros2/src/armor_detect_ros2-main/install/rm_serial_driver/share/rm_serial_driver/cmake/ament_cmake_export_dependencies-extras.cmake
[7.309s] -- Up-to-date: /home/eee/ros2/src/armor_detect_ros2-main/install/rm_serial_driver/share/rm_serial_driver/cmake/ament_cmake_export_include_directories-extras.cmake
[7.309s] -- Up-to-date: /home/eee/ros2/src/armor_detect_ros2-main/install/rm_serial_driver/share/rm_serial_driver/cmake/ament_cmake_export_libraries-extras.cmake
[7.309s] -- Up-to-date: /home/eee/ros2/src/armor_detect_ros2-main/install/rm_serial_driver/share/rm_serial_driver/cmake/rm_serial_driverConfig.cmake
[7.310s] -- Up-to-date: /home/eee/ros2/src/armor_detect_ros2-main/install/rm_serial_driver/share/rm_serial_driver/cmake/rm_serial_driverConfig-version.cmake
[7.310s] -- Up-to-date: /home/eee/ros2/src/armor_detect_ros2-main/install/rm_serial_driver/share/rm_serial_driver/package.xml
[7.312s] Invoked command in '/home/eee/ros2/src/armor_detect_ros2-main/build/rm_serial_driver' returned '0': AMENT_PREFIX_PATH=/home/eee/ros2/src/armor_detect_ros2-main/install/armor_interfaces:${AMENT_PREFIX_PATH} CMAKE_PREFIX_PATH=/home/eee/ros2/src/armor_detect_ros2-main/install/armor_interfaces:/opt/ros/humble LD_LIBRARY_PATH=/home/eee/ros2/src/armor_detect_ros2-main/install/armor_interfaces/lib:${LD_LIBRARY_PATH} PYTHONPATH=/home/eee/ros2/src/armor_detect_ros2-main/install/armor_interfaces/local/lib/python3.10/dist-packages:${PYTHONPATH} /usr/bin/cmake --install /home/eee/ros2/src/armor_detect_ros2-main/build/rm_serial_driver
