[0.018s] Invoking command in '/home/eee/ros2/src/armor_detect_ros2-main/build/rm_serial_driver': CMAKE_PREFIX_PATH=/home/eee/ros2/src/armor_detect_ros2-main/install/armor_interfaces:/home/eee/ros2/src/armor_detect_ros2-main/install/rm_serial_driver:/home/eee/ros2/src/armor_detect_ros2-main/install/armor_tracker_node:/home/eee/ros2/src/armor_detect_ros2-main/install/armor_drawer:/opt/ros/humble LD_LIBRARY_PATH=/home/eee/ros2/src/armor_detect_ros2-main/install/armor_interfaces/lib:/home/eee/ros2/src/armor_detect_ros2-main/install/rm_serial_driver/lib:/opt/ros/humble/opt/rviz_ogre_vendor/lib:/opt/ros/humble/lib/x86_64-linux-gnu:/opt/ros/humble/lib /usr/bin/cmake --build /home/eee/ros2/src/armor_detect_ros2-main/build/rm_serial_driver -- -j20 -l20
[0.058s] -- Found ament_cmake_auto: 1.3.14 (/opt/ros/humble/share/ament_cmake_auto/cmake)
[0.251s] -- Found libstatistics_collector: 1.3.4 (/opt/ros/humble/share/libstatistics_collector/cmake)
[0.291s] -- Found rosidl_generator_c: 3.1.8 (/opt/ros/humble/share/rosidl_generator_c/cmake)
[0.294s] -- Found rosidl_adapter: 3.1.8 (/opt/ros/humble/share/rosidl_adapter/cmake)
[0.302s] -- Found rosidl_generator_cpp: 3.1.8 (/opt/ros/humble/share/rosidl_generator_cpp/cmake)
[0.315s] -- Using all available rosidl_typesupport_c: rosidl_typesupport_fastrtps_c;rosidl_typesupport_introspection_c
[0.330s] -- Using all available rosidl_typesupport_cpp: rosidl_typesupport_fastrtps_cpp;rosidl_typesupport_introspection_cpp
[0.370s] -- Found rmw_implementation_cmake: 6.1.2 (/opt/ros/humble/share/rmw_implementation_cmake/cmake)
[0.372s] -- Found rmw_fastrtps_cpp: 6.2.10 (/opt/ros/humble/share/rmw_fastrtps_cpp/cmake)
[0.507s] -- Using RMW implementation 'rmw_fastrtps_cpp' as default
[0.703s] -- Found asio_cmake_module: 1.2.0 (/opt/ros/humble/share/asio_cmake_module/cmake)
[0.829s] -- Found eigen3_cmake_module: 0.1.1 (/opt/ros/humble/share/eigen3_cmake_module/cmake)
[0.831s] -- Ensuring Eigen3 include directory is part of orocos-kdl CMake target
[0.930s] -- Found ament_lint_auto: 0.12.15 (/opt/ros/humble/share/ament_lint_auto/cmake)
[0.950s] [0mIn this package, headers install destination is set to `include` by ament_auto_package. It is recommended to install `include/rm_serial_driver` instead and will be the default behavior of ament_auto_package from ROS 2 Kilted Kaiju. On distributions before Kilted, ament_auto_package behaves the same way when you use USE_SCOPED_HEADER_INSTALL_DIR option.[0m
[0.955s] -- Added test 'cppcheck' to perform static code analysis on C / C++ code
[0.956s] -- Configured cppcheck include dirs: /home/eee/ros2/src/armor_detect_ros2-main/src/serial_driver/include
[0.956s] -- Configured cppcheck exclude dirs and/or files: 
[0.957s] -- Added test 'cpplint' to check C / C++ code against the Google style
[0.957s] -- Configured cpplint exclude dirs and/or files: 
[0.957s] -- Added test 'flake8' to check Python code syntax and style conventions
[0.958s] -- Added test 'lint_cmake' to check CMake code style
[0.958s] -- Added test 'pep257' to check Python code against some of the docstring style conventions in PEP 257
[0.959s] -- Added test 'xmllint' to check XML markup files
[0.961s] -- Configuring done
[1.010s] -- Generating done
[1.022s] -- Build files have been written to: /home/eee/ros2/src/armor_detect_ros2-main/build/rm_serial_driver
[1.061s] [35m[1mConsolidate compiler generated dependencies of target rm_serial_driver[0m
[1.063s] [35m[1mConsolidate compiler generated dependencies of target rm_serial_driver_node[0m
[1.090s] [ 25%] Built target rm_serial_driver_node
[1.095s] [ 37%] [32mBuilding CXX object CMakeFiles/rm_serial_driver.dir/src/rm_serial_driver.cpp.o[0m
[12.051s] [ 50%] [32m[1mLinking CXX shared library librm_serial_driver.so[0m
[12.785s] [ 62%] Built target rm_serial_driver
[12.803s] [35m[1mConsolidate compiler generated dependencies of target my_rm_serial_node[0m
[12.837s] [ 75%] [32mBuilding CXX object CMakeFiles/my_rm_serial_node.dir/src/rm_serial_driver.cpp.o[0m
[22.859s] [ 87%] [32m[1mLinking CXX executable my_rm_serial_node[0m
[23.497s] /usr/bin/ld: /usr/lib/gcc/x86_64-linux-gnu/11/../../../x86_64-linux-gnu/Scrt1.o: in function `_start':
[23.497s] (.text+0x1b): undefined reference to `main'
[23.546s] collect2: error: ld returned 1 exit status
[23.549s] gmake[2]: *** [CMakeFiles/my_rm_serial_node.dir/build.make:312：my_rm_serial_node] 错误 1
[23.549s] gmake[1]: *** [CMakeFiles/Makefile2:193：CMakeFiles/my_rm_serial_node.dir/all] 错误 2
[23.549s] gmake: *** [Makefile:146：all] 错误 2
[23.553s] Invoked command in '/home/eee/ros2/src/armor_detect_ros2-main/build/rm_serial_driver' returned '2': CMAKE_PREFIX_PATH=/home/eee/ros2/src/armor_detect_ros2-main/install/armor_interfaces:/home/eee/ros2/src/armor_detect_ros2-main/install/rm_serial_driver:/home/eee/ros2/src/armor_detect_ros2-main/install/armor_tracker_node:/home/eee/ros2/src/armor_detect_ros2-main/install/armor_drawer:/opt/ros/humble LD_LIBRARY_PATH=/home/eee/ros2/src/armor_detect_ros2-main/install/armor_interfaces/lib:/home/eee/ros2/src/armor_detect_ros2-main/install/rm_serial_driver/lib:/opt/ros/humble/opt/rviz_ogre_vendor/lib:/opt/ros/humble/lib/x86_64-linux-gnu:/opt/ros/humble/lib /usr/bin/cmake --build /home/eee/ros2/src/armor_detect_ros2-main/build/rm_serial_driver -- -j20 -l20
