In file included from [01m[K/home/eee/ros2/src/armor_detect_ros2-main/src/armor_tracker/src/ArmorTracker.cpp:518[m[K:
[01m[K/home/eee/ros2/src/armor_detect_ros2-main/src/armor_tracker/include/ArmorTracker.hpp:31:10:[m[K [01;31m[Kfatal error: [m[Kimage_transport/image_transport.h: 没有那个文件或目录
   31 | #include [01;31m[K<image_transport/image_transport.h>[m[K
      |          [01;31m[K^~~~~~~~~~~~~~~~~~~~~~~~~~~~~~~~~~~[m[K
compilation terminated.
In file included from [01m[K/home/eee/ros2/src/armor_detect_ros2-main/src/armor_tracker/src/main1.cpp:2[m[K:
[01m[K/home/eee/ros2/src/armor_detect_ros2-main/src/armor_tracker/include/ArmorTracker.hpp:31:10:[m[K [01;31m[Kfatal error: [m[Kimage_transport/image_transport.h: 没有那个文件或目录
   31 | #include [01;31m[K<image_transport/image_transport.h>[m[K
      |          [01;31m[K^~~~~~~~~~~~~~~~~~~~~~~~~~~~~~~~~~~[m[K
compilation terminated.
gmake[2]: *** [CMakeFiles/armor_tracker_node.dir/build.make:188：CMakeFiles/armor_tracker_node.dir/src/ArmorTracker.cpp.o] 错误 1
gmake[2]: *** 正在等待未完成的任务....
gmake[2]: *** [CMakeFiles/armor_tracker_node.dir/build.make:76：CMakeFiles/armor_tracker_node.dir/src/main1.cpp.o] 错误 1
[01m[K/home/eee/ros2/src/armor_detect_ros2-main/src/armor_tracker/src/MultipleKalman.cpp:[m[K In member function ‘[01m[Kvoid MultipleKalman::update(const std::vector<double, std::allocator<double> >&, double)[m[K’:
[01m[K/home/eee/ros2/src/armor_detect_ros2-main/src/armor_tracker/src/MultipleKalman.cpp:41:19:[m[K [01;31m[Kerror: [m[Kno matching function for call to ‘[01m[KKalman::predict()[m[K’
   41 |         [01;31m[Kk1.predict()[m[K;
      |         [01;31m[K~~~~~~~~~~^~[m[K
In file included from [01m[K/home/eee/ros2/src/armor_detect_ros2-main/src/armor_tracker/include/MultipleKalman.h:4[m[K,
                 from [01m[K/home/eee/ros2/src/armor_detect_ros2-main/src/armor_tracker/src/MultipleKalman.cpp:1[m[K:
[01m[K/home/eee/ros2/src/armor_detect_ros2-main/src/armor_tracker/include/KalmanFilter.h:25:21:[m[K [01;36m[Knote: [m[Kcandidate: ‘[01m[KEigen::VectorXd Kalman::predict(double)[m[K’
   25 |     Eigen::VectorXd [01;36m[Kpredict[m[K(double dt);
      |                     [01;36m[K^~~~~~~[m[K
[01m[K/home/eee/ros2/src/armor_detect_ros2-main/src/armor_tracker/include/KalmanFilter.h:25:21:[m[K [01;36m[Knote: [m[K  candidate expects 1 argument, 0 provided
[01m[K/home/eee/ros2/src/armor_detect_ros2-main/src/armor_tracker/src/MultipleKalman.cpp:46:19:[m[K [01;31m[Kerror: [m[Kno matching function for call to ‘[01m[KKalman::predict()[m[K’
   46 |         [01;31m[Kk2.predict()[m[K;
      |         [01;31m[K~~~~~~~~~~^~[m[K
In file included from [01m[K/home/eee/ros2/src/armor_detect_ros2-main/src/armor_tracker/include/MultipleKalman.h:4[m[K,
                 from [01m[K/home/eee/ros2/src/armor_detect_ros2-main/src/armor_tracker/src/MultipleKalman.cpp:1[m[K:
[01m[K/home/eee/ros2/src/armor_detect_ros2-main/src/armor_tracker/include/KalmanFilter.h:25:21:[m[K [01;36m[Knote: [m[Kcandidate: ‘[01m[KEigen::VectorXd Kalman::predict(double)[m[K’
   25 |     Eigen::VectorXd [01;36m[Kpredict[m[K(double dt);
      |                     [01;36m[K^~~~~~~[m[K
[01m[K/home/eee/ros2/src/armor_detect_ros2-main/src/armor_tracker/include/KalmanFilter.h:25:21:[m[K [01;36m[Knote: [m[K  candidate expects 1 argument, 0 provided
[01m[K/home/eee/ros2/src/armor_detect_ros2-main/src/armor_tracker/src/MultipleKalman.cpp:57:20:[m[K [01;31m[Kerror: [m[Kno matching function for call to ‘[01m[KKalman::init(double&, double&, double&)[m[K’
   57 |             [01;31m[Kk1.init(meas, delta_time, meas)[m[K;
      |             [01;31m[K~~~~~~~^~~~~~~~~~~~~~~~~~~~~~~~[m[K
In file included from [01m[K/home/eee/ros2/src/armor_detect_ros2-main/src/armor_tracker/include/MultipleKalman.h:4[m[K,
                 from [01m[K/home/eee/ros2/src/armor_detect_ros2-main/src/armor_tracker/src/MultipleKalman.cpp:1[m[K:
[01m[K/home/eee/ros2/src/armor_detect_ros2-main/src/armor_tracker/include/KalmanFilter.h:29:10:[m[K [01;36m[Knote: [m[Kcandidate: ‘[01m[Kvoid Kalman::init(geometry_msgs::msg::PointStamped, double)[m[K’
   29 |     void [01;36m[Kinit[m[K(geometry_msgs::msg::PointStamped point,double delta_time);
      |          [01;36m[K^~~~[m[K
[01m[K/home/eee/ros2/src/armor_detect_ros2-main/src/armor_tracker/include/KalmanFilter.h:29:10:[m[K [01;36m[Knote: [m[K  candidate expects 2 arguments, 3 provided
[01m[K/home/eee/ros2/src/armor_detect_ros2-main/src/armor_tracker/src/MultipleKalman.cpp:70:24:[m[K [01;31m[Kerror: [m[Kno matching function for call to ‘[01m[KKalman::init(double&, double&, double&)[m[K’
   70 |                 [01;31m[Kk1.init(meas, delta_time, meas)[m[K;
      |                 [01;31m[K~~~~~~~^~~~~~~~~~~~~~~~~~~~~~~~[m[K
In file included from [01m[K/home/eee/ros2/src/armor_detect_ros2-main/src/armor_tracker/include/MultipleKalman.h:4[m[K,
                 from [01m[K/home/eee/ros2/src/armor_detect_ros2-main/src/armor_tracker/src/MultipleKalman.cpp:1[m[K:
[01m[K/home/eee/ros2/src/armor_detect_ros2-main/src/armor_tracker/include/KalmanFilter.h:29:10:[m[K [01;36m[Knote: [m[Kcandidate: ‘[01m[Kvoid Kalman::init(geometry_msgs::msg::PointStamped, double)[m[K’
   29 |     void [01;36m[Kinit[m[K(geometry_msgs::msg::PointStamped point,double delta_time);
      |          [01;36m[K^~~~[m[K
[01m[K/home/eee/ros2/src/armor_detect_ros2-main/src/armor_tracker/include/KalmanFilter.h:29:10:[m[K [01;36m[Knote: [m[K  candidate expects 2 arguments, 3 provided
[01m[K/home/eee/ros2/src/armor_detect_ros2-main/src/armor_tracker/src/MultipleKalman.cpp:74:26:[m[K [01;31m[Kerror: [m[Kno matching function for call to ‘[01m[KKalman::update(double&, double&, double&)[m[K’
   74 |                 [01;31m[Kk1.update(meas, delta_time, pre_yaw1)[m[K;
      |                 [01;31m[K~~~~~~~~~^~~~~~~~~~~~~~~~~~~~~~~~~~~~[m[K
In file included from [01m[K/home/eee/ros2/src/armor_detect_ros2-main/src/armor_tracker/include/MultipleKalman.h:4[m[K,
                 from [01m[K/home/eee/ros2/src/armor_detect_ros2-main/src/armor_tracker/src/MultipleKalman.cpp:1[m[K:
[01m[K/home/eee/ros2/src/armor_detect_ros2-main/src/armor_tracker/include/KalmanFilter.h:27:21:[m[K [01;36m[Knote: [m[Kcandidate: ‘[01m[KEigen::VectorXd Kalman::update(geometry_msgs::msg::PointStamped)[m[K’
   27 |     Eigen::VectorXd [01;36m[Kupdate[m[K(geometry_msgs::msg::PointStamped point);
      |                     [01;36m[K^~~~~~[m[K
[01m[K/home/eee/ros2/src/armor_detect_ros2-main/src/armor_tracker/include/KalmanFilter.h:27:21:[m[K [01;36m[Knote: [m[K  candidate expects 1 argument, 3 provided
[01m[K/home/eee/ros2/src/armor_detect_ros2-main/src/armor_tracker/src/MultipleKalman.cpp:91:24:[m[K [01;31m[Kerror: [m[Kno matching function for call to ‘[01m[KKalman::init(double&, double&, double&)[m[K’
   91 |                 [01;31m[Kk1.init(meas, delta_time, meas)[m[K;
      |                 [01;31m[K~~~~~~~^~~~~~~~~~~~~~~~~~~~~~~~[m[K
In file included from [01m[K/home/eee/ros2/src/armor_detect_ros2-main/src/armor_tracker/include/MultipleKalman.h:4[m[K,
                 from [01m[K/home/eee/ros2/src/armor_detect_ros2-main/src/armor_tracker/src/MultipleKalman.cpp:1[m[K:
[01m[K/home/eee/ros2/src/armor_detect_ros2-main/src/armor_tracker/include/KalmanFilter.h:29:10:[m[K [01;36m[Knote: [m[Kcandidate: ‘[01m[Kvoid Kalman::init(geometry_msgs::msg::PointStamped, double)[m[K’
   29 |     void [01;36m[Kinit[m[K(geometry_msgs::msg::PointStamped point,double delta_time);
      |          [01;36m[K^~~~[m[K
[01m[K/home/eee/ros2/src/armor_detect_ros2-main/src/armor_tracker/include/KalmanFilter.h:29:10:[m[K [01;36m[Knote: [m[K  candidate expects 2 arguments, 3 provided
[01m[K/home/eee/ros2/src/armor_detect_ros2-main/src/armor_tracker/src/MultipleKalman.cpp:98:26:[m[K [01;31m[Kerror: [m[Kno matching function for call to ‘[01m[KKalman::update(double&, double&, double&)[m[K’
   98 |                 [01;31m[Kk1.update(meas, delta_time, pre_yaw1)[m[K;
      |                 [01;31m[K~~~~~~~~~^~~~~~~~~~~~~~~~~~~~~~~~~~~~[m[K
In file included from [01m[K/home/eee/ros2/src/armor_detect_ros2-main/src/armor_tracker/include/MultipleKalman.h:4[m[K,
                 from [01m[K/home/eee/ros2/src/armor_detect_ros2-main/src/armor_tracker/src/MultipleKalman.cpp:1[m[K:
[01m[K/home/eee/ros2/src/armor_detect_ros2-main/src/armor_tracker/include/KalmanFilter.h:27:21:[m[K [01;36m[Knote: [m[Kcandidate: ‘[01m[KEigen::VectorXd Kalman::update(geometry_msgs::msg::PointStamped)[m[K’
   27 |     Eigen::VectorXd [01;36m[Kupdate[m[K(geometry_msgs::msg::PointStamped point);
      |                     [01;36m[K^~~~~~[m[K
[01m[K/home/eee/ros2/src/armor_detect_ros2-main/src/armor_tracker/include/KalmanFilter.h:27:21:[m[K [01;36m[Knote: [m[K  candidate expects 1 argument, 3 provided
[01m[K/home/eee/ros2/src/armor_detect_ros2-main/src/armor_tracker/src/MultipleKalman.cpp:105:26:[m[K [01;31m[Kerror: [m[Kno matching function for call to ‘[01m[KKalman::update(double&, double&, double&)[m[K’
  105 |                 [01;31m[Kk2.update(meas, delta_time, pre_yaw2)[m[K;
      |                 [01;31m[K~~~~~~~~~^~~~~~~~~~~~~~~~~~~~~~~~~~~~[m[K
In file included from [01m[K/home/eee/ros2/src/armor_detect_ros2-main/src/armor_tracker/include/MultipleKalman.h:4[m[K,
                 from [01m[K/home/eee/ros2/src/armor_detect_ros2-main/src/armor_tracker/src/MultipleKalman.cpp:1[m[K:
[01m[K/home/eee/ros2/src/armor_detect_ros2-main/src/armor_tracker/include/KalmanFilter.h:27:21:[m[K [01;36m[Knote: [m[Kcandidate: ‘[01m[KEigen::VectorXd Kalman::update(geometry_msgs::msg::PointStamped)[m[K’
   27 |     Eigen::VectorXd [01;36m[Kupdate[m[K(geometry_msgs::msg::PointStamped point);
      |                     [01;36m[K^~~~~~[m[K
[01m[K/home/eee/ros2/src/armor_detect_ros2-main/src/armor_tracker/include/KalmanFilter.h:27:21:[m[K [01;36m[Knote: [m[K  candidate expects 1 argument, 3 provided
[01m[K/home/eee/ros2/src/armor_detect_ros2-main/src/armor_tracker/src/MultipleKalman.cpp:116:30:[m[K [01;31m[Kerror: [m[Kno matching function for call to ‘[01m[KKalman::update(double&, double&, double&)[m[K’
  116 |                     [01;31m[Kk1.update(meas, delta_time, pre_yaw1)[m[K;
      |                     [01;31m[K~~~~~~~~~^~~~~~~~~~~~~~~~~~~~~~~~~~~~[m[K
In file included from [01m[K/home/eee/ros2/src/armor_detect_ros2-main/src/armor_tracker/include/MultipleKalman.h:4[m[K,
                 from [01m[K/home/eee/ros2/src/armor_detect_ros2-main/src/armor_tracker/src/MultipleKalman.cpp:1[m[K:
[01m[K/home/eee/ros2/src/armor_detect_ros2-main/src/armor_tracker/include/KalmanFilter.h:27:21:[m[K [01;36m[Knote: [m[Kcandidate: ‘[01m[KEigen::VectorXd Kalman::update(geometry_msgs::msg::PointStamped)[m[K’
   27 |     Eigen::VectorXd [01;36m[Kupdate[m[K(geometry_msgs::msg::PointStamped point);
      |                     [01;36m[K^~~~~~[m[K
[01m[K/home/eee/ros2/src/armor_detect_ros2-main/src/armor_tracker/include/KalmanFilter.h:27:21:[m[K [01;36m[Knote: [m[K  candidate expects 1 argument, 3 provided
[01m[K/home/eee/ros2/src/armor_detect_ros2-main/src/armor_tracker/src/MultipleKalman.cpp:122:30:[m[K [01;31m[Kerror: [m[Kno matching function for call to ‘[01m[KKalman::update(double&, double&, double&)[m[K’
  122 |                     [01;31m[Kk2.update(meas, delta_time, pre_yaw2)[m[K;
      |                     [01;31m[K~~~~~~~~~^~~~~~~~~~~~~~~~~~~~~~~~~~~~[m[K
In file included from [01m[K/home/eee/ros2/src/armor_detect_ros2-main/src/armor_tracker/include/MultipleKalman.h:4[m[K,
                 from [01m[K/home/eee/ros2/src/armor_detect_ros2-main/src/armor_tracker/src/MultipleKalman.cpp:1[m[K:
[01m[K/home/eee/ros2/src/armor_detect_ros2-main/src/armor_tracker/include/KalmanFilter.h:27:21:[m[K [01;36m[Knote: [m[Kcandidate: ‘[01m[KEigen::VectorXd Kalman::update(geometry_msgs::msg::PointStamped)[m[K’
   27 |     Eigen::VectorXd [01;36m[Kupdate[m[K(geometry_msgs::msg::PointStamped point);
      |                     [01;36m[K^~~~~~[m[K
[01m[K/home/eee/ros2/src/armor_detect_ros2-main/src/armor_tracker/include/KalmanFilter.h:27:21:[m[K [01;36m[Knote: [m[K  candidate expects 1 argument, 3 provided
[01m[K/home/eee/ros2/src/armor_detect_ros2-main/src/armor_tracker/src/MultipleKalman.cpp:140:20:[m[K [01;31m[Kerror: [m[Kno matching function for call to ‘[01m[KKalman::init(double&, double&, double&)[m[K’
  140 |             [01;31m[Kk1.init(m1, delta_time, m1)[m[K;
      |             [01;31m[K~~~~~~~^~~~~~~~~~~~~~~~~~~~[m[K
In file included from [01m[K/home/eee/ros2/src/armor_detect_ros2-main/src/armor_tracker/include/MultipleKalman.h:4[m[K,
                 from [01m[K/home/eee/ros2/src/armor_detect_ros2-main/src/armor_tracker/src/MultipleKalman.cpp:1[m[K:
[01m[K/home/eee/ros2/src/armor_detect_ros2-main/src/armor_tracker/include/KalmanFilter.h:29:10:[m[K [01;36m[Knote: [m[Kcandidate: ‘[01m[Kvoid Kalman::init(geometry_msgs::msg::PointStamped, double)[m[K’
   29 |     void [01;36m[Kinit[m[K(geometry_msgs::msg::PointStamped point,double delta_time);
      |          [01;36m[K^~~~[m[K
[01m[K/home/eee/ros2/src/armor_detect_ros2-main/src/armor_tracker/include/KalmanFilter.h:29:10:[m[K [01;36m[Knote: [m[K  candidate expects 2 arguments, 3 provided
[01m[K/home/eee/ros2/src/armor_detect_ros2-main/src/armor_tracker/src/MultipleKalman.cpp:150:20:[m[K [01;31m[Kerror: [m[Kno matching function for call to ‘[01m[KKalman::init(double&, double&, double&)[m[K’
  150 |             [01;31m[Kk2.init(m2, delta_time, m2)[m[K;
      |             [01;31m[K~~~~~~~^~~~~~~~~~~~~~~~~~~~[m[K
In file included from [01m[K/home/eee/ros2/src/armor_detect_ros2-main/src/armor_tracker/include/MultipleKalman.h:4[m[K,
                 from [01m[K/home/eee/ros2/src/armor_detect_ros2-main/src/armor_tracker/src/MultipleKalman.cpp:1[m[K:
[01m[K/home/eee/ros2/src/armor_detect_ros2-main/src/armor_tracker/include/KalmanFilter.h:29:10:[m[K [01;36m[Knote: [m[Kcandidate: ‘[01m[Kvoid Kalman::init(geometry_msgs::msg::PointStamped, double)[m[K’
   29 |     void [01;36m[Kinit[m[K(geometry_msgs::msg::PointStamped point,double delta_time);
      |          [01;36m[K^~~~[m[K
[01m[K/home/eee/ros2/src/armor_detect_ros2-main/src/armor_tracker/include/KalmanFilter.h:29:10:[m[K [01;36m[Knote: [m[K  candidate expects 2 arguments, 3 provided
[01m[K/home/eee/ros2/src/armor_detect_ros2-main/src/armor_tracker/src/MultipleKalman.cpp:168:24:[m[K [01;31m[Kerror: [m[Kno matching function for call to ‘[01m[KKalman::init(double&, double&, double&)[m[K’
  168 |                 [01;31m[Kk1.init(m1, delta_time, m1)[m[K;
      |                 [01;31m[K~~~~~~~^~~~~~~~~~~~~~~~~~~~[m[K
In file included from [01m[K/home/eee/ros2/src/armor_detect_ros2-main/src/armor_tracker/include/MultipleKalman.h:4[m[K,
                 from [01m[K/home/eee/ros2/src/armor_detect_ros2-main/src/armor_tracker/src/MultipleKalman.cpp:1[m[K:
[01m[K/home/eee/ros2/src/armor_detect_ros2-main/src/armor_tracker/include/KalmanFilter.h:29:10:[m[K [01;36m[Knote: [m[Kcandidate: ‘[01m[Kvoid Kalman::init(geometry_msgs::msg::PointStamped, double)[m[K’
   29 |     void [01;36m[Kinit[m[K(geometry_msgs::msg::PointStamped point,double delta_time);
      |          [01;36m[K^~~~[m[K
[01m[K/home/eee/ros2/src/armor_detect_ros2-main/src/armor_tracker/include/KalmanFilter.h:29:10:[m[K [01;36m[Knote: [m[K  candidate expects 2 arguments, 3 provided
[01m[K/home/eee/ros2/src/armor_detect_ros2-main/src/armor_tracker/src/MultipleKalman.cpp:178:24:[m[K [01;31m[Kerror: [m[Kno matching function for call to ‘[01m[KKalman::init(double&, double&, double&)[m[K’
  178 |                 [01;31m[Kk2.init(m2, delta_time, m2)[m[K;
      |                 [01;31m[K~~~~~~~^~~~~~~~~~~~~~~~~~~~[m[K
In file included from [01m[K/home/eee/ros2/src/armor_detect_ros2-main/src/armor_tracker/include/MultipleKalman.h:4[m[K,
                 from [01m[K/home/eee/ros2/src/armor_detect_ros2-main/src/armor_tracker/src/MultipleKalman.cpp:1[m[K:
[01m[K/home/eee/ros2/src/armor_detect_ros2-main/src/armor_tracker/include/KalmanFilter.h:29:10:[m[K [01;36m[Knote: [m[Kcandidate: ‘[01m[Kvoid Kalman::init(geometry_msgs::msg::PointStamped, double)[m[K’
   29 |     void [01;36m[Kinit[m[K(geometry_msgs::msg::PointStamped point,double delta_time);
      |          [01;36m[K^~~~[m[K
[01m[K/home/eee/ros2/src/armor_detect_ros2-main/src/armor_tracker/include/KalmanFilter.h:29:10:[m[K [01;36m[Knote: [m[K  candidate expects 2 arguments, 3 provided
[01m[K/home/eee/ros2/src/armor_detect_ros2-main/src/armor_tracker/src/MultipleKalman.cpp:187:26:[m[K [01;31m[Kerror: [m[Kno matching function for call to ‘[01m[KKalman::update(double&, double&, double&)[m[K’
  187 |                 [01;31m[Kk1.update(old_meas, delta_time, pre_yaw1)[m[K;
      |                 [01;31m[K~~~~~~~~~^~~~~~~~~~~~~~~~~~~~~~~~~~~~~~~~[m[K
In file included from [01m[K/home/eee/ros2/src/armor_detect_ros2-main/src/armor_tracker/include/MultipleKalman.h:4[m[K,
                 from [01m[K/home/eee/ros2/src/armor_detect_ros2-main/src/armor_tracker/src/MultipleKalman.cpp:1[m[K:
[01m[K/home/eee/ros2/src/armor_detect_ros2-main/src/armor_tracker/include/KalmanFilter.h:27:21:[m[K [01;36m[Knote: [m[Kcandidate: ‘[01m[KEigen::VectorXd Kalman::update(geometry_msgs::msg::PointStamped)[m[K’
   27 |     Eigen::VectorXd [01;36m[Kupdate[m[K(geometry_msgs::msg::PointStamped point);
      |                     [01;36m[K^~~~~~[m[K
[01m[K/home/eee/ros2/src/armor_detect_ros2-main/src/armor_tracker/include/KalmanFilter.h:27:21:[m[K [01;36m[Knote: [m[K  candidate expects 1 argument, 3 provided
[01m[K/home/eee/ros2/src/armor_detect_ros2-main/src/armor_tracker/src/MultipleKalman.cpp:196:24:[m[K [01;31m[Kerror: [m[Kno matching function for call to ‘[01m[KKalman::init(double&, double&, double&)[m[K’
  196 |                 [01;31m[Kk2.init(new_meas, delta_time, new_meas)[m[K;
      |                 [01;31m[K~~~~~~~^~~~~~~~~~~~~~~~~~~~~~~~~~~~~~~~[m[K
In file included from [01m[K/home/eee/ros2/src/armor_detect_ros2-main/src/armor_tracker/include/MultipleKalman.h:4[m[K,
                 from [01m[K/home/eee/ros2/src/armor_detect_ros2-main/src/armor_tracker/src/MultipleKalman.cpp:1[m[K:
[01m[K/home/eee/ros2/src/armor_detect_ros2-main/src/armor_tracker/include/KalmanFilter.h:29:10:[m[K [01;36m[Knote: [m[Kcandidate: ‘[01m[Kvoid Kalman::init(geometry_msgs::msg::PointStamped, double)[m[K’
   29 |     void [01;36m[Kinit[m[K(geometry_msgs::msg::PointStamped point,double delta_time);
      |          [01;36m[K^~~~[m[K
[01m[K/home/eee/ros2/src/armor_detect_ros2-main/src/armor_tracker/include/KalmanFilter.h:29:10:[m[K [01;36m[Knote: [m[K  candidate expects 2 arguments, 3 provided
[01m[K/home/eee/ros2/src/armor_detect_ros2-main/src/armor_tracker/src/MultipleKalman.cpp:222:24:[m[K [01;31m[Kerror: [m[Kno matching function for call to ‘[01m[KKalman::init(double&, double&, double&)[m[K’
  222 |                 [01;31m[Kk1.init(m1, delta_time, m1)[m[K;
      |                 [01;31m[K~~~~~~~^~~~~~~~~~~~~~~~~~~~[m[K
In file included from [01m[K/home/eee/ros2/src/armor_detect_ros2-main/src/armor_tracker/include/MultipleKalman.h:4[m[K,
                 from [01m[K/home/eee/ros2/src/armor_detect_ros2-main/src/armor_tracker/src/MultipleKalman.cpp:1[m[K:
[01m[K/home/eee/ros2/src/armor_detect_ros2-main/src/armor_tracker/include/KalmanFilter.h:29:10:[m[K [01;36m[Knote: [m[Kcandidate: ‘[01m[Kvoid Kalman::init(geometry_msgs::msg::PointStamped, double)[m[K’
   29 |     void [01;36m[Kinit[m[K(geometry_msgs::msg::PointStamped point,double delta_time);
      |          [01;36m[K^~~~[m[K
[01m[K/home/eee/ros2/src/armor_detect_ros2-main/src/armor_tracker/include/KalmanFilter.h:29:10:[m[K [01;36m[Knote: [m[K  candidate expects 2 arguments, 3 provided
[01m[K/home/eee/ros2/src/armor_detect_ros2-main/src/armor_tracker/src/MultipleKalman.cpp:231:24:[m[K [01;31m[Kerror: [m[Kno matching function for call to ‘[01m[KKalman::init(double&, double&, double&)[m[K’
  231 |                 [01;31m[Kk2.init(m2, delta_time, m2)[m[K;
      |                 [01;31m[K~~~~~~~^~~~~~~~~~~~~~~~~~~~[m[K
In file included from [01m[K/home/eee/ros2/src/armor_detect_ros2-main/src/armor_tracker/include/MultipleKalman.h:4[m[K,
                 from [01m[K/home/eee/ros2/src/armor_detect_ros2-main/src/armor_tracker/src/MultipleKalman.cpp:1[m[K:
[01m[K/home/eee/ros2/src/armor_detect_ros2-main/src/armor_tracker/include/KalmanFilter.h:29:10:[m[K [01;36m[Knote: [m[Kcandidate: ‘[01m[Kvoid Kalman::init(geometry_msgs::msg::PointStamped, double)[m[K’
   29 |     void [01;36m[Kinit[m[K(geometry_msgs::msg::PointStamped point,double delta_time);
      |          [01;36m[K^~~~[m[K
[01m[K/home/eee/ros2/src/armor_detect_ros2-main/src/armor_tracker/include/KalmanFilter.h:29:10:[m[K [01;36m[Knote: [m[K  candidate expects 2 arguments, 3 provided
[01m[K/home/eee/ros2/src/armor_detect_ros2-main/src/armor_tracker/src/MultipleKalman.cpp:238:26:[m[K [01;31m[Kerror: [m[Kno matching function for call to ‘[01m[KKalman::update(double&, double&, double&)[m[K’
  238 |                 [01;31m[Kk2.update(chosen_m_k2, delta_time, pre_yaw2)[m[K;
      |                 [01;31m[K~~~~~~~~~^~~~~~~~~~~~~~~~~~~~~~~~~~~~~~~~~~~[m[K
In file included from [01m[K/home/eee/ros2/src/armor_detect_ros2-main/src/armor_tracker/include/MultipleKalman.h:4[m[K,
                 from [01m[K/home/eee/ros2/src/armor_detect_ros2-main/src/armor_tracker/src/MultipleKalman.cpp:1[m[K:
[01m[K/home/eee/ros2/src/armor_detect_ros2-main/src/armor_tracker/include/KalmanFilter.h:27:21:[m[K [01;36m[Knote: [m[Kcandidate: ‘[01m[KEigen::VectorXd Kalman::update(geometry_msgs::msg::PointStamped)[m[K’
   27 |     Eigen::VectorXd [01;36m[Kupdate[m[K(geometry_msgs::msg::PointStamped point);
      |                     [01;36m[K^~~~~~[m[K
[01m[K/home/eee/ros2/src/armor_detect_ros2-main/src/armor_tracker/include/KalmanFilter.h:27:21:[m[K [01;36m[Knote: [m[K  candidate expects 1 argument, 3 provided
[01m[K/home/eee/ros2/src/armor_detect_ros2-main/src/armor_tracker/src/MultipleKalman.cpp:248:26:[m[K [01;31m[Kerror: [m[Kno matching function for call to ‘[01m[KKalman::update(double&, double&, double&)[m[K’
  248 |                 [01;31m[Kk1.update(chosen_m_k1, delta_time, pre_yaw1)[m[K;
      |                 [01;31m[K~~~~~~~~~^~~~~~~~~~~~~~~~~~~~~~~~~~~~~~~~~~~[m[K
In file included from [01m[K/home/eee/ros2/src/armor_detect_ros2-main/src/armor_tracker/include/MultipleKalman.h:4[m[K,
                 from [01m[K/home/eee/ros2/src/armor_detect_ros2-main/src/armor_tracker/src/MultipleKalman.cpp:1[m[K:
[01m[K/home/eee/ros2/src/armor_detect_ros2-main/src/armor_tracker/include/KalmanFilter.h:27:21:[m[K [01;36m[Knote: [m[Kcandidate: ‘[01m[KEigen::VectorXd Kalman::update(geometry_msgs::msg::PointStamped)[m[K’
   27 |     Eigen::VectorXd [01;36m[Kupdate[m[K(geometry_msgs::msg::PointStamped point);
      |                     [01;36m[K^~~~~~[m[K
[01m[K/home/eee/ros2/src/armor_detect_ros2-main/src/armor_tracker/include/KalmanFilter.h:27:21:[m[K [01;36m[Knote: [m[K  candidate expects 1 argument, 3 provided
[01m[K/home/eee/ros2/src/armor_detect_ros2-main/src/armor_tracker/src/MultipleKalman.cpp:255:26:[m[K [01;31m[Kerror: [m[Kno matching function for call to ‘[01m[KKalman::update(double&, double&, double&)[m[K’
  255 |                 [01;31m[Kk1.update(chosen_m_k1, delta_time, pre_yaw1)[m[K;
      |                 [01;31m[K~~~~~~~~~^~~~~~~~~~~~~~~~~~~~~~~~~~~~~~~~~~~[m[K
In file included from [01m[K/home/eee/ros2/src/armor_detect_ros2-main/src/armor_tracker/include/MultipleKalman.h:4[m[K,
                 from [01m[K/home/eee/ros2/src/armor_detect_ros2-main/src/armor_tracker/src/MultipleKalman.cpp:1[m[K:
[01m[K/home/eee/ros2/src/armor_detect_ros2-main/src/armor_tracker/include/KalmanFilter.h:27:21:[m[K [01;36m[Knote: [m[Kcandidate: ‘[01m[KEigen::VectorXd Kalman::update(geometry_msgs::msg::PointStamped)[m[K’
   27 |     Eigen::VectorXd [01;36m[Kupdate[m[K(geometry_msgs::msg::PointStamped point);
      |                     [01;36m[K^~~~~~[m[K
[01m[K/home/eee/ros2/src/armor_detect_ros2-main/src/armor_tracker/include/KalmanFilter.h:27:21:[m[K [01;36m[Knote: [m[K  candidate expects 1 argument, 3 provided
[01m[K/home/eee/ros2/src/armor_detect_ros2-main/src/armor_tracker/src/MultipleKalman.cpp:257:26:[m[K [01;31m[Kerror: [m[Kno matching function for call to ‘[01m[KKalman::update(double&, double&, double&)[m[K’
  257 |                 [01;31m[Kk2.update(chosen_m_k2, delta_time, pre_yaw2)[m[K;
      |                 [01;31m[K~~~~~~~~~^~~~~~~~~~~~~~~~~~~~~~~~~~~~~~~~~~~[m[K
In file included from [01m[K/home/eee/ros2/src/armor_detect_ros2-main/src/armor_tracker/include/MultipleKalman.h:4[m[K,
                 from [01m[K/home/eee/ros2/src/armor_detect_ros2-main/src/armor_tracker/src/MultipleKalman.cpp:1[m[K:
[01m[K/home/eee/ros2/src/armor_detect_ros2-main/src/armor_tracker/include/KalmanFilter.h:27:21:[m[K [01;36m[Knote: [m[Kcandidate: ‘[01m[KEigen::VectorXd Kalman::update(geometry_msgs::msg::PointStamped)[m[K’
   27 |     Eigen::VectorXd [01;36m[Kupdate[m[K(geometry_msgs::msg::PointStamped point);
      |                     [01;36m[K^~~~~~[m[K
[01m[K/home/eee/ros2/src/armor_detect_ros2-main/src/armor_tracker/include/KalmanFilter.h:27:21:[m[K [01;36m[Knote: [m[K  candidate expects 1 argument, 3 provided
[01m[K/home/eee/ros2/src/armor_detect_ros2-main/src/armor_tracker/src/RotationCenterSolver.cpp:[m[K In member function ‘[01m[Kvoid RotationCenterSolver::addObservation(const cv::Mat&, const cv::Mat&)[m[K’:
[01m[K/home/eee/ros2/src/armor_detect_ros2-main/src/armor_tracker/src/RotationCenterSolver.cpp:21:24:[m[K [01;35m[Kwarning: [m[Kcomparison of integer expressions of different signedness: ‘[01m[Kstd::vector<RotationCenterSolver::Observation>::size_type[m[K’ {aka ‘[01m[Klong unsigned int[m[K’} and ‘[01m[Kint[m[K’ [[01;35m[K]8;;https://gcc.gnu.org/onlinedocs/gcc/Warning-Options.html#index-Wsign-compare-Wsign-compare]8;;[m[K]
   21 |     if ([01;35m[Khistory.size() > max_history_size[m[K)
      |         [01;35m[K~~~~~~~~~~~~~~~^~~~~~~~~~~~~~~~~~[m[K
gmake[2]: *** [CMakeFiles/armor_tracker_node.dir/build.make:132：CMakeFiles/armor_tracker_node.dir/src/MultipleKalman.cpp.o] 错误 1
gmake[1]: *** [CMakeFiles/Makefile2:137：CMakeFiles/armor_tracker_node.dir/all] 错误 2
gmake: *** [Makefile:146：all] 错误 2
