[0.040s] Invoking command in '/home/eee/ros2/src/armor_detect_ros2-main/build/rm_serial_driver': CMAKE_PREFIX_PATH=/home/eee/ros2/src/armor_detect_ros2-main/install/armor_interfaces:/home/eee/ros2/src/armor_detect_ros2-main/install/rm_serial_driver:/home/eee/ros2/src/armor_detect_ros2-main/install/armor_tracker_node:/home/eee/ros2/src/armor_detect_ros2-main/install/armor_drawer:/opt/ros/humble LD_LIBRARY_PATH=/home/eee/ros2/src/armor_detect_ros2-main/install/armor_interfaces/lib:/home/eee/ros2/src/armor_detect_ros2-main/install/rm_serial_driver/lib:/opt/ros/humble/opt/rviz_ogre_vendor/lib:/opt/ros/humble/lib/x86_64-linux-gnu:/opt/ros/humble/lib /usr/bin/cmake --build /home/eee/ros2/src/armor_detect_ros2-main/build/rm_serial_driver -- -j20 -l20
[0.194s] [ 22%] Built target rm_serial_driver_node
[0.207s] [ 33%] [32mBuilding CXX object CMakeFiles/rm_serial_driver.dir/src/rm_serial_driver.cpp.o[0m
[19.320s] [ 44%] [32m[1mLinking CXX shared library librm_serial_driver.so[0m
[20.729s] [ 55%] Built target rm_serial_driver
[20.811s] [ 66%] [32mBuilding CXX object CMakeFiles/rm_serial_node.dir/src/rm_serial_driver.cpp.o[0m
[39.601s] [ 77%] [32m[1mLinking CXX executable rm_serial_node[0m
[40.712s] [100%] Built target rm_serial_node
[40.735s] Invoked command in '/home/eee/ros2/src/armor_detect_ros2-main/build/rm_serial_driver' returned '0': CMAKE_PREFIX_PATH=/home/eee/ros2/src/armor_detect_ros2-main/install/armor_interfaces:/home/eee/ros2/src/armor_detect_ros2-main/install/rm_serial_driver:/home/eee/ros2/src/armor_detect_ros2-main/install/armor_tracker_node:/home/eee/ros2/src/armor_detect_ros2-main/install/armor_drawer:/opt/ros/humble LD_LIBRARY_PATH=/home/eee/ros2/src/armor_detect_ros2-main/install/armor_interfaces/lib:/home/eee/ros2/src/armor_detect_ros2-main/install/rm_serial_driver/lib:/opt/ros/humble/opt/rviz_ogre_vendor/lib:/opt/ros/humble/lib/x86_64-linux-gnu:/opt/ros/humble/lib /usr/bin/cmake --build /home/eee/ros2/src/armor_detect_ros2-main/build/rm_serial_driver -- -j20 -l20
[40.737s] Invoking command in '/home/eee/ros2/src/armor_detect_ros2-main/build/rm_serial_driver': CMAKE_PREFIX_PATH=/home/eee/ros2/src/armor_detect_ros2-main/install/armor_interfaces:/home/eee/ros2/src/armor_detect_ros2-main/install/rm_serial_driver:/home/eee/ros2/src/armor_detect_ros2-main/install/armor_tracker_node:/home/eee/ros2/src/armor_detect_ros2-main/install/armor_drawer:/opt/ros/humble LD_LIBRARY_PATH=/home/eee/ros2/src/armor_detect_ros2-main/install/armor_interfaces/lib:/home/eee/ros2/src/armor_detect_ros2-main/install/rm_serial_driver/lib:/opt/ros/humble/opt/rviz_ogre_vendor/lib:/opt/ros/humble/lib/x86_64-linux-gnu:/opt/ros/humble/lib /usr/bin/cmake --install /home/eee/ros2/src/armor_detect_ros2-main/build/rm_serial_driver
[40.760s] -- Install configuration: ""
[40.760s] -- Up-to-date: /home/eee/ros2/src/armor_detect_ros2-main/install/rm_serial_driver/lib/rm_serial_driver/rm_serial_driver_node
[40.761s] -- Up-to-date: /home/eee/ros2/src/armor_detect_ros2-main/install/rm_serial_driver/include
[40.761s] -- Up-to-date: /home/eee/ros2/src/armor_detect_ros2-main/install/rm_serial_driver/include/rm_serial_driver
[40.761s] -- Up-to-date: /home/eee/ros2/src/armor_detect_ros2-main/install/rm_serial_driver/include/rm_serial_driver/crc.hpp
[40.761s] -- Up-to-date: /home/eee/ros2/src/armor_detect_ros2-main/install/rm_serial_driver/include/rm_serial_driver/packet.hpp
[40.761s] -- Up-to-date: /home/eee/ros2/src/armor_detect_ros2-main/install/rm_serial_driver/include/rm_serial_driver/rm_serial_driver.hpp
[40.761s] -- Up-to-date: /home/eee/ros2/src/armor_detect_ros2-main/install/rm_serial_driver/share/rm_serial_driver/environment/library_path.sh
[40.761s] -- Up-to-date: /home/eee/ros2/src/armor_detect_ros2-main/install/rm_serial_driver/share/rm_serial_driver/environment/library_path.dsv
[40.761s] -- Installing: /home/eee/ros2/src/armor_detect_ros2-main/install/rm_serial_driver/lib/librm_serial_driver.so
[40.772s] -- Set runtime path of "/home/eee/ros2/src/armor_detect_ros2-main/install/rm_serial_driver/lib/librm_serial_driver.so" to ""
[40.772s] -- Up-to-date: /home/eee/ros2/src/armor_detect_ros2-main/install/rm_serial_driver/share/rm_serial_driver/config
[40.772s] -- Up-to-date: /home/eee/ros2/src/armor_detect_ros2-main/install/rm_serial_driver/share/rm_serial_driver/config/serial_driver.yaml
[40.772s] -- Up-to-date: /home/eee/ros2/src/armor_detect_ros2-main/install/rm_serial_driver/share/rm_serial_driver/launch
[40.772s] -- Up-to-date: /home/eee/ros2/src/armor_detect_ros2-main/install/rm_serial_driver/share/rm_serial_driver/launch/serial_driver.launch.py
[40.772s] -- Up-to-date: /home/eee/ros2/src/armor_detect_ros2-main/install/rm_serial_driver/share/ament_index/resource_index/package_run_dependencies/rm_serial_driver
[40.773s] -- Up-to-date: /home/eee/ros2/src/armor_detect_ros2-main/install/rm_serial_driver/share/ament_index/resource_index/parent_prefix_path/rm_serial_driver
[40.773s] -- Up-to-date: /home/eee/ros2/src/armor_detect_ros2-main/install/rm_serial_driver/share/rm_serial_driver/environment/ament_prefix_path.sh
[40.773s] -- Up-to-date: /home/eee/ros2/src/armor_detect_ros2-main/install/rm_serial_driver/share/rm_serial_driver/environment/ament_prefix_path.dsv
[40.773s] -- Up-to-date: /home/eee/ros2/src/armor_detect_ros2-main/install/rm_serial_driver/share/rm_serial_driver/environment/path.sh
[40.773s] -- Up-to-date: /home/eee/ros2/src/armor_detect_ros2-main/install/rm_serial_driver/share/rm_serial_driver/environment/path.dsv
[40.773s] -- Up-to-date: /home/eee/ros2/src/armor_detect_ros2-main/install/rm_serial_driver/share/rm_serial_driver/local_setup.bash
[40.773s] -- Up-to-date: /home/eee/ros2/src/armor_detect_ros2-main/install/rm_serial_driver/share/rm_serial_driver/local_setup.sh
[40.773s] -- Up-to-date: /home/eee/ros2/src/armor_detect_ros2-main/install/rm_serial_driver/share/rm_serial_driver/local_setup.zsh
[40.773s] -- Up-to-date: /home/eee/ros2/src/armor_detect_ros2-main/install/rm_serial_driver/share/rm_serial_driver/local_setup.dsv
[40.773s] -- Installing: /home/eee/ros2/src/armor_detect_ros2-main/install/rm_serial_driver/share/rm_serial_driver/package.dsv
[40.773s] -- Up-to-date: /home/eee/ros2/src/armor_detect_ros2-main/install/rm_serial_driver/share/ament_index/resource_index/packages/rm_serial_driver
[40.773s] -- Up-to-date: /home/eee/ros2/src/armor_detect_ros2-main/install/rm_serial_driver/share/ament_index/resource_index/rclcpp_components/rm_serial_driver
[40.774s] -- Up-to-date: /home/eee/ros2/src/armor_detect_ros2-main/install/rm_serial_driver/share/rm_serial_driver/cmake/ament_cmake_export_dependencies-extras.cmake
[40.774s] -- Up-to-date: /home/eee/ros2/src/armor_detect_ros2-main/install/rm_serial_driver/share/rm_serial_driver/cmake/ament_cmake_export_include_directories-extras.cmake
[40.774s] -- Up-to-date: /home/eee/ros2/src/armor_detect_ros2-main/install/rm_serial_driver/share/rm_serial_driver/cmake/ament_cmake_export_libraries-extras.cmake
[40.774s] -- Up-to-date: /home/eee/ros2/src/armor_detect_ros2-main/install/rm_serial_driver/share/rm_serial_driver/cmake/rm_serial_driverConfig.cmake
[40.774s] -- Up-to-date: /home/eee/ros2/src/armor_detect_ros2-main/install/rm_serial_driver/share/rm_serial_driver/cmake/rm_serial_driverConfig-version.cmake
[40.774s] -- Up-to-date: /home/eee/ros2/src/armor_detect_ros2-main/install/rm_serial_driver/share/rm_serial_driver/package.xml
[40.776s] Invoked command in '/home/eee/ros2/src/armor_detect_ros2-main/build/rm_serial_driver' returned '0': CMAKE_PREFIX_PATH=/home/eee/ros2/src/armor_detect_ros2-main/install/armor_interfaces:/home/eee/ros2/src/armor_detect_ros2-main/install/rm_serial_driver:/home/eee/ros2/src/armor_detect_ros2-main/install/armor_tracker_node:/home/eee/ros2/src/armor_detect_ros2-main/install/armor_drawer:/opt/ros/humble LD_LIBRARY_PATH=/home/eee/ros2/src/armor_detect_ros2-main/install/armor_interfaces/lib:/home/eee/ros2/src/armor_detect_ros2-main/install/rm_serial_driver/lib:/opt/ros/humble/opt/rviz_ogre_vendor/lib:/opt/ros/humble/lib/x86_64-linux-gnu:/opt/ros/humble/lib /usr/bin/cmake --install /home/eee/ros2/src/armor_detect_ros2-main/build/rm_serial_driver
