[0.061s] DEBUG:colcon:Command line arguments: ['/usr/bin/colcon', 'build', '--symlink-install', '--cmake-args', '-DCMAKE_BUILD_TYPE=Release']
[0.061s] DEBUG:colcon:Parsed command line arguments: Namespace(log_base=None, log_level=None, verb_name='build', build_base='build', install_base='install', merge_install=False, symlink_install=True, test_result_base=None, continue_on_error=False, executor='parallel', parallel_workers=20, event_handlers=None, ignore_user_meta=False, metas=['./colcon.meta'], base_paths=['.'], packages_ignore=None, packages_ignore_regex=None, paths=None, packages_up_to=None, packages_up_to_regex=None, packages_above=None, packages_above_and_dependencies=None, packages_above_depth=None, packages_select_by_dep=None, packages_skip_by_dep=None, packages_skip_up_to=None, packages_select_build_failed=False, packages_skip_build_finished=False, packages_select_test_failures=False, packages_skip_test_passed=False, packages_select=None, packages_skip=None, packages_select_regex=None, packages_skip_regex=None, packages_start=None, packages_end=None, allow_overriding=[], cmake_args=['-DCMAKE_BUILD_TYPE=Release'], cmake_target=None, cmake_target_skip_unavailable=False, cmake_clean_cache=False, cmake_clean_first=False, cmake_force_configure=False, ament_cmake_args=None, catkin_cmake_args=None, catkin_skip_building_tests=False, verb_parser=<colcon_defaults.argument_parser.defaults.DefaultArgumentsDecorator object at 0x76ce42154400>, verb_extension=<colcon_core.verb.build.BuildVerb object at 0x76ce42127f70>, main=<bound method BuildVerb.main of <colcon_core.verb.build.BuildVerb object at 0x76ce42127f70>>)
[0.160s] Level 1:colcon.colcon_core.package_discovery:discover_packages(colcon_meta) check parameters
[0.160s] Level 1:colcon.colcon_core.package_discovery:discover_packages(recursive) check parameters
[0.160s] Level 1:colcon.colcon_core.package_discovery:discover_packages(ignore) check parameters
[0.160s] Level 1:colcon.colcon_core.package_discovery:discover_packages(path) check parameters
[0.160s] Level 1:colcon.colcon_core.package_discovery:discover_packages(colcon_meta) discover
[0.160s] Level 1:colcon.colcon_core.package_discovery:discover_packages(recursive) discover
[0.160s] INFO:colcon.colcon_core.package_discovery:Crawling recursively for packages in '/home/eee/ros2/src/armor_detect_ros2-main'
[0.160s] Level 1:colcon.colcon_core.package_identification:_identify(.) by extensions ['ignore', 'ignore_ament_install']
[0.160s] Level 1:colcon.colcon_core.package_identification:_identify(.) by extension 'ignore'
[0.160s] Level 1:colcon.colcon_core.package_identification:_identify(.) by extension 'ignore_ament_install'
[0.160s] Level 1:colcon.colcon_core.package_identification:_identify(.) by extensions ['colcon_pkg']
[0.160s] Level 1:colcon.colcon_core.package_identification:_identify(.) by extension 'colcon_pkg'
[0.160s] Level 1:colcon.colcon_core.package_identification:_identify(.) by extensions ['colcon_meta']
[0.160s] Level 1:colcon.colcon_core.package_identification:_identify(.) by extension 'colcon_meta'
[0.160s] Level 1:colcon.colcon_core.package_identification:_identify(.) by extensions ['ros']
[0.160s] Level 1:colcon.colcon_core.package_identification:_identify(.) by extension 'ros'
[0.167s] Level 1:colcon.colcon_core.package_identification:_identify(.) by extensions ['cmake', 'python']
[0.167s] Level 1:colcon.colcon_core.package_identification:_identify(.) by extension 'cmake'
[0.167s] Level 1:colcon.colcon_core.package_identification:_identify(.) by extension 'python'
[0.167s] Level 1:colcon.colcon_core.package_identification:_identify(.) by extensions ['python_setup_py']
[0.167s] Level 1:colcon.colcon_core.package_identification:_identify(.) by extension 'python_setup_py'
[0.168s] Level 1:colcon.colcon_core.package_identification:_identify(Camera) by extensions ['ignore', 'ignore_ament_install']
[0.168s] Level 1:colcon.colcon_core.package_identification:_identify(Camera) by extension 'ignore'
[0.168s] Level 1:colcon.colcon_core.package_identification:_identify(Camera) by extension 'ignore_ament_install'
[0.168s] Level 1:colcon.colcon_core.package_identification:_identify(Camera) by extensions ['colcon_pkg']
[0.168s] Level 1:colcon.colcon_core.package_identification:_identify(Camera) by extension 'colcon_pkg'
[0.168s] Level 1:colcon.colcon_core.package_identification:_identify(Camera) by extensions ['colcon_meta']
[0.168s] Level 1:colcon.colcon_core.package_identification:_identify(Camera) by extension 'colcon_meta'
[0.168s] Level 1:colcon.colcon_core.package_identification:_identify(Camera) by extensions ['ros']
[0.168s] Level 1:colcon.colcon_core.package_identification:_identify(Camera) by extension 'ros'
[0.168s] Level 1:colcon.colcon_core.package_identification:_identify(Camera) by extensions ['cmake', 'python']
[0.168s] Level 1:colcon.colcon_core.package_identification:_identify(Camera) by extension 'cmake'
[0.168s] Level 1:colcon.colcon_core.package_identification:_identify(Camera) by extension 'python'
[0.168s] Level 1:colcon.colcon_core.package_identification:_identify(Camera) by extensions ['python_setup_py']
[0.168s] Level 1:colcon.colcon_core.package_identification:_identify(Camera) by extension 'python_setup_py'
[0.168s] Level 1:colcon.colcon_core.package_identification:_identify(Camera/Data) by extensions ['ignore', 'ignore_ament_install']
[0.168s] Level 1:colcon.colcon_core.package_identification:_identify(Camera/Data) by extension 'ignore'
[0.168s] Level 1:colcon.colcon_core.package_identification:_identify(Camera/Data) by extension 'ignore_ament_install'
[0.168s] Level 1:colcon.colcon_core.package_identification:_identify(Camera/Data) by extensions ['colcon_pkg']
[0.168s] Level 1:colcon.colcon_core.package_identification:_identify(Camera/Data) by extension 'colcon_pkg'
[0.168s] Level 1:colcon.colcon_core.package_identification:_identify(Camera/Data) by extensions ['colcon_meta']
[0.168s] Level 1:colcon.colcon_core.package_identification:_identify(Camera/Data) by extension 'colcon_meta'
[0.168s] Level 1:colcon.colcon_core.package_identification:_identify(Camera/Data) by extensions ['ros']
[0.168s] Level 1:colcon.colcon_core.package_identification:_identify(Camera/Data) by extension 'ros'
[0.168s] Level 1:colcon.colcon_core.package_identification:_identify(Camera/Data) by extensions ['cmake', 'python']
[0.168s] Level 1:colcon.colcon_core.package_identification:_identify(Camera/Data) by extension 'cmake'
[0.168s] Level 1:colcon.colcon_core.package_identification:_identify(Camera/Data) by extension 'python'
[0.168s] Level 1:colcon.colcon_core.package_identification:_identify(Camera/Data) by extensions ['python_setup_py']
[0.168s] Level 1:colcon.colcon_core.package_identification:_identify(Camera/Data) by extension 'python_setup_py'
[0.168s] Level 1:colcon.colcon_core.package_identification:_identify(Camera/log) by extensions ['ignore', 'ignore_ament_install']
[0.168s] Level 1:colcon.colcon_core.package_identification:_identify(Camera/log) by extension 'ignore'
[0.168s] Level 1:colcon.colcon_core.package_identification:_identify(Camera/log) by extension 'ignore_ament_install'
[0.168s] Level 1:colcon.colcon_core.package_identification:_identify(Camera/log) by extensions ['colcon_pkg']
[0.168s] Level 1:colcon.colcon_core.package_identification:_identify(Camera/log) by extension 'colcon_pkg'
[0.168s] Level 1:colcon.colcon_core.package_identification:_identify(Camera/log) by extensions ['colcon_meta']
[0.168s] Level 1:colcon.colcon_core.package_identification:_identify(Camera/log) by extension 'colcon_meta'
[0.168s] Level 1:colcon.colcon_core.package_identification:_identify(Camera/log) by extensions ['ros']
[0.168s] Level 1:colcon.colcon_core.package_identification:_identify(Camera/log) by extension 'ros'
[0.168s] Level 1:colcon.colcon_core.package_identification:_identify(Camera/log) by extensions ['cmake', 'python']
[0.168s] Level 1:colcon.colcon_core.package_identification:_identify(Camera/log) by extension 'cmake'
[0.168s] Level 1:colcon.colcon_core.package_identification:_identify(Camera/log) by extension 'python'
[0.168s] Level 1:colcon.colcon_core.package_identification:_identify(Camera/log) by extensions ['python_setup_py']
[0.169s] Level 1:colcon.colcon_core.package_identification:_identify(Camera/log) by extension 'python_setup_py'
[0.169s] Level 1:colcon.colcon_core.package_identification:_identify(build) by extensions ['ignore', 'ignore_ament_install']
[0.169s] Level 1:colcon.colcon_core.package_identification:_identify(build) by extension 'ignore'
[0.169s] Level 1:colcon.colcon_core.package_identification:_identify(build) ignored
[0.169s] Level 1:colcon.colcon_core.package_identification:_identify(include) by extensions ['ignore', 'ignore_ament_install']
[0.169s] Level 1:colcon.colcon_core.package_identification:_identify(include) by extension 'ignore'
[0.169s] Level 1:colcon.colcon_core.package_identification:_identify(include) by extension 'ignore_ament_install'
[0.169s] Level 1:colcon.colcon_core.package_identification:_identify(include) by extensions ['colcon_pkg']
[0.169s] Level 1:colcon.colcon_core.package_identification:_identify(include) by extension 'colcon_pkg'
[0.169s] Level 1:colcon.colcon_core.package_identification:_identify(include) by extensions ['colcon_meta']
[0.169s] Level 1:colcon.colcon_core.package_identification:_identify(include) by extension 'colcon_meta'
[0.169s] Level 1:colcon.colcon_core.package_identification:_identify(include) by extensions ['ros']
[0.169s] Level 1:colcon.colcon_core.package_identification:_identify(include) by extension 'ros'
[0.169s] Level 1:colcon.colcon_core.package_identification:_identify(include) by extensions ['cmake', 'python']
[0.169s] Level 1:colcon.colcon_core.package_identification:_identify(include) by extension 'cmake'
[0.169s] Level 1:colcon.colcon_core.package_identification:_identify(include) by extension 'python'
[0.169s] Level 1:colcon.colcon_core.package_identification:_identify(include) by extensions ['python_setup_py']
[0.169s] Level 1:colcon.colcon_core.package_identification:_identify(include) by extension 'python_setup_py'
[0.169s] Level 1:colcon.colcon_core.package_identification:_identify(install) by extensions ['ignore', 'ignore_ament_install']
[0.169s] Level 1:colcon.colcon_core.package_identification:_identify(install) by extension 'ignore'
[0.169s] Level 1:colcon.colcon_core.package_identification:_identify(install) ignored
[0.169s] Level 1:colcon.colcon_core.package_identification:_identify(log) by extensions ['ignore', 'ignore_ament_install']
[0.169s] Level 1:colcon.colcon_core.package_identification:_identify(log) by extension 'ignore'
[0.169s] Level 1:colcon.colcon_core.package_identification:_identify(log) ignored
[0.169s] Level 1:colcon.colcon_core.package_identification:_identify(src) by extensions ['ignore', 'ignore_ament_install']
[0.169s] Level 1:colcon.colcon_core.package_identification:_identify(src) by extension 'ignore'
[0.169s] Level 1:colcon.colcon_core.package_identification:_identify(src) by extension 'ignore_ament_install'
[0.169s] Level 1:colcon.colcon_core.package_identification:_identify(src) by extensions ['colcon_pkg']
[0.169s] Level 1:colcon.colcon_core.package_identification:_identify(src) by extension 'colcon_pkg'
[0.169s] Level 1:colcon.colcon_core.package_identification:_identify(src) by extensions ['colcon_meta']
[0.169s] Level 1:colcon.colcon_core.package_identification:_identify(src) by extension 'colcon_meta'
[0.169s] Level 1:colcon.colcon_core.package_identification:_identify(src) by extensions ['ros']
[0.169s] Level 1:colcon.colcon_core.package_identification:_identify(src) by extension 'ros'
[0.169s] Level 1:colcon.colcon_core.package_identification:_identify(src) by extensions ['cmake', 'python']
[0.169s] Level 1:colcon.colcon_core.package_identification:_identify(src) by extension 'cmake'
[0.169s] Level 1:colcon.colcon_core.package_identification:_identify(src) by extension 'python'
[0.169s] Level 1:colcon.colcon_core.package_identification:_identify(src) by extensions ['python_setup_py']
[0.169s] Level 1:colcon.colcon_core.package_identification:_identify(src) by extension 'python_setup_py'
[0.170s] Level 1:colcon.colcon_core.package_identification:_identify(src/armor_drawer) by extensions ['ignore', 'ignore_ament_install']
[0.170s] Level 1:colcon.colcon_core.package_identification:_identify(src/armor_drawer) by extension 'ignore'
[0.170s] Level 1:colcon.colcon_core.package_identification:_identify(src/armor_drawer) by extension 'ignore_ament_install'
[0.170s] Level 1:colcon.colcon_core.package_identification:_identify(src/armor_drawer) by extensions ['colcon_pkg']
[0.170s] Level 1:colcon.colcon_core.package_identification:_identify(src/armor_drawer) by extension 'colcon_pkg'
[0.170s] Level 1:colcon.colcon_core.package_identification:_identify(src/armor_drawer) by extensions ['colcon_meta']
[0.170s] Level 1:colcon.colcon_core.package_identification:_identify(src/armor_drawer) by extension 'colcon_meta'
[0.170s] Level 1:colcon.colcon_core.package_identification:_identify(src/armor_drawer) by extensions ['ros']
[0.170s] Level 1:colcon.colcon_core.package_identification:_identify(src/armor_drawer) by extension 'ros'
[0.171s] DEBUG:colcon.colcon_core.package_identification:Package 'src/armor_drawer' with type 'ros.ament_cmake' and name 'armor_drawer'
[0.172s] Level 1:colcon.colcon_core.package_identification:_identify(src/armor_interfaces) by extensions ['ignore', 'ignore_ament_install']
[0.172s] Level 1:colcon.colcon_core.package_identification:_identify(src/armor_interfaces) by extension 'ignore'
[0.172s] Level 1:colcon.colcon_core.package_identification:_identify(src/armor_interfaces) by extension 'ignore_ament_install'
[0.172s] Level 1:colcon.colcon_core.package_identification:_identify(src/armor_interfaces) by extensions ['colcon_pkg']
[0.172s] Level 1:colcon.colcon_core.package_identification:_identify(src/armor_interfaces) by extension 'colcon_pkg'
[0.172s] Level 1:colcon.colcon_core.package_identification:_identify(src/armor_interfaces) by extensions ['colcon_meta']
[0.172s] Level 1:colcon.colcon_core.package_identification:_identify(src/armor_interfaces) by extension 'colcon_meta'
[0.172s] Level 1:colcon.colcon_core.package_identification:_identify(src/armor_interfaces) by extensions ['ros']
[0.172s] Level 1:colcon.colcon_core.package_identification:_identify(src/armor_interfaces) by extension 'ros'
[0.172s] DEBUG:colcon.colcon_core.package_identification:Package 'src/armor_interfaces' with type 'ros.ament_cmake' and name 'armor_interfaces'
[0.172s] Level 1:colcon.colcon_core.package_identification:_identify(src/armor_tracker) by extensions ['ignore', 'ignore_ament_install']
[0.172s] Level 1:colcon.colcon_core.package_identification:_identify(src/armor_tracker) by extension 'ignore'
[0.172s] Level 1:colcon.colcon_core.package_identification:_identify(src/armor_tracker) by extension 'ignore_ament_install'
[0.172s] Level 1:colcon.colcon_core.package_identification:_identify(src/armor_tracker) by extensions ['colcon_pkg']
[0.172s] Level 1:colcon.colcon_core.package_identification:_identify(src/armor_tracker) by extension 'colcon_pkg'
[0.172s] Level 1:colcon.colcon_core.package_identification:_identify(src/armor_tracker) by extensions ['colcon_meta']
[0.172s] Level 1:colcon.colcon_core.package_identification:_identify(src/armor_tracker) by extension 'colcon_meta'
[0.172s] Level 1:colcon.colcon_core.package_identification:_identify(src/armor_tracker) by extensions ['ros']
[0.172s] Level 1:colcon.colcon_core.package_identification:_identify(src/armor_tracker) by extension 'ros'
[0.173s] DEBUG:colcon.colcon_core.package_identification:Package 'src/armor_tracker' with type 'ros.ament_cmake' and name 'armor_tracker_node'
[0.173s] Level 1:colcon.colcon_core.package_identification:_identify(src/armor_urdf) by extensions ['ignore', 'ignore_ament_install']
[0.173s] Level 1:colcon.colcon_core.package_identification:_identify(src/armor_urdf) by extension 'ignore'
[0.173s] Level 1:colcon.colcon_core.package_identification:_identify(src/armor_urdf) by extension 'ignore_ament_install'
[0.173s] Level 1:colcon.colcon_core.package_identification:_identify(src/armor_urdf) by extensions ['colcon_pkg']
[0.173s] Level 1:colcon.colcon_core.package_identification:_identify(src/armor_urdf) by extension 'colcon_pkg'
[0.173s] Level 1:colcon.colcon_core.package_identification:_identify(src/armor_urdf) by extensions ['colcon_meta']
[0.173s] Level 1:colcon.colcon_core.package_identification:_identify(src/armor_urdf) by extension 'colcon_meta'
[0.173s] Level 1:colcon.colcon_core.package_identification:_identify(src/armor_urdf) by extensions ['ros']
[0.173s] Level 1:colcon.colcon_core.package_identification:_identify(src/armor_urdf) by extension 'ros'
[0.174s] DEBUG:colcon.colcon_core.package_identification:Package 'src/armor_urdf' with type 'ros.ament_cmake' and name 'armor_urdf'
[0.174s] Level 1:colcon.colcon_core.package_identification:_identify(src/serial_driver) by extensions ['ignore', 'ignore_ament_install']
[0.174s] Level 1:colcon.colcon_core.package_identification:_identify(src/serial_driver) by extension 'ignore'
[0.174s] Level 1:colcon.colcon_core.package_identification:_identify(src/serial_driver) by extension 'ignore_ament_install'
[0.174s] Level 1:colcon.colcon_core.package_identification:_identify(src/serial_driver) by extensions ['colcon_pkg']
[0.174s] Level 1:colcon.colcon_core.package_identification:_identify(src/serial_driver) by extension 'colcon_pkg'
[0.174s] Level 1:colcon.colcon_core.package_identification:_identify(src/serial_driver) by extensions ['colcon_meta']
[0.174s] Level 1:colcon.colcon_core.package_identification:_identify(src/serial_driver) by extension 'colcon_meta'
[0.174s] Level 1:colcon.colcon_core.package_identification:_identify(src/serial_driver) by extensions ['ros']
[0.174s] Level 1:colcon.colcon_core.package_identification:_identify(src/serial_driver) by extension 'ros'
[0.175s] DEBUG:colcon.colcon_core.package_identification:Package 'src/serial_driver' with type 'ros.ament_cmake' and name 'rm_serial_driver'
[0.175s] Level 1:colcon.colcon_core.package_discovery:discover_packages(recursive) using defaults
[0.175s] Level 1:colcon.colcon_core.package_discovery:discover_packages(ignore) discover
[0.175s] Level 1:colcon.colcon_core.package_discovery:discover_packages(ignore) using defaults
[0.175s] Level 1:colcon.colcon_core.package_discovery:discover_packages(path) discover
[0.175s] Level 1:colcon.colcon_core.package_discovery:discover_packages(path) using defaults
[0.192s] Level 1:colcon.colcon_core.package_discovery:discover_packages(prefix_path) check parameters
[0.193s] Level 1:colcon.colcon_core.package_discovery:discover_packages(prefix_path) discover
[0.193s] DEBUG:colcon.colcon_installed_package_information.package_discovery:Found 5 installed packages in /home/eee/ros2/src/armor_detect_ros2-main/install
[0.194s] DEBUG:colcon.colcon_installed_package_information.package_discovery:Found 280 installed packages in /opt/ros/humble
[0.195s] Level 1:colcon.colcon_core.package_discovery:discover_packages(prefix_path) using defaults
[0.217s] Level 5:colcon.colcon_core.verb:set package 'armor_interfaces' build argument 'cmake_args' from command line to '['-DCMAKE_BUILD_TYPE=Release']'
[0.217s] Level 5:colcon.colcon_core.verb:set package 'armor_interfaces' build argument 'cmake_target' from command line to 'None'
[0.217s] Level 5:colcon.colcon_core.verb:set package 'armor_interfaces' build argument 'cmake_target_skip_unavailable' from command line to 'False'
[0.217s] Level 5:colcon.colcon_core.verb:set package 'armor_interfaces' build argument 'cmake_clean_cache' from command line to 'False'
[0.217s] Level 5:colcon.colcon_core.verb:set package 'armor_interfaces' build argument 'cmake_clean_first' from command line to 'False'
[0.217s] Level 5:colcon.colcon_core.verb:set package 'armor_interfaces' build argument 'cmake_force_configure' from command line to 'False'
[0.217s] Level 5:colcon.colcon_core.verb:set package 'armor_interfaces' build argument 'ament_cmake_args' from command line to 'None'
[0.217s] Level 5:colcon.colcon_core.verb:set package 'armor_interfaces' build argument 'catkin_cmake_args' from command line to 'None'
[0.217s] Level 5:colcon.colcon_core.verb:set package 'armor_interfaces' build argument 'catkin_skip_building_tests' from command line to 'False'
[0.217s] DEBUG:colcon.colcon_core.verb:Building package 'armor_interfaces' with the following arguments: {'ament_cmake_args': None, 'build_base': '/home/eee/ros2/src/armor_detect_ros2-main/build/armor_interfaces', 'catkin_cmake_args': None, 'catkin_skip_building_tests': False, 'cmake_args': ['-DCMAKE_BUILD_TYPE=Release'], 'cmake_clean_cache': False, 'cmake_clean_first': False, 'cmake_force_configure': False, 'cmake_target': None, 'cmake_target_skip_unavailable': False, 'install_base': '/home/eee/ros2/src/armor_detect_ros2-main/install/armor_interfaces', 'merge_install': False, 'path': '/home/eee/ros2/src/armor_detect_ros2-main/src/armor_interfaces', 'symlink_install': True, 'test_result_base': None}
[0.217s] Level 5:colcon.colcon_core.verb:set package 'armor_urdf' build argument 'cmake_args' from command line to '['-DCMAKE_BUILD_TYPE=Release']'
[0.217s] Level 5:colcon.colcon_core.verb:set package 'armor_urdf' build argument 'cmake_target' from command line to 'None'
[0.217s] Level 5:colcon.colcon_core.verb:set package 'armor_urdf' build argument 'cmake_target_skip_unavailable' from command line to 'False'
[0.217s] Level 5:colcon.colcon_core.verb:set package 'armor_urdf' build argument 'cmake_clean_cache' from command line to 'False'
[0.217s] Level 5:colcon.colcon_core.verb:set package 'armor_urdf' build argument 'cmake_clean_first' from command line to 'False'
[0.217s] Level 5:colcon.colcon_core.verb:set package 'armor_urdf' build argument 'cmake_force_configure' from command line to 'False'
[0.217s] Level 5:colcon.colcon_core.verb:set package 'armor_urdf' build argument 'ament_cmake_args' from command line to 'None'
[0.217s] Level 5:colcon.colcon_core.verb:set package 'armor_urdf' build argument 'catkin_cmake_args' from command line to 'None'
[0.217s] Level 5:colcon.colcon_core.verb:set package 'armor_urdf' build argument 'catkin_skip_building_tests' from command line to 'False'
[0.217s] DEBUG:colcon.colcon_core.verb:Building package 'armor_urdf' with the following arguments: {'ament_cmake_args': None, 'build_base': '/home/eee/ros2/src/armor_detect_ros2-main/build/armor_urdf', 'catkin_cmake_args': None, 'catkin_skip_building_tests': False, 'cmake_args': ['-DCMAKE_BUILD_TYPE=Release'], 'cmake_clean_cache': False, 'cmake_clean_first': False, 'cmake_force_configure': False, 'cmake_target': None, 'cmake_target_skip_unavailable': False, 'install_base': '/home/eee/ros2/src/armor_detect_ros2-main/install/armor_urdf', 'merge_install': False, 'path': '/home/eee/ros2/src/armor_detect_ros2-main/src/armor_urdf', 'symlink_install': True, 'test_result_base': None}
[0.218s] Level 5:colcon.colcon_core.verb:set package 'armor_drawer' build argument 'cmake_args' from command line to '['-DCMAKE_BUILD_TYPE=Release']'
[0.218s] Level 5:colcon.colcon_core.verb:set package 'armor_drawer' build argument 'cmake_target' from command line to 'None'
[0.218s] Level 5:colcon.colcon_core.verb:set package 'armor_drawer' build argument 'cmake_target_skip_unavailable' from command line to 'False'
[0.218s] Level 5:colcon.colcon_core.verb:set package 'armor_drawer' build argument 'cmake_clean_cache' from command line to 'False'
[0.218s] Level 5:colcon.colcon_core.verb:set package 'armor_drawer' build argument 'cmake_clean_first' from command line to 'False'
[0.218s] Level 5:colcon.colcon_core.verb:set package 'armor_drawer' build argument 'cmake_force_configure' from command line to 'False'
[0.218s] Level 5:colcon.colcon_core.verb:set package 'armor_drawer' build argument 'ament_cmake_args' from command line to 'None'
[0.218s] Level 5:colcon.colcon_core.verb:set package 'armor_drawer' build argument 'catkin_cmake_args' from command line to 'None'
[0.218s] Level 5:colcon.colcon_core.verb:set package 'armor_drawer' build argument 'catkin_skip_building_tests' from command line to 'False'
[0.218s] DEBUG:colcon.colcon_core.verb:Building package 'armor_drawer' with the following arguments: {'ament_cmake_args': None, 'build_base': '/home/eee/ros2/src/armor_detect_ros2-main/build/armor_drawer', 'catkin_cmake_args': None, 'catkin_skip_building_tests': False, 'cmake_args': ['-DCMAKE_BUILD_TYPE=Release'], 'cmake_clean_cache': False, 'cmake_clean_first': False, 'cmake_force_configure': False, 'cmake_target': None, 'cmake_target_skip_unavailable': False, 'install_base': '/home/eee/ros2/src/armor_detect_ros2-main/install/armor_drawer', 'merge_install': False, 'path': '/home/eee/ros2/src/armor_detect_ros2-main/src/armor_drawer', 'symlink_install': True, 'test_result_base': None}
[0.218s] Level 5:colcon.colcon_core.verb:set package 'armor_tracker_node' build argument 'cmake_args' from command line to '['-DCMAKE_BUILD_TYPE=Release']'
[0.218s] Level 5:colcon.colcon_core.verb:set package 'armor_tracker_node' build argument 'cmake_target' from command line to 'None'
[0.218s] Level 5:colcon.colcon_core.verb:set package 'armor_tracker_node' build argument 'cmake_target_skip_unavailable' from command line to 'False'
[0.218s] Level 5:colcon.colcon_core.verb:set package 'armor_tracker_node' build argument 'cmake_clean_cache' from command line to 'False'
[0.218s] Level 5:colcon.colcon_core.verb:set package 'armor_tracker_node' build argument 'cmake_clean_first' from command line to 'False'
[0.218s] Level 5:colcon.colcon_core.verb:set package 'armor_tracker_node' build argument 'cmake_force_configure' from command line to 'False'
[0.218s] Level 5:colcon.colcon_core.verb:set package 'armor_tracker_node' build argument 'ament_cmake_args' from command line to 'None'
[0.218s] Level 5:colcon.colcon_core.verb:set package 'armor_tracker_node' build argument 'catkin_cmake_args' from command line to 'None'
[0.218s] Level 5:colcon.colcon_core.verb:set package 'armor_tracker_node' build argument 'catkin_skip_building_tests' from command line to 'False'
[0.218s] DEBUG:colcon.colcon_core.verb:Building package 'armor_tracker_node' with the following arguments: {'ament_cmake_args': None, 'build_base': '/home/eee/ros2/src/armor_detect_ros2-main/build/armor_tracker_node', 'catkin_cmake_args': None, 'catkin_skip_building_tests': False, 'cmake_args': ['-DCMAKE_BUILD_TYPE=Release'], 'cmake_clean_cache': False, 'cmake_clean_first': False, 'cmake_force_configure': False, 'cmake_target': None, 'cmake_target_skip_unavailable': False, 'install_base': '/home/eee/ros2/src/armor_detect_ros2-main/install/armor_tracker_node', 'merge_install': False, 'path': '/home/eee/ros2/src/armor_detect_ros2-main/src/armor_tracker', 'symlink_install': True, 'test_result_base': None}
[0.218s] Level 5:colcon.colcon_core.verb:set package 'rm_serial_driver' build argument 'cmake_args' from command line to '['-DCMAKE_BUILD_TYPE=Release']'
[0.218s] Level 5:colcon.colcon_core.verb:set package 'rm_serial_driver' build argument 'cmake_target' from command line to 'None'
[0.218s] Level 5:colcon.colcon_core.verb:set package 'rm_serial_driver' build argument 'cmake_target_skip_unavailable' from command line to 'False'
[0.218s] Level 5:colcon.colcon_core.verb:set package 'rm_serial_driver' build argument 'cmake_clean_cache' from command line to 'False'
[0.218s] Level 5:colcon.colcon_core.verb:set package 'rm_serial_driver' build argument 'cmake_clean_first' from command line to 'False'
[0.218s] Level 5:colcon.colcon_core.verb:set package 'rm_serial_driver' build argument 'cmake_force_configure' from command line to 'False'
[0.218s] Level 5:colcon.colcon_core.verb:set package 'rm_serial_driver' build argument 'ament_cmake_args' from command line to 'None'
[0.218s] Level 5:colcon.colcon_core.verb:set package 'rm_serial_driver' build argument 'catkin_cmake_args' from command line to 'None'
[0.218s] Level 5:colcon.colcon_core.verb:set package 'rm_serial_driver' build argument 'catkin_skip_building_tests' from command line to 'False'
[0.218s] DEBUG:colcon.colcon_core.verb:Building package 'rm_serial_driver' with the following arguments: {'ament_cmake_args': None, 'build_base': '/home/eee/ros2/src/armor_detect_ros2-main/build/rm_serial_driver', 'catkin_cmake_args': None, 'catkin_skip_building_tests': False, 'cmake_args': ['-DCMAKE_BUILD_TYPE=Release'], 'cmake_clean_cache': False, 'cmake_clean_first': False, 'cmake_force_configure': False, 'cmake_target': None, 'cmake_target_skip_unavailable': False, 'install_base': '/home/eee/ros2/src/armor_detect_ros2-main/install/rm_serial_driver', 'merge_install': False, 'path': '/home/eee/ros2/src/armor_detect_ros2-main/src/serial_driver', 'symlink_install': True, 'test_result_base': None}
[0.219s] INFO:colcon.colcon_core.executor:Executing jobs using 'parallel' executor
[0.219s] DEBUG:colcon.colcon_parallel_executor.executor.parallel:run_until_complete
[0.219s] INFO:colcon.colcon_ros.task.ament_cmake.build:Building ROS package in '/home/eee/ros2/src/armor_detect_ros2-main/src/armor_interfaces' with build type 'ament_cmake'
[0.220s] INFO:colcon.colcon_cmake.task.cmake.build:Building CMake package in '/home/eee/ros2/src/armor_detect_ros2-main/src/armor_interfaces'
[0.221s] INFO:colcon.colcon_core.plugin_system:Skipping extension 'colcon_core.shell.bat': Not used on non-Windows systems
[0.221s] INFO:colcon.colcon_core.shell:Skip shell extension 'powershell' for command environment: Not usable outside of PowerShell
[0.221s] DEBUG:colcon.colcon_core.shell:Skip shell extension 'dsv' for command environment
[0.223s] INFO:colcon.colcon_ros.task.ament_cmake.build:Building ROS package in '/home/eee/ros2/src/armor_detect_ros2-main/src/armor_urdf' with build type 'ament_cmake'
[0.223s] INFO:colcon.colcon_cmake.task.cmake.build:Building CMake package in '/home/eee/ros2/src/armor_detect_ros2-main/src/armor_urdf'
[0.224s] INFO:colcon.colcon_core.shell:Skip shell extension 'powershell' for command environment: Not usable outside of PowerShell
[0.224s] DEBUG:colcon.colcon_core.shell:Skip shell extension 'dsv' for command environment
[0.229s] DEBUG:colcon.colcon_core.event_handler.log_command:Invoking command in '/home/eee/ros2/src/armor_detect_ros2-main/build/armor_interfaces': CMAKE_PREFIX_PATH=${CMAKE_PREFIX_PATH}:/opt/ros/humble /usr/bin/cmake --build /home/eee/ros2/src/armor_detect_ros2-main/build/armor_interfaces -- -j20 -l20
[0.230s] DEBUG:colcon.colcon_core.event_handler.log_command:Invoking command in '/home/eee/ros2/src/armor_detect_ros2-main/build/armor_urdf': CMAKE_PREFIX_PATH=${CMAKE_PREFIX_PATH}:/opt/ros/humble /usr/bin/cmake --build /home/eee/ros2/src/armor_detect_ros2-main/build/armor_urdf -- -j20 -l20
[0.258s] DEBUG:colcon.colcon_core.event_handler.log_command:Invoked command in '/home/eee/ros2/src/armor_detect_ros2-main/build/armor_urdf' returned '0': CMAKE_PREFIX_PATH=${CMAKE_PREFIX_PATH}:/opt/ros/humble /usr/bin/cmake --build /home/eee/ros2/src/armor_detect_ros2-main/build/armor_urdf -- -j20 -l20
[0.265s] DEBUG:colcon.colcon_core.event_handler.log_command:Invoking command in '/home/eee/ros2/src/armor_detect_ros2-main/build/armor_urdf': CMAKE_PREFIX_PATH=${CMAKE_PREFIX_PATH}:/opt/ros/humble /usr/bin/cmake --install /home/eee/ros2/src/armor_detect_ros2-main/build/armor_urdf
[0.280s] Level 1:colcon.colcon_core.environment:create_environment_scripts_only(armor_urdf)
[0.280s] DEBUG:colcon.colcon_core.event_handler.log_command:Invoked command in '/home/eee/ros2/src/armor_detect_ros2-main/build/armor_urdf' returned '0': CMAKE_PREFIX_PATH=${CMAKE_PREFIX_PATH}:/opt/ros/humble /usr/bin/cmake --install /home/eee/ros2/src/armor_detect_ros2-main/build/armor_urdf
[0.281s] Level 1:colcon.colcon_core.environment:checking '/home/eee/ros2/src/armor_detect_ros2-main/install/armor_urdf' for CMake module files
[0.282s] Level 1:colcon.colcon_core.environment:checking '/home/eee/ros2/src/armor_detect_ros2-main/install/armor_urdf' for CMake config files
[0.282s] Level 1:colcon.colcon_core.shell:create_environment_hook('armor_urdf', 'cmake_prefix_path')
[0.282s] INFO:colcon.colcon_core.shell:Creating environment hook '/home/eee/ros2/src/armor_detect_ros2-main/install/armor_urdf/share/armor_urdf/hook/cmake_prefix_path.ps1'
[0.282s] INFO:colcon.colcon_core.shell:Creating environment descriptor '/home/eee/ros2/src/armor_detect_ros2-main/install/armor_urdf/share/armor_urdf/hook/cmake_prefix_path.dsv'
[0.282s] INFO:colcon.colcon_core.shell:Creating environment hook '/home/eee/ros2/src/armor_detect_ros2-main/install/armor_urdf/share/armor_urdf/hook/cmake_prefix_path.sh'
[0.283s] Level 1:colcon.colcon_core.environment:checking '/home/eee/ros2/src/armor_detect_ros2-main/install/armor_urdf/bin'
[0.283s] Level 1:colcon.colcon_core.environment:checking '/home/eee/ros2/src/armor_detect_ros2-main/install/armor_urdf/lib/pkgconfig/armor_urdf.pc'
[0.283s] Level 1:colcon.colcon_core.environment:checking '/home/eee/ros2/src/armor_detect_ros2-main/install/armor_urdf/lib/python3.10/site-packages'
[0.283s] Level 1:colcon.colcon_core.environment:checking '/home/eee/ros2/src/armor_detect_ros2-main/install/armor_urdf/bin'
[0.283s] INFO:colcon.colcon_core.shell:Creating package script '/home/eee/ros2/src/armor_detect_ros2-main/install/armor_urdf/share/armor_urdf/package.ps1'
[0.284s] INFO:colcon.colcon_core.shell:Creating package descriptor '/home/eee/ros2/src/armor_detect_ros2-main/install/armor_urdf/share/armor_urdf/package.dsv'
[0.284s] INFO:colcon.colcon_core.shell:Creating package script '/home/eee/ros2/src/armor_detect_ros2-main/install/armor_urdf/share/armor_urdf/package.sh'
[0.285s] INFO:colcon.colcon_core.shell:Creating package script '/home/eee/ros2/src/armor_detect_ros2-main/install/armor_urdf/share/armor_urdf/package.bash'
[0.285s] INFO:colcon.colcon_core.shell:Creating package script '/home/eee/ros2/src/armor_detect_ros2-main/install/armor_urdf/share/armor_urdf/package.zsh'
[0.285s] Level 1:colcon.colcon_core.environment:create_file_with_runtime_dependencies(/home/eee/ros2/src/armor_detect_ros2-main/install/armor_urdf/share/colcon-core/packages/armor_urdf)
[0.286s] Level 1:colcon.colcon_core.environment:create_environment_scripts_only(armor_urdf)
[0.286s] Level 1:colcon.colcon_core.environment:checking '/home/eee/ros2/src/armor_detect_ros2-main/install/armor_urdf' for CMake module files
[0.286s] Level 1:colcon.colcon_core.environment:checking '/home/eee/ros2/src/armor_detect_ros2-main/install/armor_urdf' for CMake config files
[0.286s] Level 1:colcon.colcon_core.shell:create_environment_hook('armor_urdf', 'cmake_prefix_path')
[0.286s] INFO:colcon.colcon_core.shell:Creating environment hook '/home/eee/ros2/src/armor_detect_ros2-main/install/armor_urdf/share/armor_urdf/hook/cmake_prefix_path.ps1'
[0.286s] INFO:colcon.colcon_core.shell:Creating environment descriptor '/home/eee/ros2/src/armor_detect_ros2-main/install/armor_urdf/share/armor_urdf/hook/cmake_prefix_path.dsv'
[0.287s] INFO:colcon.colcon_core.shell:Creating environment hook '/home/eee/ros2/src/armor_detect_ros2-main/install/armor_urdf/share/armor_urdf/hook/cmake_prefix_path.sh'
[0.287s] Level 1:colcon.colcon_core.environment:checking '/home/eee/ros2/src/armor_detect_ros2-main/install/armor_urdf/bin'
[0.287s] Level 1:colcon.colcon_core.environment:checking '/home/eee/ros2/src/armor_detect_ros2-main/install/armor_urdf/lib/pkgconfig/armor_urdf.pc'
[0.287s] Level 1:colcon.colcon_core.environment:checking '/home/eee/ros2/src/armor_detect_ros2-main/install/armor_urdf/lib/python3.10/site-packages'
[0.287s] Level 1:colcon.colcon_core.environment:checking '/home/eee/ros2/src/armor_detect_ros2-main/install/armor_urdf/bin'
[0.288s] INFO:colcon.colcon_core.shell:Creating package script '/home/eee/ros2/src/armor_detect_ros2-main/install/armor_urdf/share/armor_urdf/package.ps1'
[0.288s] INFO:colcon.colcon_core.shell:Creating package descriptor '/home/eee/ros2/src/armor_detect_ros2-main/install/armor_urdf/share/armor_urdf/package.dsv'
[0.289s] INFO:colcon.colcon_core.shell:Creating package script '/home/eee/ros2/src/armor_detect_ros2-main/install/armor_urdf/share/armor_urdf/package.sh'
[0.289s] INFO:colcon.colcon_core.shell:Creating package script '/home/eee/ros2/src/armor_detect_ros2-main/install/armor_urdf/share/armor_urdf/package.bash'
[0.290s] INFO:colcon.colcon_core.shell:Creating package script '/home/eee/ros2/src/armor_detect_ros2-main/install/armor_urdf/share/armor_urdf/package.zsh'
[0.290s] Level 1:colcon.colcon_core.environment:create_file_with_runtime_dependencies(/home/eee/ros2/src/armor_detect_ros2-main/install/armor_urdf/share/colcon-core/packages/armor_urdf)
[0.471s] DEBUG:colcon.colcon_core.event_handler.log_command:Invoked command in '/home/eee/ros2/src/armor_detect_ros2-main/build/armor_interfaces' returned '0': CMAKE_PREFIX_PATH=${CMAKE_PREFIX_PATH}:/opt/ros/humble /usr/bin/cmake --build /home/eee/ros2/src/armor_detect_ros2-main/build/armor_interfaces -- -j20 -l20
[0.473s] DEBUG:colcon.colcon_core.event_handler.log_command:Invoking command in '/home/eee/ros2/src/armor_detect_ros2-main/build/armor_interfaces': CMAKE_PREFIX_PATH=${CMAKE_PREFIX_PATH}:/opt/ros/humble /usr/bin/cmake --install /home/eee/ros2/src/armor_detect_ros2-main/build/armor_interfaces
[0.529s] Level 1:colcon.colcon_core.environment:create_environment_scripts_only(armor_interfaces)
[0.530s] Level 1:colcon.colcon_core.environment:checking '/home/eee/ros2/src/armor_detect_ros2-main/install/armor_interfaces' for CMake module files
[0.530s] DEBUG:colcon.colcon_core.event_handler.log_command:Invoked command in '/home/eee/ros2/src/armor_detect_ros2-main/build/armor_interfaces' returned '0': CMAKE_PREFIX_PATH=${CMAKE_PREFIX_PATH}:/opt/ros/humble /usr/bin/cmake --install /home/eee/ros2/src/armor_detect_ros2-main/build/armor_interfaces
[0.530s] Level 1:colcon.colcon_core.environment:checking '/home/eee/ros2/src/armor_detect_ros2-main/install/armor_interfaces' for CMake config files
[0.531s] Level 1:colcon.colcon_core.shell:create_environment_hook('armor_interfaces', 'cmake_prefix_path')
[0.531s] INFO:colcon.colcon_core.shell:Creating environment hook '/home/eee/ros2/src/armor_detect_ros2-main/install/armor_interfaces/share/armor_interfaces/hook/cmake_prefix_path.ps1'
[0.531s] INFO:colcon.colcon_core.shell:Creating environment descriptor '/home/eee/ros2/src/armor_detect_ros2-main/install/armor_interfaces/share/armor_interfaces/hook/cmake_prefix_path.dsv'
[0.531s] INFO:colcon.colcon_core.shell:Creating environment hook '/home/eee/ros2/src/armor_detect_ros2-main/install/armor_interfaces/share/armor_interfaces/hook/cmake_prefix_path.sh'
[0.532s] Level 1:colcon.colcon_core.environment:checking '/home/eee/ros2/src/armor_detect_ros2-main/install/armor_interfaces/lib'
[0.532s] Level 1:colcon.colcon_core.shell:create_environment_hook('armor_interfaces', 'ld_library_path_lib')
[0.532s] INFO:colcon.colcon_core.shell:Creating environment hook '/home/eee/ros2/src/armor_detect_ros2-main/install/armor_interfaces/share/armor_interfaces/hook/ld_library_path_lib.ps1'
[0.532s] INFO:colcon.colcon_core.shell:Creating environment descriptor '/home/eee/ros2/src/armor_detect_ros2-main/install/armor_interfaces/share/armor_interfaces/hook/ld_library_path_lib.dsv'
[0.532s] INFO:colcon.colcon_core.shell:Creating environment hook '/home/eee/ros2/src/armor_detect_ros2-main/install/armor_interfaces/share/armor_interfaces/hook/ld_library_path_lib.sh'
[0.533s] Level 1:colcon.colcon_core.environment:checking '/home/eee/ros2/src/armor_detect_ros2-main/install/armor_interfaces/bin'
[0.533s] Level 1:colcon.colcon_core.environment:checking '/home/eee/ros2/src/armor_detect_ros2-main/install/armor_interfaces/lib/pkgconfig/armor_interfaces.pc'
[0.533s] Level 1:colcon.colcon_core.environment:checking '/home/eee/ros2/src/armor_detect_ros2-main/install/armor_interfaces/lib/python3.10/site-packages'
[0.533s] Level 1:colcon.colcon_core.environment:checking '/home/eee/ros2/src/armor_detect_ros2-main/install/armor_interfaces/bin'
[0.533s] INFO:colcon.colcon_core.shell:Creating package script '/home/eee/ros2/src/armor_detect_ros2-main/install/armor_interfaces/share/armor_interfaces/package.ps1'
[0.533s] INFO:colcon.colcon_core.shell:Creating package descriptor '/home/eee/ros2/src/armor_detect_ros2-main/install/armor_interfaces/share/armor_interfaces/package.dsv'
[0.534s] INFO:colcon.colcon_core.shell:Creating package script '/home/eee/ros2/src/armor_detect_ros2-main/install/armor_interfaces/share/armor_interfaces/package.sh'
[0.534s] INFO:colcon.colcon_core.shell:Creating package script '/home/eee/ros2/src/armor_detect_ros2-main/install/armor_interfaces/share/armor_interfaces/package.bash'
[0.534s] INFO:colcon.colcon_core.shell:Creating package script '/home/eee/ros2/src/armor_detect_ros2-main/install/armor_interfaces/share/armor_interfaces/package.zsh'
[0.534s] Level 1:colcon.colcon_core.environment:create_file_with_runtime_dependencies(/home/eee/ros2/src/armor_detect_ros2-main/install/armor_interfaces/share/colcon-core/packages/armor_interfaces)
[0.535s] Level 1:colcon.colcon_core.environment:create_environment_scripts_only(armor_interfaces)
[0.535s] Level 1:colcon.colcon_core.environment:checking '/home/eee/ros2/src/armor_detect_ros2-main/install/armor_interfaces' for CMake module files
[0.535s] Level 1:colcon.colcon_core.environment:checking '/home/eee/ros2/src/armor_detect_ros2-main/install/armor_interfaces' for CMake config files
[0.536s] Level 1:colcon.colcon_core.shell:create_environment_hook('armor_interfaces', 'cmake_prefix_path')
[0.536s] INFO:colcon.colcon_core.shell:Creating environment hook '/home/eee/ros2/src/armor_detect_ros2-main/install/armor_interfaces/share/armor_interfaces/hook/cmake_prefix_path.ps1'
[0.536s] INFO:colcon.colcon_core.shell:Creating environment descriptor '/home/eee/ros2/src/armor_detect_ros2-main/install/armor_interfaces/share/armor_interfaces/hook/cmake_prefix_path.dsv'
[0.536s] INFO:colcon.colcon_core.shell:Creating environment hook '/home/eee/ros2/src/armor_detect_ros2-main/install/armor_interfaces/share/armor_interfaces/hook/cmake_prefix_path.sh'
[0.536s] Level 1:colcon.colcon_core.environment:checking '/home/eee/ros2/src/armor_detect_ros2-main/install/armor_interfaces/lib'
[0.536s] Level 1:colcon.colcon_core.shell:create_environment_hook('armor_interfaces', 'ld_library_path_lib')
[0.537s] INFO:colcon.colcon_core.shell:Creating environment hook '/home/eee/ros2/src/armor_detect_ros2-main/install/armor_interfaces/share/armor_interfaces/hook/ld_library_path_lib.ps1'
[0.537s] INFO:colcon.colcon_core.shell:Creating environment descriptor '/home/eee/ros2/src/armor_detect_ros2-main/install/armor_interfaces/share/armor_interfaces/hook/ld_library_path_lib.dsv'
[0.537s] INFO:colcon.colcon_core.shell:Creating environment hook '/home/eee/ros2/src/armor_detect_ros2-main/install/armor_interfaces/share/armor_interfaces/hook/ld_library_path_lib.sh'
[0.537s] Level 1:colcon.colcon_core.environment:checking '/home/eee/ros2/src/armor_detect_ros2-main/install/armor_interfaces/bin'
[0.537s] Level 1:colcon.colcon_core.environment:checking '/home/eee/ros2/src/armor_detect_ros2-main/install/armor_interfaces/lib/pkgconfig/armor_interfaces.pc'
[0.537s] Level 1:colcon.colcon_core.environment:checking '/home/eee/ros2/src/armor_detect_ros2-main/install/armor_interfaces/lib/python3.10/site-packages'
[0.537s] Level 1:colcon.colcon_core.environment:checking '/home/eee/ros2/src/armor_detect_ros2-main/install/armor_interfaces/bin'
[0.538s] INFO:colcon.colcon_core.shell:Creating package script '/home/eee/ros2/src/armor_detect_ros2-main/install/armor_interfaces/share/armor_interfaces/package.ps1'
[0.538s] INFO:colcon.colcon_core.shell:Creating package descriptor '/home/eee/ros2/src/armor_detect_ros2-main/install/armor_interfaces/share/armor_interfaces/package.dsv'
[0.538s] INFO:colcon.colcon_core.shell:Creating package script '/home/eee/ros2/src/armor_detect_ros2-main/install/armor_interfaces/share/armor_interfaces/package.sh'
[0.538s] INFO:colcon.colcon_core.shell:Creating package script '/home/eee/ros2/src/armor_detect_ros2-main/install/armor_interfaces/share/armor_interfaces/package.bash'
[0.539s] INFO:colcon.colcon_core.shell:Creating package script '/home/eee/ros2/src/armor_detect_ros2-main/install/armor_interfaces/share/armor_interfaces/package.zsh'
[0.539s] Level 1:colcon.colcon_core.environment:create_file_with_runtime_dependencies(/home/eee/ros2/src/armor_detect_ros2-main/install/armor_interfaces/share/colcon-core/packages/armor_interfaces)
[0.539s] INFO:colcon.colcon_ros.task.ament_cmake.build:Building ROS package in '/home/eee/ros2/src/armor_detect_ros2-main/src/armor_drawer' with build type 'ament_cmake'
[0.539s] INFO:colcon.colcon_cmake.task.cmake.build:Building CMake package in '/home/eee/ros2/src/armor_detect_ros2-main/src/armor_drawer'
[0.539s] INFO:colcon.colcon_core.shell:Skip shell extension 'powershell' for command environment: Not usable outside of PowerShell
[0.539s] DEBUG:colcon.colcon_core.shell:Skip shell extension 'dsv' for command environment
[0.541s] INFO:colcon.colcon_ros.task.ament_cmake.build:Building ROS package in '/home/eee/ros2/src/armor_detect_ros2-main/src/armor_tracker' with build type 'ament_cmake'
[0.541s] INFO:colcon.colcon_cmake.task.cmake.build:Building CMake package in '/home/eee/ros2/src/armor_detect_ros2-main/src/armor_tracker'
[0.542s] INFO:colcon.colcon_core.shell:Skip shell extension 'powershell' for command environment: Not usable outside of PowerShell
[0.542s] DEBUG:colcon.colcon_core.shell:Skip shell extension 'dsv' for command environment
[0.543s] INFO:colcon.colcon_ros.task.ament_cmake.build:Building ROS package in '/home/eee/ros2/src/armor_detect_ros2-main/src/serial_driver' with build type 'ament_cmake'
[0.543s] INFO:colcon.colcon_cmake.task.cmake.build:Building CMake package in '/home/eee/ros2/src/armor_detect_ros2-main/src/serial_driver'
[0.544s] INFO:colcon.colcon_core.shell:Skip shell extension 'powershell' for command environment: Not usable outside of PowerShell
[0.544s] DEBUG:colcon.colcon_core.shell:Skip shell extension 'dsv' for command environment
[0.548s] DEBUG:colcon.colcon_core.event_handler.log_command:Invoking command in '/home/eee/ros2/src/armor_detect_ros2-main/build/armor_drawer': CMAKE_PREFIX_PATH=/home/eee/ros2/src/armor_detect_ros2-main/install/armor_interfaces:/home/eee/ros2/src/armor_detect_ros2-main/install/rm_serial_driver:/home/eee/ros2/src/armor_detect_ros2-main/install/armor_urdf:/home/eee/ros2/src/armor_detect_ros2-main/install/armor_tracker_node:/home/eee/ros2/src/armor_detect_ros2-main/install/armor_drawer:/opt/ros/humble LD_LIBRARY_PATH=/home/eee/ros2/src/armor_detect_ros2-main/install/armor_interfaces/lib:/home/eee/ros2/src/armor_detect_ros2-main/install/rm_serial_driver/lib:/opt/ros/humble/opt/rviz_ogre_vendor/lib:/opt/ros/humble/lib/x86_64-linux-gnu:/opt/ros/humble/lib /usr/bin/cmake --build /home/eee/ros2/src/armor_detect_ros2-main/build/armor_drawer -- -j20 -l20
[0.550s] DEBUG:colcon.colcon_core.event_handler.log_command:Invoking command in '/home/eee/ros2/src/armor_detect_ros2-main/build/armor_tracker_node': CMAKE_PREFIX_PATH=/home/eee/ros2/src/armor_detect_ros2-main/install/armor_interfaces:/home/eee/ros2/src/armor_detect_ros2-main/install/rm_serial_driver:/home/eee/ros2/src/armor_detect_ros2-main/install/armor_urdf:/home/eee/ros2/src/armor_detect_ros2-main/install/armor_tracker_node:/home/eee/ros2/src/armor_detect_ros2-main/install/armor_drawer:/opt/ros/humble LD_LIBRARY_PATH=/home/eee/ros2/src/armor_detect_ros2-main/install/armor_interfaces/lib:/home/eee/ros2/src/armor_detect_ros2-main/install/rm_serial_driver/lib:/opt/ros/humble/opt/rviz_ogre_vendor/lib:/opt/ros/humble/lib/x86_64-linux-gnu:/opt/ros/humble/lib /usr/bin/cmake --build /home/eee/ros2/src/armor_detect_ros2-main/build/armor_tracker_node -- -j20 -l20
[0.551s] DEBUG:colcon.colcon_core.event_handler.log_command:Invoking command in '/home/eee/ros2/src/armor_detect_ros2-main/build/rm_serial_driver': CMAKE_PREFIX_PATH=/home/eee/ros2/src/armor_detect_ros2-main/install/armor_interfaces:/home/eee/ros2/src/armor_detect_ros2-main/install/rm_serial_driver:/home/eee/ros2/src/armor_detect_ros2-main/install/armor_urdf:/home/eee/ros2/src/armor_detect_ros2-main/install/armor_tracker_node:/home/eee/ros2/src/armor_detect_ros2-main/install/armor_drawer:/opt/ros/humble LD_LIBRARY_PATH=/home/eee/ros2/src/armor_detect_ros2-main/install/armor_interfaces/lib:/home/eee/ros2/src/armor_detect_ros2-main/install/rm_serial_driver/lib:/opt/ros/humble/opt/rviz_ogre_vendor/lib:/opt/ros/humble/lib/x86_64-linux-gnu:/opt/ros/humble/lib /usr/bin/cmake --build /home/eee/ros2/src/armor_detect_ros2-main/build/rm_serial_driver -- -j20 -l20
[0.606s] DEBUG:colcon.colcon_core.event_handler.log_command:Invoked command in '/home/eee/ros2/src/armor_detect_ros2-main/build/armor_drawer' returned '0': CMAKE_PREFIX_PATH=/home/eee/ros2/src/armor_detect_ros2-main/install/armor_interfaces:/home/eee/ros2/src/armor_detect_ros2-main/install/rm_serial_driver:/home/eee/ros2/src/armor_detect_ros2-main/install/armor_urdf:/home/eee/ros2/src/armor_detect_ros2-main/install/armor_tracker_node:/home/eee/ros2/src/armor_detect_ros2-main/install/armor_drawer:/opt/ros/humble LD_LIBRARY_PATH=/home/eee/ros2/src/armor_detect_ros2-main/install/armor_interfaces/lib:/home/eee/ros2/src/armor_detect_ros2-main/install/rm_serial_driver/lib:/opt/ros/humble/opt/rviz_ogre_vendor/lib:/opt/ros/humble/lib/x86_64-linux-gnu:/opt/ros/humble/lib /usr/bin/cmake --build /home/eee/ros2/src/armor_detect_ros2-main/build/armor_drawer -- -j20 -l20
[0.608s] DEBUG:colcon.colcon_core.event_handler.log_command:Invoking command in '/home/eee/ros2/src/armor_detect_ros2-main/build/armor_drawer': CMAKE_PREFIX_PATH=/home/eee/ros2/src/armor_detect_ros2-main/install/armor_interfaces:/home/eee/ros2/src/armor_detect_ros2-main/install/rm_serial_driver:/home/eee/ros2/src/armor_detect_ros2-main/install/armor_urdf:/home/eee/ros2/src/armor_detect_ros2-main/install/armor_tracker_node:/home/eee/ros2/src/armor_detect_ros2-main/install/armor_drawer:/opt/ros/humble LD_LIBRARY_PATH=/home/eee/ros2/src/armor_detect_ros2-main/install/armor_interfaces/lib:/home/eee/ros2/src/armor_detect_ros2-main/install/rm_serial_driver/lib:/opt/ros/humble/opt/rviz_ogre_vendor/lib:/opt/ros/humble/lib/x86_64-linux-gnu:/opt/ros/humble/lib /usr/bin/cmake --install /home/eee/ros2/src/armor_detect_ros2-main/build/armor_drawer
[0.622s] Level 1:colcon.colcon_core.environment:create_environment_scripts_only(armor_drawer)
[0.622s] Level 1:colcon.colcon_core.environment:checking '/home/eee/ros2/src/armor_detect_ros2-main/install/armor_drawer' for CMake module files
[0.623s] DEBUG:colcon.colcon_core.event_handler.log_command:Invoked command in '/home/eee/ros2/src/armor_detect_ros2-main/build/armor_drawer' returned '0': CMAKE_PREFIX_PATH=/home/eee/ros2/src/armor_detect_ros2-main/install/armor_interfaces:/home/eee/ros2/src/armor_detect_ros2-main/install/rm_serial_driver:/home/eee/ros2/src/armor_detect_ros2-main/install/armor_urdf:/home/eee/ros2/src/armor_detect_ros2-main/install/armor_tracker_node:/home/eee/ros2/src/armor_detect_ros2-main/install/armor_drawer:/opt/ros/humble LD_LIBRARY_PATH=/home/eee/ros2/src/armor_detect_ros2-main/install/armor_interfaces/lib:/home/eee/ros2/src/armor_detect_ros2-main/install/rm_serial_driver/lib:/opt/ros/humble/opt/rviz_ogre_vendor/lib:/opt/ros/humble/lib/x86_64-linux-gnu:/opt/ros/humble/lib /usr/bin/cmake --install /home/eee/ros2/src/armor_detect_ros2-main/build/armor_drawer
[0.623s] Level 1:colcon.colcon_core.environment:checking '/home/eee/ros2/src/armor_detect_ros2-main/install/armor_drawer' for CMake config files
[0.623s] Level 1:colcon.colcon_core.shell:create_environment_hook('armor_drawer', 'cmake_prefix_path')
[0.623s] INFO:colcon.colcon_core.shell:Creating environment hook '/home/eee/ros2/src/armor_detect_ros2-main/install/armor_drawer/share/armor_drawer/hook/cmake_prefix_path.ps1'
[0.624s] INFO:colcon.colcon_core.shell:Creating environment descriptor '/home/eee/ros2/src/armor_detect_ros2-main/install/armor_drawer/share/armor_drawer/hook/cmake_prefix_path.dsv'
[0.624s] INFO:colcon.colcon_core.shell:Creating environment hook '/home/eee/ros2/src/armor_detect_ros2-main/install/armor_drawer/share/armor_drawer/hook/cmake_prefix_path.sh'
[0.625s] Level 1:colcon.colcon_core.environment:checking '/home/eee/ros2/src/armor_detect_ros2-main/install/armor_drawer/lib'
[0.625s] Level 1:colcon.colcon_core.environment:checking '/home/eee/ros2/src/armor_detect_ros2-main/install/armor_drawer/bin'
[0.625s] Level 1:colcon.colcon_core.environment:checking '/home/eee/ros2/src/armor_detect_ros2-main/install/armor_drawer/lib/pkgconfig/armor_drawer.pc'
[0.625s] Level 1:colcon.colcon_core.environment:checking '/home/eee/ros2/src/armor_detect_ros2-main/install/armor_drawer/lib/python3.10/site-packages'
[0.626s] Level 1:colcon.colcon_core.environment:checking '/home/eee/ros2/src/armor_detect_ros2-main/install/armor_drawer/bin'
[0.626s] INFO:colcon.colcon_core.shell:Creating package script '/home/eee/ros2/src/armor_detect_ros2-main/install/armor_drawer/share/armor_drawer/package.ps1'
[0.626s] INFO:colcon.colcon_core.shell:Creating package descriptor '/home/eee/ros2/src/armor_detect_ros2-main/install/armor_drawer/share/armor_drawer/package.dsv'
[0.626s] INFO:colcon.colcon_core.shell:Creating package script '/home/eee/ros2/src/armor_detect_ros2-main/install/armor_drawer/share/armor_drawer/package.sh'
[0.627s] INFO:colcon.colcon_core.shell:Creating package script '/home/eee/ros2/src/armor_detect_ros2-main/install/armor_drawer/share/armor_drawer/package.bash'
[0.627s] INFO:colcon.colcon_core.shell:Creating package script '/home/eee/ros2/src/armor_detect_ros2-main/install/armor_drawer/share/armor_drawer/package.zsh'
[0.627s] Level 1:colcon.colcon_core.environment:create_file_with_runtime_dependencies(/home/eee/ros2/src/armor_detect_ros2-main/install/armor_drawer/share/colcon-core/packages/armor_drawer)
[0.627s] Level 1:colcon.colcon_core.environment:create_environment_scripts_only(armor_drawer)
[0.627s] Level 1:colcon.colcon_core.environment:checking '/home/eee/ros2/src/armor_detect_ros2-main/install/armor_drawer' for CMake module files
[0.628s] Level 1:colcon.colcon_core.environment:checking '/home/eee/ros2/src/armor_detect_ros2-main/install/armor_drawer' for CMake config files
[0.628s] Level 1:colcon.colcon_core.shell:create_environment_hook('armor_drawer', 'cmake_prefix_path')
[0.628s] INFO:colcon.colcon_core.shell:Creating environment hook '/home/eee/ros2/src/armor_detect_ros2-main/install/armor_drawer/share/armor_drawer/hook/cmake_prefix_path.ps1'
[0.628s] INFO:colcon.colcon_core.shell:Creating environment descriptor '/home/eee/ros2/src/armor_detect_ros2-main/install/armor_drawer/share/armor_drawer/hook/cmake_prefix_path.dsv'
[0.628s] INFO:colcon.colcon_core.shell:Creating environment hook '/home/eee/ros2/src/armor_detect_ros2-main/install/armor_drawer/share/armor_drawer/hook/cmake_prefix_path.sh'
[0.629s] Level 1:colcon.colcon_core.environment:checking '/home/eee/ros2/src/armor_detect_ros2-main/install/armor_drawer/lib'
[0.629s] Level 1:colcon.colcon_core.environment:checking '/home/eee/ros2/src/armor_detect_ros2-main/install/armor_drawer/bin'
[0.629s] Level 1:colcon.colcon_core.environment:checking '/home/eee/ros2/src/armor_detect_ros2-main/install/armor_drawer/lib/pkgconfig/armor_drawer.pc'
[0.629s] Level 1:colcon.colcon_core.environment:checking '/home/eee/ros2/src/armor_detect_ros2-main/install/armor_drawer/lib/python3.10/site-packages'
[0.629s] Level 1:colcon.colcon_core.environment:checking '/home/eee/ros2/src/armor_detect_ros2-main/install/armor_drawer/bin'
[0.629s] INFO:colcon.colcon_core.shell:Creating package script '/home/eee/ros2/src/armor_detect_ros2-main/install/armor_drawer/share/armor_drawer/package.ps1'
[0.629s] INFO:colcon.colcon_core.shell:Creating package descriptor '/home/eee/ros2/src/armor_detect_ros2-main/install/armor_drawer/share/armor_drawer/package.dsv'
[0.630s] INFO:colcon.colcon_core.shell:Creating package script '/home/eee/ros2/src/armor_detect_ros2-main/install/armor_drawer/share/armor_drawer/package.sh'
[0.630s] INFO:colcon.colcon_core.shell:Creating package script '/home/eee/ros2/src/armor_detect_ros2-main/install/armor_drawer/share/armor_drawer/package.bash'
[0.630s] INFO:colcon.colcon_core.shell:Creating package script '/home/eee/ros2/src/armor_detect_ros2-main/install/armor_drawer/share/armor_drawer/package.zsh'
[0.630s] Level 1:colcon.colcon_core.environment:create_file_with_runtime_dependencies(/home/eee/ros2/src/armor_detect_ros2-main/install/armor_drawer/share/colcon-core/packages/armor_drawer)
[11.362s] DEBUG:colcon.colcon_core.event_handler.log_command:Invoked command in '/home/eee/ros2/src/armor_detect_ros2-main/build/armor_tracker_node' returned '0': CMAKE_PREFIX_PATH=/home/eee/ros2/src/armor_detect_ros2-main/install/armor_interfaces:/home/eee/ros2/src/armor_detect_ros2-main/install/rm_serial_driver:/home/eee/ros2/src/armor_detect_ros2-main/install/armor_urdf:/home/eee/ros2/src/armor_detect_ros2-main/install/armor_tracker_node:/home/eee/ros2/src/armor_detect_ros2-main/install/armor_drawer:/opt/ros/humble LD_LIBRARY_PATH=/home/eee/ros2/src/armor_detect_ros2-main/install/armor_interfaces/lib:/home/eee/ros2/src/armor_detect_ros2-main/install/rm_serial_driver/lib:/opt/ros/humble/opt/rviz_ogre_vendor/lib:/opt/ros/humble/lib/x86_64-linux-gnu:/opt/ros/humble/lib /usr/bin/cmake --build /home/eee/ros2/src/armor_detect_ros2-main/build/armor_tracker_node -- -j20 -l20
[11.363s] DEBUG:colcon.colcon_core.event_handler.log_command:Invoking command in '/home/eee/ros2/src/armor_detect_ros2-main/build/armor_tracker_node': CMAKE_PREFIX_PATH=/home/eee/ros2/src/armor_detect_ros2-main/install/armor_interfaces:/home/eee/ros2/src/armor_detect_ros2-main/install/rm_serial_driver:/home/eee/ros2/src/armor_detect_ros2-main/install/armor_urdf:/home/eee/ros2/src/armor_detect_ros2-main/install/armor_tracker_node:/home/eee/ros2/src/armor_detect_ros2-main/install/armor_drawer:/opt/ros/humble LD_LIBRARY_PATH=/home/eee/ros2/src/armor_detect_ros2-main/install/armor_interfaces/lib:/home/eee/ros2/src/armor_detect_ros2-main/install/rm_serial_driver/lib:/opt/ros/humble/opt/rviz_ogre_vendor/lib:/opt/ros/humble/lib/x86_64-linux-gnu:/opt/ros/humble/lib /usr/bin/cmake --install /home/eee/ros2/src/armor_detect_ros2-main/build/armor_tracker_node
[11.380s] Level 1:colcon.colcon_core.environment:create_environment_scripts_only(armor_tracker_node)
[11.380s] Level 1:colcon.colcon_core.environment:checking '/home/eee/ros2/src/armor_detect_ros2-main/install/armor_tracker_node' for CMake module files
[11.380s] DEBUG:colcon.colcon_core.event_handler.log_command:Invoked command in '/home/eee/ros2/src/armor_detect_ros2-main/build/armor_tracker_node' returned '0': CMAKE_PREFIX_PATH=/home/eee/ros2/src/armor_detect_ros2-main/install/armor_interfaces:/home/eee/ros2/src/armor_detect_ros2-main/install/rm_serial_driver:/home/eee/ros2/src/armor_detect_ros2-main/install/armor_urdf:/home/eee/ros2/src/armor_detect_ros2-main/install/armor_tracker_node:/home/eee/ros2/src/armor_detect_ros2-main/install/armor_drawer:/opt/ros/humble LD_LIBRARY_PATH=/home/eee/ros2/src/armor_detect_ros2-main/install/armor_interfaces/lib:/home/eee/ros2/src/armor_detect_ros2-main/install/rm_serial_driver/lib:/opt/ros/humble/opt/rviz_ogre_vendor/lib:/opt/ros/humble/lib/x86_64-linux-gnu:/opt/ros/humble/lib /usr/bin/cmake --install /home/eee/ros2/src/armor_detect_ros2-main/build/armor_tracker_node
[11.380s] Level 1:colcon.colcon_core.environment:checking '/home/eee/ros2/src/armor_detect_ros2-main/install/armor_tracker_node' for CMake config files
[11.380s] Level 1:colcon.colcon_core.shell:create_environment_hook('armor_tracker_node', 'cmake_prefix_path')
[11.381s] INFO:colcon.colcon_core.shell:Creating environment hook '/home/eee/ros2/src/armor_detect_ros2-main/install/armor_tracker_node/share/armor_tracker_node/hook/cmake_prefix_path.ps1'
[11.381s] INFO:colcon.colcon_core.shell:Creating environment descriptor '/home/eee/ros2/src/armor_detect_ros2-main/install/armor_tracker_node/share/armor_tracker_node/hook/cmake_prefix_path.dsv'
[11.381s] INFO:colcon.colcon_core.shell:Creating environment hook '/home/eee/ros2/src/armor_detect_ros2-main/install/armor_tracker_node/share/armor_tracker_node/hook/cmake_prefix_path.sh'
[11.381s] Level 1:colcon.colcon_core.environment:checking '/home/eee/ros2/src/armor_detect_ros2-main/install/armor_tracker_node/lib'
[11.381s] Level 1:colcon.colcon_core.environment:checking '/home/eee/ros2/src/armor_detect_ros2-main/install/armor_tracker_node/bin'
[11.381s] Level 1:colcon.colcon_core.environment:checking '/home/eee/ros2/src/armor_detect_ros2-main/install/armor_tracker_node/lib/pkgconfig/armor_tracker_node.pc'
[11.382s] Level 1:colcon.colcon_core.environment:checking '/home/eee/ros2/src/armor_detect_ros2-main/install/armor_tracker_node/lib/python3.10/site-packages'
[11.382s] Level 1:colcon.colcon_core.environment:checking '/home/eee/ros2/src/armor_detect_ros2-main/install/armor_tracker_node/bin'
[11.382s] INFO:colcon.colcon_core.shell:Creating package script '/home/eee/ros2/src/armor_detect_ros2-main/install/armor_tracker_node/share/armor_tracker_node/package.ps1'
[11.382s] INFO:colcon.colcon_core.shell:Creating package descriptor '/home/eee/ros2/src/armor_detect_ros2-main/install/armor_tracker_node/share/armor_tracker_node/package.dsv'
[11.382s] INFO:colcon.colcon_core.shell:Creating package script '/home/eee/ros2/src/armor_detect_ros2-main/install/armor_tracker_node/share/armor_tracker_node/package.sh'
[11.383s] INFO:colcon.colcon_core.shell:Creating package script '/home/eee/ros2/src/armor_detect_ros2-main/install/armor_tracker_node/share/armor_tracker_node/package.bash'
[11.383s] INFO:colcon.colcon_core.shell:Creating package script '/home/eee/ros2/src/armor_detect_ros2-main/install/armor_tracker_node/share/armor_tracker_node/package.zsh'
[11.383s] Level 1:colcon.colcon_core.environment:create_file_with_runtime_dependencies(/home/eee/ros2/src/armor_detect_ros2-main/install/armor_tracker_node/share/colcon-core/packages/armor_tracker_node)
[11.383s] Level 1:colcon.colcon_core.environment:create_environment_scripts_only(armor_tracker_node)
[11.383s] Level 1:colcon.colcon_core.environment:checking '/home/eee/ros2/src/armor_detect_ros2-main/install/armor_tracker_node' for CMake module files
[11.384s] Level 1:colcon.colcon_core.environment:checking '/home/eee/ros2/src/armor_detect_ros2-main/install/armor_tracker_node' for CMake config files
[11.384s] Level 1:colcon.colcon_core.shell:create_environment_hook('armor_tracker_node', 'cmake_prefix_path')
[11.384s] INFO:colcon.colcon_core.shell:Creating environment hook '/home/eee/ros2/src/armor_detect_ros2-main/install/armor_tracker_node/share/armor_tracker_node/hook/cmake_prefix_path.ps1'
[11.384s] INFO:colcon.colcon_core.shell:Creating environment descriptor '/home/eee/ros2/src/armor_detect_ros2-main/install/armor_tracker_node/share/armor_tracker_node/hook/cmake_prefix_path.dsv'
[11.384s] INFO:colcon.colcon_core.shell:Creating environment hook '/home/eee/ros2/src/armor_detect_ros2-main/install/armor_tracker_node/share/armor_tracker_node/hook/cmake_prefix_path.sh'
[11.385s] Level 1:colcon.colcon_core.environment:checking '/home/eee/ros2/src/armor_detect_ros2-main/install/armor_tracker_node/lib'
[11.385s] Level 1:colcon.colcon_core.environment:checking '/home/eee/ros2/src/armor_detect_ros2-main/install/armor_tracker_node/bin'
[11.385s] Level 1:colcon.colcon_core.environment:checking '/home/eee/ros2/src/armor_detect_ros2-main/install/armor_tracker_node/lib/pkgconfig/armor_tracker_node.pc'
[11.385s] Level 1:colcon.colcon_core.environment:checking '/home/eee/ros2/src/armor_detect_ros2-main/install/armor_tracker_node/lib/python3.10/site-packages'
[11.385s] Level 1:colcon.colcon_core.environment:checking '/home/eee/ros2/src/armor_detect_ros2-main/install/armor_tracker_node/bin'
[11.385s] INFO:colcon.colcon_core.shell:Creating package script '/home/eee/ros2/src/armor_detect_ros2-main/install/armor_tracker_node/share/armor_tracker_node/package.ps1'
[11.386s] INFO:colcon.colcon_core.shell:Creating package descriptor '/home/eee/ros2/src/armor_detect_ros2-main/install/armor_tracker_node/share/armor_tracker_node/package.dsv'
[11.386s] INFO:colcon.colcon_core.shell:Creating package script '/home/eee/ros2/src/armor_detect_ros2-main/install/armor_tracker_node/share/armor_tracker_node/package.sh'
[11.386s] INFO:colcon.colcon_core.shell:Creating package script '/home/eee/ros2/src/armor_detect_ros2-main/install/armor_tracker_node/share/armor_tracker_node/package.bash'
[11.386s] INFO:colcon.colcon_core.shell:Creating package script '/home/eee/ros2/src/armor_detect_ros2-main/install/armor_tracker_node/share/armor_tracker_node/package.zsh'
[11.386s] Level 1:colcon.colcon_core.environment:create_file_with_runtime_dependencies(/home/eee/ros2/src/armor_detect_ros2-main/install/armor_tracker_node/share/colcon-core/packages/armor_tracker_node)
[16.393s] DEBUG:colcon.colcon_core.event_handler.log_command:Invoked command in '/home/eee/ros2/src/armor_detect_ros2-main/build/rm_serial_driver' returned '0': CMAKE_PREFIX_PATH=/home/eee/ros2/src/armor_detect_ros2-main/install/armor_interfaces:/home/eee/ros2/src/armor_detect_ros2-main/install/rm_serial_driver:/home/eee/ros2/src/armor_detect_ros2-main/install/armor_urdf:/home/eee/ros2/src/armor_detect_ros2-main/install/armor_tracker_node:/home/eee/ros2/src/armor_detect_ros2-main/install/armor_drawer:/opt/ros/humble LD_LIBRARY_PATH=/home/eee/ros2/src/armor_detect_ros2-main/install/armor_interfaces/lib:/home/eee/ros2/src/armor_detect_ros2-main/install/rm_serial_driver/lib:/opt/ros/humble/opt/rviz_ogre_vendor/lib:/opt/ros/humble/lib/x86_64-linux-gnu:/opt/ros/humble/lib /usr/bin/cmake --build /home/eee/ros2/src/armor_detect_ros2-main/build/rm_serial_driver -- -j20 -l20
[16.394s] DEBUG:colcon.colcon_core.event_handler.log_command:Invoking command in '/home/eee/ros2/src/armor_detect_ros2-main/build/rm_serial_driver': CMAKE_PREFIX_PATH=/home/eee/ros2/src/armor_detect_ros2-main/install/armor_interfaces:/home/eee/ros2/src/armor_detect_ros2-main/install/rm_serial_driver:/home/eee/ros2/src/armor_detect_ros2-main/install/armor_urdf:/home/eee/ros2/src/armor_detect_ros2-main/install/armor_tracker_node:/home/eee/ros2/src/armor_detect_ros2-main/install/armor_drawer:/opt/ros/humble LD_LIBRARY_PATH=/home/eee/ros2/src/armor_detect_ros2-main/install/armor_interfaces/lib:/home/eee/ros2/src/armor_detect_ros2-main/install/rm_serial_driver/lib:/opt/ros/humble/opt/rviz_ogre_vendor/lib:/opt/ros/humble/lib/x86_64-linux-gnu:/opt/ros/humble/lib /usr/bin/cmake --install /home/eee/ros2/src/armor_detect_ros2-main/build/rm_serial_driver
[16.411s] Level 1:colcon.colcon_core.environment:create_environment_scripts_only(rm_serial_driver)
[16.412s] Level 1:colcon.colcon_core.environment:checking '/home/eee/ros2/src/armor_detect_ros2-main/install/rm_serial_driver' for CMake module files
[16.412s] DEBUG:colcon.colcon_core.event_handler.log_command:Invoked command in '/home/eee/ros2/src/armor_detect_ros2-main/build/rm_serial_driver' returned '0': CMAKE_PREFIX_PATH=/home/eee/ros2/src/armor_detect_ros2-main/install/armor_interfaces:/home/eee/ros2/src/armor_detect_ros2-main/install/rm_serial_driver:/home/eee/ros2/src/armor_detect_ros2-main/install/armor_urdf:/home/eee/ros2/src/armor_detect_ros2-main/install/armor_tracker_node:/home/eee/ros2/src/armor_detect_ros2-main/install/armor_drawer:/opt/ros/humble LD_LIBRARY_PATH=/home/eee/ros2/src/armor_detect_ros2-main/install/armor_interfaces/lib:/home/eee/ros2/src/armor_detect_ros2-main/install/rm_serial_driver/lib:/opt/ros/humble/opt/rviz_ogre_vendor/lib:/opt/ros/humble/lib/x86_64-linux-gnu:/opt/ros/humble/lib /usr/bin/cmake --install /home/eee/ros2/src/armor_detect_ros2-main/build/rm_serial_driver
[16.413s] Level 1:colcon.colcon_core.environment:checking '/home/eee/ros2/src/armor_detect_ros2-main/install/rm_serial_driver' for CMake config files
[16.413s] Level 1:colcon.colcon_core.shell:create_environment_hook('rm_serial_driver', 'cmake_prefix_path')
[16.413s] INFO:colcon.colcon_core.shell:Creating environment hook '/home/eee/ros2/src/armor_detect_ros2-main/install/rm_serial_driver/share/rm_serial_driver/hook/cmake_prefix_path.ps1'
[16.414s] INFO:colcon.colcon_core.shell:Creating environment descriptor '/home/eee/ros2/src/armor_detect_ros2-main/install/rm_serial_driver/share/rm_serial_driver/hook/cmake_prefix_path.dsv'
[16.414s] INFO:colcon.colcon_core.shell:Creating environment hook '/home/eee/ros2/src/armor_detect_ros2-main/install/rm_serial_driver/share/rm_serial_driver/hook/cmake_prefix_path.sh'
[16.415s] Level 1:colcon.colcon_core.environment:checking '/home/eee/ros2/src/armor_detect_ros2-main/install/rm_serial_driver/lib'
[16.415s] Level 1:colcon.colcon_core.shell:create_environment_hook('rm_serial_driver', 'ld_library_path_lib')
[16.415s] INFO:colcon.colcon_core.shell:Creating environment hook '/home/eee/ros2/src/armor_detect_ros2-main/install/rm_serial_driver/share/rm_serial_driver/hook/ld_library_path_lib.ps1'
[16.415s] INFO:colcon.colcon_core.shell:Creating environment descriptor '/home/eee/ros2/src/armor_detect_ros2-main/install/rm_serial_driver/share/rm_serial_driver/hook/ld_library_path_lib.dsv'
[16.415s] INFO:colcon.colcon_core.shell:Creating environment hook '/home/eee/ros2/src/armor_detect_ros2-main/install/rm_serial_driver/share/rm_serial_driver/hook/ld_library_path_lib.sh'
[16.415s] Level 1:colcon.colcon_core.environment:checking '/home/eee/ros2/src/armor_detect_ros2-main/install/rm_serial_driver/bin'
[16.415s] Level 1:colcon.colcon_core.environment:checking '/home/eee/ros2/src/armor_detect_ros2-main/install/rm_serial_driver/lib/pkgconfig/rm_serial_driver.pc'
[16.415s] Level 1:colcon.colcon_core.environment:checking '/home/eee/ros2/src/armor_detect_ros2-main/install/rm_serial_driver/lib/python3.10/site-packages'
[16.416s] Level 1:colcon.colcon_core.environment:checking '/home/eee/ros2/src/armor_detect_ros2-main/install/rm_serial_driver/bin'
[16.416s] INFO:colcon.colcon_core.shell:Creating package script '/home/eee/ros2/src/armor_detect_ros2-main/install/rm_serial_driver/share/rm_serial_driver/package.ps1'
[16.416s] INFO:colcon.colcon_core.shell:Creating package descriptor '/home/eee/ros2/src/armor_detect_ros2-main/install/rm_serial_driver/share/rm_serial_driver/package.dsv'
[16.416s] INFO:colcon.colcon_core.shell:Creating package script '/home/eee/ros2/src/armor_detect_ros2-main/install/rm_serial_driver/share/rm_serial_driver/package.sh'
[16.417s] INFO:colcon.colcon_core.shell:Creating package script '/home/eee/ros2/src/armor_detect_ros2-main/install/rm_serial_driver/share/rm_serial_driver/package.bash'
[16.417s] INFO:colcon.colcon_core.shell:Creating package script '/home/eee/ros2/src/armor_detect_ros2-main/install/rm_serial_driver/share/rm_serial_driver/package.zsh'
[16.417s] Level 1:colcon.colcon_core.environment:create_file_with_runtime_dependencies(/home/eee/ros2/src/armor_detect_ros2-main/install/rm_serial_driver/share/colcon-core/packages/rm_serial_driver)
[16.417s] Level 1:colcon.colcon_core.environment:create_environment_scripts_only(rm_serial_driver)
[16.417s] Level 1:colcon.colcon_core.environment:checking '/home/eee/ros2/src/armor_detect_ros2-main/install/rm_serial_driver' for CMake module files
[16.418s] Level 1:colcon.colcon_core.environment:checking '/home/eee/ros2/src/armor_detect_ros2-main/install/rm_serial_driver' for CMake config files
[16.418s] Level 1:colcon.colcon_core.shell:create_environment_hook('rm_serial_driver', 'cmake_prefix_path')
[16.418s] INFO:colcon.colcon_core.shell:Creating environment hook '/home/eee/ros2/src/armor_detect_ros2-main/install/rm_serial_driver/share/rm_serial_driver/hook/cmake_prefix_path.ps1'
[16.418s] INFO:colcon.colcon_core.shell:Creating environment descriptor '/home/eee/ros2/src/armor_detect_ros2-main/install/rm_serial_driver/share/rm_serial_driver/hook/cmake_prefix_path.dsv'
[16.418s] INFO:colcon.colcon_core.shell:Creating environment hook '/home/eee/ros2/src/armor_detect_ros2-main/install/rm_serial_driver/share/rm_serial_driver/hook/cmake_prefix_path.sh'
[16.419s] Level 1:colcon.colcon_core.environment:checking '/home/eee/ros2/src/armor_detect_ros2-main/install/rm_serial_driver/lib'
[16.419s] Level 1:colcon.colcon_core.shell:create_environment_hook('rm_serial_driver', 'ld_library_path_lib')
[16.419s] INFO:colcon.colcon_core.shell:Creating environment hook '/home/eee/ros2/src/armor_detect_ros2-main/install/rm_serial_driver/share/rm_serial_driver/hook/ld_library_path_lib.ps1'
[16.419s] INFO:colcon.colcon_core.shell:Creating environment descriptor '/home/eee/ros2/src/armor_detect_ros2-main/install/rm_serial_driver/share/rm_serial_driver/hook/ld_library_path_lib.dsv'
[16.419s] INFO:colcon.colcon_core.shell:Creating environment hook '/home/eee/ros2/src/armor_detect_ros2-main/install/rm_serial_driver/share/rm_serial_driver/hook/ld_library_path_lib.sh'
[16.420s] Level 1:colcon.colcon_core.environment:checking '/home/eee/ros2/src/armor_detect_ros2-main/install/rm_serial_driver/bin'
[16.420s] Level 1:colcon.colcon_core.environment:checking '/home/eee/ros2/src/armor_detect_ros2-main/install/rm_serial_driver/lib/pkgconfig/rm_serial_driver.pc'
[16.420s] Level 1:colcon.colcon_core.environment:checking '/home/eee/ros2/src/armor_detect_ros2-main/install/rm_serial_driver/lib/python3.10/site-packages'
[16.420s] Level 1:colcon.colcon_core.environment:checking '/home/eee/ros2/src/armor_detect_ros2-main/install/rm_serial_driver/bin'
[16.420s] INFO:colcon.colcon_core.shell:Creating package script '/home/eee/ros2/src/armor_detect_ros2-main/install/rm_serial_driver/share/rm_serial_driver/package.ps1'
[16.421s] INFO:colcon.colcon_core.shell:Creating package descriptor '/home/eee/ros2/src/armor_detect_ros2-main/install/rm_serial_driver/share/rm_serial_driver/package.dsv'
[16.421s] INFO:colcon.colcon_core.shell:Creating package script '/home/eee/ros2/src/armor_detect_ros2-main/install/rm_serial_driver/share/rm_serial_driver/package.sh'
[16.421s] INFO:colcon.colcon_core.shell:Creating package script '/home/eee/ros2/src/armor_detect_ros2-main/install/rm_serial_driver/share/rm_serial_driver/package.bash'
[16.421s] INFO:colcon.colcon_core.shell:Creating package script '/home/eee/ros2/src/armor_detect_ros2-main/install/rm_serial_driver/share/rm_serial_driver/package.zsh'
[16.422s] Level 1:colcon.colcon_core.environment:create_file_with_runtime_dependencies(/home/eee/ros2/src/armor_detect_ros2-main/install/rm_serial_driver/share/colcon-core/packages/rm_serial_driver)
[16.422s] DEBUG:colcon.colcon_parallel_executor.executor.parallel:closing loop
[16.422s] DEBUG:colcon.colcon_parallel_executor.executor.parallel:loop closed
[16.422s] DEBUG:colcon.colcon_parallel_executor.executor.parallel:run_until_complete finished with '0'
[16.422s] DEBUG:colcon.colcon_core.event_reactor:joining thread
[16.427s] INFO:colcon.colcon_core.plugin_system:Skipping extension 'colcon_notification.desktop_notification.terminal_notifier': Not used on non-Darwin systems
[16.427s] INFO:colcon.colcon_core.plugin_system:Skipping extension 'colcon_notification.desktop_notification.win32': Not used on non-Windows systems
[16.427s] INFO:colcon.colcon_notification.desktop_notification:Sending desktop notification using 'notify2'
[16.438s] DEBUG:colcon.colcon_core.event_reactor:joined thread
[16.439s] INFO:colcon.colcon_core.shell:Creating prefix script '/home/eee/ros2/src/armor_detect_ros2-main/install/local_setup.ps1'
[16.439s] INFO:colcon.colcon_core.shell:Creating prefix util module '/home/eee/ros2/src/armor_detect_ros2-main/install/_local_setup_util_ps1.py'
[16.440s] INFO:colcon.colcon_core.shell:Creating prefix chain script '/home/eee/ros2/src/armor_detect_ros2-main/install/setup.ps1'
[16.441s] INFO:colcon.colcon_core.shell:Creating prefix script '/home/eee/ros2/src/armor_detect_ros2-main/install/local_setup.sh'
[16.441s] INFO:colcon.colcon_core.shell:Creating prefix util module '/home/eee/ros2/src/armor_detect_ros2-main/install/_local_setup_util_sh.py'
[16.441s] INFO:colcon.colcon_core.shell:Creating prefix chain script '/home/eee/ros2/src/armor_detect_ros2-main/install/setup.sh'
[16.442s] INFO:colcon.colcon_core.shell:Creating prefix script '/home/eee/ros2/src/armor_detect_ros2-main/install/local_setup.bash'
[16.442s] INFO:colcon.colcon_core.shell:Creating prefix chain script '/home/eee/ros2/src/armor_detect_ros2-main/install/setup.bash'
[16.443s] INFO:colcon.colcon_core.shell:Creating prefix script '/home/eee/ros2/src/armor_detect_ros2-main/install/local_setup.zsh'
[16.443s] INFO:colcon.colcon_core.shell:Creating prefix chain script '/home/eee/ros2/src/armor_detect_ros2-main/install/setup.zsh'
