-- Found ament_cmake: 1.3.14 (/opt/ros/humble/share/ament_cmake/cmake)
-- Override CMake install command with custom implementation using symlinks instead of copying resources
-- Found armor_interfaces: 0.0.0 (/home/eee/ros2/src/armor_detect_ros2-main/install/armor_interfaces/share/armor_interfaces/cmake)
-- Found rosidl_generator_c: 3.1.8 (/opt/ros/humble/share/rosidl_generator_c/cmake)
-- Found rosidl_adapter: 3.1.8 (/opt/ros/humble/share/rosidl_adapter/cmake)
-- Found rosidl_generator_cpp: 3.1.8 (/opt/ros/humble/share/rosidl_generator_cpp/cmake)
-- Using all available rosidl_typesupport_c: rosidl_typesupport_fastrtps_c;rosidl_typesupport_introspection_c
-- Using all available rosidl_typesupport_cpp: rosidl_typesupport_fastrtps_cpp;rosidl_typesupport_introspection_cpp
-- Found geometry_msgs: 4.9.1 (/opt/ros/humble/share/geometry_msgs/cmake)
-- Found rclcpp: 16.0.19 (/opt/ros/humble/share/rclcpp/cmake)
-- Found rmw_implementation_cmake: 6.1.2 (/opt/ros/humble/share/rmw_implementation_cmake/cmake)
-- Found rmw_fastrtps_cpp: 6.2.10 (/opt/ros/humble/share/rmw_fastrtps_cpp/cmake)
-- Using RMW implementation 'rmw_fastrtps_cpp' as default
-- Found tf2: 0.25.20 (/opt/ros/humble/share/tf2/cmake)
-- Found tf2_ros: 0.25.20 (/opt/ros/humble/share/tf2_ros/cmake)
-- Eigen3_INCLUDE_DIRS = 
-- Found tf2_geometry_msgs: 0.25.20 (/opt/ros/humble/share/tf2_geometry_msgs/cmake)
-- Found eigen3_cmake_module: 0.1.1 (/opt/ros/humble/share/eigen3_cmake_module/cmake)
-- Ensuring Eigen3 include directory is part of orocos-kdl CMake target
-- Configuring done
-- Generating done
-- Build files have been written to: /home/eee/ros2/src/armor_detect_ros2-main/build/armor_tracker_node
[35m[1mConsolidate compiler generated dependencies of target armor_tracker_node[0m
[  8%] [32m[1mLinking CXX executable armor_tracker_node[0m
/usr/bin/ld: CMakeFiles/armor_tracker_node.dir/src/ArmorTracker.cpp.o: in function `ArmorTracker::msgCallback(std::shared_ptr<geometry_msgs::msg::PointStamped_<std::allocator<void> > >)':
ArmorTracker.cpp:(.text+0x6b2): undefined reference to `std::chrono::time_point<std::chrono::_V2::system_clock, std::chrono::duration<long, std::ratio<1l, 1000000000l> > > tf2::getTimestamp<geometry_msgs::msg::PointStamped_<std::allocator<void> > >(geometry_msgs::msg::PointStamped_<std::allocator<void> > const&)'
/usr/bin/ld: ArmorTracker.cpp:(.text+0x6c7): undefined reference to `std::__cxx11::basic_string<char, std::char_traits<char>, std::allocator<char> > tf2::getFrameId<geometry_msgs::msg::PointStamped_<std::allocator<void> > >(geometry_msgs::msg::PointStamped_<std::allocator<void> > const&)'
/usr/bin/ld: ArmorTracker.cpp:(.text+0x703): undefined reference to `void tf2::doTransform<geometry_msgs::msg::PointStamped_<std::allocator<void> > >(geometry_msgs::msg::PointStamped_<std::allocator<void> > const&, geometry_msgs::msg::PointStamped_<std::allocator<void> >&, geometry_msgs::msg::TransformStamped_<std::allocator<void> > const&)'
collect2: error: ld returned 1 exit status
gmake[2]: *** [CMakeFiles/armor_tracker_node.dir/build.make:420：armor_tracker_node] 错误 1
gmake[1]: *** [CMakeFiles/Makefile2:137：CMakeFiles/armor_tracker_node.dir/all] 错误 2
gmake: *** [Makefile:146：all] 错误 2
