[0.010s] Invoking command in '/home/eee/ros2/src/armor_detect_ros2-main/build/armor_tracker_node': CMAKE_PREFIX_PATH=/home/eee/ros2/src/armor_detect_ros2-main/install/armor_interfaces:/home/eee/ros2/src/armor_detect_ros2-main/install/rm_serial_driver:/home/eee/ros2/src/armor_detect_ros2-main/install/galaxy_camera:/home/eee/ros2/src/armor_detect_ros2-main/install/armor_urdf:/home/eee/ros2/src/armor_detect_ros2-main/install/armor_tracker_node:/home/eee/ros2/src/armor_detect_ros2-main/install/armor_drawer:/opt/ros/humble LD_LIBRARY_PATH=/home/eee/ros2/src/armor_detect_ros2-main/install/armor_interfaces/lib:/home/eee/ros2/src/armor_detect_ros2-main/install/rm_serial_driver/lib:/home/eee/ros2/src/armor_detect_ros2-main/install/galaxy_camera/lib:/opt/ros/humble/opt/rviz_ogre_vendor/lib:/opt/ros/humble/lib/x86_64-linux-gnu:/opt/ros/humble/lib /usr/bin/cmake --build /home/eee/ros2/src/armor_detect_ros2-main/build/armor_tracker_node -- -j20 -l20
[0.049s] [35m[1mConsolidate compiler generated dependencies of target armor_tracker_node[0m
[0.075s] [100%] Built target armor_tracker_node
[0.088s] Invoked command in '/home/eee/ros2/src/armor_detect_ros2-main/build/armor_tracker_node' returned '0': CMAKE_PREFIX_PATH=/home/eee/ros2/src/armor_detect_ros2-main/install/armor_interfaces:/home/eee/ros2/src/armor_detect_ros2-main/install/rm_serial_driver:/home/eee/ros2/src/armor_detect_ros2-main/install/galaxy_camera:/home/eee/ros2/src/armor_detect_ros2-main/install/armor_urdf:/home/eee/ros2/src/armor_detect_ros2-main/install/armor_tracker_node:/home/eee/ros2/src/armor_detect_ros2-main/install/armor_drawer:/opt/ros/humble LD_LIBRARY_PATH=/home/eee/ros2/src/armor_detect_ros2-main/install/armor_interfaces/lib:/home/eee/ros2/src/armor_detect_ros2-main/install/rm_serial_driver/lib:/home/eee/ros2/src/armor_detect_ros2-main/install/galaxy_camera/lib:/opt/ros/humble/opt/rviz_ogre_vendor/lib:/opt/ros/humble/lib/x86_64-linux-gnu:/opt/ros/humble/lib /usr/bin/cmake --build /home/eee/ros2/src/armor_detect_ros2-main/build/armor_tracker_node -- -j20 -l20
[0.089s] Invoking command in '/home/eee/ros2/src/armor_detect_ros2-main/build/armor_tracker_node': CMAKE_PREFIX_PATH=/home/eee/ros2/src/armor_detect_ros2-main/install/armor_interfaces:/home/eee/ros2/src/armor_detect_ros2-main/install/rm_serial_driver:/home/eee/ros2/src/armor_detect_ros2-main/install/galaxy_camera:/home/eee/ros2/src/armor_detect_ros2-main/install/armor_urdf:/home/eee/ros2/src/armor_detect_ros2-main/install/armor_tracker_node:/home/eee/ros2/src/armor_detect_ros2-main/install/armor_drawer:/opt/ros/humble LD_LIBRARY_PATH=/home/eee/ros2/src/armor_detect_ros2-main/install/armor_interfaces/lib:/home/eee/ros2/src/armor_detect_ros2-main/install/rm_serial_driver/lib:/home/eee/ros2/src/armor_detect_ros2-main/install/galaxy_camera/lib:/opt/ros/humble/opt/rviz_ogre_vendor/lib:/opt/ros/humble/lib/x86_64-linux-gnu:/opt/ros/humble/lib /usr/bin/cmake --install /home/eee/ros2/src/armor_detect_ros2-main/build/armor_tracker_node
[0.096s] -- Install configuration: "Release"
[0.096s] -- Execute custom install script
[0.096s] -- Up-to-date symlink: /home/eee/ros2/src/armor_detect_ros2-main/install/armor_tracker_node/lib/armor_tracker_node/armor_tracker_node
[0.097s] -- Up-to-date symlink: /home/eee/ros2/src/armor_detect_ros2-main/install/armor_tracker_node/share/armor_tracker_node/launch/1.launch.py
[0.097s] -- Up-to-date symlink: /home/eee/ros2/src/armor_detect_ros2-main/install/armor_tracker_node/share/ament_index/resource_index/package_run_dependencies/armor_tracker_node
[0.097s] -- Up-to-date symlink: /home/eee/ros2/src/armor_detect_ros2-main/install/armor_tracker_node/share/ament_index/resource_index/parent_prefix_path/armor_tracker_node
[0.097s] -- Up-to-date symlink: /home/eee/ros2/src/armor_detect_ros2-main/install/armor_tracker_node/share/armor_tracker_node/environment/ament_prefix_path.sh
[0.097s] -- Up-to-date symlink: /home/eee/ros2/src/armor_detect_ros2-main/install/armor_tracker_node/share/armor_tracker_node/environment/ament_prefix_path.dsv
[0.097s] -- Up-to-date symlink: /home/eee/ros2/src/armor_detect_ros2-main/install/armor_tracker_node/share/armor_tracker_node/environment/path.sh
[0.097s] -- Up-to-date symlink: /home/eee/ros2/src/armor_detect_ros2-main/install/armor_tracker_node/share/armor_tracker_node/environment/path.dsv
[0.097s] -- Up-to-date symlink: /home/eee/ros2/src/armor_detect_ros2-main/install/armor_tracker_node/share/armor_tracker_node/local_setup.bash
[0.098s] -- Up-to-date symlink: /home/eee/ros2/src/armor_detect_ros2-main/install/armor_tracker_node/share/armor_tracker_node/local_setup.sh
[0.098s] -- Up-to-date symlink: /home/eee/ros2/src/armor_detect_ros2-main/install/armor_tracker_node/share/armor_tracker_node/local_setup.zsh
[0.098s] -- Up-to-date symlink: /home/eee/ros2/src/armor_detect_ros2-main/install/armor_tracker_node/share/armor_tracker_node/local_setup.dsv
[0.098s] -- Symlinking: /home/eee/ros2/src/armor_detect_ros2-main/install/armor_tracker_node/share/armor_tracker_node/package.dsv
[0.105s] -- Up-to-date symlink: /home/eee/ros2/src/armor_detect_ros2-main/install/armor_tracker_node/share/ament_index/resource_index/packages/armor_tracker_node
[0.105s] -- Up-to-date symlink: /home/eee/ros2/src/armor_detect_ros2-main/install/armor_tracker_node/share/armor_tracker_node/cmake/armor_tracker_nodeConfig.cmake
[0.105s] -- Up-to-date symlink: /home/eee/ros2/src/armor_detect_ros2-main/install/armor_tracker_node/share/armor_tracker_node/cmake/armor_tracker_nodeConfig-version.cmake
[0.105s] -- Up-to-date symlink: /home/eee/ros2/src/armor_detect_ros2-main/install/armor_tracker_node/share/armor_tracker_node/package.xml
[0.107s] Invoked command in '/home/eee/ros2/src/armor_detect_ros2-main/build/armor_tracker_node' returned '0': CMAKE_PREFIX_PATH=/home/eee/ros2/src/armor_detect_ros2-main/install/armor_interfaces:/home/eee/ros2/src/armor_detect_ros2-main/install/rm_serial_driver:/home/eee/ros2/src/armor_detect_ros2-main/install/galaxy_camera:/home/eee/ros2/src/armor_detect_ros2-main/install/armor_urdf:/home/eee/ros2/src/armor_detect_ros2-main/install/armor_tracker_node:/home/eee/ros2/src/armor_detect_ros2-main/install/armor_drawer:/opt/ros/humble LD_LIBRARY_PATH=/home/eee/ros2/src/armor_detect_ros2-main/install/armor_interfaces/lib:/home/eee/ros2/src/armor_detect_ros2-main/install/rm_serial_driver/lib:/home/eee/ros2/src/armor_detect_ros2-main/install/galaxy_camera/lib:/opt/ros/humble/opt/rviz_ogre_vendor/lib:/opt/ros/humble/lib/x86_64-linux-gnu:/opt/ros/humble/lib /usr/bin/cmake --install /home/eee/ros2/src/armor_detect_ros2-main/build/armor_tracker_node
