-- The C compiler identification is GNU 11.4.0
-- The CXX compiler identification is GNU 11.4.0
-- Detecting C compiler ABI info
-- Detecting C compiler ABI info - done
-- Check for working C compiler: /usr/bin/cc - skipped
-- Detecting C compile features
-- Detecting C compile features - done
-- Detecting CXX compiler ABI info
-- Detecting CXX compiler ABI info - done
-- Check for working CXX compiler: /usr/bin/c++ - skipped
-- Detecting CXX compile features
-- Detecting CXX compile features - done
-- Found ament_cmake: 1.3.14 (/opt/ros/humble/share/ament_cmake/cmake)
-- Found Python3: /usr/bin/python3 (found version "3.10.12") found components: Interpreter 
-- Override CMake install command with custom implementation using symlinks instead of copying resources
-- Found ament_lint_auto: 0.12.15 (/opt/ros/humble/share/ament_lint_auto/cmake)
-- Added test 'lint_cmake' to check CMake code style
-- Added test 'xmllint' to check XML markup files
-- Configuring done
-- Generating done
-- Build files have been written to: /home/eee/ros2/src/armor_detect_ros2-main/build/armor_urdf
-- Install configuration: "Release"
-- Installing: /home/eee/ros2/src/armor_detect_ros2-main/install/armor_urdf/share/armor_urdf/launch
-- Installing: /home/eee/ros2/src/armor_detect_ros2-main/install/armor_urdf/share/armor_urdf/urdf
-- Installing: /home/eee/ros2/src/armor_detect_ros2-main/install/armor_urdf/share/armor_urdf/urdf/armor_urdf.urdf
-- Installing: /home/eee/ros2/src/armor_detect_ros2-main/install/armor_urdf/share/armor_urdf/rviz
-- Installing: /home/eee/ros2/src/armor_detect_ros2-main/install/armor_urdf/share/armor_urdf/meshes
-- Execute custom install script
-- Symlinking: /home/eee/ros2/src/armor_detect_ros2-main/install/armor_urdf/share/ament_index/resource_index/package_run_dependencies/armor_urdf
-- Symlinking: /home/eee/ros2/src/armor_detect_ros2-main/install/armor_urdf/share/ament_index/resource_index/parent_prefix_path/armor_urdf
-- Symlinking: /home/eee/ros2/src/armor_detect_ros2-main/install/armor_urdf/share/armor_urdf/environment/ament_prefix_path.sh
-- Symlinking: /home/eee/ros2/src/armor_detect_ros2-main/install/armor_urdf/share/armor_urdf/environment/ament_prefix_path.dsv
-- Symlinking: /home/eee/ros2/src/armor_detect_ros2-main/install/armor_urdf/share/armor_urdf/environment/path.sh
-- Symlinking: /home/eee/ros2/src/armor_detect_ros2-main/install/armor_urdf/share/armor_urdf/environment/path.dsv
-- Symlinking: /home/eee/ros2/src/armor_detect_ros2-main/install/armor_urdf/share/armor_urdf/local_setup.bash
-- Symlinking: /home/eee/ros2/src/armor_detect_ros2-main/install/armor_urdf/share/armor_urdf/local_setup.sh
-- Symlinking: /home/eee/ros2/src/armor_detect_ros2-main/install/armor_urdf/share/armor_urdf/local_setup.zsh
-- Symlinking: /home/eee/ros2/src/armor_detect_ros2-main/install/armor_urdf/share/armor_urdf/local_setup.dsv
-- Symlinking: /home/eee/ros2/src/armor_detect_ros2-main/install/armor_urdf/share/armor_urdf/package.dsv
-- Symlinking: /home/eee/ros2/src/armor_detect_ros2-main/install/armor_urdf/share/ament_index/resource_index/packages/armor_urdf
-- Symlinking: /home/eee/ros2/src/armor_detect_ros2-main/install/armor_urdf/share/armor_urdf/cmake/armor_urdfConfig.cmake
-- Symlinking: /home/eee/ros2/src/armor_detect_ros2-main/install/armor_urdf/share/armor_urdf/cmake/armor_urdfConfig-version.cmake
-- Symlinking: /home/eee/ros2/src/armor_detect_ros2-main/install/armor_urdf/share/armor_urdf/package.xml
