[0.328s] DEBUG:colcon:Command line arguments: ['/usr/bin/colcon', 'build']
[0.328s] DEBUG:colcon:Parsed command line arguments: Namespace(log_base=None, log_level=None, verb_name='build', build_base='build', install_base='install', merge_install=False, symlink_install=False, test_result_base=None, continue_on_error=False, executor='parallel', parallel_workers=20, event_handlers=None, ignore_user_meta=False, metas=['./colcon.meta'], base_paths=['.'], packages_ignore=None, packages_ignore_regex=None, paths=None, packages_up_to=None, packages_up_to_regex=None, packages_above=None, packages_above_and_dependencies=None, packages_above_depth=None, packages_select_by_dep=None, packages_skip_by_dep=None, packages_skip_up_to=None, packages_select_build_failed=False, packages_skip_build_finished=False, packages_select_test_failures=False, packages_skip_test_passed=False, packages_select=None, packages_skip=None, packages_select_regex=None, packages_skip_regex=None, packages_start=None, packages_end=None, allow_overriding=[], cmake_args=None, cmake_target=None, cmake_target_skip_unavailable=False, cmake_clean_cache=False, cmake_clean_first=False, cmake_force_configure=False, ament_cmake_args=None, catkin_cmake_args=None, catkin_skip_building_tests=False, verb_parser=<colcon_defaults.argument_parser.defaults.DefaultArgumentsDecorator object at 0x771ece160220>, verb_extension=<colcon_core.verb.build.BuildVerb object at 0x771ece13bd90>, main=<bound method BuildVerb.main of <colcon_core.verb.build.BuildVerb object at 0x771ece13bd90>>)
[0.765s] Level 1:colcon.colcon_core.package_discovery:discover_packages(colcon_meta) check parameters
[0.765s] Level 1:colcon.colcon_core.package_discovery:discover_packages(recursive) check parameters
[0.765s] Level 1:colcon.colcon_core.package_discovery:discover_packages(ignore) check parameters
[0.765s] Level 1:colcon.colcon_core.package_discovery:discover_packages(path) check parameters
[0.765s] Level 1:colcon.colcon_core.package_discovery:discover_packages(colcon_meta) discover
[0.766s] Level 1:colcon.colcon_core.package_discovery:discover_packages(recursive) discover
[0.766s] INFO:colcon.colcon_core.package_discovery:Crawling recursively for packages in '/home/eee/ros2/src/armor_detect_ros2-main'
[0.766s] Level 1:colcon.colcon_core.package_identification:_identify(.) by extensions ['ignore', 'ignore_ament_install']
[0.766s] Level 1:colcon.colcon_core.package_identification:_identify(.) by extension 'ignore'
[0.766s] Level 1:colcon.colcon_core.package_identification:_identify(.) by extension 'ignore_ament_install'
[0.767s] Level 1:colcon.colcon_core.package_identification:_identify(.) by extensions ['colcon_pkg']
[0.767s] Level 1:colcon.colcon_core.package_identification:_identify(.) by extension 'colcon_pkg'
[0.767s] Level 1:colcon.colcon_core.package_identification:_identify(.) by extensions ['colcon_meta']
[0.767s] Level 1:colcon.colcon_core.package_identification:_identify(.) by extension 'colcon_meta'
[0.767s] Level 1:colcon.colcon_core.package_identification:_identify(.) by extensions ['ros']
[0.767s] Level 1:colcon.colcon_core.package_identification:_identify(.) by extension 'ros'
[0.812s] Level 1:colcon.colcon_core.package_identification:_identify(.) by extensions ['cmake', 'python']
[0.812s] Level 1:colcon.colcon_core.package_identification:_identify(.) by extension 'cmake'
[0.813s] Level 1:colcon.colcon_core.package_identification:_identify(.) by extension 'python'
[0.813s] Level 1:colcon.colcon_core.package_identification:_identify(.) by extensions ['python_setup_py']
[0.813s] Level 1:colcon.colcon_core.package_identification:_identify(.) by extension 'python_setup_py'
[0.813s] Level 1:colcon.colcon_core.package_identification:_identify(Camera) by extensions ['ignore', 'ignore_ament_install']
[0.813s] Level 1:colcon.colcon_core.package_identification:_identify(Camera) by extension 'ignore'
[0.813s] Level 1:colcon.colcon_core.package_identification:_identify(Camera) by extension 'ignore_ament_install'
[0.814s] Level 1:colcon.colcon_core.package_identification:_identify(Camera) by extensions ['colcon_pkg']
[0.814s] Level 1:colcon.colcon_core.package_identification:_identify(Camera) by extension 'colcon_pkg'
[0.814s] Level 1:colcon.colcon_core.package_identification:_identify(Camera) by extensions ['colcon_meta']
[0.814s] Level 1:colcon.colcon_core.package_identification:_identify(Camera) by extension 'colcon_meta'
[0.814s] Level 1:colcon.colcon_core.package_identification:_identify(Camera) by extensions ['ros']
[0.814s] Level 1:colcon.colcon_core.package_identification:_identify(Camera) by extension 'ros'
[0.814s] Level 1:colcon.colcon_core.package_identification:_identify(Camera) by extensions ['cmake', 'python']
[0.814s] Level 1:colcon.colcon_core.package_identification:_identify(Camera) by extension 'cmake'
[0.814s] Level 1:colcon.colcon_core.package_identification:_identify(Camera) by extension 'python'
[0.814s] Level 1:colcon.colcon_core.package_identification:_identify(Camera) by extensions ['python_setup_py']
[0.814s] Level 1:colcon.colcon_core.package_identification:_identify(Camera) by extension 'python_setup_py'
[0.815s] Level 1:colcon.colcon_core.package_identification:_identify(Camera/Data) by extensions ['ignore', 'ignore_ament_install']
[0.815s] Level 1:colcon.colcon_core.package_identification:_identify(Camera/Data) by extension 'ignore'
[0.815s] Level 1:colcon.colcon_core.package_identification:_identify(Camera/Data) by extension 'ignore_ament_install'
[0.815s] Level 1:colcon.colcon_core.package_identification:_identify(Camera/Data) by extensions ['colcon_pkg']
[0.815s] Level 1:colcon.colcon_core.package_identification:_identify(Camera/Data) by extension 'colcon_pkg'
[0.815s] Level 1:colcon.colcon_core.package_identification:_identify(Camera/Data) by extensions ['colcon_meta']
[0.815s] Level 1:colcon.colcon_core.package_identification:_identify(Camera/Data) by extension 'colcon_meta'
[0.815s] Level 1:colcon.colcon_core.package_identification:_identify(Camera/Data) by extensions ['ros']
[0.816s] Level 1:colcon.colcon_core.package_identification:_identify(Camera/Data) by extension 'ros'
[0.816s] Level 1:colcon.colcon_core.package_identification:_identify(Camera/Data) by extensions ['cmake', 'python']
[0.816s] Level 1:colcon.colcon_core.package_identification:_identify(Camera/Data) by extension 'cmake'
[0.816s] Level 1:colcon.colcon_core.package_identification:_identify(Camera/Data) by extension 'python'
[0.816s] Level 1:colcon.colcon_core.package_identification:_identify(Camera/Data) by extensions ['python_setup_py']
[0.816s] Level 1:colcon.colcon_core.package_identification:_identify(Camera/Data) by extension 'python_setup_py'
[0.816s] Level 1:colcon.colcon_core.package_identification:_identify(Camera/log) by extensions ['ignore', 'ignore_ament_install']
[0.816s] Level 1:colcon.colcon_core.package_identification:_identify(Camera/log) by extension 'ignore'
[0.817s] Level 1:colcon.colcon_core.package_identification:_identify(Camera/log) by extension 'ignore_ament_install'
[0.817s] Level 1:colcon.colcon_core.package_identification:_identify(Camera/log) by extensions ['colcon_pkg']
[0.817s] Level 1:colcon.colcon_core.package_identification:_identify(Camera/log) by extension 'colcon_pkg'
[0.817s] Level 1:colcon.colcon_core.package_identification:_identify(Camera/log) by extensions ['colcon_meta']
[0.817s] Level 1:colcon.colcon_core.package_identification:_identify(Camera/log) by extension 'colcon_meta'
[0.817s] Level 1:colcon.colcon_core.package_identification:_identify(Camera/log) by extensions ['ros']
[0.817s] Level 1:colcon.colcon_core.package_identification:_identify(Camera/log) by extension 'ros'
[0.817s] Level 1:colcon.colcon_core.package_identification:_identify(Camera/log) by extensions ['cmake', 'python']
[0.817s] Level 1:colcon.colcon_core.package_identification:_identify(Camera/log) by extension 'cmake'
[0.817s] Level 1:colcon.colcon_core.package_identification:_identify(Camera/log) by extension 'python'
[0.817s] Level 1:colcon.colcon_core.package_identification:_identify(Camera/log) by extensions ['python_setup_py']
[0.817s] Level 1:colcon.colcon_core.package_identification:_identify(Camera/log) by extension 'python_setup_py'
[0.818s] Level 1:colcon.colcon_core.package_identification:_identify(build) by extensions ['ignore', 'ignore_ament_install']
[0.818s] Level 1:colcon.colcon_core.package_identification:_identify(build) by extension 'ignore'
[0.818s] Level 1:colcon.colcon_core.package_identification:_identify(build) ignored
[0.818s] Level 1:colcon.colcon_core.package_identification:_identify(include) by extensions ['ignore', 'ignore_ament_install']
[0.818s] Level 1:colcon.colcon_core.package_identification:_identify(include) by extension 'ignore'
[0.819s] Level 1:colcon.colcon_core.package_identification:_identify(include) by extension 'ignore_ament_install'
[0.819s] Level 1:colcon.colcon_core.package_identification:_identify(include) by extensions ['colcon_pkg']
[0.819s] Level 1:colcon.colcon_core.package_identification:_identify(include) by extension 'colcon_pkg'
[0.819s] Level 1:colcon.colcon_core.package_identification:_identify(include) by extensions ['colcon_meta']
[0.819s] Level 1:colcon.colcon_core.package_identification:_identify(include) by extension 'colcon_meta'
[0.819s] Level 1:colcon.colcon_core.package_identification:_identify(include) by extensions ['ros']
[0.819s] Level 1:colcon.colcon_core.package_identification:_identify(include) by extension 'ros'
[0.819s] Level 1:colcon.colcon_core.package_identification:_identify(include) by extensions ['cmake', 'python']
[0.819s] Level 1:colcon.colcon_core.package_identification:_identify(include) by extension 'cmake'
[0.819s] Level 1:colcon.colcon_core.package_identification:_identify(include) by extension 'python'
[0.819s] Level 1:colcon.colcon_core.package_identification:_identify(include) by extensions ['python_setup_py']
[0.819s] Level 1:colcon.colcon_core.package_identification:_identify(include) by extension 'python_setup_py'
[0.820s] Level 1:colcon.colcon_core.package_identification:_identify(install) by extensions ['ignore', 'ignore_ament_install']
[0.820s] Level 1:colcon.colcon_core.package_identification:_identify(install) by extension 'ignore'
[0.820s] Level 1:colcon.colcon_core.package_identification:_identify(install) ignored
[0.820s] Level 1:colcon.colcon_core.package_identification:_identify(log) by extensions ['ignore', 'ignore_ament_install']
[0.821s] Level 1:colcon.colcon_core.package_identification:_identify(log) by extension 'ignore'
[0.821s] Level 1:colcon.colcon_core.package_identification:_identify(log) ignored
[0.821s] Level 1:colcon.colcon_core.package_identification:_identify(src) by extensions ['ignore', 'ignore_ament_install']
[0.821s] Level 1:colcon.colcon_core.package_identification:_identify(src) by extension 'ignore'
[0.821s] Level 1:colcon.colcon_core.package_identification:_identify(src) by extension 'ignore_ament_install'
[0.821s] Level 1:colcon.colcon_core.package_identification:_identify(src) by extensions ['colcon_pkg']
[0.821s] Level 1:colcon.colcon_core.package_identification:_identify(src) by extension 'colcon_pkg'
[0.821s] Level 1:colcon.colcon_core.package_identification:_identify(src) by extensions ['colcon_meta']
[0.821s] Level 1:colcon.colcon_core.package_identification:_identify(src) by extension 'colcon_meta'
[0.821s] Level 1:colcon.colcon_core.package_identification:_identify(src) by extensions ['ros']
[0.822s] Level 1:colcon.colcon_core.package_identification:_identify(src) by extension 'ros'
[0.822s] Level 1:colcon.colcon_core.package_identification:_identify(src) by extensions ['cmake', 'python']
[0.822s] Level 1:colcon.colcon_core.package_identification:_identify(src) by extension 'cmake'
[0.822s] Level 1:colcon.colcon_core.package_identification:_identify(src) by extension 'python'
[0.822s] Level 1:colcon.colcon_core.package_identification:_identify(src) by extensions ['python_setup_py']
[0.822s] Level 1:colcon.colcon_core.package_identification:_identify(src) by extension 'python_setup_py'
[0.822s] Level 1:colcon.colcon_core.package_identification:_identify(src/armor_drawer) by extensions ['ignore', 'ignore_ament_install']
[0.822s] Level 1:colcon.colcon_core.package_identification:_identify(src/armor_drawer) by extension 'ignore'
[0.823s] Level 1:colcon.colcon_core.package_identification:_identify(src/armor_drawer) by extension 'ignore_ament_install'
[0.823s] Level 1:colcon.colcon_core.package_identification:_identify(src/armor_drawer) by extensions ['colcon_pkg']
[0.823s] Level 1:colcon.colcon_core.package_identification:_identify(src/armor_drawer) by extension 'colcon_pkg'
[0.823s] Level 1:colcon.colcon_core.package_identification:_identify(src/armor_drawer) by extensions ['colcon_meta']
[0.823s] Level 1:colcon.colcon_core.package_identification:_identify(src/armor_drawer) by extension 'colcon_meta'
[0.823s] Level 1:colcon.colcon_core.package_identification:_identify(src/armor_drawer) by extensions ['ros']
[0.823s] Level 1:colcon.colcon_core.package_identification:_identify(src/armor_drawer) by extension 'ros'
[0.834s] DEBUG:colcon.colcon_core.package_identification:Package 'src/armor_drawer' with type 'ros.ament_cmake' and name 'armor_drawer'
[0.834s] Level 1:colcon.colcon_core.package_identification:_identify(src/armor_interfaces) by extensions ['ignore', 'ignore_ament_install']
[0.834s] Level 1:colcon.colcon_core.package_identification:_identify(src/armor_interfaces) by extension 'ignore'
[0.835s] Level 1:colcon.colcon_core.package_identification:_identify(src/armor_interfaces) by extension 'ignore_ament_install'
[0.835s] Level 1:colcon.colcon_core.package_identification:_identify(src/armor_interfaces) by extensions ['colcon_pkg']
[0.835s] Level 1:colcon.colcon_core.package_identification:_identify(src/armor_interfaces) by extension 'colcon_pkg'
[0.835s] Level 1:colcon.colcon_core.package_identification:_identify(src/armor_interfaces) by extensions ['colcon_meta']
[0.835s] Level 1:colcon.colcon_core.package_identification:_identify(src/armor_interfaces) by extension 'colcon_meta'
[0.835s] Level 1:colcon.colcon_core.package_identification:_identify(src/armor_interfaces) by extensions ['ros']
[0.835s] Level 1:colcon.colcon_core.package_identification:_identify(src/armor_interfaces) by extension 'ros'
[0.838s] DEBUG:colcon.colcon_core.package_identification:Package 'src/armor_interfaces' with type 'ros.ament_cmake' and name 'armor_interfaces'
[0.838s] Level 1:colcon.colcon_core.package_identification:_identify(src/armor_tracker) by extensions ['ignore', 'ignore_ament_install']
[0.838s] Level 1:colcon.colcon_core.package_identification:_identify(src/armor_tracker) by extension 'ignore'
[0.839s] Level 1:colcon.colcon_core.package_identification:_identify(src/armor_tracker) by extension 'ignore_ament_install'
[0.839s] Level 1:colcon.colcon_core.package_identification:_identify(src/armor_tracker) by extensions ['colcon_pkg']
[0.839s] Level 1:colcon.colcon_core.package_identification:_identify(src/armor_tracker) by extension 'colcon_pkg'
[0.839s] Level 1:colcon.colcon_core.package_identification:_identify(src/armor_tracker) by extensions ['colcon_meta']
[0.839s] Level 1:colcon.colcon_core.package_identification:_identify(src/armor_tracker) by extension 'colcon_meta'
[0.839s] Level 1:colcon.colcon_core.package_identification:_identify(src/armor_tracker) by extensions ['ros']
[0.839s] Level 1:colcon.colcon_core.package_identification:_identify(src/armor_tracker) by extension 'ros'
[0.843s] DEBUG:colcon.colcon_core.package_identification:Package 'src/armor_tracker' with type 'ros.ament_cmake' and name 'armor_tracker_node'
[0.844s] Level 1:colcon.colcon_core.package_identification:_identify(src/serial_driver) by extensions ['ignore', 'ignore_ament_install']
[0.844s] Level 1:colcon.colcon_core.package_identification:_identify(src/serial_driver) by extension 'ignore'
[0.844s] Level 1:colcon.colcon_core.package_identification:_identify(src/serial_driver) by extension 'ignore_ament_install'
[0.844s] Level 1:colcon.colcon_core.package_identification:_identify(src/serial_driver) by extensions ['colcon_pkg']
[0.844s] Level 1:colcon.colcon_core.package_identification:_identify(src/serial_driver) by extension 'colcon_pkg'
[0.844s] Level 1:colcon.colcon_core.package_identification:_identify(src/serial_driver) by extensions ['colcon_meta']
[0.844s] Level 1:colcon.colcon_core.package_identification:_identify(src/serial_driver) by extension 'colcon_meta'
[0.845s] Level 1:colcon.colcon_core.package_identification:_identify(src/serial_driver) by extensions ['ros']
[0.845s] Level 1:colcon.colcon_core.package_identification:_identify(src/serial_driver) by extension 'ros'
[0.849s] DEBUG:colcon.colcon_core.package_identification:Package 'src/serial_driver' with type 'ros.ament_cmake' and name 'rm_serial_driver'
[0.849s] Level 1:colcon.colcon_core.package_discovery:discover_packages(recursive) using defaults
[0.850s] Level 1:colcon.colcon_core.package_discovery:discover_packages(ignore) discover
[0.850s] Level 1:colcon.colcon_core.package_discovery:discover_packages(ignore) using defaults
[0.850s] Level 1:colcon.colcon_core.package_discovery:discover_packages(path) discover
[0.850s] Level 1:colcon.colcon_core.package_discovery:discover_packages(path) using defaults
[0.948s] Level 1:colcon.colcon_core.package_discovery:discover_packages(prefix_path) check parameters
[0.948s] Level 1:colcon.colcon_core.package_discovery:discover_packages(prefix_path) discover
[0.956s] DEBUG:colcon.colcon_installed_package_information.package_discovery:Found 4 installed packages in /home/eee/ros2/src/armor_detect_ros2-main/install
[0.959s] DEBUG:colcon.colcon_installed_package_information.package_discovery:Found 280 installed packages in /opt/ros/humble
[0.963s] Level 1:colcon.colcon_core.package_discovery:discover_packages(prefix_path) using defaults
[1.060s] Level 5:colcon.colcon_core.verb:set package 'armor_interfaces' build argument 'cmake_args' from command line to 'None'
[1.060s] Level 5:colcon.colcon_core.verb:set package 'armor_interfaces' build argument 'cmake_target' from command line to 'None'
[1.060s] Level 5:colcon.colcon_core.verb:set package 'armor_interfaces' build argument 'cmake_target_skip_unavailable' from command line to 'False'
[1.060s] Level 5:colcon.colcon_core.verb:set package 'armor_interfaces' build argument 'cmake_clean_cache' from command line to 'False'
[1.060s] Level 5:colcon.colcon_core.verb:set package 'armor_interfaces' build argument 'cmake_clean_first' from command line to 'False'
[1.060s] Level 5:colcon.colcon_core.verb:set package 'armor_interfaces' build argument 'cmake_force_configure' from command line to 'False'
[1.061s] Level 5:colcon.colcon_core.verb:set package 'armor_interfaces' build argument 'ament_cmake_args' from command line to 'None'
[1.061s] Level 5:colcon.colcon_core.verb:set package 'armor_interfaces' build argument 'catkin_cmake_args' from command line to 'None'
[1.061s] Level 5:colcon.colcon_core.verb:set package 'armor_interfaces' build argument 'catkin_skip_building_tests' from command line to 'False'
[1.061s] DEBUG:colcon.colcon_core.verb:Building package 'armor_interfaces' with the following arguments: {'ament_cmake_args': None, 'build_base': '/home/eee/ros2/src/armor_detect_ros2-main/build/armor_interfaces', 'catkin_cmake_args': None, 'catkin_skip_building_tests': False, 'cmake_args': None, 'cmake_clean_cache': False, 'cmake_clean_first': False, 'cmake_force_configure': False, 'cmake_target': None, 'cmake_target_skip_unavailable': False, 'install_base': '/home/eee/ros2/src/armor_detect_ros2-main/install/armor_interfaces', 'merge_install': False, 'path': '/home/eee/ros2/src/armor_detect_ros2-main/src/armor_interfaces', 'symlink_install': False, 'test_result_base': None}
[1.062s] Level 5:colcon.colcon_core.verb:set package 'armor_drawer' build argument 'cmake_args' from command line to 'None'
[1.062s] Level 5:colcon.colcon_core.verb:set package 'armor_drawer' build argument 'cmake_target' from command line to 'None'
[1.062s] Level 5:colcon.colcon_core.verb:set package 'armor_drawer' build argument 'cmake_target_skip_unavailable' from command line to 'False'
[1.062s] Level 5:colcon.colcon_core.verb:set package 'armor_drawer' build argument 'cmake_clean_cache' from command line to 'False'
[1.062s] Level 5:colcon.colcon_core.verb:set package 'armor_drawer' build argument 'cmake_clean_first' from command line to 'False'
[1.062s] Level 5:colcon.colcon_core.verb:set package 'armor_drawer' build argument 'cmake_force_configure' from command line to 'False'
[1.062s] Level 5:colcon.colcon_core.verb:set package 'armor_drawer' build argument 'ament_cmake_args' from command line to 'None'
[1.062s] Level 5:colcon.colcon_core.verb:set package 'armor_drawer' build argument 'catkin_cmake_args' from command line to 'None'
[1.062s] Level 5:colcon.colcon_core.verb:set package 'armor_drawer' build argument 'catkin_skip_building_tests' from command line to 'False'
[1.062s] DEBUG:colcon.colcon_core.verb:Building package 'armor_drawer' with the following arguments: {'ament_cmake_args': None, 'build_base': '/home/eee/ros2/src/armor_detect_ros2-main/build/armor_drawer', 'catkin_cmake_args': None, 'catkin_skip_building_tests': False, 'cmake_args': None, 'cmake_clean_cache': False, 'cmake_clean_first': False, 'cmake_force_configure': False, 'cmake_target': None, 'cmake_target_skip_unavailable': False, 'install_base': '/home/eee/ros2/src/armor_detect_ros2-main/install/armor_drawer', 'merge_install': False, 'path': '/home/eee/ros2/src/armor_detect_ros2-main/src/armor_drawer', 'symlink_install': False, 'test_result_base': None}
[1.063s] Level 5:colcon.colcon_core.verb:set package 'armor_tracker_node' build argument 'cmake_args' from command line to 'None'
[1.063s] Level 5:colcon.colcon_core.verb:set package 'armor_tracker_node' build argument 'cmake_target' from command line to 'None'
[1.063s] Level 5:colcon.colcon_core.verb:set package 'armor_tracker_node' build argument 'cmake_target_skip_unavailable' from command line to 'False'
[1.063s] Level 5:colcon.colcon_core.verb:set package 'armor_tracker_node' build argument 'cmake_clean_cache' from command line to 'False'
[1.063s] Level 5:colcon.colcon_core.verb:set package 'armor_tracker_node' build argument 'cmake_clean_first' from command line to 'False'
[1.063s] Level 5:colcon.colcon_core.verb:set package 'armor_tracker_node' build argument 'cmake_force_configure' from command line to 'False'
[1.063s] Level 5:colcon.colcon_core.verb:set package 'armor_tracker_node' build argument 'ament_cmake_args' from command line to 'None'
[1.063s] Level 5:colcon.colcon_core.verb:set package 'armor_tracker_node' build argument 'catkin_cmake_args' from command line to 'None'
[1.064s] Level 5:colcon.colcon_core.verb:set package 'armor_tracker_node' build argument 'catkin_skip_building_tests' from command line to 'False'
[1.064s] DEBUG:colcon.colcon_core.verb:Building package 'armor_tracker_node' with the following arguments: {'ament_cmake_args': None, 'build_base': '/home/eee/ros2/src/armor_detect_ros2-main/build/armor_tracker_node', 'catkin_cmake_args': None, 'catkin_skip_building_tests': False, 'cmake_args': None, 'cmake_clean_cache': False, 'cmake_clean_first': False, 'cmake_force_configure': False, 'cmake_target': None, 'cmake_target_skip_unavailable': False, 'install_base': '/home/eee/ros2/src/armor_detect_ros2-main/install/armor_tracker_node', 'merge_install': False, 'path': '/home/eee/ros2/src/armor_detect_ros2-main/src/armor_tracker', 'symlink_install': False, 'test_result_base': None}
[1.064s] Level 5:colcon.colcon_core.verb:set package 'rm_serial_driver' build argument 'cmake_args' from command line to 'None'
[1.065s] Level 5:colcon.colcon_core.verb:set package 'rm_serial_driver' build argument 'cmake_target' from command line to 'None'
[1.065s] Level 5:colcon.colcon_core.verb:set package 'rm_serial_driver' build argument 'cmake_target_skip_unavailable' from command line to 'False'
[1.065s] Level 5:colcon.colcon_core.verb:set package 'rm_serial_driver' build argument 'cmake_clean_cache' from command line to 'False'
[1.065s] Level 5:colcon.colcon_core.verb:set package 'rm_serial_driver' build argument 'cmake_clean_first' from command line to 'False'
[1.065s] Level 5:colcon.colcon_core.verb:set package 'rm_serial_driver' build argument 'cmake_force_configure' from command line to 'False'
[1.065s] Level 5:colcon.colcon_core.verb:set package 'rm_serial_driver' build argument 'ament_cmake_args' from command line to 'None'
[1.065s] Level 5:colcon.colcon_core.verb:set package 'rm_serial_driver' build argument 'catkin_cmake_args' from command line to 'None'
[1.065s] Level 5:colcon.colcon_core.verb:set package 'rm_serial_driver' build argument 'catkin_skip_building_tests' from command line to 'False'
[1.065s] DEBUG:colcon.colcon_core.verb:Building package 'rm_serial_driver' with the following arguments: {'ament_cmake_args': None, 'build_base': '/home/eee/ros2/src/armor_detect_ros2-main/build/rm_serial_driver', 'catkin_cmake_args': None, 'catkin_skip_building_tests': False, 'cmake_args': None, 'cmake_clean_cache': False, 'cmake_clean_first': False, 'cmake_force_configure': False, 'cmake_target': None, 'cmake_target_skip_unavailable': False, 'install_base': '/home/eee/ros2/src/armor_detect_ros2-main/install/rm_serial_driver', 'merge_install': False, 'path': '/home/eee/ros2/src/armor_detect_ros2-main/src/serial_driver', 'symlink_install': False, 'test_result_base': None}
[1.065s] INFO:colcon.colcon_core.executor:Executing jobs using 'parallel' executor
[1.068s] DEBUG:colcon.colcon_parallel_executor.executor.parallel:run_until_complete
[1.068s] INFO:colcon.colcon_ros.task.ament_cmake.build:Building ROS package in '/home/eee/ros2/src/armor_detect_ros2-main/src/armor_interfaces' with build type 'ament_cmake'
[1.069s] INFO:colcon.colcon_cmake.task.cmake.build:Building CMake package in '/home/eee/ros2/src/armor_detect_ros2-main/src/armor_interfaces'
[1.077s] INFO:colcon.colcon_core.plugin_system:Skipping extension 'colcon_core.shell.bat': Not used on non-Windows systems
[1.077s] INFO:colcon.colcon_core.shell:Skip shell extension 'powershell' for command environment: Not usable outside of PowerShell
[1.077s] DEBUG:colcon.colcon_core.shell:Skip shell extension 'dsv' for command environment
[1.104s] DEBUG:colcon.colcon_core.event_handler.log_command:Invoking command in '/home/eee/ros2/src/armor_detect_ros2-main/build/armor_interfaces': CMAKE_PREFIX_PATH=${CMAKE_PREFIX_PATH}:/opt/ros/humble /usr/bin/cmake --build /home/eee/ros2/src/armor_detect_ros2-main/build/armor_interfaces -- -j20 -l20
[1.961s] DEBUG:colcon.colcon_core.event_handler.log_command:Invoked command in '/home/eee/ros2/src/armor_detect_ros2-main/build/armor_interfaces' returned '0': CMAKE_PREFIX_PATH=${CMAKE_PREFIX_PATH}:/opt/ros/humble /usr/bin/cmake --build /home/eee/ros2/src/armor_detect_ros2-main/build/armor_interfaces -- -j20 -l20
[1.991s] DEBUG:colcon.colcon_core.event_handler.log_command:Invoking command in '/home/eee/ros2/src/armor_detect_ros2-main/build/armor_interfaces': CMAKE_PREFIX_PATH=${CMAKE_PREFIX_PATH}:/opt/ros/humble /usr/bin/cmake --install /home/eee/ros2/src/armor_detect_ros2-main/build/armor_interfaces
[2.152s] Level 1:colcon.colcon_core.environment:create_environment_scripts_only(armor_interfaces)
[2.154s] DEBUG:colcon.colcon_core.event_handler.log_command:Invoked command in '/home/eee/ros2/src/armor_detect_ros2-main/build/armor_interfaces' returned '0': CMAKE_PREFIX_PATH=${CMAKE_PREFIX_PATH}:/opt/ros/humble /usr/bin/cmake --install /home/eee/ros2/src/armor_detect_ros2-main/build/armor_interfaces
[2.161s] Level 1:colcon.colcon_core.environment:checking '/home/eee/ros2/src/armor_detect_ros2-main/install/armor_interfaces' for CMake module files
[2.162s] Level 1:colcon.colcon_core.environment:checking '/home/eee/ros2/src/armor_detect_ros2-main/install/armor_interfaces' for CMake config files
[2.163s] Level 1:colcon.colcon_core.shell:create_environment_hook('armor_interfaces', 'cmake_prefix_path')
[2.164s] INFO:colcon.colcon_core.shell:Creating environment hook '/home/eee/ros2/src/armor_detect_ros2-main/install/armor_interfaces/share/armor_interfaces/hook/cmake_prefix_path.ps1'
[2.166s] INFO:colcon.colcon_core.shell:Creating environment descriptor '/home/eee/ros2/src/armor_detect_ros2-main/install/armor_interfaces/share/armor_interfaces/hook/cmake_prefix_path.dsv'
[2.166s] INFO:colcon.colcon_core.shell:Creating environment hook '/home/eee/ros2/src/armor_detect_ros2-main/install/armor_interfaces/share/armor_interfaces/hook/cmake_prefix_path.sh'
[2.169s] Level 1:colcon.colcon_core.environment:checking '/home/eee/ros2/src/armor_detect_ros2-main/install/armor_interfaces/lib'
[2.169s] Level 1:colcon.colcon_core.shell:create_environment_hook('armor_interfaces', 'ld_library_path_lib')
[2.170s] INFO:colcon.colcon_core.shell:Creating environment hook '/home/eee/ros2/src/armor_detect_ros2-main/install/armor_interfaces/share/armor_interfaces/hook/ld_library_path_lib.ps1'
[2.171s] INFO:colcon.colcon_core.shell:Creating environment descriptor '/home/eee/ros2/src/armor_detect_ros2-main/install/armor_interfaces/share/armor_interfaces/hook/ld_library_path_lib.dsv'
[2.172s] INFO:colcon.colcon_core.shell:Creating environment hook '/home/eee/ros2/src/armor_detect_ros2-main/install/armor_interfaces/share/armor_interfaces/hook/ld_library_path_lib.sh'
[2.174s] Level 1:colcon.colcon_core.environment:checking '/home/eee/ros2/src/armor_detect_ros2-main/install/armor_interfaces/bin'
[2.174s] Level 1:colcon.colcon_core.environment:checking '/home/eee/ros2/src/armor_detect_ros2-main/install/armor_interfaces/lib/pkgconfig/armor_interfaces.pc'
[2.175s] Level 1:colcon.colcon_core.environment:checking '/home/eee/ros2/src/armor_detect_ros2-main/install/armor_interfaces/lib/python3.10/site-packages'
[2.176s] Level 1:colcon.colcon_core.environment:checking '/home/eee/ros2/src/armor_detect_ros2-main/install/armor_interfaces/bin'
[2.177s] INFO:colcon.colcon_core.shell:Creating package script '/home/eee/ros2/src/armor_detect_ros2-main/install/armor_interfaces/share/armor_interfaces/package.ps1'
[2.179s] INFO:colcon.colcon_core.shell:Creating package descriptor '/home/eee/ros2/src/armor_detect_ros2-main/install/armor_interfaces/share/armor_interfaces/package.dsv'
[2.181s] INFO:colcon.colcon_core.shell:Creating package script '/home/eee/ros2/src/armor_detect_ros2-main/install/armor_interfaces/share/armor_interfaces/package.sh'
[2.183s] INFO:colcon.colcon_core.shell:Creating package script '/home/eee/ros2/src/armor_detect_ros2-main/install/armor_interfaces/share/armor_interfaces/package.bash'
[2.184s] INFO:colcon.colcon_core.shell:Creating package script '/home/eee/ros2/src/armor_detect_ros2-main/install/armor_interfaces/share/armor_interfaces/package.zsh'
[2.186s] Level 1:colcon.colcon_core.environment:create_file_with_runtime_dependencies(/home/eee/ros2/src/armor_detect_ros2-main/install/armor_interfaces/share/colcon-core/packages/armor_interfaces)
[2.188s] Level 1:colcon.colcon_core.environment:create_environment_scripts_only(armor_interfaces)
[2.189s] Level 1:colcon.colcon_core.environment:checking '/home/eee/ros2/src/armor_detect_ros2-main/install/armor_interfaces' for CMake module files
[2.190s] Level 1:colcon.colcon_core.environment:checking '/home/eee/ros2/src/armor_detect_ros2-main/install/armor_interfaces' for CMake config files
[2.192s] Level 1:colcon.colcon_core.shell:create_environment_hook('armor_interfaces', 'cmake_prefix_path')
[2.192s] INFO:colcon.colcon_core.shell:Creating environment hook '/home/eee/ros2/src/armor_detect_ros2-main/install/armor_interfaces/share/armor_interfaces/hook/cmake_prefix_path.ps1'
[2.193s] INFO:colcon.colcon_core.shell:Creating environment descriptor '/home/eee/ros2/src/armor_detect_ros2-main/install/armor_interfaces/share/armor_interfaces/hook/cmake_prefix_path.dsv'
[2.194s] INFO:colcon.colcon_core.shell:Creating environment hook '/home/eee/ros2/src/armor_detect_ros2-main/install/armor_interfaces/share/armor_interfaces/hook/cmake_prefix_path.sh'
[2.196s] Level 1:colcon.colcon_core.environment:checking '/home/eee/ros2/src/armor_detect_ros2-main/install/armor_interfaces/lib'
[2.196s] Level 1:colcon.colcon_core.shell:create_environment_hook('armor_interfaces', 'ld_library_path_lib')
[2.197s] INFO:colcon.colcon_core.shell:Creating environment hook '/home/eee/ros2/src/armor_detect_ros2-main/install/armor_interfaces/share/armor_interfaces/hook/ld_library_path_lib.ps1'
[2.197s] INFO:colcon.colcon_core.shell:Creating environment descriptor '/home/eee/ros2/src/armor_detect_ros2-main/install/armor_interfaces/share/armor_interfaces/hook/ld_library_path_lib.dsv'
[2.198s] INFO:colcon.colcon_core.shell:Creating environment hook '/home/eee/ros2/src/armor_detect_ros2-main/install/armor_interfaces/share/armor_interfaces/hook/ld_library_path_lib.sh'
[2.199s] Level 1:colcon.colcon_core.environment:checking '/home/eee/ros2/src/armor_detect_ros2-main/install/armor_interfaces/bin'
[2.199s] Level 1:colcon.colcon_core.environment:checking '/home/eee/ros2/src/armor_detect_ros2-main/install/armor_interfaces/lib/pkgconfig/armor_interfaces.pc'
[2.200s] Level 1:colcon.colcon_core.environment:checking '/home/eee/ros2/src/armor_detect_ros2-main/install/armor_interfaces/lib/python3.10/site-packages'
[2.201s] Level 1:colcon.colcon_core.environment:checking '/home/eee/ros2/src/armor_detect_ros2-main/install/armor_interfaces/bin'
[2.202s] INFO:colcon.colcon_core.shell:Creating package script '/home/eee/ros2/src/armor_detect_ros2-main/install/armor_interfaces/share/armor_interfaces/package.ps1'
[2.203s] INFO:colcon.colcon_core.shell:Creating package descriptor '/home/eee/ros2/src/armor_detect_ros2-main/install/armor_interfaces/share/armor_interfaces/package.dsv'
[2.204s] INFO:colcon.colcon_core.shell:Creating package script '/home/eee/ros2/src/armor_detect_ros2-main/install/armor_interfaces/share/armor_interfaces/package.sh'
[2.205s] INFO:colcon.colcon_core.shell:Creating package script '/home/eee/ros2/src/armor_detect_ros2-main/install/armor_interfaces/share/armor_interfaces/package.bash'
[2.206s] INFO:colcon.colcon_core.shell:Creating package script '/home/eee/ros2/src/armor_detect_ros2-main/install/armor_interfaces/share/armor_interfaces/package.zsh'
[2.207s] Level 1:colcon.colcon_core.environment:create_file_with_runtime_dependencies(/home/eee/ros2/src/armor_detect_ros2-main/install/armor_interfaces/share/colcon-core/packages/armor_interfaces)
[2.208s] INFO:colcon.colcon_ros.task.ament_cmake.build:Building ROS package in '/home/eee/ros2/src/armor_detect_ros2-main/src/armor_drawer' with build type 'ament_cmake'
[2.208s] INFO:colcon.colcon_cmake.task.cmake.build:Building CMake package in '/home/eee/ros2/src/armor_detect_ros2-main/src/armor_drawer'
[2.209s] INFO:colcon.colcon_core.shell:Skip shell extension 'powershell' for command environment: Not usable outside of PowerShell
[2.209s] DEBUG:colcon.colcon_core.shell:Skip shell extension 'dsv' for command environment
[2.218s] INFO:colcon.colcon_ros.task.ament_cmake.build:Building ROS package in '/home/eee/ros2/src/armor_detect_ros2-main/src/armor_tracker' with build type 'ament_cmake'
[2.218s] INFO:colcon.colcon_cmake.task.cmake.build:Building CMake package in '/home/eee/ros2/src/armor_detect_ros2-main/src/armor_tracker'
[2.219s] INFO:colcon.colcon_core.shell:Skip shell extension 'powershell' for command environment: Not usable outside of PowerShell
[2.219s] DEBUG:colcon.colcon_core.shell:Skip shell extension 'dsv' for command environment
[2.227s] INFO:colcon.colcon_ros.task.ament_cmake.build:Building ROS package in '/home/eee/ros2/src/armor_detect_ros2-main/src/serial_driver' with build type 'ament_cmake'
[2.227s] INFO:colcon.colcon_cmake.task.cmake.build:Building CMake package in '/home/eee/ros2/src/armor_detect_ros2-main/src/serial_driver'
[2.228s] INFO:colcon.colcon_core.shell:Skip shell extension 'powershell' for command environment: Not usable outside of PowerShell
[2.228s] DEBUG:colcon.colcon_core.shell:Skip shell extension 'dsv' for command environment
[2.248s] DEBUG:colcon.colcon_core.event_handler.log_command:Invoking command in '/home/eee/ros2/src/armor_detect_ros2-main/build/armor_drawer': CMAKE_PREFIX_PATH=/home/eee/ros2/src/armor_detect_ros2-main/install/armor_interfaces:/home/eee/ros2/src/armor_detect_ros2-main/install/rm_serial_driver:/home/eee/ros2/src/armor_detect_ros2-main/install/armor_tracker_node:/home/eee/ros2/src/armor_detect_ros2-main/install/armor_drawer:/opt/ros/humble LD_LIBRARY_PATH=/home/eee/ros2/src/armor_detect_ros2-main/install/armor_interfaces/lib:/home/eee/ros2/src/armor_detect_ros2-main/install/rm_serial_driver/lib:/opt/ros/humble/opt/rviz_ogre_vendor/lib:/opt/ros/humble/lib/x86_64-linux-gnu:/opt/ros/humble/lib /usr/bin/cmake --build /home/eee/ros2/src/armor_detect_ros2-main/build/armor_drawer -- -j20 -l20
[2.258s] DEBUG:colcon.colcon_core.event_handler.log_command:Invoking command in '/home/eee/ros2/src/armor_detect_ros2-main/build/armor_tracker_node': CMAKE_PREFIX_PATH=/home/eee/ros2/src/armor_detect_ros2-main/install/armor_interfaces:/home/eee/ros2/src/armor_detect_ros2-main/install/rm_serial_driver:/home/eee/ros2/src/armor_detect_ros2-main/install/armor_tracker_node:/home/eee/ros2/src/armor_detect_ros2-main/install/armor_drawer:/opt/ros/humble LD_LIBRARY_PATH=/home/eee/ros2/src/armor_detect_ros2-main/install/armor_interfaces/lib:/home/eee/ros2/src/armor_detect_ros2-main/install/rm_serial_driver/lib:/opt/ros/humble/opt/rviz_ogre_vendor/lib:/opt/ros/humble/lib/x86_64-linux-gnu:/opt/ros/humble/lib /usr/bin/cmake --build /home/eee/ros2/src/armor_detect_ros2-main/build/armor_tracker_node -- -j20 -l20
[2.268s] DEBUG:colcon.colcon_core.event_handler.log_command:Invoking command in '/home/eee/ros2/src/armor_detect_ros2-main/build/rm_serial_driver': CMAKE_PREFIX_PATH=/home/eee/ros2/src/armor_detect_ros2-main/install/armor_interfaces:/home/eee/ros2/src/armor_detect_ros2-main/install/rm_serial_driver:/home/eee/ros2/src/armor_detect_ros2-main/install/armor_tracker_node:/home/eee/ros2/src/armor_detect_ros2-main/install/armor_drawer:/opt/ros/humble LD_LIBRARY_PATH=/home/eee/ros2/src/armor_detect_ros2-main/install/armor_interfaces/lib:/home/eee/ros2/src/armor_detect_ros2-main/install/rm_serial_driver/lib:/opt/ros/humble/opt/rviz_ogre_vendor/lib:/opt/ros/humble/lib/x86_64-linux-gnu:/opt/ros/humble/lib /usr/bin/cmake --build /home/eee/ros2/src/armor_detect_ros2-main/build/rm_serial_driver -- -j20 -l20
[2.427s] DEBUG:colcon.colcon_core.event_handler.log_command:Invoked command in '/home/eee/ros2/src/armor_detect_ros2-main/build/armor_drawer' returned '0': CMAKE_PREFIX_PATH=/home/eee/ros2/src/armor_detect_ros2-main/install/armor_interfaces:/home/eee/ros2/src/armor_detect_ros2-main/install/rm_serial_driver:/home/eee/ros2/src/armor_detect_ros2-main/install/armor_tracker_node:/home/eee/ros2/src/armor_detect_ros2-main/install/armor_drawer:/opt/ros/humble LD_LIBRARY_PATH=/home/eee/ros2/src/armor_detect_ros2-main/install/armor_interfaces/lib:/home/eee/ros2/src/armor_detect_ros2-main/install/rm_serial_driver/lib:/opt/ros/humble/opt/rviz_ogre_vendor/lib:/opt/ros/humble/lib/x86_64-linux-gnu:/opt/ros/humble/lib /usr/bin/cmake --build /home/eee/ros2/src/armor_detect_ros2-main/build/armor_drawer -- -j20 -l20
[2.430s] DEBUG:colcon.colcon_core.event_handler.log_command:Invoking command in '/home/eee/ros2/src/armor_detect_ros2-main/build/armor_drawer': CMAKE_PREFIX_PATH=/home/eee/ros2/src/armor_detect_ros2-main/install/armor_interfaces:/home/eee/ros2/src/armor_detect_ros2-main/install/rm_serial_driver:/home/eee/ros2/src/armor_detect_ros2-main/install/armor_tracker_node:/home/eee/ros2/src/armor_detect_ros2-main/install/armor_drawer:/opt/ros/humble LD_LIBRARY_PATH=/home/eee/ros2/src/armor_detect_ros2-main/install/armor_interfaces/lib:/home/eee/ros2/src/armor_detect_ros2-main/install/rm_serial_driver/lib:/opt/ros/humble/opt/rviz_ogre_vendor/lib:/opt/ros/humble/lib/x86_64-linux-gnu:/opt/ros/humble/lib /usr/bin/cmake --install /home/eee/ros2/src/armor_detect_ros2-main/build/armor_drawer
[2.458s] Level 1:colcon.colcon_core.environment:create_environment_scripts_only(armor_drawer)
[2.459s] Level 1:colcon.colcon_core.environment:checking '/home/eee/ros2/src/armor_detect_ros2-main/install/armor_drawer' for CMake module files
[2.460s] DEBUG:colcon.colcon_core.event_handler.log_command:Invoked command in '/home/eee/ros2/src/armor_detect_ros2-main/build/armor_drawer' returned '0': CMAKE_PREFIX_PATH=/home/eee/ros2/src/armor_detect_ros2-main/install/armor_interfaces:/home/eee/ros2/src/armor_detect_ros2-main/install/rm_serial_driver:/home/eee/ros2/src/armor_detect_ros2-main/install/armor_tracker_node:/home/eee/ros2/src/armor_detect_ros2-main/install/armor_drawer:/opt/ros/humble LD_LIBRARY_PATH=/home/eee/ros2/src/armor_detect_ros2-main/install/armor_interfaces/lib:/home/eee/ros2/src/armor_detect_ros2-main/install/rm_serial_driver/lib:/opt/ros/humble/opt/rviz_ogre_vendor/lib:/opt/ros/humble/lib/x86_64-linux-gnu:/opt/ros/humble/lib /usr/bin/cmake --install /home/eee/ros2/src/armor_detect_ros2-main/build/armor_drawer
[2.462s] Level 1:colcon.colcon_core.environment:checking '/home/eee/ros2/src/armor_detect_ros2-main/install/armor_drawer' for CMake config files
[2.462s] Level 1:colcon.colcon_core.shell:create_environment_hook('armor_drawer', 'cmake_prefix_path')
[2.463s] INFO:colcon.colcon_core.shell:Creating environment hook '/home/eee/ros2/src/armor_detect_ros2-main/install/armor_drawer/share/armor_drawer/hook/cmake_prefix_path.ps1'
[2.464s] INFO:colcon.colcon_core.shell:Creating environment descriptor '/home/eee/ros2/src/armor_detect_ros2-main/install/armor_drawer/share/armor_drawer/hook/cmake_prefix_path.dsv'
[2.465s] INFO:colcon.colcon_core.shell:Creating environment hook '/home/eee/ros2/src/armor_detect_ros2-main/install/armor_drawer/share/armor_drawer/hook/cmake_prefix_path.sh'
[2.466s] Level 1:colcon.colcon_core.environment:checking '/home/eee/ros2/src/armor_detect_ros2-main/install/armor_drawer/lib'
[2.466s] Level 1:colcon.colcon_core.environment:checking '/home/eee/ros2/src/armor_detect_ros2-main/install/armor_drawer/bin'
[2.466s] Level 1:colcon.colcon_core.environment:checking '/home/eee/ros2/src/armor_detect_ros2-main/install/armor_drawer/lib/pkgconfig/armor_drawer.pc'
[2.467s] Level 1:colcon.colcon_core.environment:checking '/home/eee/ros2/src/armor_detect_ros2-main/install/armor_drawer/lib/python3.10/site-packages'
[2.468s] Level 1:colcon.colcon_core.environment:checking '/home/eee/ros2/src/armor_detect_ros2-main/install/armor_drawer/bin'
[2.469s] INFO:colcon.colcon_core.shell:Creating package script '/home/eee/ros2/src/armor_detect_ros2-main/install/armor_drawer/share/armor_drawer/package.ps1'
[2.470s] INFO:colcon.colcon_core.shell:Creating package descriptor '/home/eee/ros2/src/armor_detect_ros2-main/install/armor_drawer/share/armor_drawer/package.dsv'
[2.472s] INFO:colcon.colcon_core.shell:Creating package script '/home/eee/ros2/src/armor_detect_ros2-main/install/armor_drawer/share/armor_drawer/package.sh'
[2.473s] INFO:colcon.colcon_core.shell:Creating package script '/home/eee/ros2/src/armor_detect_ros2-main/install/armor_drawer/share/armor_drawer/package.bash'
[2.475s] INFO:colcon.colcon_core.shell:Creating package script '/home/eee/ros2/src/armor_detect_ros2-main/install/armor_drawer/share/armor_drawer/package.zsh'
[2.475s] Level 1:colcon.colcon_core.environment:create_file_with_runtime_dependencies(/home/eee/ros2/src/armor_detect_ros2-main/install/armor_drawer/share/colcon-core/packages/armor_drawer)
[2.477s] Level 1:colcon.colcon_core.environment:create_environment_scripts_only(armor_drawer)
[2.477s] Level 1:colcon.colcon_core.environment:checking '/home/eee/ros2/src/armor_detect_ros2-main/install/armor_drawer' for CMake module files
[2.478s] Level 1:colcon.colcon_core.environment:checking '/home/eee/ros2/src/armor_detect_ros2-main/install/armor_drawer' for CMake config files
[2.479s] Level 1:colcon.colcon_core.shell:create_environment_hook('armor_drawer', 'cmake_prefix_path')
[2.479s] INFO:colcon.colcon_core.shell:Creating environment hook '/home/eee/ros2/src/armor_detect_ros2-main/install/armor_drawer/share/armor_drawer/hook/cmake_prefix_path.ps1'
[2.480s] INFO:colcon.colcon_core.shell:Creating environment descriptor '/home/eee/ros2/src/armor_detect_ros2-main/install/armor_drawer/share/armor_drawer/hook/cmake_prefix_path.dsv'
[2.481s] INFO:colcon.colcon_core.shell:Creating environment hook '/home/eee/ros2/src/armor_detect_ros2-main/install/armor_drawer/share/armor_drawer/hook/cmake_prefix_path.sh'
[2.482s] Level 1:colcon.colcon_core.environment:checking '/home/eee/ros2/src/armor_detect_ros2-main/install/armor_drawer/lib'
[2.482s] Level 1:colcon.colcon_core.environment:checking '/home/eee/ros2/src/armor_detect_ros2-main/install/armor_drawer/bin'
[2.483s] Level 1:colcon.colcon_core.environment:checking '/home/eee/ros2/src/armor_detect_ros2-main/install/armor_drawer/lib/pkgconfig/armor_drawer.pc'
[2.483s] Level 1:colcon.colcon_core.environment:checking '/home/eee/ros2/src/armor_detect_ros2-main/install/armor_drawer/lib/python3.10/site-packages'
[2.484s] Level 1:colcon.colcon_core.environment:checking '/home/eee/ros2/src/armor_detect_ros2-main/install/armor_drawer/bin'
[2.485s] INFO:colcon.colcon_core.shell:Creating package script '/home/eee/ros2/src/armor_detect_ros2-main/install/armor_drawer/share/armor_drawer/package.ps1'
[2.487s] INFO:colcon.colcon_core.shell:Creating package descriptor '/home/eee/ros2/src/armor_detect_ros2-main/install/armor_drawer/share/armor_drawer/package.dsv'
[2.488s] INFO:colcon.colcon_core.shell:Creating package script '/home/eee/ros2/src/armor_detect_ros2-main/install/armor_drawer/share/armor_drawer/package.sh'
[2.489s] INFO:colcon.colcon_core.shell:Creating package script '/home/eee/ros2/src/armor_detect_ros2-main/install/armor_drawer/share/armor_drawer/package.bash'
[2.490s] INFO:colcon.colcon_core.shell:Creating package script '/home/eee/ros2/src/armor_detect_ros2-main/install/armor_drawer/share/armor_drawer/package.zsh'
[2.491s] Level 1:colcon.colcon_core.environment:create_file_with_runtime_dependencies(/home/eee/ros2/src/armor_detect_ros2-main/install/armor_drawer/share/colcon-core/packages/armor_drawer)
[2.503s] DEBUG:colcon.colcon_core.event_handler.log_command:Invoked command in '/home/eee/ros2/src/armor_detect_ros2-main/build/armor_tracker_node' returned '0': CMAKE_PREFIX_PATH=/home/eee/ros2/src/armor_detect_ros2-main/install/armor_interfaces:/home/eee/ros2/src/armor_detect_ros2-main/install/rm_serial_driver:/home/eee/ros2/src/armor_detect_ros2-main/install/armor_tracker_node:/home/eee/ros2/src/armor_detect_ros2-main/install/armor_drawer:/opt/ros/humble LD_LIBRARY_PATH=/home/eee/ros2/src/armor_detect_ros2-main/install/armor_interfaces/lib:/home/eee/ros2/src/armor_detect_ros2-main/install/rm_serial_driver/lib:/opt/ros/humble/opt/rviz_ogre_vendor/lib:/opt/ros/humble/lib/x86_64-linux-gnu:/opt/ros/humble/lib /usr/bin/cmake --build /home/eee/ros2/src/armor_detect_ros2-main/build/armor_tracker_node -- -j20 -l20
[2.508s] DEBUG:colcon.colcon_core.event_handler.log_command:Invoking command in '/home/eee/ros2/src/armor_detect_ros2-main/build/armor_tracker_node': CMAKE_PREFIX_PATH=/home/eee/ros2/src/armor_detect_ros2-main/install/armor_interfaces:/home/eee/ros2/src/armor_detect_ros2-main/install/rm_serial_driver:/home/eee/ros2/src/armor_detect_ros2-main/install/armor_tracker_node:/home/eee/ros2/src/armor_detect_ros2-main/install/armor_drawer:/opt/ros/humble LD_LIBRARY_PATH=/home/eee/ros2/src/armor_detect_ros2-main/install/armor_interfaces/lib:/home/eee/ros2/src/armor_detect_ros2-main/install/rm_serial_driver/lib:/opt/ros/humble/opt/rviz_ogre_vendor/lib:/opt/ros/humble/lib/x86_64-linux-gnu:/opt/ros/humble/lib /usr/bin/cmake --install /home/eee/ros2/src/armor_detect_ros2-main/build/armor_tracker_node
[2.538s] Level 1:colcon.colcon_core.environment:create_environment_scripts_only(armor_tracker_node)
[2.539s] Level 1:colcon.colcon_core.environment:checking '/home/eee/ros2/src/armor_detect_ros2-main/install/armor_tracker_node' for CMake module files
[2.541s] DEBUG:colcon.colcon_core.event_handler.log_command:Invoked command in '/home/eee/ros2/src/armor_detect_ros2-main/build/armor_tracker_node' returned '0': CMAKE_PREFIX_PATH=/home/eee/ros2/src/armor_detect_ros2-main/install/armor_interfaces:/home/eee/ros2/src/armor_detect_ros2-main/install/rm_serial_driver:/home/eee/ros2/src/armor_detect_ros2-main/install/armor_tracker_node:/home/eee/ros2/src/armor_detect_ros2-main/install/armor_drawer:/opt/ros/humble LD_LIBRARY_PATH=/home/eee/ros2/src/armor_detect_ros2-main/install/armor_interfaces/lib:/home/eee/ros2/src/armor_detect_ros2-main/install/rm_serial_driver/lib:/opt/ros/humble/opt/rviz_ogre_vendor/lib:/opt/ros/humble/lib/x86_64-linux-gnu:/opt/ros/humble/lib /usr/bin/cmake --install /home/eee/ros2/src/armor_detect_ros2-main/build/armor_tracker_node
[2.542s] Level 1:colcon.colcon_core.environment:checking '/home/eee/ros2/src/armor_detect_ros2-main/install/armor_tracker_node' for CMake config files
[2.543s] Level 1:colcon.colcon_core.shell:create_environment_hook('armor_tracker_node', 'cmake_prefix_path')
[2.544s] INFO:colcon.colcon_core.shell:Creating environment hook '/home/eee/ros2/src/armor_detect_ros2-main/install/armor_tracker_node/share/armor_tracker_node/hook/cmake_prefix_path.ps1'
[2.545s] INFO:colcon.colcon_core.shell:Creating environment descriptor '/home/eee/ros2/src/armor_detect_ros2-main/install/armor_tracker_node/share/armor_tracker_node/hook/cmake_prefix_path.dsv'
[2.546s] INFO:colcon.colcon_core.shell:Creating environment hook '/home/eee/ros2/src/armor_detect_ros2-main/install/armor_tracker_node/share/armor_tracker_node/hook/cmake_prefix_path.sh'
[2.548s] Level 1:colcon.colcon_core.environment:checking '/home/eee/ros2/src/armor_detect_ros2-main/install/armor_tracker_node/lib'
[2.549s] Level 1:colcon.colcon_core.environment:checking '/home/eee/ros2/src/armor_detect_ros2-main/install/armor_tracker_node/bin'
[2.549s] Level 1:colcon.colcon_core.environment:checking '/home/eee/ros2/src/armor_detect_ros2-main/install/armor_tracker_node/lib/pkgconfig/armor_tracker_node.pc'
[2.550s] Level 1:colcon.colcon_core.environment:checking '/home/eee/ros2/src/armor_detect_ros2-main/install/armor_tracker_node/lib/python3.10/site-packages'
[2.551s] Level 1:colcon.colcon_core.environment:checking '/home/eee/ros2/src/armor_detect_ros2-main/install/armor_tracker_node/bin'
[2.552s] INFO:colcon.colcon_core.shell:Creating package script '/home/eee/ros2/src/armor_detect_ros2-main/install/armor_tracker_node/share/armor_tracker_node/package.ps1'
[2.555s] INFO:colcon.colcon_core.shell:Creating package descriptor '/home/eee/ros2/src/armor_detect_ros2-main/install/armor_tracker_node/share/armor_tracker_node/package.dsv'
[2.556s] INFO:colcon.colcon_core.shell:Creating package script '/home/eee/ros2/src/armor_detect_ros2-main/install/armor_tracker_node/share/armor_tracker_node/package.sh'
[2.558s] INFO:colcon.colcon_core.shell:Creating package script '/home/eee/ros2/src/armor_detect_ros2-main/install/armor_tracker_node/share/armor_tracker_node/package.bash'
[2.559s] INFO:colcon.colcon_core.shell:Creating package script '/home/eee/ros2/src/armor_detect_ros2-main/install/armor_tracker_node/share/armor_tracker_node/package.zsh'
[2.560s] Level 1:colcon.colcon_core.environment:create_file_with_runtime_dependencies(/home/eee/ros2/src/armor_detect_ros2-main/install/armor_tracker_node/share/colcon-core/packages/armor_tracker_node)
[2.562s] Level 1:colcon.colcon_core.environment:create_environment_scripts_only(armor_tracker_node)
[2.563s] Level 1:colcon.colcon_core.environment:checking '/home/eee/ros2/src/armor_detect_ros2-main/install/armor_tracker_node' for CMake module files
[2.564s] Level 1:colcon.colcon_core.environment:checking '/home/eee/ros2/src/armor_detect_ros2-main/install/armor_tracker_node' for CMake config files
[2.565s] Level 1:colcon.colcon_core.shell:create_environment_hook('armor_tracker_node', 'cmake_prefix_path')
[2.566s] INFO:colcon.colcon_core.shell:Creating environment hook '/home/eee/ros2/src/armor_detect_ros2-main/install/armor_tracker_node/share/armor_tracker_node/hook/cmake_prefix_path.ps1'
[2.567s] INFO:colcon.colcon_core.shell:Creating environment descriptor '/home/eee/ros2/src/armor_detect_ros2-main/install/armor_tracker_node/share/armor_tracker_node/hook/cmake_prefix_path.dsv'
[2.568s] INFO:colcon.colcon_core.shell:Creating environment hook '/home/eee/ros2/src/armor_detect_ros2-main/install/armor_tracker_node/share/armor_tracker_node/hook/cmake_prefix_path.sh'
[2.570s] Level 1:colcon.colcon_core.environment:checking '/home/eee/ros2/src/armor_detect_ros2-main/install/armor_tracker_node/lib'
[2.570s] Level 1:colcon.colcon_core.environment:checking '/home/eee/ros2/src/armor_detect_ros2-main/install/armor_tracker_node/bin'
[2.570s] Level 1:colcon.colcon_core.environment:checking '/home/eee/ros2/src/armor_detect_ros2-main/install/armor_tracker_node/lib/pkgconfig/armor_tracker_node.pc'
[2.571s] Level 1:colcon.colcon_core.environment:checking '/home/eee/ros2/src/armor_detect_ros2-main/install/armor_tracker_node/lib/python3.10/site-packages'
[2.573s] Level 1:colcon.colcon_core.environment:checking '/home/eee/ros2/src/armor_detect_ros2-main/install/armor_tracker_node/bin'
[2.574s] INFO:colcon.colcon_core.shell:Creating package script '/home/eee/ros2/src/armor_detect_ros2-main/install/armor_tracker_node/share/armor_tracker_node/package.ps1'
[2.576s] INFO:colcon.colcon_core.shell:Creating package descriptor '/home/eee/ros2/src/armor_detect_ros2-main/install/armor_tracker_node/share/armor_tracker_node/package.dsv'
[2.577s] INFO:colcon.colcon_core.shell:Creating package script '/home/eee/ros2/src/armor_detect_ros2-main/install/armor_tracker_node/share/armor_tracker_node/package.sh'
[2.578s] INFO:colcon.colcon_core.shell:Creating package script '/home/eee/ros2/src/armor_detect_ros2-main/install/armor_tracker_node/share/armor_tracker_node/package.bash'
[2.579s] INFO:colcon.colcon_core.shell:Creating package script '/home/eee/ros2/src/armor_detect_ros2-main/install/armor_tracker_node/share/armor_tracker_node/package.zsh'
[2.580s] Level 1:colcon.colcon_core.environment:create_file_with_runtime_dependencies(/home/eee/ros2/src/armor_detect_ros2-main/install/armor_tracker_node/share/colcon-core/packages/armor_tracker_node)
[2.584s] DEBUG:colcon.colcon_core.event_handler.log_command:Invoked command in '/home/eee/ros2/src/armor_detect_ros2-main/build/rm_serial_driver' returned '0': CMAKE_PREFIX_PATH=/home/eee/ros2/src/armor_detect_ros2-main/install/armor_interfaces:/home/eee/ros2/src/armor_detect_ros2-main/install/rm_serial_driver:/home/eee/ros2/src/armor_detect_ros2-main/install/armor_tracker_node:/home/eee/ros2/src/armor_detect_ros2-main/install/armor_drawer:/opt/ros/humble LD_LIBRARY_PATH=/home/eee/ros2/src/armor_detect_ros2-main/install/armor_interfaces/lib:/home/eee/ros2/src/armor_detect_ros2-main/install/rm_serial_driver/lib:/opt/ros/humble/opt/rviz_ogre_vendor/lib:/opt/ros/humble/lib/x86_64-linux-gnu:/opt/ros/humble/lib /usr/bin/cmake --build /home/eee/ros2/src/armor_detect_ros2-main/build/rm_serial_driver -- -j20 -l20
[2.588s] DEBUG:colcon.colcon_core.event_handler.log_command:Invoking command in '/home/eee/ros2/src/armor_detect_ros2-main/build/rm_serial_driver': CMAKE_PREFIX_PATH=/home/eee/ros2/src/armor_detect_ros2-main/install/armor_interfaces:/home/eee/ros2/src/armor_detect_ros2-main/install/rm_serial_driver:/home/eee/ros2/src/armor_detect_ros2-main/install/armor_tracker_node:/home/eee/ros2/src/armor_detect_ros2-main/install/armor_drawer:/opt/ros/humble LD_LIBRARY_PATH=/home/eee/ros2/src/armor_detect_ros2-main/install/armor_interfaces/lib:/home/eee/ros2/src/armor_detect_ros2-main/install/rm_serial_driver/lib:/opt/ros/humble/opt/rviz_ogre_vendor/lib:/opt/ros/humble/lib/x86_64-linux-gnu:/opt/ros/humble/lib /usr/bin/cmake --install /home/eee/ros2/src/armor_detect_ros2-main/build/rm_serial_driver
[2.614s] Level 1:colcon.colcon_core.environment:create_environment_scripts_only(rm_serial_driver)
[2.615s] Level 1:colcon.colcon_core.environment:checking '/home/eee/ros2/src/armor_detect_ros2-main/install/rm_serial_driver' for CMake module files
[2.616s] DEBUG:colcon.colcon_core.event_handler.log_command:Invoked command in '/home/eee/ros2/src/armor_detect_ros2-main/build/rm_serial_driver' returned '0': CMAKE_PREFIX_PATH=/home/eee/ros2/src/armor_detect_ros2-main/install/armor_interfaces:/home/eee/ros2/src/armor_detect_ros2-main/install/rm_serial_driver:/home/eee/ros2/src/armor_detect_ros2-main/install/armor_tracker_node:/home/eee/ros2/src/armor_detect_ros2-main/install/armor_drawer:/opt/ros/humble LD_LIBRARY_PATH=/home/eee/ros2/src/armor_detect_ros2-main/install/armor_interfaces/lib:/home/eee/ros2/src/armor_detect_ros2-main/install/rm_serial_driver/lib:/opt/ros/humble/opt/rviz_ogre_vendor/lib:/opt/ros/humble/lib/x86_64-linux-gnu:/opt/ros/humble/lib /usr/bin/cmake --install /home/eee/ros2/src/armor_detect_ros2-main/build/rm_serial_driver
[2.618s] Level 1:colcon.colcon_core.environment:checking '/home/eee/ros2/src/armor_detect_ros2-main/install/rm_serial_driver' for CMake config files
[2.619s] Level 1:colcon.colcon_core.shell:create_environment_hook('rm_serial_driver', 'cmake_prefix_path')
[2.619s] INFO:colcon.colcon_core.shell:Creating environment hook '/home/eee/ros2/src/armor_detect_ros2-main/install/rm_serial_driver/share/rm_serial_driver/hook/cmake_prefix_path.ps1'
[2.621s] INFO:colcon.colcon_core.shell:Creating environment descriptor '/home/eee/ros2/src/armor_detect_ros2-main/install/rm_serial_driver/share/rm_serial_driver/hook/cmake_prefix_path.dsv'
[2.622s] INFO:colcon.colcon_core.shell:Creating environment hook '/home/eee/ros2/src/armor_detect_ros2-main/install/rm_serial_driver/share/rm_serial_driver/hook/cmake_prefix_path.sh'
[2.624s] Level 1:colcon.colcon_core.environment:checking '/home/eee/ros2/src/armor_detect_ros2-main/install/rm_serial_driver/lib'
[2.624s] Level 1:colcon.colcon_core.shell:create_environment_hook('rm_serial_driver', 'ld_library_path_lib')
[2.625s] INFO:colcon.colcon_core.shell:Creating environment hook '/home/eee/ros2/src/armor_detect_ros2-main/install/rm_serial_driver/share/rm_serial_driver/hook/ld_library_path_lib.ps1'
[2.626s] INFO:colcon.colcon_core.shell:Creating environment descriptor '/home/eee/ros2/src/armor_detect_ros2-main/install/rm_serial_driver/share/rm_serial_driver/hook/ld_library_path_lib.dsv'
[2.626s] INFO:colcon.colcon_core.shell:Creating environment hook '/home/eee/ros2/src/armor_detect_ros2-main/install/rm_serial_driver/share/rm_serial_driver/hook/ld_library_path_lib.sh'
[2.627s] Level 1:colcon.colcon_core.environment:checking '/home/eee/ros2/src/armor_detect_ros2-main/install/rm_serial_driver/bin'
[2.627s] Level 1:colcon.colcon_core.environment:checking '/home/eee/ros2/src/armor_detect_ros2-main/install/rm_serial_driver/lib/pkgconfig/rm_serial_driver.pc'
[2.628s] Level 1:colcon.colcon_core.environment:checking '/home/eee/ros2/src/armor_detect_ros2-main/install/rm_serial_driver/lib/python3.10/site-packages'
[2.629s] Level 1:colcon.colcon_core.environment:checking '/home/eee/ros2/src/armor_detect_ros2-main/install/rm_serial_driver/bin'
[2.630s] INFO:colcon.colcon_core.shell:Creating package script '/home/eee/ros2/src/armor_detect_ros2-main/install/rm_serial_driver/share/rm_serial_driver/package.ps1'
[2.631s] INFO:colcon.colcon_core.shell:Creating package descriptor '/home/eee/ros2/src/armor_detect_ros2-main/install/rm_serial_driver/share/rm_serial_driver/package.dsv'
[2.632s] INFO:colcon.colcon_core.shell:Creating package script '/home/eee/ros2/src/armor_detect_ros2-main/install/rm_serial_driver/share/rm_serial_driver/package.sh'
[2.633s] INFO:colcon.colcon_core.shell:Creating package script '/home/eee/ros2/src/armor_detect_ros2-main/install/rm_serial_driver/share/rm_serial_driver/package.bash'
[2.633s] INFO:colcon.colcon_core.shell:Creating package script '/home/eee/ros2/src/armor_detect_ros2-main/install/rm_serial_driver/share/rm_serial_driver/package.zsh'
[2.634s] Level 1:colcon.colcon_core.environment:create_file_with_runtime_dependencies(/home/eee/ros2/src/armor_detect_ros2-main/install/rm_serial_driver/share/colcon-core/packages/rm_serial_driver)
[2.635s] Level 1:colcon.colcon_core.environment:create_environment_scripts_only(rm_serial_driver)
[2.636s] Level 1:colcon.colcon_core.environment:checking '/home/eee/ros2/src/armor_detect_ros2-main/install/rm_serial_driver' for CMake module files
[2.637s] Level 1:colcon.colcon_core.environment:checking '/home/eee/ros2/src/armor_detect_ros2-main/install/rm_serial_driver' for CMake config files
[2.637s] Level 1:colcon.colcon_core.shell:create_environment_hook('rm_serial_driver', 'cmake_prefix_path')
[2.638s] INFO:colcon.colcon_core.shell:Creating environment hook '/home/eee/ros2/src/armor_detect_ros2-main/install/rm_serial_driver/share/rm_serial_driver/hook/cmake_prefix_path.ps1'
[2.639s] INFO:colcon.colcon_core.shell:Creating environment descriptor '/home/eee/ros2/src/armor_detect_ros2-main/install/rm_serial_driver/share/rm_serial_driver/hook/cmake_prefix_path.dsv'
[2.639s] INFO:colcon.colcon_core.shell:Creating environment hook '/home/eee/ros2/src/armor_detect_ros2-main/install/rm_serial_driver/share/rm_serial_driver/hook/cmake_prefix_path.sh'
[2.640s] Level 1:colcon.colcon_core.environment:checking '/home/eee/ros2/src/armor_detect_ros2-main/install/rm_serial_driver/lib'
[2.641s] Level 1:colcon.colcon_core.shell:create_environment_hook('rm_serial_driver', 'ld_library_path_lib')
[2.641s] INFO:colcon.colcon_core.shell:Creating environment hook '/home/eee/ros2/src/armor_detect_ros2-main/install/rm_serial_driver/share/rm_serial_driver/hook/ld_library_path_lib.ps1'
[2.642s] INFO:colcon.colcon_core.shell:Creating environment descriptor '/home/eee/ros2/src/armor_detect_ros2-main/install/rm_serial_driver/share/rm_serial_driver/hook/ld_library_path_lib.dsv'
[2.643s] INFO:colcon.colcon_core.shell:Creating environment hook '/home/eee/ros2/src/armor_detect_ros2-main/install/rm_serial_driver/share/rm_serial_driver/hook/ld_library_path_lib.sh'
[2.643s] Level 1:colcon.colcon_core.environment:checking '/home/eee/ros2/src/armor_detect_ros2-main/install/rm_serial_driver/bin'
[2.644s] Level 1:colcon.colcon_core.environment:checking '/home/eee/ros2/src/armor_detect_ros2-main/install/rm_serial_driver/lib/pkgconfig/rm_serial_driver.pc'
[2.644s] Level 1:colcon.colcon_core.environment:checking '/home/eee/ros2/src/armor_detect_ros2-main/install/rm_serial_driver/lib/python3.10/site-packages'
[2.645s] Level 1:colcon.colcon_core.environment:checking '/home/eee/ros2/src/armor_detect_ros2-main/install/rm_serial_driver/bin'
[2.646s] INFO:colcon.colcon_core.shell:Creating package script '/home/eee/ros2/src/armor_detect_ros2-main/install/rm_serial_driver/share/rm_serial_driver/package.ps1'
[2.647s] INFO:colcon.colcon_core.shell:Creating package descriptor '/home/eee/ros2/src/armor_detect_ros2-main/install/rm_serial_driver/share/rm_serial_driver/package.dsv'
[2.648s] INFO:colcon.colcon_core.shell:Creating package script '/home/eee/ros2/src/armor_detect_ros2-main/install/rm_serial_driver/share/rm_serial_driver/package.sh'
[2.649s] INFO:colcon.colcon_core.shell:Creating package script '/home/eee/ros2/src/armor_detect_ros2-main/install/rm_serial_driver/share/rm_serial_driver/package.bash'
[2.650s] INFO:colcon.colcon_core.shell:Creating package script '/home/eee/ros2/src/armor_detect_ros2-main/install/rm_serial_driver/share/rm_serial_driver/package.zsh'
[2.652s] Level 1:colcon.colcon_core.environment:create_file_with_runtime_dependencies(/home/eee/ros2/src/armor_detect_ros2-main/install/rm_serial_driver/share/colcon-core/packages/rm_serial_driver)
[2.652s] DEBUG:colcon.colcon_parallel_executor.executor.parallel:closing loop
[2.653s] DEBUG:colcon.colcon_parallel_executor.executor.parallel:loop closed
[2.654s] DEBUG:colcon.colcon_parallel_executor.executor.parallel:run_until_complete finished with '0'
[2.654s] DEBUG:colcon.colcon_core.event_reactor:joining thread
[2.666s] INFO:colcon.colcon_core.plugin_system:Skipping extension 'colcon_notification.desktop_notification.terminal_notifier': Not used on non-Darwin systems
[2.666s] INFO:colcon.colcon_core.plugin_system:Skipping extension 'colcon_notification.desktop_notification.win32': Not used on non-Windows systems
[2.666s] INFO:colcon.colcon_notification.desktop_notification:Sending desktop notification using 'notify2'
[2.702s] DEBUG:colcon.colcon_core.event_reactor:joined thread
[2.703s] INFO:colcon.colcon_core.shell:Creating prefix script '/home/eee/ros2/src/armor_detect_ros2-main/install/local_setup.ps1'
[2.705s] INFO:colcon.colcon_core.shell:Creating prefix util module '/home/eee/ros2/src/armor_detect_ros2-main/install/_local_setup_util_ps1.py'
[2.707s] INFO:colcon.colcon_core.shell:Creating prefix chain script '/home/eee/ros2/src/armor_detect_ros2-main/install/setup.ps1'
[2.710s] INFO:colcon.colcon_core.shell:Creating prefix script '/home/eee/ros2/src/armor_detect_ros2-main/install/local_setup.sh'
[2.711s] INFO:colcon.colcon_core.shell:Creating prefix util module '/home/eee/ros2/src/armor_detect_ros2-main/install/_local_setup_util_sh.py'
[2.712s] INFO:colcon.colcon_core.shell:Creating prefix chain script '/home/eee/ros2/src/armor_detect_ros2-main/install/setup.sh'
[2.715s] INFO:colcon.colcon_core.shell:Creating prefix script '/home/eee/ros2/src/armor_detect_ros2-main/install/local_setup.bash'
[2.716s] INFO:colcon.colcon_core.shell:Creating prefix chain script '/home/eee/ros2/src/armor_detect_ros2-main/install/setup.bash'
[2.719s] INFO:colcon.colcon_core.shell:Creating prefix script '/home/eee/ros2/src/armor_detect_ros2-main/install/local_setup.zsh'
[2.721s] INFO:colcon.colcon_core.shell:Creating prefix chain script '/home/eee/ros2/src/armor_detect_ros2-main/install/setup.zsh'
