-- Found ament_cmake: 1.3.14 (/opt/ros/humble/share/ament_cmake/cmake)
-- Override CMake install command with custom implementation using symlinks instead of copying resources
-- Found std_msgs: 4.9.1 (/opt/ros/humble/share/std_msgs/cmake)
-- Found rosidl_generator_c: 3.1.8 (/opt/ros/humble/share/rosidl_generator_c/cmake)
-- Found rosidl_adapter: 3.1.8 (/opt/ros/humble/share/rosidl_adapter/cmake)
-- Found rosidl_generator_cpp: 3.1.8 (/opt/ros/humble/share/rosidl_generator_cpp/cmake)
-- Using all available rosidl_typesupport_c: rosidl_typesupport_fastrtps_c;rosidl_typesupport_introspection_c
-- Using all available rosidl_typesupport_cpp: rosidl_typesupport_fastrtps_cpp;rosidl_typesupport_introspection_cpp
-- Found rosidl_default_generators: 1.2.1 (/opt/ros/humble/share/rosidl_default_generators/cmake)
-- Found ament_cmake_ros: 0.10.0 (/opt/ros/humble/share/ament_cmake_ros/cmake)
-- Using all available rosidl_typesupport_c: rosidl_typesupport_fastrtps_c;rosidl_typesupport_introspection_c
-- Using all available rosidl_typesupport_cpp: rosidl_typesupport_fastrtps_cpp;rosidl_typesupport_introspection_cpp
-- Found python_cmake_module: 0.10.0 (/opt/ros/humble/share/python_cmake_module/cmake)
-- Using PYTHON_EXECUTABLE: /usr/bin/python3
-- Using PYTHON_INCLUDE_DIRS: /usr/include/python3.10
-- Using PYTHON_LIBRARIES: /usr/lib/x86_64-linux-gnu/libpython3.10.so
-- Found ament_lint_auto: 0.12.15 (/opt/ros/humble/share/ament_lint_auto/cmake)
-- Configuring done
-- Generating done
-- Build files have been written to: /home/eee/ros2/src/armor_detect_ros2-main/build/armor_interfaces
[35m[1mConsolidate compiler generated dependencies of target armor_interfaces__rosidl_generator_c[0m
[  1%] Built target armor_interfaces__rs
[  3%] Built target armor_interfaces__cpp
[  3%] Built target ament_cmake_python_symlink_armor_interfaces
[ 14%] Built target armor_interfaces__rosidl_generator_c
[35m[1mConsolidate compiler generated dependencies of target armor_interfaces__rosidl_typesupport_cpp[0m
[35m[1mConsolidate compiler generated dependencies of target armor_interfaces__rosidl_typesupport_fastrtps_cpp[0m
[35m[1mConsolidate compiler generated dependencies of target armor_interfaces__rosidl_typesupport_introspection_cpp[0m
[35m[1mConsolidate compiler generated dependencies of target armor_interfaces__rosidl_typesupport_introspection_c[0m
[35m[1mConsolidate compiler generated dependencies of target armor_interfaces__rosidl_typesupport_c[0m
[35m[1mConsolidate compiler generated dependencies of target armor_interfaces__rosidl_typesupport_fastrtps_c[0m
[ 33%] Built target armor_interfaces__rosidl_typesupport_cpp
[ 35%] Built target armor_interfaces__rosidl_typesupport_fastrtps_cpp
[ 46%] Built target armor_interfaces__rosidl_typesupport_introspection_c
[ 57%] Built target armor_interfaces__rosidl_typesupport_introspection_cpp
[ 67%] Built target armor_interfaces__rosidl_typesupport_c
[ 78%] Built target armor_interfaces__rosidl_typesupport_fastrtps_c
[ 78%] Built target armor_interfaces
[ 80%] Built target armor_interfaces__py
[35m[1mConsolidate compiler generated dependencies of target armor_interfaces__rosidl_generator_py[0m
[ 89%] Built target armor_interfaces__rosidl_generator_py
[35m[1mConsolidate compiler generated dependencies of target armor_interfaces__rosidl_typesupport_introspection_c__pyext[0m
[35m[1mConsolidate compiler generated dependencies of target armor_interfaces__rosidl_typesupport_c__pyext[0m
[35m[1mConsolidate compiler generated dependencies of target armor_interfaces__rosidl_typesupport_fastrtps_c__pyext[0m
[ 92%] Built target armor_interfaces__rosidl_typesupport_introspection_c__pyext
[100%] Built target armor_interfaces__rosidl_typesupport_fastrtps_c__pyext
[100%] Built target armor_interfaces__rosidl_typesupport_c__pyext
running egg_info
writing armor_interfaces.egg-info/PKG-INFO
writing dependency_links to armor_interfaces.egg-info/dependency_links.txt
writing top-level names to armor_interfaces.egg-info/top_level.txt
reading manifest file 'armor_interfaces.egg-info/SOURCES.txt'
writing manifest file 'armor_interfaces.egg-info/SOURCES.txt'
[100%] Built target ament_cmake_python_build_armor_interfaces_egg
-- Install configuration: "Release"
-- Execute custom install script
-- Up-to-date symlink: /home/eee/ros2/src/armor_detect_ros2-main/install/armor_interfaces/share/ament_index/resource_index/rosidl_interfaces/armor_interfaces
-- Up-to-date symlink: /home/eee/ros2/src/armor_detect_ros2-main/install/armor_interfaces/include/armor_interfaces/armor_interfaces/msg/armor_info.h
-- Up-to-date symlink: /home/eee/ros2/src/armor_detect_ros2-main/install/armor_interfaces/include/armor_interfaces/armor_interfaces/msg/detail/armor_info__functions.h
-- Up-to-date symlink: /home/eee/ros2/src/armor_detect_ros2-main/install/armor_interfaces/include/armor_interfaces/armor_interfaces/msg/detail/armor_info__struct.h
-- Up-to-date symlink: /home/eee/ros2/src/armor_detect_ros2-main/install/armor_interfaces/include/armor_interfaces/armor_interfaces/msg/detail/armor_info__type_support.h
-- Up-to-date symlink: /home/eee/ros2/src/armor_detect_ros2-main/install/armor_interfaces/include/armor_interfaces/armor_interfaces/msg/detail/joint_state__functions.h
-- Up-to-date symlink: /home/eee/ros2/src/armor_detect_ros2-main/install/armor_interfaces/include/armor_interfaces/armor_interfaces/msg/detail/joint_state__struct.h
-- Up-to-date symlink: /home/eee/ros2/src/armor_detect_ros2-main/install/armor_interfaces/include/armor_interfaces/armor_interfaces/msg/detail/joint_state__type_support.h
-- Up-to-date symlink: /home/eee/ros2/src/armor_detect_ros2-main/install/armor_interfaces/include/armor_interfaces/armor_interfaces/msg/detail/serial_driver__functions.h
-- Up-to-date symlink: /home/eee/ros2/src/armor_detect_ros2-main/install/armor_interfaces/include/armor_interfaces/armor_interfaces/msg/detail/serial_driver__struct.h
-- Up-to-date symlink: /home/eee/ros2/src/armor_detect_ros2-main/install/armor_interfaces/include/armor_interfaces/armor_interfaces/msg/detail/serial_driver__type_support.h
-- Up-to-date symlink: /home/eee/ros2/src/armor_detect_ros2-main/install/armor_interfaces/include/armor_interfaces/armor_interfaces/msg/detail/serial_receive_data__functions.h
-- Up-to-date symlink: /home/eee/ros2/src/armor_detect_ros2-main/install/armor_interfaces/include/armor_interfaces/armor_interfaces/msg/detail/serial_receive_data__struct.h
-- Up-to-date symlink: /home/eee/ros2/src/armor_detect_ros2-main/install/armor_interfaces/include/armor_interfaces/armor_interfaces/msg/detail/serial_receive_data__type_support.h
-- Up-to-date symlink: /home/eee/ros2/src/armor_detect_ros2-main/install/armor_interfaces/include/armor_interfaces/armor_interfaces/msg/joint_state.h
-- Up-to-date symlink: /home/eee/ros2/src/armor_detect_ros2-main/install/armor_interfaces/include/armor_interfaces/armor_interfaces/msg/rosidl_generator_c__visibility_control.h
-- Up-to-date symlink: /home/eee/ros2/src/armor_detect_ros2-main/install/armor_interfaces/include/armor_interfaces/armor_interfaces/msg/serial_driver.h
-- Up-to-date symlink: /home/eee/ros2/src/armor_detect_ros2-main/install/armor_interfaces/include/armor_interfaces/armor_interfaces/msg/serial_receive_data.h
-- Up-to-date symlink: /home/eee/ros2/src/armor_detect_ros2-main/install/armor_interfaces/share/armor_interfaces/environment/library_path.sh
-- Up-to-date symlink: /home/eee/ros2/src/armor_detect_ros2-main/install/armor_interfaces/share/armor_interfaces/environment/library_path.dsv
-- Up-to-date symlink: /home/eee/ros2/src/armor_detect_ros2-main/install/armor_interfaces/include/armor_interfaces/armor_interfaces/msg/detail/armor_info__rosidl_typesupport_fastrtps_c.h
-- Up-to-date symlink: /home/eee/ros2/src/armor_detect_ros2-main/install/armor_interfaces/include/armor_interfaces/armor_interfaces/msg/detail/joint_state__rosidl_typesupport_fastrtps_c.h
-- Up-to-date symlink: /home/eee/ros2/src/armor_detect_ros2-main/install/armor_interfaces/include/armor_interfaces/armor_interfaces/msg/detail/serial_driver__rosidl_typesupport_fastrtps_c.h
-- Up-to-date symlink: /home/eee/ros2/src/armor_detect_ros2-main/install/armor_interfaces/include/armor_interfaces/armor_interfaces/msg/detail/serial_receive_data__rosidl_typesupport_fastrtps_c.h
-- Up-to-date symlink: /home/eee/ros2/src/armor_detect_ros2-main/install/armor_interfaces/include/armor_interfaces/armor_interfaces/msg/rosidl_typesupport_fastrtps_c__visibility_control.h
-- Up-to-date symlink: /home/eee/ros2/src/armor_detect_ros2-main/install/armor_interfaces/include/armor_interfaces/armor_interfaces/msg/armor_info.hpp
-- Up-to-date symlink: /home/eee/ros2/src/armor_detect_ros2-main/install/armor_interfaces/include/armor_interfaces/armor_interfaces/msg/detail/armor_info__builder.hpp
-- Up-to-date symlink: /home/eee/ros2/src/armor_detect_ros2-main/install/armor_interfaces/include/armor_interfaces/armor_interfaces/msg/detail/armor_info__struct.hpp
-- Up-to-date symlink: /home/eee/ros2/src/armor_detect_ros2-main/install/armor_interfaces/include/armor_interfaces/armor_interfaces/msg/detail/armor_info__traits.hpp
-- Up-to-date symlink: /home/eee/ros2/src/armor_detect_ros2-main/install/armor_interfaces/include/armor_interfaces/armor_interfaces/msg/detail/armor_info__type_support.hpp
-- Up-to-date symlink: /home/eee/ros2/src/armor_detect_ros2-main/install/armor_interfaces/include/armor_interfaces/armor_interfaces/msg/detail/joint_state__builder.hpp
-- Up-to-date symlink: /home/eee/ros2/src/armor_detect_ros2-main/install/armor_interfaces/include/armor_interfaces/armor_interfaces/msg/detail/joint_state__struct.hpp
-- Up-to-date symlink: /home/eee/ros2/src/armor_detect_ros2-main/install/armor_interfaces/include/armor_interfaces/armor_interfaces/msg/detail/joint_state__traits.hpp
-- Up-to-date symlink: /home/eee/ros2/src/armor_detect_ros2-main/install/armor_interfaces/include/armor_interfaces/armor_interfaces/msg/detail/joint_state__type_support.hpp
-- Up-to-date symlink: /home/eee/ros2/src/armor_detect_ros2-main/install/armor_interfaces/include/armor_interfaces/armor_interfaces/msg/detail/serial_driver__builder.hpp
-- Up-to-date symlink: /home/eee/ros2/src/armor_detect_ros2-main/install/armor_interfaces/include/armor_interfaces/armor_interfaces/msg/detail/serial_driver__struct.hpp
-- Up-to-date symlink: /home/eee/ros2/src/armor_detect_ros2-main/install/armor_interfaces/include/armor_interfaces/armor_interfaces/msg/detail/serial_driver__traits.hpp
-- Up-to-date symlink: /home/eee/ros2/src/armor_detect_ros2-main/install/armor_interfaces/include/armor_interfaces/armor_interfaces/msg/detail/serial_driver__type_support.hpp
-- Up-to-date symlink: /home/eee/ros2/src/armor_detect_ros2-main/install/armor_interfaces/include/armor_interfaces/armor_interfaces/msg/detail/serial_receive_data__builder.hpp
-- Up-to-date symlink: /home/eee/ros2/src/armor_detect_ros2-main/install/armor_interfaces/include/armor_interfaces/armor_interfaces/msg/detail/serial_receive_data__struct.hpp
-- Up-to-date symlink: /home/eee/ros2/src/armor_detect_ros2-main/install/armor_interfaces/include/armor_interfaces/armor_interfaces/msg/detail/serial_receive_data__traits.hpp
-- Up-to-date symlink: /home/eee/ros2/src/armor_detect_ros2-main/install/armor_interfaces/include/armor_interfaces/armor_interfaces/msg/detail/serial_receive_data__type_support.hpp
-- Up-to-date symlink: /home/eee/ros2/src/armor_detect_ros2-main/install/armor_interfaces/include/armor_interfaces/armor_interfaces/msg/joint_state.hpp
-- Up-to-date symlink: /home/eee/ros2/src/armor_detect_ros2-main/install/armor_interfaces/include/armor_interfaces/armor_interfaces/msg/rosidl_generator_cpp__visibility_control.hpp
-- Up-to-date symlink: /home/eee/ros2/src/armor_detect_ros2-main/install/armor_interfaces/include/armor_interfaces/armor_interfaces/msg/serial_driver.hpp
-- Up-to-date symlink: /home/eee/ros2/src/armor_detect_ros2-main/install/armor_interfaces/include/armor_interfaces/armor_interfaces/msg/serial_receive_data.hpp
-- Up-to-date symlink: /home/eee/ros2/src/armor_detect_ros2-main/install/armor_interfaces/include/armor_interfaces/armor_interfaces/msg/detail/armor_info__rosidl_typesupport_fastrtps_cpp.hpp
-- Up-to-date symlink: /home/eee/ros2/src/armor_detect_ros2-main/install/armor_interfaces/include/armor_interfaces/armor_interfaces/msg/detail/joint_state__rosidl_typesupport_fastrtps_cpp.hpp
-- Up-to-date symlink: /home/eee/ros2/src/armor_detect_ros2-main/install/armor_interfaces/include/armor_interfaces/armor_interfaces/msg/detail/serial_driver__rosidl_typesupport_fastrtps_cpp.hpp
-- Up-to-date symlink: /home/eee/ros2/src/armor_detect_ros2-main/install/armor_interfaces/include/armor_interfaces/armor_interfaces/msg/detail/serial_receive_data__rosidl_typesupport_fastrtps_cpp.hpp
-- Up-to-date symlink: /home/eee/ros2/src/armor_detect_ros2-main/install/armor_interfaces/include/armor_interfaces/armor_interfaces/msg/rosidl_typesupport_fastrtps_cpp__visibility_control.h
-- Up-to-date symlink: /home/eee/ros2/src/armor_detect_ros2-main/install/armor_interfaces/include/armor_interfaces/armor_interfaces/msg/detail/armor_info__rosidl_typesupport_introspection_c.h
-- Up-to-date symlink: /home/eee/ros2/src/armor_detect_ros2-main/install/armor_interfaces/include/armor_interfaces/armor_interfaces/msg/detail/joint_state__rosidl_typesupport_introspection_c.h
-- Up-to-date symlink: /home/eee/ros2/src/armor_detect_ros2-main/install/armor_interfaces/include/armor_interfaces/armor_interfaces/msg/detail/serial_driver__rosidl_typesupport_introspection_c.h
-- Up-to-date symlink: /home/eee/ros2/src/armor_detect_ros2-main/install/armor_interfaces/include/armor_interfaces/armor_interfaces/msg/detail/serial_receive_data__rosidl_typesupport_introspection_c.h
-- Up-to-date symlink: /home/eee/ros2/src/armor_detect_ros2-main/install/armor_interfaces/include/armor_interfaces/armor_interfaces/msg/rosidl_typesupport_introspection_c__visibility_control.h
-- Up-to-date symlink: /home/eee/ros2/src/armor_detect_ros2-main/install/armor_interfaces/include/armor_interfaces/armor_interfaces/msg/detail/armor_info__rosidl_typesupport_introspection_cpp.hpp
-- Up-to-date symlink: /home/eee/ros2/src/armor_detect_ros2-main/install/armor_interfaces/include/armor_interfaces/armor_interfaces/msg/detail/joint_state__rosidl_typesupport_introspection_cpp.hpp
-- Up-to-date symlink: /home/eee/ros2/src/armor_detect_ros2-main/install/armor_interfaces/include/armor_interfaces/armor_interfaces/msg/detail/serial_driver__rosidl_typesupport_introspection_cpp.hpp
-- Up-to-date symlink: /home/eee/ros2/src/armor_detect_ros2-main/install/armor_interfaces/include/armor_interfaces/armor_interfaces/msg/detail/serial_receive_data__rosidl_typesupport_introspection_cpp.hpp
-- Up-to-date symlink: /home/eee/ros2/src/armor_detect_ros2-main/install/armor_interfaces/share/armor_interfaces/environment/pythonpath.sh
-- Up-to-date symlink: /home/eee/ros2/src/armor_detect_ros2-main/install/armor_interfaces/share/armor_interfaces/environment/pythonpath.dsv
-- Up-to-date symlink: /home/eee/ros2/src/armor_detect_ros2-main/install/armor_interfaces/local/lib/python3.10/dist-packages/armor_interfaces-0.0.0-py3.10.egg-info/PKG-INFO
-- Up-to-date symlink: /home/eee/ros2/src/armor_detect_ros2-main/install/armor_interfaces/local/lib/python3.10/dist-packages/armor_interfaces-0.0.0-py3.10.egg-info/SOURCES.txt
-- Up-to-date symlink: /home/eee/ros2/src/armor_detect_ros2-main/install/armor_interfaces/local/lib/python3.10/dist-packages/armor_interfaces-0.0.0-py3.10.egg-info/dependency_links.txt
-- Up-to-date symlink: /home/eee/ros2/src/armor_detect_ros2-main/install/armor_interfaces/local/lib/python3.10/dist-packages/armor_interfaces-0.0.0-py3.10.egg-info/top_level.txt
-- Up-to-date symlink: /home/eee/ros2/src/armor_detect_ros2-main/install/armor_interfaces/local/lib/python3.10/dist-packages/armor_interfaces/__init__.py
-- Up-to-date symlink: /home/eee/ros2/src/armor_detect_ros2-main/install/armor_interfaces/local/lib/python3.10/dist-packages/armor_interfaces/_armor_interfaces_s.ep.rosidl_typesupport_c.c
-- Up-to-date symlink: /home/eee/ros2/src/armor_detect_ros2-main/install/armor_interfaces/local/lib/python3.10/dist-packages/armor_interfaces/_armor_interfaces_s.ep.rosidl_typesupport_fastrtps_c.c
-- Up-to-date symlink: /home/eee/ros2/src/armor_detect_ros2-main/install/armor_interfaces/local/lib/python3.10/dist-packages/armor_interfaces/_armor_interfaces_s.ep.rosidl_typesupport_introspection_c.c
-- Up-to-date symlink: /home/eee/ros2/src/armor_detect_ros2-main/install/armor_interfaces/local/lib/python3.10/dist-packages/armor_interfaces/armor_interfaces_s__rosidl_typesupport_c.cpython-310-x86_64-linux-gnu.so
-- Up-to-date symlink: /home/eee/ros2/src/armor_detect_ros2-main/install/armor_interfaces/local/lib/python3.10/dist-packages/armor_interfaces/armor_interfaces_s__rosidl_typesupport_fastrtps_c.cpython-310-x86_64-linux-gnu.so
-- Up-to-date symlink: /home/eee/ros2/src/armor_detect_ros2-main/install/armor_interfaces/local/lib/python3.10/dist-packages/armor_interfaces/armor_interfaces_s__rosidl_typesupport_introspection_c.cpython-310-x86_64-linux-gnu.so
-- Up-to-date symlink: /home/eee/ros2/src/armor_detect_ros2-main/install/armor_interfaces/local/lib/python3.10/dist-packages/armor_interfaces/libarmor_interfaces__rosidl_generator_py.so
-- Up-to-date symlink: /home/eee/ros2/src/armor_detect_ros2-main/install/armor_interfaces/local/lib/python3.10/dist-packages/armor_interfaces/msg/__init__.py
-- Up-to-date symlink: /home/eee/ros2/src/armor_detect_ros2-main/install/armor_interfaces/local/lib/python3.10/dist-packages/armor_interfaces/msg/_armor_info.py
-- Up-to-date symlink: /home/eee/ros2/src/armor_detect_ros2-main/install/armor_interfaces/local/lib/python3.10/dist-packages/armor_interfaces/msg/_armor_info_s.c
-- Up-to-date symlink: /home/eee/ros2/src/armor_detect_ros2-main/install/armor_interfaces/local/lib/python3.10/dist-packages/armor_interfaces/msg/_joint_state.py
-- Up-to-date symlink: /home/eee/ros2/src/armor_detect_ros2-main/install/armor_interfaces/local/lib/python3.10/dist-packages/armor_interfaces/msg/_joint_state_s.c
-- Up-to-date symlink: /home/eee/ros2/src/armor_detect_ros2-main/install/armor_interfaces/local/lib/python3.10/dist-packages/armor_interfaces/msg/_serial_driver.py
-- Up-to-date symlink: /home/eee/ros2/src/armor_detect_ros2-main/install/armor_interfaces/local/lib/python3.10/dist-packages/armor_interfaces/msg/_serial_driver_s.c
-- Up-to-date symlink: /home/eee/ros2/src/armor_detect_ros2-main/install/armor_interfaces/local/lib/python3.10/dist-packages/armor_interfaces/msg/_serial_receive_data.py
-- Up-to-date symlink: /home/eee/ros2/src/armor_detect_ros2-main/install/armor_interfaces/local/lib/python3.10/dist-packages/armor_interfaces/msg/_serial_receive_data_s.c
-- Up-to-date symlink: /home/eee/ros2/src/armor_detect_ros2-main/install/armor_interfaces/local/lib/python3.10/dist-packages/armor_interfaces/armor_interfaces_s__rosidl_typesupport_fastrtps_c.cpython-310-x86_64-linux-gnu.so
-- Up-to-date symlink: /home/eee/ros2/src/armor_detect_ros2-main/install/armor_interfaces/local/lib/python3.10/dist-packages/armor_interfaces/armor_interfaces_s__rosidl_typesupport_introspection_c.cpython-310-x86_64-linux-gnu.so
-- Up-to-date symlink: /home/eee/ros2/src/armor_detect_ros2-main/install/armor_interfaces/local/lib/python3.10/dist-packages/armor_interfaces/armor_interfaces_s__rosidl_typesupport_c.cpython-310-x86_64-linux-gnu.so
-- Up-to-date symlink: /home/eee/ros2/src/armor_detect_ros2-main/install/armor_interfaces/share/ament_index/resource_index/rust_packages/armor_interfaces
-- Up-to-date symlink: /home/eee/ros2/src/armor_detect_ros2-main/install/armor_interfaces/share/armor_interfaces/rust/Cargo.toml
-- Up-to-date symlink: /home/eee/ros2/src/armor_detect_ros2-main/install/armor_interfaces/share/armor_interfaces/rust/build.rs
-- Up-to-date symlink: /home/eee/ros2/src/armor_detect_ros2-main/install/armor_interfaces/share/armor_interfaces/rust/src/lib.rs
-- Up-to-date symlink: /home/eee/ros2/src/armor_detect_ros2-main/install/armor_interfaces/share/armor_interfaces/rust/src/msg.rs
-- Up-to-date symlink: /home/eee/ros2/src/armor_detect_ros2-main/install/armor_interfaces/share/armor_interfaces/rust/src/msg/rmw.rs
-- Up-to-date symlink: /home/eee/ros2/src/armor_detect_ros2-main/install/armor_interfaces/share/armor_interfaces/msg/ArmorInfo.idl
-- Up-to-date symlink: /home/eee/ros2/src/armor_detect_ros2-main/install/armor_interfaces/share/armor_interfaces/msg/SerialDriver.idl
-- Up-to-date symlink: /home/eee/ros2/src/armor_detect_ros2-main/install/armor_interfaces/share/armor_interfaces/msg/JointState.idl
-- Up-to-date symlink: /home/eee/ros2/src/armor_detect_ros2-main/install/armor_interfaces/share/armor_interfaces/msg/SerialReceiveData.idl
-- Up-to-date symlink: /home/eee/ros2/src/armor_detect_ros2-main/install/armor_interfaces/share/armor_interfaces/msg/ArmorInfo.msg
-- Up-to-date symlink: /home/eee/ros2/src/armor_detect_ros2-main/install/armor_interfaces/share/armor_interfaces/msg/SerialDriver.msg
-- Up-to-date symlink: /home/eee/ros2/src/armor_detect_ros2-main/install/armor_interfaces/share/armor_interfaces/msg/JointState.msg
-- Up-to-date symlink: /home/eee/ros2/src/armor_detect_ros2-main/install/armor_interfaces/share/armor_interfaces/msg/SerialReceiveData.msg
-- Up-to-date symlink: /home/eee/ros2/src/armor_detect_ros2-main/install/armor_interfaces/share/ament_index/resource_index/package_run_dependencies/armor_interfaces
-- Up-to-date symlink: /home/eee/ros2/src/armor_detect_ros2-main/install/armor_interfaces/share/ament_index/resource_index/parent_prefix_path/armor_interfaces
-- Up-to-date symlink: /home/eee/ros2/src/armor_detect_ros2-main/install/armor_interfaces/share/armor_interfaces/environment/ament_prefix_path.sh
-- Up-to-date symlink: /home/eee/ros2/src/armor_detect_ros2-main/install/armor_interfaces/share/armor_interfaces/environment/ament_prefix_path.dsv
-- Up-to-date symlink: /home/eee/ros2/src/armor_detect_ros2-main/install/armor_interfaces/share/armor_interfaces/environment/path.sh
-- Up-to-date symlink: /home/eee/ros2/src/armor_detect_ros2-main/install/armor_interfaces/share/armor_interfaces/environment/path.dsv
-- Up-to-date symlink: /home/eee/ros2/src/armor_detect_ros2-main/install/armor_interfaces/share/armor_interfaces/local_setup.bash
-- Up-to-date symlink: /home/eee/ros2/src/armor_detect_ros2-main/install/armor_interfaces/share/armor_interfaces/local_setup.sh
-- Up-to-date symlink: /home/eee/ros2/src/armor_detect_ros2-main/install/armor_interfaces/share/armor_interfaces/local_setup.zsh
-- Up-to-date symlink: /home/eee/ros2/src/armor_detect_ros2-main/install/armor_interfaces/share/armor_interfaces/local_setup.dsv
-- Symlinking: /home/eee/ros2/src/armor_detect_ros2-main/install/armor_interfaces/share/armor_interfaces/package.dsv
-- Up-to-date symlink: /home/eee/ros2/src/armor_detect_ros2-main/install/armor_interfaces/share/ament_index/resource_index/packages/armor_interfaces
-- Up-to-date symlink: /home/eee/ros2/src/armor_detect_ros2-main/install/armor_interfaces/share/armor_interfaces/cmake/rosidl_cmake-extras.cmake
-- Up-to-date symlink: /home/eee/ros2/src/armor_detect_ros2-main/install/armor_interfaces/share/armor_interfaces/cmake/ament_cmake_export_dependencies-extras.cmake
-- Up-to-date symlink: /home/eee/ros2/src/armor_detect_ros2-main/install/armor_interfaces/share/armor_interfaces/cmake/ament_cmake_export_include_directories-extras.cmake
-- Up-to-date symlink: /home/eee/ros2/src/armor_detect_ros2-main/install/armor_interfaces/share/armor_interfaces/cmake/ament_cmake_export_libraries-extras.cmake
-- Up-to-date symlink: /home/eee/ros2/src/armor_detect_ros2-main/install/armor_interfaces/share/armor_interfaces/cmake/ament_cmake_export_targets-extras.cmake
-- Up-to-date symlink: /home/eee/ros2/src/armor_detect_ros2-main/install/armor_interfaces/share/armor_interfaces/cmake/rosidl_cmake_export_typesupport_targets-extras.cmake
-- Up-to-date symlink: /home/eee/ros2/src/armor_detect_ros2-main/install/armor_interfaces/share/armor_interfaces/cmake/rosidl_cmake_export_typesupport_libraries-extras.cmake
-- Up-to-date symlink: /home/eee/ros2/src/armor_detect_ros2-main/install/armor_interfaces/share/armor_interfaces/cmake/armor_interfacesConfig.cmake
-- Up-to-date symlink: /home/eee/ros2/src/armor_detect_ros2-main/install/armor_interfaces/share/armor_interfaces/cmake/armor_interfacesConfig-version.cmake
-- Up-to-date symlink: /home/eee/ros2/src/armor_detect_ros2-main/install/armor_interfaces/share/armor_interfaces/package.xml
-- Up-to-date: /home/eee/ros2/src/armor_detect_ros2-main/install/armor_interfaces/lib/libarmor_interfaces__rosidl_generator_c.so
-- Up-to-date: /home/eee/ros2/src/armor_detect_ros2-main/install/armor_interfaces/lib/libarmor_interfaces__rosidl_typesupport_fastrtps_c.so
-- Up-to-date: /home/eee/ros2/src/armor_detect_ros2-main/install/armor_interfaces/lib/libarmor_interfaces__rosidl_typesupport_fastrtps_cpp.so
-- Up-to-date: /home/eee/ros2/src/armor_detect_ros2-main/install/armor_interfaces/lib/libarmor_interfaces__rosidl_typesupport_introspection_c.so
-- Up-to-date: /home/eee/ros2/src/armor_detect_ros2-main/install/armor_interfaces/lib/libarmor_interfaces__rosidl_typesupport_c.so
-- Up-to-date: /home/eee/ros2/src/armor_detect_ros2-main/install/armor_interfaces/lib/libarmor_interfaces__rosidl_typesupport_introspection_cpp.so
-- Up-to-date: /home/eee/ros2/src/armor_detect_ros2-main/install/armor_interfaces/lib/libarmor_interfaces__rosidl_typesupport_cpp.so
Listing '/home/eee/ros2/src/armor_detect_ros2-main/install/armor_interfaces/local/lib/python3.10/dist-packages/armor_interfaces'...
Compiling '/home/eee/ros2/src/armor_detect_ros2-main/install/armor_interfaces/local/lib/python3.10/dist-packages/armor_interfaces/__init__.py'...
Listing '/home/eee/ros2/src/armor_detect_ros2-main/install/armor_interfaces/local/lib/python3.10/dist-packages/armor_interfaces/msg'...
-- Up-to-date: /home/eee/ros2/src/armor_detect_ros2-main/install/armor_interfaces/lib/libarmor_interfaces__rosidl_generator_py.so
-- Up-to-date: /home/eee/ros2/src/armor_detect_ros2-main/install/armor_interfaces/share/armor_interfaces/cmake/export_armor_interfaces__rosidl_generator_cExport.cmake
-- Up-to-date: /home/eee/ros2/src/armor_detect_ros2-main/install/armor_interfaces/share/armor_interfaces/cmake/export_armor_interfaces__rosidl_generator_cExport-release.cmake
-- Up-to-date: /home/eee/ros2/src/armor_detect_ros2-main/install/armor_interfaces/share/armor_interfaces/cmake/export_armor_interfaces__rosidl_typesupport_fastrtps_cExport.cmake
-- Up-to-date: /home/eee/ros2/src/armor_detect_ros2-main/install/armor_interfaces/share/armor_interfaces/cmake/export_armor_interfaces__rosidl_typesupport_fastrtps_cExport-release.cmake
-- Up-to-date: /home/eee/ros2/src/armor_detect_ros2-main/install/armor_interfaces/share/armor_interfaces/cmake/export_armor_interfaces__rosidl_generator_cppExport.cmake
-- Up-to-date: /home/eee/ros2/src/armor_detect_ros2-main/install/armor_interfaces/share/armor_interfaces/cmake/export_armor_interfaces__rosidl_typesupport_fastrtps_cppExport.cmake
-- Up-to-date: /home/eee/ros2/src/armor_detect_ros2-main/install/armor_interfaces/share/armor_interfaces/cmake/export_armor_interfaces__rosidl_typesupport_fastrtps_cppExport-release.cmake
-- Up-to-date: /home/eee/ros2/src/armor_detect_ros2-main/install/armor_interfaces/share/armor_interfaces/cmake/armor_interfaces__rosidl_typesupport_introspection_cExport.cmake
-- Up-to-date: /home/eee/ros2/src/armor_detect_ros2-main/install/armor_interfaces/share/armor_interfaces/cmake/armor_interfaces__rosidl_typesupport_introspection_cExport-release.cmake
-- Up-to-date: /home/eee/ros2/src/armor_detect_ros2-main/install/armor_interfaces/share/armor_interfaces/cmake/armor_interfaces__rosidl_typesupport_cExport.cmake
-- Up-to-date: /home/eee/ros2/src/armor_detect_ros2-main/install/armor_interfaces/share/armor_interfaces/cmake/armor_interfaces__rosidl_typesupport_cExport-release.cmake
-- Up-to-date: /home/eee/ros2/src/armor_detect_ros2-main/install/armor_interfaces/share/armor_interfaces/cmake/armor_interfaces__rosidl_typesupport_introspection_cppExport.cmake
-- Up-to-date: /home/eee/ros2/src/armor_detect_ros2-main/install/armor_interfaces/share/armor_interfaces/cmake/armor_interfaces__rosidl_typesupport_introspection_cppExport-release.cmake
-- Up-to-date: /home/eee/ros2/src/armor_detect_ros2-main/install/armor_interfaces/share/armor_interfaces/cmake/armor_interfaces__rosidl_typesupport_cppExport.cmake
-- Up-to-date: /home/eee/ros2/src/armor_detect_ros2-main/install/armor_interfaces/share/armor_interfaces/cmake/armor_interfaces__rosidl_typesupport_cppExport-release.cmake
-- Up-to-date: /home/eee/ros2/src/armor_detect_ros2-main/install/armor_interfaces/share/armor_interfaces/cmake/export_armor_interfaces__rosidl_generator_pyExport.cmake
-- Up-to-date: /home/eee/ros2/src/armor_detect_ros2-main/install/armor_interfaces/share/armor_interfaces/cmake/export_armor_interfaces__rosidl_generator_pyExport-release.cmake
