[0.010s] Invoking command in '/home/eee/ros2/src/armor_detect_ros2-main/build/armor_tracker_node': AMENT_PREFIX_PATH=/home/eee/ros2/src/armor_detect_ros2-main/install/armor_interfaces:${AMENT_PREFIX_PATH} CMAKE_PREFIX_PATH=/home/eee/ros2/src/armor_detect_ros2-main/install/armor_interfaces:/opt/ros/humble LD_LIBRARY_PATH=/home/eee/ros2/src/armor_detect_ros2-main/install/armor_interfaces/lib:${LD_LIBRARY_PATH} PYTHONPATH=/home/eee/ros2/src/armor_detect_ros2-main/install/armor_interfaces/local/lib/python3.10/dist-packages:${PYTHONPATH} /usr/bin/cmake --build /home/eee/ros2/src/armor_detect_ros2-main/build/armor_tracker_node -- -j20 -l20
[0.055s] Consolidate compiler generated dependencies of target armor_tracker_node
[0.070s] [  8%] Building CXX object CMakeFiles/armor_tracker_node.dir/src/ArmorTracker.cpp.o
[2.801s] In file included from /home/eee/ros2/src/armor_detect_ros2-main/src/armor_tracker/include/ArmorTracker.hpp:31,
[2.801s]                  from /home/eee/ros2/src/armor_detect_ros2-main/src/armor_tracker/src/ArmorTracker.cpp:518:
[2.801s] /opt/ros/humble/include/image_transport/image_transport/image_transport.h:32:89: note: ‘#pragma message: Warning: This header is deprecated. Use 'image_transport.hpp' instead’
[2.801s]    32 | #pragma message ("Warning: This header is deprecated. Use 'image_transport.hpp' instead")
[2.801s]       |                                                                                         ^
[2.973s] /home/eee/ros2/src/armor_detect_ros2-main/src/armor_tracker/src/ArmorTracker.cpp: In member function ‘void ArmorTracker::initialize()’:
[2.973s] /home/eee/ros2/src/armor_detect_ros2-main/src/armor_tracker/src/ArmorTracker.cpp:535:94: error: no matching function for call to ‘image_transport::ImageTransport::ImageTransport(std::shared_ptr<rclcpp::Node>, const char [4], const rmw_qos_profile_t&)’
[2.973s]   535 |     image_transport::ImageTransport it(shared_from_this(), "raw", rmw_qos_profile_sensor_data);
[2.973s]       |                                                                                              ^
[2.973s] In file included from /opt/ros/humble/include/image_transport/image_transport/image_transport.h:34,
[2.973s]                  from /home/eee/ros2/src/armor_detect_ros2-main/src/armor_tracker/include/ArmorTracker.hpp:31,
[2.973s]                  from /home/eee/ros2/src/armor_detect_ros2-main/src/armor_tracker/src/ArmorTracker.cpp:518:
[2.973s] /opt/ros/humble/include/image_transport/image_transport/image_transport.hpp:111:12: note: candidate: ‘image_transport::ImageTransport::ImageTransport(rclcpp::Node::SharedPtr)’
[2.973s]   111 |   explicit ImageTransport(rclcpp::Node::SharedPtr node);
[2.973s]       |            ^~~~~~~~~~~~~~
[2.973s] /opt/ros/humble/include/image_transport/image_transport/image_transport.hpp:111:12: note:   candidate expects 1 argument, 3 provided
[2.991s] /home/eee/ros2/src/armor_detect_ros2-main/src/armor_tracker/src/ArmorTracker.cpp: In member function ‘void ArmorTracker::run()’:
[2.991s] /home/eee/ros2/src/armor_detect_ros2-main/src/armor_tracker/src/ArmorTracker.cpp:661:27: warning: comparison of integer expressions of different signedness: ‘int’ and ‘std::vector<std::vector<cv::Point_<int> > >::size_type’ {aka ‘long unsigned int’} [-Wsign-compare]
[2.991s]   661 |         for (int i = 0; i < contours.size(); i++)
[2.991s]       |                         ~~^~~~~~~~~~~~~~~~~
[2.992s] /home/eee/ros2/src/armor_detect_ros2-main/src/armor_tracker/src/ArmorTracker.cpp:695:27: warning: comparison of integer expressions of different signedness: ‘int’ and ‘std::vector<LightBar>::size_type’ {aka ‘long unsigned int’} [-Wsign-compare]
[2.992s]   695 |         for (int i = 0; i < this->LightBarVector.size(); i++)
[2.992s]       |                         ~~^~~~~~~~~~~~~~~~~~~~~~~~~~~~~
[2.992s] /home/eee/ros2/src/armor_detect_ros2-main/src/armor_tracker/src/ArmorTracker.cpp:697:35: warning: comparison of integer expressions of different signedness: ‘int’ and ‘std::vector<LightBar>::size_type’ {aka ‘long unsigned int’} [-Wsign-compare]
[2.992s]   697 |             for (int j = i + 1; j < this->LightBarVector.size(); j++)
[2.992s]       |                                 ~~^~~~~~~~~~~~~~~~~~~~~~~~~~~~~
[2.995s] /home/eee/ros2/src/armor_detect_ros2-main/src/armor_tracker/src/ArmorTracker.cpp:640:16: warning: unused variable ‘delta_time’ [-Wunused-variable]
[2.995s]   640 |         double delta_time = 1.0 / fps;
[2.995s]       |                ^~~~~~~~~~
[2.995s] /home/eee/ros2/src/armor_detect_ros2-main/src/armor_tracker/src/ArmorTracker.cpp:606:9: warning: unused variable ‘frame_width’ [-Wunused-variable]
[2.995s]   606 |     int frame_width = 0, frame_height = 0;
[2.995s]       |         ^~~~~~~~~~~
[2.995s] /home/eee/ros2/src/armor_detect_ros2-main/src/armor_tracker/src/ArmorTracker.cpp:606:26: warning: unused variable ‘frame_height’ [-Wunused-variable]
[2.995s]   606 |     int frame_width = 0, frame_height = 0;
[2.995s]       |                          ^~~~~~~~~~~~
[2.995s] /home/eee/ros2/src/armor_detect_ros2-main/src/armor_tracker/src/ArmorTracker.cpp:607:23: warning: unused variable ‘current_time_ms’ [-Wunused-variable]
[2.995s]   607 |     double fps = 0.0, current_time_ms = 0.0;
[2.996s]       |                       ^~~~~~~~~~~~~~~
[3.003s] /home/eee/ros2/src/armor_detect_ros2-main/src/armor_tracker/src/ArmorTracker.cpp: In member function ‘void ArmorTracker::cameraCallback(const ConstSharedPtr&, const ConstSharedPtr&)’:
[3.003s] /home/eee/ros2/src/armor_detect_ros2-main/src/armor_tracker/src/ArmorTracker.cpp:1027:88: warning: unused parameter ‘camera_info’ [-Wunused-parameter]
[3.003s]  1027 |                                    const sensor_msgs::msg::CameraInfo::ConstSharedPtr& camera_info)
[3.003s]       |                                    ~~~~~~~~~~~~~~~~~~~~~~~~~~~~~~~~~~~~~~~~~~~~~~~~~~~~^~~~~~~~~~~
[6.256s] gmake[2]: *** [CMakeFiles/armor_tracker_node.dir/build.make:188：CMakeFiles/armor_tracker_node.dir/src/ArmorTracker.cpp.o] 错误 1
[6.256s] gmake[1]: *** [CMakeFiles/Makefile2:137：CMakeFiles/armor_tracker_node.dir/all] 错误 2
[6.256s] gmake: *** [Makefile:146：all] 错误 2
[6.258s] Invoked command in '/home/eee/ros2/src/armor_detect_ros2-main/build/armor_tracker_node' returned '2': AMENT_PREFIX_PATH=/home/eee/ros2/src/armor_detect_ros2-main/install/armor_interfaces:${AMENT_PREFIX_PATH} CMAKE_PREFIX_PATH=/home/eee/ros2/src/armor_detect_ros2-main/install/armor_interfaces:/opt/ros/humble LD_LIBRARY_PATH=/home/eee/ros2/src/armor_detect_ros2-main/install/armor_interfaces/lib:${LD_LIBRARY_PATH} PYTHONPATH=/home/eee/ros2/src/armor_detect_ros2-main/install/armor_interfaces/local/lib/python3.10/dist-packages:${PYTHONPATH} /usr/bin/cmake --build /home/eee/ros2/src/armor_detect_ros2-main/build/armor_tracker_node -- -j20 -l20
