[0.033s] Invoking command in '/home/eee/ros2/src/armor_detect_ros2-main/build/rm_serial_driver': AMENT_PREFIX_PATH=/home/eee/ros2/src/armor_detect_ros2-main/install/armor_interfaces:${AMENT_PREFIX_PATH} CMAKE_PREFIX_PATH=/home/eee/ros2/src/armor_detect_ros2-main/install/armor_interfaces:/opt/ros/humble LD_LIBRARY_PATH=/home/eee/ros2/src/armor_detect_ros2-main/install/armor_interfaces/lib:${LD_LIBRARY_PATH} PYTHONPATH=/home/eee/ros2/src/armor_detect_ros2-main/install/armor_interfaces/local/lib/python3.10/dist-packages:${PYTHONPATH} /usr/bin/cmake --build /home/eee/ros2/src/armor_detect_ros2-main/build/rm_serial_driver -- -j20 -l20
[0.156s] [ 22%] Built target rm_serial_driver_node
[0.179s] [ 55%] Built target rm_serial_driver
[0.249s] [100%] Built target rm_serial_node
[0.276s] Invoked command in '/home/eee/ros2/src/armor_detect_ros2-main/build/rm_serial_driver' returned '0': AMENT_PREFIX_PATH=/home/eee/ros2/src/armor_detect_ros2-main/install/armor_interfaces:${AMENT_PREFIX_PATH} CMAKE_PREFIX_PATH=/home/eee/ros2/src/armor_detect_ros2-main/install/armor_interfaces:/opt/ros/humble LD_LIBRARY_PATH=/home/eee/ros2/src/armor_detect_ros2-main/install/armor_interfaces/lib:${LD_LIBRARY_PATH} PYTHONPATH=/home/eee/ros2/src/armor_detect_ros2-main/install/armor_interfaces/local/lib/python3.10/dist-packages:${PYTHONPATH} /usr/bin/cmake --build /home/eee/ros2/src/armor_detect_ros2-main/build/rm_serial_driver -- -j20 -l20
[0.280s] Invoking command in '/home/eee/ros2/src/armor_detect_ros2-main/build/rm_serial_driver': AMENT_PREFIX_PATH=/home/eee/ros2/src/armor_detect_ros2-main/install/armor_interfaces:${AMENT_PREFIX_PATH} CMAKE_PREFIX_PATH=/home/eee/ros2/src/armor_detect_ros2-main/install/armor_interfaces:/opt/ros/humble LD_LIBRARY_PATH=/home/eee/ros2/src/armor_detect_ros2-main/install/armor_interfaces/lib:${LD_LIBRARY_PATH} PYTHONPATH=/home/eee/ros2/src/armor_detect_ros2-main/install/armor_interfaces/local/lib/python3.10/dist-packages:${PYTHONPATH} /usr/bin/cmake --install /home/eee/ros2/src/armor_detect_ros2-main/build/rm_serial_driver
[0.295s] -- Install configuration: ""
[0.295s] -- Up-to-date: /home/eee/ros2/src/armor_detect_ros2-main/install/rm_serial_driver/lib/rm_serial_driver/rm_serial_driver_node
[0.295s] -- Up-to-date: /home/eee/ros2/src/armor_detect_ros2-main/install/rm_serial_driver/include
[0.295s] -- Up-to-date: /home/eee/ros2/src/armor_detect_ros2-main/install/rm_serial_driver/include/rm_serial_driver
[0.296s] -- Up-to-date: /home/eee/ros2/src/armor_detect_ros2-main/install/rm_serial_driver/include/rm_serial_driver/crc.hpp
[0.296s] -- Up-to-date: /home/eee/ros2/src/armor_detect_ros2-main/install/rm_serial_driver/include/rm_serial_driver/packet.hpp
[0.296s] -- Up-to-date: /home/eee/ros2/src/armor_detect_ros2-main/install/rm_serial_driver/include/rm_serial_driver/rm_serial_driver.hpp
[0.296s] -- Up-to-date: /home/eee/ros2/src/armor_detect_ros2-main/install/rm_serial_driver/share/rm_serial_driver/environment/library_path.sh
[0.296s] -- Up-to-date: /home/eee/ros2/src/armor_detect_ros2-main/install/rm_serial_driver/share/rm_serial_driver/environment/library_path.dsv
[0.296s] -- Up-to-date: /home/eee/ros2/src/armor_detect_ros2-main/install/rm_serial_driver/lib/librm_serial_driver.so
[0.296s] -- Up-to-date: /home/eee/ros2/src/armor_detect_ros2-main/install/rm_serial_driver/share/rm_serial_driver/config
[0.296s] -- Up-to-date: /home/eee/ros2/src/armor_detect_ros2-main/install/rm_serial_driver/share/rm_serial_driver/config/serial_driver.yaml
[0.297s] -- Up-to-date: /home/eee/ros2/src/armor_detect_ros2-main/install/rm_serial_driver/share/rm_serial_driver/launch
[0.297s] -- Up-to-date: /home/eee/ros2/src/armor_detect_ros2-main/install/rm_serial_driver/share/rm_serial_driver/launch/serial_driver.launch.py
[0.297s] -- Up-to-date: /home/eee/ros2/src/armor_detect_ros2-main/install/rm_serial_driver/share/ament_index/resource_index/package_run_dependencies/rm_serial_driver
[0.297s] -- Up-to-date: /home/eee/ros2/src/armor_detect_ros2-main/install/rm_serial_driver/share/ament_index/resource_index/parent_prefix_path/rm_serial_driver
[0.297s] -- Up-to-date: /home/eee/ros2/src/armor_detect_ros2-main/install/rm_serial_driver/share/rm_serial_driver/environment/ament_prefix_path.sh
[0.297s] -- Up-to-date: /home/eee/ros2/src/armor_detect_ros2-main/install/rm_serial_driver/share/rm_serial_driver/environment/ament_prefix_path.dsv
[0.298s] -- Up-to-date: /home/eee/ros2/src/armor_detect_ros2-main/install/rm_serial_driver/share/rm_serial_driver/environment/path.sh
[0.298s] -- Up-to-date: /home/eee/ros2/src/armor_detect_ros2-main/install/rm_serial_driver/share/rm_serial_driver/environment/path.dsv
[0.298s] -- Up-to-date: /home/eee/ros2/src/armor_detect_ros2-main/install/rm_serial_driver/share/rm_serial_driver/local_setup.bash
[0.298s] -- Up-to-date: /home/eee/ros2/src/armor_detect_ros2-main/install/rm_serial_driver/share/rm_serial_driver/local_setup.sh
[0.299s] -- Up-to-date: /home/eee/ros2/src/armor_detect_ros2-main/install/rm_serial_driver/share/rm_serial_driver/local_setup.zsh
[0.299s] -- Up-to-date: /home/eee/ros2/src/armor_detect_ros2-main/install/rm_serial_driver/share/rm_serial_driver/local_setup.dsv
[0.299s] -- Installing: /home/eee/ros2/src/armor_detect_ros2-main/install/rm_serial_driver/share/rm_serial_driver/package.dsv
[0.299s] -- Up-to-date: /home/eee/ros2/src/armor_detect_ros2-main/install/rm_serial_driver/share/ament_index/resource_index/packages/rm_serial_driver
[0.300s] -- Up-to-date: /home/eee/ros2/src/armor_detect_ros2-main/install/rm_serial_driver/share/ament_index/resource_index/rclcpp_components/rm_serial_driver
[0.300s] -- Up-to-date: /home/eee/ros2/src/armor_detect_ros2-main/install/rm_serial_driver/share/rm_serial_driver/cmake/ament_cmake_export_dependencies-extras.cmake
[0.300s] -- Up-to-date: /home/eee/ros2/src/armor_detect_ros2-main/install/rm_serial_driver/share/rm_serial_driver/cmake/ament_cmake_export_include_directories-extras.cmake
[0.301s] -- Up-to-date: /home/eee/ros2/src/armor_detect_ros2-main/install/rm_serial_driver/share/rm_serial_driver/cmake/ament_cmake_export_libraries-extras.cmake
[0.301s] -- Up-to-date: /home/eee/ros2/src/armor_detect_ros2-main/install/rm_serial_driver/share/rm_serial_driver/cmake/rm_serial_driverConfig.cmake
[0.303s] -- Up-to-date: /home/eee/ros2/src/armor_detect_ros2-main/install/rm_serial_driver/share/rm_serial_driver/cmake/rm_serial_driverConfig-version.cmake
[0.303s] -- Up-to-date: /home/eee/ros2/src/armor_detect_ros2-main/install/rm_serial_driver/share/rm_serial_driver/package.xml
[0.303s] Invoked command in '/home/eee/ros2/src/armor_detect_ros2-main/build/rm_serial_driver' returned '0': AMENT_PREFIX_PATH=/home/eee/ros2/src/armor_detect_ros2-main/install/armor_interfaces:${AMENT_PREFIX_PATH} CMAKE_PREFIX_PATH=/home/eee/ros2/src/armor_detect_ros2-main/install/armor_interfaces:/opt/ros/humble LD_LIBRARY_PATH=/home/eee/ros2/src/armor_detect_ros2-main/install/armor_interfaces/lib:${LD_LIBRARY_PATH} PYTHONPATH=/home/eee/ros2/src/armor_detect_ros2-main/install/armor_interfaces/local/lib/python3.10/dist-packages:${PYTHONPATH} /usr/bin/cmake --install /home/eee/ros2/src/armor_detect_ros2-main/build/rm_serial_driver
