[0.026s] Invoking command in '/home/eee/ros2/src/armor_detect_ros2-main/build/rm_serial_driver': CMAKE_PREFIX_PATH=/home/eee/ros2/src/armor_detect_ros2-main/install/armor_interfaces:/home/eee/ros2/src/armor_detect_ros2-main/install/rm_serial_driver:/home/eee/ros2/src/armor_detect_ros2-main/install/armor_tracker_node:/home/eee/ros2/src/armor_detect_ros2-main/install/armor_drawer:/opt/ros/humble LD_LIBRARY_PATH=/home/eee/ros2/src/armor_detect_ros2-main/install/armor_interfaces/lib:/home/eee/ros2/src/armor_detect_ros2-main/install/rm_serial_driver/lib:/opt/ros/humble/opt/rviz_ogre_vendor/lib:/opt/ros/humble/lib/x86_64-linux-gnu:/opt/ros/humble/lib /usr/bin/cmake --build /home/eee/ros2/src/armor_detect_ros2-main/build/rm_serial_driver -- -j20 -l20
[0.107s] [35m[1mConsolidate compiler generated dependencies of target rm_serial_driver[0m
[0.121s] [ 22%] Built target rm_serial_driver_node
[0.143s] [ 33%] [32mBuilding CXX object CMakeFiles/rm_serial_driver.dir/src/rm_serial_driver.cpp.o[0m
[11.769s] [ 44%] [32m[1mLinking CXX shared library librm_serial_driver.so[0m
[12.592s] [ 55%] Built target rm_serial_driver
[12.653s] [ 66%] [32mBuilding CXX object CMakeFiles/rm_serial_node.dir/src/rm_serial_driver.cpp.o[0m
[12.654s] [ 77%] [32mBuilding CXX object CMakeFiles/rm_serial_node.dir/src/main.cpp.o[0m
[23.133s] [ 88%] [32m[1mLinking CXX executable rm_serial_node[0m
[23.949s] [100%] Built target rm_serial_node
[23.971s] Invoked command in '/home/eee/ros2/src/armor_detect_ros2-main/build/rm_serial_driver' returned '0': CMAKE_PREFIX_PATH=/home/eee/ros2/src/armor_detect_ros2-main/install/armor_interfaces:/home/eee/ros2/src/armor_detect_ros2-main/install/rm_serial_driver:/home/eee/ros2/src/armor_detect_ros2-main/install/armor_tracker_node:/home/eee/ros2/src/armor_detect_ros2-main/install/armor_drawer:/opt/ros/humble LD_LIBRARY_PATH=/home/eee/ros2/src/armor_detect_ros2-main/install/armor_interfaces/lib:/home/eee/ros2/src/armor_detect_ros2-main/install/rm_serial_driver/lib:/opt/ros/humble/opt/rviz_ogre_vendor/lib:/opt/ros/humble/lib/x86_64-linux-gnu:/opt/ros/humble/lib /usr/bin/cmake --build /home/eee/ros2/src/armor_detect_ros2-main/build/rm_serial_driver -- -j20 -l20
[23.976s] Invoking command in '/home/eee/ros2/src/armor_detect_ros2-main/build/rm_serial_driver': CMAKE_PREFIX_PATH=/home/eee/ros2/src/armor_detect_ros2-main/install/armor_interfaces:/home/eee/ros2/src/armor_detect_ros2-main/install/rm_serial_driver:/home/eee/ros2/src/armor_detect_ros2-main/install/armor_tracker_node:/home/eee/ros2/src/armor_detect_ros2-main/install/armor_drawer:/opt/ros/humble LD_LIBRARY_PATH=/home/eee/ros2/src/armor_detect_ros2-main/install/armor_interfaces/lib:/home/eee/ros2/src/armor_detect_ros2-main/install/rm_serial_driver/lib:/opt/ros/humble/opt/rviz_ogre_vendor/lib:/opt/ros/humble/lib/x86_64-linux-gnu:/opt/ros/humble/lib /usr/bin/cmake --install /home/eee/ros2/src/armor_detect_ros2-main/build/rm_serial_driver
[23.987s] -- Install configuration: ""
[23.988s] -- Up-to-date: /home/eee/ros2/src/armor_detect_ros2-main/install/rm_serial_driver/lib/rm_serial_driver/rm_serial_driver_node
[23.988s] -- Up-to-date: /home/eee/ros2/src/armor_detect_ros2-main/install/rm_serial_driver/include
[23.988s] -- Up-to-date: /home/eee/ros2/src/armor_detect_ros2-main/install/rm_serial_driver/include/rm_serial_driver
[23.988s] -- Up-to-date: /home/eee/ros2/src/armor_detect_ros2-main/install/rm_serial_driver/include/rm_serial_driver/crc.hpp
[23.988s] -- Up-to-date: /home/eee/ros2/src/armor_detect_ros2-main/install/rm_serial_driver/include/rm_serial_driver/packet.hpp
[23.988s] -- Up-to-date: /home/eee/ros2/src/armor_detect_ros2-main/install/rm_serial_driver/include/rm_serial_driver/rm_serial_driver.hpp
[23.988s] -- Up-to-date: /home/eee/ros2/src/armor_detect_ros2-main/install/rm_serial_driver/share/rm_serial_driver/environment/library_path.sh
[23.988s] -- Up-to-date: /home/eee/ros2/src/armor_detect_ros2-main/install/rm_serial_driver/share/rm_serial_driver/environment/library_path.dsv
[23.988s] -- Installing: /home/eee/ros2/src/armor_detect_ros2-main/install/rm_serial_driver/lib/librm_serial_driver.so
[23.998s] -- Set runtime path of "/home/eee/ros2/src/armor_detect_ros2-main/install/rm_serial_driver/lib/librm_serial_driver.so" to ""
[23.998s] -- Up-to-date: /home/eee/ros2/src/armor_detect_ros2-main/install/rm_serial_driver/share/rm_serial_driver/config
[23.998s] -- Up-to-date: /home/eee/ros2/src/armor_detect_ros2-main/install/rm_serial_driver/share/rm_serial_driver/config/serial_driver.yaml
[23.998s] -- Up-to-date: /home/eee/ros2/src/armor_detect_ros2-main/install/rm_serial_driver/share/rm_serial_driver/launch
[23.998s] -- Up-to-date: /home/eee/ros2/src/armor_detect_ros2-main/install/rm_serial_driver/share/rm_serial_driver/launch/serial_driver.launch.py
[23.998s] -- Up-to-date: /home/eee/ros2/src/armor_detect_ros2-main/install/rm_serial_driver/share/ament_index/resource_index/package_run_dependencies/rm_serial_driver
[23.998s] -- Up-to-date: /home/eee/ros2/src/armor_detect_ros2-main/install/rm_serial_driver/share/ament_index/resource_index/parent_prefix_path/rm_serial_driver
[23.998s] -- Up-to-date: /home/eee/ros2/src/armor_detect_ros2-main/install/rm_serial_driver/share/rm_serial_driver/environment/ament_prefix_path.sh
[23.999s] -- Up-to-date: /home/eee/ros2/src/armor_detect_ros2-main/install/rm_serial_driver/share/rm_serial_driver/environment/ament_prefix_path.dsv
[23.999s] -- Up-to-date: /home/eee/ros2/src/armor_detect_ros2-main/install/rm_serial_driver/share/rm_serial_driver/environment/path.sh
[23.999s] -- Up-to-date: /home/eee/ros2/src/armor_detect_ros2-main/install/rm_serial_driver/share/rm_serial_driver/environment/path.dsv
[23.999s] -- Up-to-date: /home/eee/ros2/src/armor_detect_ros2-main/install/rm_serial_driver/share/rm_serial_driver/local_setup.bash
[23.999s] -- Up-to-date: /home/eee/ros2/src/armor_detect_ros2-main/install/rm_serial_driver/share/rm_serial_driver/local_setup.sh
[23.999s] -- Up-to-date: /home/eee/ros2/src/armor_detect_ros2-main/install/rm_serial_driver/share/rm_serial_driver/local_setup.zsh
[23.999s] -- Up-to-date: /home/eee/ros2/src/armor_detect_ros2-main/install/rm_serial_driver/share/rm_serial_driver/local_setup.dsv
[23.999s] -- Installing: /home/eee/ros2/src/armor_detect_ros2-main/install/rm_serial_driver/share/rm_serial_driver/package.dsv
[24.000s] -- Up-to-date: /home/eee/ros2/src/armor_detect_ros2-main/install/rm_serial_driver/share/ament_index/resource_index/packages/rm_serial_driver
[24.000s] -- Up-to-date: /home/eee/ros2/src/armor_detect_ros2-main/install/rm_serial_driver/share/ament_index/resource_index/rclcpp_components/rm_serial_driver
[24.000s] -- Up-to-date: /home/eee/ros2/src/armor_detect_ros2-main/install/rm_serial_driver/share/rm_serial_driver/cmake/ament_cmake_export_dependencies-extras.cmake
[24.000s] -- Up-to-date: /home/eee/ros2/src/armor_detect_ros2-main/install/rm_serial_driver/share/rm_serial_driver/cmake/ament_cmake_export_include_directories-extras.cmake
[24.000s] -- Up-to-date: /home/eee/ros2/src/armor_detect_ros2-main/install/rm_serial_driver/share/rm_serial_driver/cmake/ament_cmake_export_libraries-extras.cmake
[24.000s] -- Up-to-date: /home/eee/ros2/src/armor_detect_ros2-main/install/rm_serial_driver/share/rm_serial_driver/cmake/rm_serial_driverConfig.cmake
[24.001s] -- Up-to-date: /home/eee/ros2/src/armor_detect_ros2-main/install/rm_serial_driver/share/rm_serial_driver/cmake/rm_serial_driverConfig-version.cmake
[24.001s] -- Up-to-date: /home/eee/ros2/src/armor_detect_ros2-main/install/rm_serial_driver/share/rm_serial_driver/package.xml
[24.003s] Invoked command in '/home/eee/ros2/src/armor_detect_ros2-main/build/rm_serial_driver' returned '0': CMAKE_PREFIX_PATH=/home/eee/ros2/src/armor_detect_ros2-main/install/armor_interfaces:/home/eee/ros2/src/armor_detect_ros2-main/install/rm_serial_driver:/home/eee/ros2/src/armor_detect_ros2-main/install/armor_tracker_node:/home/eee/ros2/src/armor_detect_ros2-main/install/armor_drawer:/opt/ros/humble LD_LIBRARY_PATH=/home/eee/ros2/src/armor_detect_ros2-main/install/armor_interfaces/lib:/home/eee/ros2/src/armor_detect_ros2-main/install/rm_serial_driver/lib:/opt/ros/humble/opt/rviz_ogre_vendor/lib:/opt/ros/humble/lib/x86_64-linux-gnu:/opt/ros/humble/lib /usr/bin/cmake --install /home/eee/ros2/src/armor_detect_ros2-main/build/rm_serial_driver
