[0.062s] DEBUG:colcon:Command line arguments: ['/usr/bin/colcon', 'build']
[0.062s] DEBUG:colcon:Parsed command line arguments: Namespace(log_base=None, log_level=None, verb_name='build', build_base='build', install_base='install', merge_install=False, symlink_install=False, test_result_base=None, continue_on_error=False, executor='parallel', parallel_workers=20, event_handlers=None, ignore_user_meta=False, metas=['./colcon.meta'], base_paths=['.'], packages_ignore=None, packages_ignore_regex=None, paths=None, packages_up_to=None, packages_up_to_regex=None, packages_above=None, packages_above_and_dependencies=None, packages_above_depth=None, packages_select_by_dep=None, packages_skip_by_dep=None, packages_skip_up_to=None, packages_select_build_failed=False, packages_skip_build_finished=False, packages_select_test_failures=False, packages_skip_test_passed=False, packages_select=None, packages_skip=None, packages_select_regex=None, packages_skip_regex=None, packages_start=None, packages_end=None, allow_overriding=[], cmake_args=None, cmake_target=None, cmake_target_skip_unavailable=False, cmake_clean_cache=False, cmake_clean_first=False, cmake_force_configure=False, ament_cmake_args=None, catkin_cmake_args=None, catkin_skip_building_tests=False, verb_parser=<colcon_defaults.argument_parser.defaults.DefaultArgumentsDecorator object at 0x77895e3f03a0>, verb_extension=<colcon_core.verb.build.BuildVerb object at 0x77895e3c3f10>, main=<bound method BuildVerb.main of <colcon_core.verb.build.BuildVerb object at 0x77895e3c3f10>>)
[0.156s] Level 1:colcon.colcon_core.package_discovery:discover_packages(colcon_meta) check parameters
[0.156s] Level 1:colcon.colcon_core.package_discovery:discover_packages(recursive) check parameters
[0.156s] Level 1:colcon.colcon_core.package_discovery:discover_packages(ignore) check parameters
[0.156s] Level 1:colcon.colcon_core.package_discovery:discover_packages(path) check parameters
[0.156s] Level 1:colcon.colcon_core.package_discovery:discover_packages(colcon_meta) discover
[0.156s] Level 1:colcon.colcon_core.package_discovery:discover_packages(recursive) discover
[0.156s] INFO:colcon.colcon_core.package_discovery:Crawling recursively for packages in '/home/eee/ros2/src/armor_detect_ros2-main'
[0.156s] Level 1:colcon.colcon_core.package_identification:_identify(.) by extensions ['ignore', 'ignore_ament_install']
[0.156s] Level 1:colcon.colcon_core.package_identification:_identify(.) by extension 'ignore'
[0.156s] Level 1:colcon.colcon_core.package_identification:_identify(.) by extension 'ignore_ament_install'
[0.156s] Level 1:colcon.colcon_core.package_identification:_identify(.) by extensions ['colcon_pkg']
[0.156s] Level 1:colcon.colcon_core.package_identification:_identify(.) by extension 'colcon_pkg'
[0.156s] Level 1:colcon.colcon_core.package_identification:_identify(.) by extensions ['colcon_meta']
[0.156s] Level 1:colcon.colcon_core.package_identification:_identify(.) by extension 'colcon_meta'
[0.156s] Level 1:colcon.colcon_core.package_identification:_identify(.) by extensions ['ros']
[0.156s] Level 1:colcon.colcon_core.package_identification:_identify(.) by extension 'ros'
[0.163s] Level 1:colcon.colcon_core.package_identification:_identify(.) by extensions ['cmake', 'python']
[0.163s] Level 1:colcon.colcon_core.package_identification:_identify(.) by extension 'cmake'
[0.163s] Level 1:colcon.colcon_core.package_identification:_identify(.) by extension 'python'
[0.163s] Level 1:colcon.colcon_core.package_identification:_identify(.) by extensions ['python_setup_py']
[0.163s] Level 1:colcon.colcon_core.package_identification:_identify(.) by extension 'python_setup_py'
[0.164s] Level 1:colcon.colcon_core.package_identification:_identify(Camera) by extensions ['ignore', 'ignore_ament_install']
[0.164s] Level 1:colcon.colcon_core.package_identification:_identify(Camera) by extension 'ignore'
[0.164s] Level 1:colcon.colcon_core.package_identification:_identify(Camera) by extension 'ignore_ament_install'
[0.164s] Level 1:colcon.colcon_core.package_identification:_identify(Camera) by extensions ['colcon_pkg']
[0.164s] Level 1:colcon.colcon_core.package_identification:_identify(Camera) by extension 'colcon_pkg'
[0.164s] Level 1:colcon.colcon_core.package_identification:_identify(Camera) by extensions ['colcon_meta']
[0.164s] Level 1:colcon.colcon_core.package_identification:_identify(Camera) by extension 'colcon_meta'
[0.164s] Level 1:colcon.colcon_core.package_identification:_identify(Camera) by extensions ['ros']
[0.164s] Level 1:colcon.colcon_core.package_identification:_identify(Camera) by extension 'ros'
[0.164s] Level 1:colcon.colcon_core.package_identification:_identify(Camera) by extensions ['cmake', 'python']
[0.164s] Level 1:colcon.colcon_core.package_identification:_identify(Camera) by extension 'cmake'
[0.164s] Level 1:colcon.colcon_core.package_identification:_identify(Camera) by extension 'python'
[0.164s] Level 1:colcon.colcon_core.package_identification:_identify(Camera) by extensions ['python_setup_py']
[0.164s] Level 1:colcon.colcon_core.package_identification:_identify(Camera) by extension 'python_setup_py'
[0.164s] Level 1:colcon.colcon_core.package_identification:_identify(Camera/Data) by extensions ['ignore', 'ignore_ament_install']
[0.164s] Level 1:colcon.colcon_core.package_identification:_identify(Camera/Data) by extension 'ignore'
[0.164s] Level 1:colcon.colcon_core.package_identification:_identify(Camera/Data) by extension 'ignore_ament_install'
[0.164s] Level 1:colcon.colcon_core.package_identification:_identify(Camera/Data) by extensions ['colcon_pkg']
[0.164s] Level 1:colcon.colcon_core.package_identification:_identify(Camera/Data) by extension 'colcon_pkg'
[0.164s] Level 1:colcon.colcon_core.package_identification:_identify(Camera/Data) by extensions ['colcon_meta']
[0.164s] Level 1:colcon.colcon_core.package_identification:_identify(Camera/Data) by extension 'colcon_meta'
[0.164s] Level 1:colcon.colcon_core.package_identification:_identify(Camera/Data) by extensions ['ros']
[0.164s] Level 1:colcon.colcon_core.package_identification:_identify(Camera/Data) by extension 'ros'
[0.164s] Level 1:colcon.colcon_core.package_identification:_identify(Camera/Data) by extensions ['cmake', 'python']
[0.164s] Level 1:colcon.colcon_core.package_identification:_identify(Camera/Data) by extension 'cmake'
[0.164s] Level 1:colcon.colcon_core.package_identification:_identify(Camera/Data) by extension 'python'
[0.164s] Level 1:colcon.colcon_core.package_identification:_identify(Camera/Data) by extensions ['python_setup_py']
[0.164s] Level 1:colcon.colcon_core.package_identification:_identify(Camera/Data) by extension 'python_setup_py'
[0.164s] Level 1:colcon.colcon_core.package_identification:_identify(Camera/log) by extensions ['ignore', 'ignore_ament_install']
[0.164s] Level 1:colcon.colcon_core.package_identification:_identify(Camera/log) by extension 'ignore'
[0.164s] Level 1:colcon.colcon_core.package_identification:_identify(Camera/log) by extension 'ignore_ament_install'
[0.164s] Level 1:colcon.colcon_core.package_identification:_identify(Camera/log) by extensions ['colcon_pkg']
[0.164s] Level 1:colcon.colcon_core.package_identification:_identify(Camera/log) by extension 'colcon_pkg'
[0.164s] Level 1:colcon.colcon_core.package_identification:_identify(Camera/log) by extensions ['colcon_meta']
[0.164s] Level 1:colcon.colcon_core.package_identification:_identify(Camera/log) by extension 'colcon_meta'
[0.164s] Level 1:colcon.colcon_core.package_identification:_identify(Camera/log) by extensions ['ros']
[0.165s] Level 1:colcon.colcon_core.package_identification:_identify(Camera/log) by extension 'ros'
[0.165s] Level 1:colcon.colcon_core.package_identification:_identify(Camera/log) by extensions ['cmake', 'python']
[0.165s] Level 1:colcon.colcon_core.package_identification:_identify(Camera/log) by extension 'cmake'
[0.165s] Level 1:colcon.colcon_core.package_identification:_identify(Camera/log) by extension 'python'
[0.165s] Level 1:colcon.colcon_core.package_identification:_identify(Camera/log) by extensions ['python_setup_py']
[0.165s] Level 1:colcon.colcon_core.package_identification:_identify(Camera/log) by extension 'python_setup_py'
[0.165s] Level 1:colcon.colcon_core.package_identification:_identify(build) by extensions ['ignore', 'ignore_ament_install']
[0.165s] Level 1:colcon.colcon_core.package_identification:_identify(build) by extension 'ignore'
[0.165s] Level 1:colcon.colcon_core.package_identification:_identify(build) ignored
[0.165s] Level 1:colcon.colcon_core.package_identification:_identify(include) by extensions ['ignore', 'ignore_ament_install']
[0.165s] Level 1:colcon.colcon_core.package_identification:_identify(include) by extension 'ignore'
[0.165s] Level 1:colcon.colcon_core.package_identification:_identify(include) by extension 'ignore_ament_install'
[0.165s] Level 1:colcon.colcon_core.package_identification:_identify(include) by extensions ['colcon_pkg']
[0.165s] Level 1:colcon.colcon_core.package_identification:_identify(include) by extension 'colcon_pkg'
[0.165s] Level 1:colcon.colcon_core.package_identification:_identify(include) by extensions ['colcon_meta']
[0.165s] Level 1:colcon.colcon_core.package_identification:_identify(include) by extension 'colcon_meta'
[0.165s] Level 1:colcon.colcon_core.package_identification:_identify(include) by extensions ['ros']
[0.165s] Level 1:colcon.colcon_core.package_identification:_identify(include) by extension 'ros'
[0.165s] Level 1:colcon.colcon_core.package_identification:_identify(include) by extensions ['cmake', 'python']
[0.165s] Level 1:colcon.colcon_core.package_identification:_identify(include) by extension 'cmake'
[0.165s] Level 1:colcon.colcon_core.package_identification:_identify(include) by extension 'python'
[0.165s] Level 1:colcon.colcon_core.package_identification:_identify(include) by extensions ['python_setup_py']
[0.165s] Level 1:colcon.colcon_core.package_identification:_identify(include) by extension 'python_setup_py'
[0.165s] Level 1:colcon.colcon_core.package_identification:_identify(install) by extensions ['ignore', 'ignore_ament_install']
[0.165s] Level 1:colcon.colcon_core.package_identification:_identify(install) by extension 'ignore'
[0.165s] Level 1:colcon.colcon_core.package_identification:_identify(install) ignored
[0.165s] Level 1:colcon.colcon_core.package_identification:_identify(log) by extensions ['ignore', 'ignore_ament_install']
[0.165s] Level 1:colcon.colcon_core.package_identification:_identify(log) by extension 'ignore'
[0.165s] Level 1:colcon.colcon_core.package_identification:_identify(log) ignored
[0.165s] Level 1:colcon.colcon_core.package_identification:_identify(src) by extensions ['ignore', 'ignore_ament_install']
[0.165s] Level 1:colcon.colcon_core.package_identification:_identify(src) by extension 'ignore'
[0.165s] Level 1:colcon.colcon_core.package_identification:_identify(src) by extension 'ignore_ament_install'
[0.166s] Level 1:colcon.colcon_core.package_identification:_identify(src) by extensions ['colcon_pkg']
[0.166s] Level 1:colcon.colcon_core.package_identification:_identify(src) by extension 'colcon_pkg'
[0.166s] Level 1:colcon.colcon_core.package_identification:_identify(src) by extensions ['colcon_meta']
[0.166s] Level 1:colcon.colcon_core.package_identification:_identify(src) by extension 'colcon_meta'
[0.166s] Level 1:colcon.colcon_core.package_identification:_identify(src) by extensions ['ros']
[0.166s] Level 1:colcon.colcon_core.package_identification:_identify(src) by extension 'ros'
[0.166s] Level 1:colcon.colcon_core.package_identification:_identify(src) by extensions ['cmake', 'python']
[0.166s] Level 1:colcon.colcon_core.package_identification:_identify(src) by extension 'cmake'
[0.166s] Level 1:colcon.colcon_core.package_identification:_identify(src) by extension 'python'
[0.166s] Level 1:colcon.colcon_core.package_identification:_identify(src) by extensions ['python_setup_py']
[0.166s] Level 1:colcon.colcon_core.package_identification:_identify(src) by extension 'python_setup_py'
[0.166s] Level 1:colcon.colcon_core.package_identification:_identify(src/armor_drawer) by extensions ['ignore', 'ignore_ament_install']
[0.166s] Level 1:colcon.colcon_core.package_identification:_identify(src/armor_drawer) by extension 'ignore'
[0.166s] Level 1:colcon.colcon_core.package_identification:_identify(src/armor_drawer) by extension 'ignore_ament_install'
[0.166s] Level 1:colcon.colcon_core.package_identification:_identify(src/armor_drawer) by extensions ['colcon_pkg']
[0.166s] Level 1:colcon.colcon_core.package_identification:_identify(src/armor_drawer) by extension 'colcon_pkg'
[0.166s] Level 1:colcon.colcon_core.package_identification:_identify(src/armor_drawer) by extensions ['colcon_meta']
[0.166s] Level 1:colcon.colcon_core.package_identification:_identify(src/armor_drawer) by extension 'colcon_meta'
[0.166s] Level 1:colcon.colcon_core.package_identification:_identify(src/armor_drawer) by extensions ['ros']
[0.166s] Level 1:colcon.colcon_core.package_identification:_identify(src/armor_drawer) by extension 'ros'
[0.168s] DEBUG:colcon.colcon_core.package_identification:Package 'src/armor_drawer' with type 'ros.ament_cmake' and name 'armor_drawer'
[0.168s] Level 1:colcon.colcon_core.package_identification:_identify(src/armor_interfaces) by extensions ['ignore', 'ignore_ament_install']
[0.168s] Level 1:colcon.colcon_core.package_identification:_identify(src/armor_interfaces) by extension 'ignore'
[0.168s] Level 1:colcon.colcon_core.package_identification:_identify(src/armor_interfaces) by extension 'ignore_ament_install'
[0.168s] Level 1:colcon.colcon_core.package_identification:_identify(src/armor_interfaces) by extensions ['colcon_pkg']
[0.168s] Level 1:colcon.colcon_core.package_identification:_identify(src/armor_interfaces) by extension 'colcon_pkg'
[0.168s] Level 1:colcon.colcon_core.package_identification:_identify(src/armor_interfaces) by extensions ['colcon_meta']
[0.168s] Level 1:colcon.colcon_core.package_identification:_identify(src/armor_interfaces) by extension 'colcon_meta'
[0.168s] Level 1:colcon.colcon_core.package_identification:_identify(src/armor_interfaces) by extensions ['ros']
[0.168s] Level 1:colcon.colcon_core.package_identification:_identify(src/armor_interfaces) by extension 'ros'
[0.168s] DEBUG:colcon.colcon_core.package_identification:Package 'src/armor_interfaces' with type 'ros.ament_cmake' and name 'armor_interfaces'
[0.168s] Level 1:colcon.colcon_core.package_identification:_identify(src/armor_tracker) by extensions ['ignore', 'ignore_ament_install']
[0.168s] Level 1:colcon.colcon_core.package_identification:_identify(src/armor_tracker) by extension 'ignore'
[0.168s] Level 1:colcon.colcon_core.package_identification:_identify(src/armor_tracker) by extension 'ignore_ament_install'
[0.169s] Level 1:colcon.colcon_core.package_identification:_identify(src/armor_tracker) by extensions ['colcon_pkg']
[0.169s] Level 1:colcon.colcon_core.package_identification:_identify(src/armor_tracker) by extension 'colcon_pkg'
[0.169s] Level 1:colcon.colcon_core.package_identification:_identify(src/armor_tracker) by extensions ['colcon_meta']
[0.169s] Level 1:colcon.colcon_core.package_identification:_identify(src/armor_tracker) by extension 'colcon_meta'
[0.169s] Level 1:colcon.colcon_core.package_identification:_identify(src/armor_tracker) by extensions ['ros']
[0.169s] Level 1:colcon.colcon_core.package_identification:_identify(src/armor_tracker) by extension 'ros'
[0.169s] DEBUG:colcon.colcon_core.package_identification:Package 'src/armor_tracker' with type 'ros.ament_cmake' and name 'armor_tracker_node'
[0.169s] Level 1:colcon.colcon_core.package_identification:_identify(src/serial_driver) by extensions ['ignore', 'ignore_ament_install']
[0.169s] Level 1:colcon.colcon_core.package_identification:_identify(src/serial_driver) by extension 'ignore'
[0.169s] Level 1:colcon.colcon_core.package_identification:_identify(src/serial_driver) by extension 'ignore_ament_install'
[0.169s] Level 1:colcon.colcon_core.package_identification:_identify(src/serial_driver) by extensions ['colcon_pkg']
[0.169s] Level 1:colcon.colcon_core.package_identification:_identify(src/serial_driver) by extension 'colcon_pkg'
[0.169s] Level 1:colcon.colcon_core.package_identification:_identify(src/serial_driver) by extensions ['colcon_meta']
[0.169s] Level 1:colcon.colcon_core.package_identification:_identify(src/serial_driver) by extension 'colcon_meta'
[0.170s] Level 1:colcon.colcon_core.package_identification:_identify(src/serial_driver) by extensions ['ros']
[0.170s] Level 1:colcon.colcon_core.package_identification:_identify(src/serial_driver) by extension 'ros'
[0.170s] DEBUG:colcon.colcon_core.package_identification:Package 'src/serial_driver' with type 'ros.ament_cmake' and name 'rm_serial_driver'
[0.170s] Level 1:colcon.colcon_core.package_discovery:discover_packages(recursive) using defaults
[0.170s] Level 1:colcon.colcon_core.package_discovery:discover_packages(ignore) discover
[0.170s] Level 1:colcon.colcon_core.package_discovery:discover_packages(ignore) using defaults
[0.170s] Level 1:colcon.colcon_core.package_discovery:discover_packages(path) discover
[0.170s] Level 1:colcon.colcon_core.package_discovery:discover_packages(path) using defaults
[0.189s] Level 1:colcon.colcon_core.package_discovery:discover_packages(prefix_path) check parameters
[0.189s] Level 1:colcon.colcon_core.package_discovery:discover_packages(prefix_path) discover
[0.190s] DEBUG:colcon.colcon_installed_package_information.package_discovery:Found 4 installed packages in /home/eee/ros2/src/armor_detect_ros2-main/install
[0.190s] DEBUG:colcon.colcon_installed_package_information.package_discovery:Found 280 installed packages in /opt/ros/humble
[0.191s] Level 1:colcon.colcon_core.package_discovery:discover_packages(prefix_path) using defaults
[0.212s] Level 5:colcon.colcon_core.verb:set package 'armor_interfaces' build argument 'cmake_args' from command line to 'None'
[0.212s] Level 5:colcon.colcon_core.verb:set package 'armor_interfaces' build argument 'cmake_target' from command line to 'None'
[0.212s] Level 5:colcon.colcon_core.verb:set package 'armor_interfaces' build argument 'cmake_target_skip_unavailable' from command line to 'False'
[0.212s] Level 5:colcon.colcon_core.verb:set package 'armor_interfaces' build argument 'cmake_clean_cache' from command line to 'False'
[0.212s] Level 5:colcon.colcon_core.verb:set package 'armor_interfaces' build argument 'cmake_clean_first' from command line to 'False'
[0.212s] Level 5:colcon.colcon_core.verb:set package 'armor_interfaces' build argument 'cmake_force_configure' from command line to 'False'
[0.212s] Level 5:colcon.colcon_core.verb:set package 'armor_interfaces' build argument 'ament_cmake_args' from command line to 'None'
[0.213s] Level 5:colcon.colcon_core.verb:set package 'armor_interfaces' build argument 'catkin_cmake_args' from command line to 'None'
[0.213s] Level 5:colcon.colcon_core.verb:set package 'armor_interfaces' build argument 'catkin_skip_building_tests' from command line to 'False'
[0.213s] DEBUG:colcon.colcon_core.verb:Building package 'armor_interfaces' with the following arguments: {'ament_cmake_args': None, 'build_base': '/home/eee/ros2/src/armor_detect_ros2-main/build/armor_interfaces', 'catkin_cmake_args': None, 'catkin_skip_building_tests': False, 'cmake_args': None, 'cmake_clean_cache': False, 'cmake_clean_first': False, 'cmake_force_configure': False, 'cmake_target': None, 'cmake_target_skip_unavailable': False, 'install_base': '/home/eee/ros2/src/armor_detect_ros2-main/install/armor_interfaces', 'merge_install': False, 'path': '/home/eee/ros2/src/armor_detect_ros2-main/src/armor_interfaces', 'symlink_install': False, 'test_result_base': None}
[0.213s] Level 5:colcon.colcon_core.verb:set package 'armor_drawer' build argument 'cmake_args' from command line to 'None'
[0.213s] Level 5:colcon.colcon_core.verb:set package 'armor_drawer' build argument 'cmake_target' from command line to 'None'
[0.213s] Level 5:colcon.colcon_core.verb:set package 'armor_drawer' build argument 'cmake_target_skip_unavailable' from command line to 'False'
[0.213s] Level 5:colcon.colcon_core.verb:set package 'armor_drawer' build argument 'cmake_clean_cache' from command line to 'False'
[0.213s] Level 5:colcon.colcon_core.verb:set package 'armor_drawer' build argument 'cmake_clean_first' from command line to 'False'
[0.213s] Level 5:colcon.colcon_core.verb:set package 'armor_drawer' build argument 'cmake_force_configure' from command line to 'False'
[0.213s] Level 5:colcon.colcon_core.verb:set package 'armor_drawer' build argument 'ament_cmake_args' from command line to 'None'
[0.213s] Level 5:colcon.colcon_core.verb:set package 'armor_drawer' build argument 'catkin_cmake_args' from command line to 'None'
[0.213s] Level 5:colcon.colcon_core.verb:set package 'armor_drawer' build argument 'catkin_skip_building_tests' from command line to 'False'
[0.213s] DEBUG:colcon.colcon_core.verb:Building package 'armor_drawer' with the following arguments: {'ament_cmake_args': None, 'build_base': '/home/eee/ros2/src/armor_detect_ros2-main/build/armor_drawer', 'catkin_cmake_args': None, 'catkin_skip_building_tests': False, 'cmake_args': None, 'cmake_clean_cache': False, 'cmake_clean_first': False, 'cmake_force_configure': False, 'cmake_target': None, 'cmake_target_skip_unavailable': False, 'install_base': '/home/eee/ros2/src/armor_detect_ros2-main/install/armor_drawer', 'merge_install': False, 'path': '/home/eee/ros2/src/armor_detect_ros2-main/src/armor_drawer', 'symlink_install': False, 'test_result_base': None}
[0.213s] Level 5:colcon.colcon_core.verb:set package 'armor_tracker_node' build argument 'cmake_args' from command line to 'None'
[0.213s] Level 5:colcon.colcon_core.verb:set package 'armor_tracker_node' build argument 'cmake_target' from command line to 'None'
[0.213s] Level 5:colcon.colcon_core.verb:set package 'armor_tracker_node' build argument 'cmake_target_skip_unavailable' from command line to 'False'
[0.213s] Level 5:colcon.colcon_core.verb:set package 'armor_tracker_node' build argument 'cmake_clean_cache' from command line to 'False'
[0.213s] Level 5:colcon.colcon_core.verb:set package 'armor_tracker_node' build argument 'cmake_clean_first' from command line to 'False'
[0.213s] Level 5:colcon.colcon_core.verb:set package 'armor_tracker_node' build argument 'cmake_force_configure' from command line to 'False'
[0.213s] Level 5:colcon.colcon_core.verb:set package 'armor_tracker_node' build argument 'ament_cmake_args' from command line to 'None'
[0.213s] Level 5:colcon.colcon_core.verb:set package 'armor_tracker_node' build argument 'catkin_cmake_args' from command line to 'None'
[0.213s] Level 5:colcon.colcon_core.verb:set package 'armor_tracker_node' build argument 'catkin_skip_building_tests' from command line to 'False'
[0.213s] DEBUG:colcon.colcon_core.verb:Building package 'armor_tracker_node' with the following arguments: {'ament_cmake_args': None, 'build_base': '/home/eee/ros2/src/armor_detect_ros2-main/build/armor_tracker_node', 'catkin_cmake_args': None, 'catkin_skip_building_tests': False, 'cmake_args': None, 'cmake_clean_cache': False, 'cmake_clean_first': False, 'cmake_force_configure': False, 'cmake_target': None, 'cmake_target_skip_unavailable': False, 'install_base': '/home/eee/ros2/src/armor_detect_ros2-main/install/armor_tracker_node', 'merge_install': False, 'path': '/home/eee/ros2/src/armor_detect_ros2-main/src/armor_tracker', 'symlink_install': False, 'test_result_base': None}
[0.213s] Level 5:colcon.colcon_core.verb:set package 'rm_serial_driver' build argument 'cmake_args' from command line to 'None'
[0.213s] Level 5:colcon.colcon_core.verb:set package 'rm_serial_driver' build argument 'cmake_target' from command line to 'None'
[0.213s] Level 5:colcon.colcon_core.verb:set package 'rm_serial_driver' build argument 'cmake_target_skip_unavailable' from command line to 'False'
[0.213s] Level 5:colcon.colcon_core.verb:set package 'rm_serial_driver' build argument 'cmake_clean_cache' from command line to 'False'
[0.213s] Level 5:colcon.colcon_core.verb:set package 'rm_serial_driver' build argument 'cmake_clean_first' from command line to 'False'
[0.213s] Level 5:colcon.colcon_core.verb:set package 'rm_serial_driver' build argument 'cmake_force_configure' from command line to 'False'
[0.213s] Level 5:colcon.colcon_core.verb:set package 'rm_serial_driver' build argument 'ament_cmake_args' from command line to 'None'
[0.213s] Level 5:colcon.colcon_core.verb:set package 'rm_serial_driver' build argument 'catkin_cmake_args' from command line to 'None'
[0.213s] Level 5:colcon.colcon_core.verb:set package 'rm_serial_driver' build argument 'catkin_skip_building_tests' from command line to 'False'
[0.213s] DEBUG:colcon.colcon_core.verb:Building package 'rm_serial_driver' with the following arguments: {'ament_cmake_args': None, 'build_base': '/home/eee/ros2/src/armor_detect_ros2-main/build/rm_serial_driver', 'catkin_cmake_args': None, 'catkin_skip_building_tests': False, 'cmake_args': None, 'cmake_clean_cache': False, 'cmake_clean_first': False, 'cmake_force_configure': False, 'cmake_target': None, 'cmake_target_skip_unavailable': False, 'install_base': '/home/eee/ros2/src/armor_detect_ros2-main/install/rm_serial_driver', 'merge_install': False, 'path': '/home/eee/ros2/src/armor_detect_ros2-main/src/serial_driver', 'symlink_install': False, 'test_result_base': None}
[0.214s] INFO:colcon.colcon_core.executor:Executing jobs using 'parallel' executor
[0.214s] DEBUG:colcon.colcon_parallel_executor.executor.parallel:run_until_complete
[0.214s] INFO:colcon.colcon_ros.task.ament_cmake.build:Building ROS package in '/home/eee/ros2/src/armor_detect_ros2-main/src/armor_interfaces' with build type 'ament_cmake'
[0.215s] INFO:colcon.colcon_cmake.task.cmake.build:Building CMake package in '/home/eee/ros2/src/armor_detect_ros2-main/src/armor_interfaces'
[0.216s] INFO:colcon.colcon_core.plugin_system:Skipping extension 'colcon_core.shell.bat': Not used on non-Windows systems
[0.216s] INFO:colcon.colcon_core.shell:Skip shell extension 'powershell' for command environment: Not usable outside of PowerShell
[0.216s] DEBUG:colcon.colcon_core.shell:Skip shell extension 'dsv' for command environment
[0.222s] DEBUG:colcon.colcon_core.event_handler.log_command:Invoking command in '/home/eee/ros2/src/armor_detect_ros2-main/build/armor_interfaces': CMAKE_PREFIX_PATH=${CMAKE_PREFIX_PATH}:/opt/ros/humble /usr/bin/cmake --build /home/eee/ros2/src/armor_detect_ros2-main/build/armor_interfaces -- -j20 -l20
[0.474s] DEBUG:colcon.colcon_core.event_handler.log_command:Invoked command in '/home/eee/ros2/src/armor_detect_ros2-main/build/armor_interfaces' returned '0': CMAKE_PREFIX_PATH=${CMAKE_PREFIX_PATH}:/opt/ros/humble /usr/bin/cmake --build /home/eee/ros2/src/armor_detect_ros2-main/build/armor_interfaces -- -j20 -l20
[0.485s] DEBUG:colcon.colcon_core.event_handler.log_command:Invoking command in '/home/eee/ros2/src/armor_detect_ros2-main/build/armor_interfaces': CMAKE_PREFIX_PATH=${CMAKE_PREFIX_PATH}:/opt/ros/humble /usr/bin/cmake --install /home/eee/ros2/src/armor_detect_ros2-main/build/armor_interfaces
[0.525s] Level 1:colcon.colcon_core.environment:create_environment_scripts_only(armor_interfaces)
[0.525s] DEBUG:colcon.colcon_core.event_handler.log_command:Invoked command in '/home/eee/ros2/src/armor_detect_ros2-main/build/armor_interfaces' returned '0': CMAKE_PREFIX_PATH=${CMAKE_PREFIX_PATH}:/opt/ros/humble /usr/bin/cmake --install /home/eee/ros2/src/armor_detect_ros2-main/build/armor_interfaces
[0.527s] Level 1:colcon.colcon_core.environment:checking '/home/eee/ros2/src/armor_detect_ros2-main/install/armor_interfaces' for CMake module files
[0.528s] Level 1:colcon.colcon_core.environment:checking '/home/eee/ros2/src/armor_detect_ros2-main/install/armor_interfaces' for CMake config files
[0.529s] Level 1:colcon.colcon_core.shell:create_environment_hook('armor_interfaces', 'cmake_prefix_path')
[0.529s] INFO:colcon.colcon_core.shell:Creating environment hook '/home/eee/ros2/src/armor_detect_ros2-main/install/armor_interfaces/share/armor_interfaces/hook/cmake_prefix_path.ps1'
[0.529s] INFO:colcon.colcon_core.shell:Creating environment descriptor '/home/eee/ros2/src/armor_detect_ros2-main/install/armor_interfaces/share/armor_interfaces/hook/cmake_prefix_path.dsv'
[0.530s] INFO:colcon.colcon_core.shell:Creating environment hook '/home/eee/ros2/src/armor_detect_ros2-main/install/armor_interfaces/share/armor_interfaces/hook/cmake_prefix_path.sh'
[0.531s] Level 1:colcon.colcon_core.environment:checking '/home/eee/ros2/src/armor_detect_ros2-main/install/armor_interfaces/lib'
[0.531s] Level 1:colcon.colcon_core.shell:create_environment_hook('armor_interfaces', 'ld_library_path_lib')
[0.531s] INFO:colcon.colcon_core.shell:Creating environment hook '/home/eee/ros2/src/armor_detect_ros2-main/install/armor_interfaces/share/armor_interfaces/hook/ld_library_path_lib.ps1'
[0.531s] INFO:colcon.colcon_core.shell:Creating environment descriptor '/home/eee/ros2/src/armor_detect_ros2-main/install/armor_interfaces/share/armor_interfaces/hook/ld_library_path_lib.dsv'
[0.532s] INFO:colcon.colcon_core.shell:Creating environment hook '/home/eee/ros2/src/armor_detect_ros2-main/install/armor_interfaces/share/armor_interfaces/hook/ld_library_path_lib.sh'
[0.532s] Level 1:colcon.colcon_core.environment:checking '/home/eee/ros2/src/armor_detect_ros2-main/install/armor_interfaces/bin'
[0.532s] Level 1:colcon.colcon_core.environment:checking '/home/eee/ros2/src/armor_detect_ros2-main/install/armor_interfaces/lib/pkgconfig/armor_interfaces.pc'
[0.532s] Level 1:colcon.colcon_core.environment:checking '/home/eee/ros2/src/armor_detect_ros2-main/install/armor_interfaces/lib/python3.10/site-packages'
[0.533s] Level 1:colcon.colcon_core.environment:checking '/home/eee/ros2/src/armor_detect_ros2-main/install/armor_interfaces/bin'
[0.533s] INFO:colcon.colcon_core.shell:Creating package script '/home/eee/ros2/src/armor_detect_ros2-main/install/armor_interfaces/share/armor_interfaces/package.ps1'
[0.534s] INFO:colcon.colcon_core.shell:Creating package descriptor '/home/eee/ros2/src/armor_detect_ros2-main/install/armor_interfaces/share/armor_interfaces/package.dsv'
[0.534s] INFO:colcon.colcon_core.shell:Creating package script '/home/eee/ros2/src/armor_detect_ros2-main/install/armor_interfaces/share/armor_interfaces/package.sh'
[0.535s] INFO:colcon.colcon_core.shell:Creating package script '/home/eee/ros2/src/armor_detect_ros2-main/install/armor_interfaces/share/armor_interfaces/package.bash'
[0.536s] INFO:colcon.colcon_core.shell:Creating package script '/home/eee/ros2/src/armor_detect_ros2-main/install/armor_interfaces/share/armor_interfaces/package.zsh'
[0.536s] Level 1:colcon.colcon_core.environment:create_file_with_runtime_dependencies(/home/eee/ros2/src/armor_detect_ros2-main/install/armor_interfaces/share/colcon-core/packages/armor_interfaces)
[0.537s] Level 1:colcon.colcon_core.environment:create_environment_scripts_only(armor_interfaces)
[0.537s] Level 1:colcon.colcon_core.environment:checking '/home/eee/ros2/src/armor_detect_ros2-main/install/armor_interfaces' for CMake module files
[0.538s] Level 1:colcon.colcon_core.environment:checking '/home/eee/ros2/src/armor_detect_ros2-main/install/armor_interfaces' for CMake config files
[0.538s] Level 1:colcon.colcon_core.shell:create_environment_hook('armor_interfaces', 'cmake_prefix_path')
[0.538s] INFO:colcon.colcon_core.shell:Creating environment hook '/home/eee/ros2/src/armor_detect_ros2-main/install/armor_interfaces/share/armor_interfaces/hook/cmake_prefix_path.ps1'
[0.539s] INFO:colcon.colcon_core.shell:Creating environment descriptor '/home/eee/ros2/src/armor_detect_ros2-main/install/armor_interfaces/share/armor_interfaces/hook/cmake_prefix_path.dsv'
[0.539s] INFO:colcon.colcon_core.shell:Creating environment hook '/home/eee/ros2/src/armor_detect_ros2-main/install/armor_interfaces/share/armor_interfaces/hook/cmake_prefix_path.sh'
[0.540s] Level 1:colcon.colcon_core.environment:checking '/home/eee/ros2/src/armor_detect_ros2-main/install/armor_interfaces/lib'
[0.540s] Level 1:colcon.colcon_core.shell:create_environment_hook('armor_interfaces', 'ld_library_path_lib')
[0.540s] INFO:colcon.colcon_core.shell:Creating environment hook '/home/eee/ros2/src/armor_detect_ros2-main/install/armor_interfaces/share/armor_interfaces/hook/ld_library_path_lib.ps1'
[0.540s] INFO:colcon.colcon_core.shell:Creating environment descriptor '/home/eee/ros2/src/armor_detect_ros2-main/install/armor_interfaces/share/armor_interfaces/hook/ld_library_path_lib.dsv'
[0.540s] INFO:colcon.colcon_core.shell:Creating environment hook '/home/eee/ros2/src/armor_detect_ros2-main/install/armor_interfaces/share/armor_interfaces/hook/ld_library_path_lib.sh'
[0.541s] Level 1:colcon.colcon_core.environment:checking '/home/eee/ros2/src/armor_detect_ros2-main/install/armor_interfaces/bin'
[0.541s] Level 1:colcon.colcon_core.environment:checking '/home/eee/ros2/src/armor_detect_ros2-main/install/armor_interfaces/lib/pkgconfig/armor_interfaces.pc'
[0.541s] Level 1:colcon.colcon_core.environment:checking '/home/eee/ros2/src/armor_detect_ros2-main/install/armor_interfaces/lib/python3.10/site-packages'
[0.541s] Level 1:colcon.colcon_core.environment:checking '/home/eee/ros2/src/armor_detect_ros2-main/install/armor_interfaces/bin'
[0.541s] INFO:colcon.colcon_core.shell:Creating package script '/home/eee/ros2/src/armor_detect_ros2-main/install/armor_interfaces/share/armor_interfaces/package.ps1'
[0.542s] INFO:colcon.colcon_core.shell:Creating package descriptor '/home/eee/ros2/src/armor_detect_ros2-main/install/armor_interfaces/share/armor_interfaces/package.dsv'
[0.542s] INFO:colcon.colcon_core.shell:Creating package script '/home/eee/ros2/src/armor_detect_ros2-main/install/armor_interfaces/share/armor_interfaces/package.sh'
[0.542s] INFO:colcon.colcon_core.shell:Creating package script '/home/eee/ros2/src/armor_detect_ros2-main/install/armor_interfaces/share/armor_interfaces/package.bash'
[0.542s] INFO:colcon.colcon_core.shell:Creating package script '/home/eee/ros2/src/armor_detect_ros2-main/install/armor_interfaces/share/armor_interfaces/package.zsh'
[0.542s] Level 1:colcon.colcon_core.environment:create_file_with_runtime_dependencies(/home/eee/ros2/src/armor_detect_ros2-main/install/armor_interfaces/share/colcon-core/packages/armor_interfaces)
[0.543s] INFO:colcon.colcon_ros.task.ament_cmake.build:Building ROS package in '/home/eee/ros2/src/armor_detect_ros2-main/src/armor_drawer' with build type 'ament_cmake'
[0.543s] INFO:colcon.colcon_cmake.task.cmake.build:Building CMake package in '/home/eee/ros2/src/armor_detect_ros2-main/src/armor_drawer'
[0.543s] INFO:colcon.colcon_core.shell:Skip shell extension 'powershell' for command environment: Not usable outside of PowerShell
[0.543s] DEBUG:colcon.colcon_core.shell:Skip shell extension 'dsv' for command environment
[0.545s] INFO:colcon.colcon_ros.task.ament_cmake.build:Building ROS package in '/home/eee/ros2/src/armor_detect_ros2-main/src/armor_tracker' with build type 'ament_cmake'
[0.545s] INFO:colcon.colcon_cmake.task.cmake.build:Building CMake package in '/home/eee/ros2/src/armor_detect_ros2-main/src/armor_tracker'
[0.545s] INFO:colcon.colcon_core.shell:Skip shell extension 'powershell' for command environment: Not usable outside of PowerShell
[0.545s] DEBUG:colcon.colcon_core.shell:Skip shell extension 'dsv' for command environment
[0.547s] INFO:colcon.colcon_ros.task.ament_cmake.build:Building ROS package in '/home/eee/ros2/src/armor_detect_ros2-main/src/serial_driver' with build type 'ament_cmake'
[0.547s] INFO:colcon.colcon_cmake.task.cmake.build:Building CMake package in '/home/eee/ros2/src/armor_detect_ros2-main/src/serial_driver'
[0.547s] INFO:colcon.colcon_core.shell:Skip shell extension 'powershell' for command environment: Not usable outside of PowerShell
[0.547s] DEBUG:colcon.colcon_core.shell:Skip shell extension 'dsv' for command environment
[0.552s] DEBUG:colcon.colcon_core.event_handler.log_command:Invoking command in '/home/eee/ros2/src/armor_detect_ros2-main/build/armor_drawer': CMAKE_PREFIX_PATH=/home/eee/ros2/src/armor_detect_ros2-main/install/armor_interfaces:/home/eee/ros2/src/armor_detect_ros2-main/install/rm_serial_driver:/home/eee/ros2/src/armor_detect_ros2-main/install/armor_tracker_node:/home/eee/ros2/src/armor_detect_ros2-main/install/armor_drawer:/opt/ros/humble LD_LIBRARY_PATH=/home/eee/ros2/src/armor_detect_ros2-main/install/armor_interfaces/lib:/home/eee/ros2/src/armor_detect_ros2-main/install/rm_serial_driver/lib:/opt/ros/humble/opt/rviz_ogre_vendor/lib:/opt/ros/humble/lib/x86_64-linux-gnu:/opt/ros/humble/lib /usr/bin/cmake --build /home/eee/ros2/src/armor_detect_ros2-main/build/armor_drawer -- -j20 -l20
[0.553s] DEBUG:colcon.colcon_core.event_handler.log_command:Invoking command in '/home/eee/ros2/src/armor_detect_ros2-main/build/armor_tracker_node': CMAKE_PREFIX_PATH=/home/eee/ros2/src/armor_detect_ros2-main/install/armor_interfaces:/home/eee/ros2/src/armor_detect_ros2-main/install/rm_serial_driver:/home/eee/ros2/src/armor_detect_ros2-main/install/armor_tracker_node:/home/eee/ros2/src/armor_detect_ros2-main/install/armor_drawer:/opt/ros/humble LD_LIBRARY_PATH=/home/eee/ros2/src/armor_detect_ros2-main/install/armor_interfaces/lib:/home/eee/ros2/src/armor_detect_ros2-main/install/rm_serial_driver/lib:/opt/ros/humble/opt/rviz_ogre_vendor/lib:/opt/ros/humble/lib/x86_64-linux-gnu:/opt/ros/humble/lib /usr/bin/cmake --build /home/eee/ros2/src/armor_detect_ros2-main/build/armor_tracker_node -- -j20 -l20
[0.556s] DEBUG:colcon.colcon_core.event_handler.log_command:Invoking command in '/home/eee/ros2/src/armor_detect_ros2-main/build/rm_serial_driver': CMAKE_PREFIX_PATH=/home/eee/ros2/src/armor_detect_ros2-main/install/armor_interfaces:/home/eee/ros2/src/armor_detect_ros2-main/install/rm_serial_driver:/home/eee/ros2/src/armor_detect_ros2-main/install/armor_tracker_node:/home/eee/ros2/src/armor_detect_ros2-main/install/armor_drawer:/opt/ros/humble LD_LIBRARY_PATH=/home/eee/ros2/src/armor_detect_ros2-main/install/armor_interfaces/lib:/home/eee/ros2/src/armor_detect_ros2-main/install/rm_serial_driver/lib:/opt/ros/humble/opt/rviz_ogre_vendor/lib:/opt/ros/humble/lib/x86_64-linux-gnu:/opt/ros/humble/lib /usr/bin/cmake --build /home/eee/ros2/src/armor_detect_ros2-main/build/rm_serial_driver -- -j20 -l20
[0.607s] DEBUG:colcon.colcon_core.event_handler.log_command:Invoked command in '/home/eee/ros2/src/armor_detect_ros2-main/build/armor_drawer' returned '0': CMAKE_PREFIX_PATH=/home/eee/ros2/src/armor_detect_ros2-main/install/armor_interfaces:/home/eee/ros2/src/armor_detect_ros2-main/install/rm_serial_driver:/home/eee/ros2/src/armor_detect_ros2-main/install/armor_tracker_node:/home/eee/ros2/src/armor_detect_ros2-main/install/armor_drawer:/opt/ros/humble LD_LIBRARY_PATH=/home/eee/ros2/src/armor_detect_ros2-main/install/armor_interfaces/lib:/home/eee/ros2/src/armor_detect_ros2-main/install/rm_serial_driver/lib:/opt/ros/humble/opt/rviz_ogre_vendor/lib:/opt/ros/humble/lib/x86_64-linux-gnu:/opt/ros/humble/lib /usr/bin/cmake --build /home/eee/ros2/src/armor_detect_ros2-main/build/armor_drawer -- -j20 -l20
[0.607s] DEBUG:colcon.colcon_core.event_handler.log_command:Invoking command in '/home/eee/ros2/src/armor_detect_ros2-main/build/armor_drawer': CMAKE_PREFIX_PATH=/home/eee/ros2/src/armor_detect_ros2-main/install/armor_interfaces:/home/eee/ros2/src/armor_detect_ros2-main/install/rm_serial_driver:/home/eee/ros2/src/armor_detect_ros2-main/install/armor_tracker_node:/home/eee/ros2/src/armor_detect_ros2-main/install/armor_drawer:/opt/ros/humble LD_LIBRARY_PATH=/home/eee/ros2/src/armor_detect_ros2-main/install/armor_interfaces/lib:/home/eee/ros2/src/armor_detect_ros2-main/install/rm_serial_driver/lib:/opt/ros/humble/opt/rviz_ogre_vendor/lib:/opt/ros/humble/lib/x86_64-linux-gnu:/opt/ros/humble/lib /usr/bin/cmake --install /home/eee/ros2/src/armor_detect_ros2-main/build/armor_drawer
[0.618s] DEBUG:colcon.colcon_core.event_handler.log_command:Invoked command in '/home/eee/ros2/src/armor_detect_ros2-main/build/armor_tracker_node' returned '0': CMAKE_PREFIX_PATH=/home/eee/ros2/src/armor_detect_ros2-main/install/armor_interfaces:/home/eee/ros2/src/armor_detect_ros2-main/install/rm_serial_driver:/home/eee/ros2/src/armor_detect_ros2-main/install/armor_tracker_node:/home/eee/ros2/src/armor_detect_ros2-main/install/armor_drawer:/opt/ros/humble LD_LIBRARY_PATH=/home/eee/ros2/src/armor_detect_ros2-main/install/armor_interfaces/lib:/home/eee/ros2/src/armor_detect_ros2-main/install/rm_serial_driver/lib:/opt/ros/humble/opt/rviz_ogre_vendor/lib:/opt/ros/humble/lib/x86_64-linux-gnu:/opt/ros/humble/lib /usr/bin/cmake --build /home/eee/ros2/src/armor_detect_ros2-main/build/armor_tracker_node -- -j20 -l20
[0.620s] DEBUG:colcon.colcon_core.event_handler.log_command:Invoking command in '/home/eee/ros2/src/armor_detect_ros2-main/build/armor_tracker_node': CMAKE_PREFIX_PATH=/home/eee/ros2/src/armor_detect_ros2-main/install/armor_interfaces:/home/eee/ros2/src/armor_detect_ros2-main/install/rm_serial_driver:/home/eee/ros2/src/armor_detect_ros2-main/install/armor_tracker_node:/home/eee/ros2/src/armor_detect_ros2-main/install/armor_drawer:/opt/ros/humble LD_LIBRARY_PATH=/home/eee/ros2/src/armor_detect_ros2-main/install/armor_interfaces/lib:/home/eee/ros2/src/armor_detect_ros2-main/install/rm_serial_driver/lib:/opt/ros/humble/opt/rviz_ogre_vendor/lib:/opt/ros/humble/lib/x86_64-linux-gnu:/opt/ros/humble/lib /usr/bin/cmake --install /home/eee/ros2/src/armor_detect_ros2-main/build/armor_tracker_node
[0.621s] Level 1:colcon.colcon_core.environment:create_environment_scripts_only(armor_drawer)
[0.621s] Level 1:colcon.colcon_core.environment:checking '/home/eee/ros2/src/armor_detect_ros2-main/install/armor_drawer' for CMake module files
[0.621s] DEBUG:colcon.colcon_core.event_handler.log_command:Invoked command in '/home/eee/ros2/src/armor_detect_ros2-main/build/armor_drawer' returned '0': CMAKE_PREFIX_PATH=/home/eee/ros2/src/armor_detect_ros2-main/install/armor_interfaces:/home/eee/ros2/src/armor_detect_ros2-main/install/rm_serial_driver:/home/eee/ros2/src/armor_detect_ros2-main/install/armor_tracker_node:/home/eee/ros2/src/armor_detect_ros2-main/install/armor_drawer:/opt/ros/humble LD_LIBRARY_PATH=/home/eee/ros2/src/armor_detect_ros2-main/install/armor_interfaces/lib:/home/eee/ros2/src/armor_detect_ros2-main/install/rm_serial_driver/lib:/opt/ros/humble/opt/rviz_ogre_vendor/lib:/opt/ros/humble/lib/x86_64-linux-gnu:/opt/ros/humble/lib /usr/bin/cmake --install /home/eee/ros2/src/armor_detect_ros2-main/build/armor_drawer
[0.622s] Level 1:colcon.colcon_core.environment:checking '/home/eee/ros2/src/armor_detect_ros2-main/install/armor_drawer' for CMake config files
[0.622s] Level 1:colcon.colcon_core.shell:create_environment_hook('armor_drawer', 'cmake_prefix_path')
[0.622s] INFO:colcon.colcon_core.shell:Creating environment hook '/home/eee/ros2/src/armor_detect_ros2-main/install/armor_drawer/share/armor_drawer/hook/cmake_prefix_path.ps1'
[0.623s] INFO:colcon.colcon_core.shell:Creating environment descriptor '/home/eee/ros2/src/armor_detect_ros2-main/install/armor_drawer/share/armor_drawer/hook/cmake_prefix_path.dsv'
[0.623s] INFO:colcon.colcon_core.shell:Creating environment hook '/home/eee/ros2/src/armor_detect_ros2-main/install/armor_drawer/share/armor_drawer/hook/cmake_prefix_path.sh'
[0.624s] Level 1:colcon.colcon_core.environment:checking '/home/eee/ros2/src/armor_detect_ros2-main/install/armor_drawer/lib'
[0.624s] Level 1:colcon.colcon_core.environment:checking '/home/eee/ros2/src/armor_detect_ros2-main/install/armor_drawer/bin'
[0.624s] Level 1:colcon.colcon_core.environment:checking '/home/eee/ros2/src/armor_detect_ros2-main/install/armor_drawer/lib/pkgconfig/armor_drawer.pc'
[0.624s] Level 1:colcon.colcon_core.environment:checking '/home/eee/ros2/src/armor_detect_ros2-main/install/armor_drawer/lib/python3.10/site-packages'
[0.624s] Level 1:colcon.colcon_core.environment:checking '/home/eee/ros2/src/armor_detect_ros2-main/install/armor_drawer/bin'
[0.624s] INFO:colcon.colcon_core.shell:Creating package script '/home/eee/ros2/src/armor_detect_ros2-main/install/armor_drawer/share/armor_drawer/package.ps1'
[0.625s] INFO:colcon.colcon_core.shell:Creating package descriptor '/home/eee/ros2/src/armor_detect_ros2-main/install/armor_drawer/share/armor_drawer/package.dsv'
[0.625s] INFO:colcon.colcon_core.shell:Creating package script '/home/eee/ros2/src/armor_detect_ros2-main/install/armor_drawer/share/armor_drawer/package.sh'
[0.625s] INFO:colcon.colcon_core.shell:Creating package script '/home/eee/ros2/src/armor_detect_ros2-main/install/armor_drawer/share/armor_drawer/package.bash'
[0.625s] INFO:colcon.colcon_core.shell:Creating package script '/home/eee/ros2/src/armor_detect_ros2-main/install/armor_drawer/share/armor_drawer/package.zsh'
[0.626s] Level 1:colcon.colcon_core.environment:create_file_with_runtime_dependencies(/home/eee/ros2/src/armor_detect_ros2-main/install/armor_drawer/share/colcon-core/packages/armor_drawer)
[0.627s] Level 1:colcon.colcon_core.environment:create_environment_scripts_only(armor_drawer)
[0.628s] Level 1:colcon.colcon_core.environment:checking '/home/eee/ros2/src/armor_detect_ros2-main/install/armor_drawer' for CMake module files
[0.629s] Level 1:colcon.colcon_core.environment:checking '/home/eee/ros2/src/armor_detect_ros2-main/install/armor_drawer' for CMake config files
[0.629s] Level 1:colcon.colcon_core.shell:create_environment_hook('armor_drawer', 'cmake_prefix_path')
[0.630s] INFO:colcon.colcon_core.shell:Creating environment hook '/home/eee/ros2/src/armor_detect_ros2-main/install/armor_drawer/share/armor_drawer/hook/cmake_prefix_path.ps1'
[0.630s] INFO:colcon.colcon_core.shell:Creating environment descriptor '/home/eee/ros2/src/armor_detect_ros2-main/install/armor_drawer/share/armor_drawer/hook/cmake_prefix_path.dsv'
[0.631s] INFO:colcon.colcon_core.shell:Creating environment hook '/home/eee/ros2/src/armor_detect_ros2-main/install/armor_drawer/share/armor_drawer/hook/cmake_prefix_path.sh'
[0.631s] Level 1:colcon.colcon_core.environment:checking '/home/eee/ros2/src/armor_detect_ros2-main/install/armor_drawer/lib'
[0.631s] Level 1:colcon.colcon_core.environment:checking '/home/eee/ros2/src/armor_detect_ros2-main/install/armor_drawer/bin'
[0.631s] Level 1:colcon.colcon_core.environment:checking '/home/eee/ros2/src/armor_detect_ros2-main/install/armor_drawer/lib/pkgconfig/armor_drawer.pc'
[0.632s] Level 1:colcon.colcon_core.environment:checking '/home/eee/ros2/src/armor_detect_ros2-main/install/armor_drawer/lib/python3.10/site-packages'
[0.632s] Level 1:colcon.colcon_core.environment:checking '/home/eee/ros2/src/armor_detect_ros2-main/install/armor_drawer/bin'
[0.632s] INFO:colcon.colcon_core.shell:Creating package script '/home/eee/ros2/src/armor_detect_ros2-main/install/armor_drawer/share/armor_drawer/package.ps1'
[0.633s] INFO:colcon.colcon_core.shell:Creating package descriptor '/home/eee/ros2/src/armor_detect_ros2-main/install/armor_drawer/share/armor_drawer/package.dsv'
[0.633s] INFO:colcon.colcon_core.shell:Creating package script '/home/eee/ros2/src/armor_detect_ros2-main/install/armor_drawer/share/armor_drawer/package.sh'
[0.634s] INFO:colcon.colcon_core.shell:Creating package script '/home/eee/ros2/src/armor_detect_ros2-main/install/armor_drawer/share/armor_drawer/package.bash'
[0.634s] INFO:colcon.colcon_core.shell:Creating package script '/home/eee/ros2/src/armor_detect_ros2-main/install/armor_drawer/share/armor_drawer/package.zsh'
[0.634s] Level 1:colcon.colcon_core.environment:create_file_with_runtime_dependencies(/home/eee/ros2/src/armor_detect_ros2-main/install/armor_drawer/share/colcon-core/packages/armor_drawer)
[0.635s] Level 1:colcon.colcon_core.environment:create_environment_scripts_only(armor_tracker_node)
[0.635s] DEBUG:colcon.colcon_core.event_handler.log_command:Invoked command in '/home/eee/ros2/src/armor_detect_ros2-main/build/armor_tracker_node' returned '0': CMAKE_PREFIX_PATH=/home/eee/ros2/src/armor_detect_ros2-main/install/armor_interfaces:/home/eee/ros2/src/armor_detect_ros2-main/install/rm_serial_driver:/home/eee/ros2/src/armor_detect_ros2-main/install/armor_tracker_node:/home/eee/ros2/src/armor_detect_ros2-main/install/armor_drawer:/opt/ros/humble LD_LIBRARY_PATH=/home/eee/ros2/src/armor_detect_ros2-main/install/armor_interfaces/lib:/home/eee/ros2/src/armor_detect_ros2-main/install/rm_serial_driver/lib:/opt/ros/humble/opt/rviz_ogre_vendor/lib:/opt/ros/humble/lib/x86_64-linux-gnu:/opt/ros/humble/lib /usr/bin/cmake --install /home/eee/ros2/src/armor_detect_ros2-main/build/armor_tracker_node
[0.636s] Level 1:colcon.colcon_core.environment:checking '/home/eee/ros2/src/armor_detect_ros2-main/install/armor_tracker_node' for CMake module files
[0.636s] Level 1:colcon.colcon_core.environment:checking '/home/eee/ros2/src/armor_detect_ros2-main/install/armor_tracker_node' for CMake config files
[0.636s] Level 1:colcon.colcon_core.shell:create_environment_hook('armor_tracker_node', 'cmake_prefix_path')
[0.636s] INFO:colcon.colcon_core.shell:Creating environment hook '/home/eee/ros2/src/armor_detect_ros2-main/install/armor_tracker_node/share/armor_tracker_node/hook/cmake_prefix_path.ps1'
[0.637s] INFO:colcon.colcon_core.shell:Creating environment descriptor '/home/eee/ros2/src/armor_detect_ros2-main/install/armor_tracker_node/share/armor_tracker_node/hook/cmake_prefix_path.dsv'
[0.637s] INFO:colcon.colcon_core.shell:Creating environment hook '/home/eee/ros2/src/armor_detect_ros2-main/install/armor_tracker_node/share/armor_tracker_node/hook/cmake_prefix_path.sh'
[0.637s] Level 1:colcon.colcon_core.environment:checking '/home/eee/ros2/src/armor_detect_ros2-main/install/armor_tracker_node/lib'
[0.637s] Level 1:colcon.colcon_core.environment:checking '/home/eee/ros2/src/armor_detect_ros2-main/install/armor_tracker_node/bin'
[0.637s] Level 1:colcon.colcon_core.environment:checking '/home/eee/ros2/src/armor_detect_ros2-main/install/armor_tracker_node/lib/pkgconfig/armor_tracker_node.pc'
[0.637s] Level 1:colcon.colcon_core.environment:checking '/home/eee/ros2/src/armor_detect_ros2-main/install/armor_tracker_node/lib/python3.10/site-packages'
[0.638s] Level 1:colcon.colcon_core.environment:checking '/home/eee/ros2/src/armor_detect_ros2-main/install/armor_tracker_node/bin'
[0.638s] INFO:colcon.colcon_core.shell:Creating package script '/home/eee/ros2/src/armor_detect_ros2-main/install/armor_tracker_node/share/armor_tracker_node/package.ps1'
[0.638s] INFO:colcon.colcon_core.shell:Creating package descriptor '/home/eee/ros2/src/armor_detect_ros2-main/install/armor_tracker_node/share/armor_tracker_node/package.dsv'
[0.638s] INFO:colcon.colcon_core.shell:Creating package script '/home/eee/ros2/src/armor_detect_ros2-main/install/armor_tracker_node/share/armor_tracker_node/package.sh'
[0.638s] INFO:colcon.colcon_core.shell:Creating package script '/home/eee/ros2/src/armor_detect_ros2-main/install/armor_tracker_node/share/armor_tracker_node/package.bash'
[0.639s] INFO:colcon.colcon_core.shell:Creating package script '/home/eee/ros2/src/armor_detect_ros2-main/install/armor_tracker_node/share/armor_tracker_node/package.zsh'
[0.639s] Level 1:colcon.colcon_core.environment:create_file_with_runtime_dependencies(/home/eee/ros2/src/armor_detect_ros2-main/install/armor_tracker_node/share/colcon-core/packages/armor_tracker_node)
[0.639s] Level 1:colcon.colcon_core.environment:create_environment_scripts_only(armor_tracker_node)
[0.639s] Level 1:colcon.colcon_core.environment:checking '/home/eee/ros2/src/armor_detect_ros2-main/install/armor_tracker_node' for CMake module files
[0.639s] Level 1:colcon.colcon_core.environment:checking '/home/eee/ros2/src/armor_detect_ros2-main/install/armor_tracker_node' for CMake config files
[0.640s] Level 1:colcon.colcon_core.shell:create_environment_hook('armor_tracker_node', 'cmake_prefix_path')
[0.640s] INFO:colcon.colcon_core.shell:Creating environment hook '/home/eee/ros2/src/armor_detect_ros2-main/install/armor_tracker_node/share/armor_tracker_node/hook/cmake_prefix_path.ps1'
[0.640s] INFO:colcon.colcon_core.shell:Creating environment descriptor '/home/eee/ros2/src/armor_detect_ros2-main/install/armor_tracker_node/share/armor_tracker_node/hook/cmake_prefix_path.dsv'
[0.640s] INFO:colcon.colcon_core.shell:Creating environment hook '/home/eee/ros2/src/armor_detect_ros2-main/install/armor_tracker_node/share/armor_tracker_node/hook/cmake_prefix_path.sh'
[0.640s] Level 1:colcon.colcon_core.environment:checking '/home/eee/ros2/src/armor_detect_ros2-main/install/armor_tracker_node/lib'
[0.640s] Level 1:colcon.colcon_core.environment:checking '/home/eee/ros2/src/armor_detect_ros2-main/install/armor_tracker_node/bin'
[0.641s] Level 1:colcon.colcon_core.environment:checking '/home/eee/ros2/src/armor_detect_ros2-main/install/armor_tracker_node/lib/pkgconfig/armor_tracker_node.pc'
[0.641s] Level 1:colcon.colcon_core.environment:checking '/home/eee/ros2/src/armor_detect_ros2-main/install/armor_tracker_node/lib/python3.10/site-packages'
[0.641s] Level 1:colcon.colcon_core.environment:checking '/home/eee/ros2/src/armor_detect_ros2-main/install/armor_tracker_node/bin'
[0.641s] INFO:colcon.colcon_core.shell:Creating package script '/home/eee/ros2/src/armor_detect_ros2-main/install/armor_tracker_node/share/armor_tracker_node/package.ps1'
[0.642s] INFO:colcon.colcon_core.shell:Creating package descriptor '/home/eee/ros2/src/armor_detect_ros2-main/install/armor_tracker_node/share/armor_tracker_node/package.dsv'
[0.642s] INFO:colcon.colcon_core.shell:Creating package script '/home/eee/ros2/src/armor_detect_ros2-main/install/armor_tracker_node/share/armor_tracker_node/package.sh'
[0.643s] INFO:colcon.colcon_core.shell:Creating package script '/home/eee/ros2/src/armor_detect_ros2-main/install/armor_tracker_node/share/armor_tracker_node/package.bash'
[0.643s] INFO:colcon.colcon_core.shell:Creating package script '/home/eee/ros2/src/armor_detect_ros2-main/install/armor_tracker_node/share/armor_tracker_node/package.zsh'
[0.643s] Level 1:colcon.colcon_core.environment:create_file_with_runtime_dependencies(/home/eee/ros2/src/armor_detect_ros2-main/install/armor_tracker_node/share/colcon-core/packages/armor_tracker_node)
[0.646s] DEBUG:colcon.colcon_core.event_handler.log_command:Invoked command in '/home/eee/ros2/src/armor_detect_ros2-main/build/rm_serial_driver' returned '0': CMAKE_PREFIX_PATH=/home/eee/ros2/src/armor_detect_ros2-main/install/armor_interfaces:/home/eee/ros2/src/armor_detect_ros2-main/install/rm_serial_driver:/home/eee/ros2/src/armor_detect_ros2-main/install/armor_tracker_node:/home/eee/ros2/src/armor_detect_ros2-main/install/armor_drawer:/opt/ros/humble LD_LIBRARY_PATH=/home/eee/ros2/src/armor_detect_ros2-main/install/armor_interfaces/lib:/home/eee/ros2/src/armor_detect_ros2-main/install/rm_serial_driver/lib:/opt/ros/humble/opt/rviz_ogre_vendor/lib:/opt/ros/humble/lib/x86_64-linux-gnu:/opt/ros/humble/lib /usr/bin/cmake --build /home/eee/ros2/src/armor_detect_ros2-main/build/rm_serial_driver -- -j20 -l20
[0.648s] DEBUG:colcon.colcon_core.event_handler.log_command:Invoking command in '/home/eee/ros2/src/armor_detect_ros2-main/build/rm_serial_driver': CMAKE_PREFIX_PATH=/home/eee/ros2/src/armor_detect_ros2-main/install/armor_interfaces:/home/eee/ros2/src/armor_detect_ros2-main/install/rm_serial_driver:/home/eee/ros2/src/armor_detect_ros2-main/install/armor_tracker_node:/home/eee/ros2/src/armor_detect_ros2-main/install/armor_drawer:/opt/ros/humble LD_LIBRARY_PATH=/home/eee/ros2/src/armor_detect_ros2-main/install/armor_interfaces/lib:/home/eee/ros2/src/armor_detect_ros2-main/install/rm_serial_driver/lib:/opt/ros/humble/opt/rviz_ogre_vendor/lib:/opt/ros/humble/lib/x86_64-linux-gnu:/opt/ros/humble/lib /usr/bin/cmake --install /home/eee/ros2/src/armor_detect_ros2-main/build/rm_serial_driver
[0.658s] Level 1:colcon.colcon_core.environment:create_environment_scripts_only(rm_serial_driver)
[0.659s] Level 1:colcon.colcon_core.environment:checking '/home/eee/ros2/src/armor_detect_ros2-main/install/rm_serial_driver' for CMake module files
[0.659s] DEBUG:colcon.colcon_core.event_handler.log_command:Invoked command in '/home/eee/ros2/src/armor_detect_ros2-main/build/rm_serial_driver' returned '0': CMAKE_PREFIX_PATH=/home/eee/ros2/src/armor_detect_ros2-main/install/armor_interfaces:/home/eee/ros2/src/armor_detect_ros2-main/install/rm_serial_driver:/home/eee/ros2/src/armor_detect_ros2-main/install/armor_tracker_node:/home/eee/ros2/src/armor_detect_ros2-main/install/armor_drawer:/opt/ros/humble LD_LIBRARY_PATH=/home/eee/ros2/src/armor_detect_ros2-main/install/armor_interfaces/lib:/home/eee/ros2/src/armor_detect_ros2-main/install/rm_serial_driver/lib:/opt/ros/humble/opt/rviz_ogre_vendor/lib:/opt/ros/humble/lib/x86_64-linux-gnu:/opt/ros/humble/lib /usr/bin/cmake --install /home/eee/ros2/src/armor_detect_ros2-main/build/rm_serial_driver
[0.660s] Level 1:colcon.colcon_core.environment:checking '/home/eee/ros2/src/armor_detect_ros2-main/install/rm_serial_driver' for CMake config files
[0.660s] Level 1:colcon.colcon_core.shell:create_environment_hook('rm_serial_driver', 'cmake_prefix_path')
[0.660s] INFO:colcon.colcon_core.shell:Creating environment hook '/home/eee/ros2/src/armor_detect_ros2-main/install/rm_serial_driver/share/rm_serial_driver/hook/cmake_prefix_path.ps1'
[0.661s] INFO:colcon.colcon_core.shell:Creating environment descriptor '/home/eee/ros2/src/armor_detect_ros2-main/install/rm_serial_driver/share/rm_serial_driver/hook/cmake_prefix_path.dsv'
[0.661s] INFO:colcon.colcon_core.shell:Creating environment hook '/home/eee/ros2/src/armor_detect_ros2-main/install/rm_serial_driver/share/rm_serial_driver/hook/cmake_prefix_path.sh'
[0.662s] Level 1:colcon.colcon_core.environment:checking '/home/eee/ros2/src/armor_detect_ros2-main/install/rm_serial_driver/lib'
[0.662s] Level 1:colcon.colcon_core.shell:create_environment_hook('rm_serial_driver', 'ld_library_path_lib')
[0.662s] INFO:colcon.colcon_core.shell:Creating environment hook '/home/eee/ros2/src/armor_detect_ros2-main/install/rm_serial_driver/share/rm_serial_driver/hook/ld_library_path_lib.ps1'
[0.662s] INFO:colcon.colcon_core.shell:Creating environment descriptor '/home/eee/ros2/src/armor_detect_ros2-main/install/rm_serial_driver/share/rm_serial_driver/hook/ld_library_path_lib.dsv'
[0.663s] INFO:colcon.colcon_core.shell:Creating environment hook '/home/eee/ros2/src/armor_detect_ros2-main/install/rm_serial_driver/share/rm_serial_driver/hook/ld_library_path_lib.sh'
[0.663s] Level 1:colcon.colcon_core.environment:checking '/home/eee/ros2/src/armor_detect_ros2-main/install/rm_serial_driver/bin'
[0.663s] Level 1:colcon.colcon_core.environment:checking '/home/eee/ros2/src/armor_detect_ros2-main/install/rm_serial_driver/lib/pkgconfig/rm_serial_driver.pc'
[0.663s] Level 1:colcon.colcon_core.environment:checking '/home/eee/ros2/src/armor_detect_ros2-main/install/rm_serial_driver/lib/python3.10/site-packages'
[0.664s] Level 1:colcon.colcon_core.environment:checking '/home/eee/ros2/src/armor_detect_ros2-main/install/rm_serial_driver/bin'
[0.664s] INFO:colcon.colcon_core.shell:Creating package script '/home/eee/ros2/src/armor_detect_ros2-main/install/rm_serial_driver/share/rm_serial_driver/package.ps1'
[0.665s] INFO:colcon.colcon_core.shell:Creating package descriptor '/home/eee/ros2/src/armor_detect_ros2-main/install/rm_serial_driver/share/rm_serial_driver/package.dsv'
[0.665s] INFO:colcon.colcon_core.shell:Creating package script '/home/eee/ros2/src/armor_detect_ros2-main/install/rm_serial_driver/share/rm_serial_driver/package.sh'
[0.666s] INFO:colcon.colcon_core.shell:Creating package script '/home/eee/ros2/src/armor_detect_ros2-main/install/rm_serial_driver/share/rm_serial_driver/package.bash'
[0.666s] INFO:colcon.colcon_core.shell:Creating package script '/home/eee/ros2/src/armor_detect_ros2-main/install/rm_serial_driver/share/rm_serial_driver/package.zsh'
[0.666s] Level 1:colcon.colcon_core.environment:create_file_with_runtime_dependencies(/home/eee/ros2/src/armor_detect_ros2-main/install/rm_serial_driver/share/colcon-core/packages/rm_serial_driver)
[0.667s] Level 1:colcon.colcon_core.environment:create_environment_scripts_only(rm_serial_driver)
[0.667s] Level 1:colcon.colcon_core.environment:checking '/home/eee/ros2/src/armor_detect_ros2-main/install/rm_serial_driver' for CMake module files
[0.668s] Level 1:colcon.colcon_core.environment:checking '/home/eee/ros2/src/armor_detect_ros2-main/install/rm_serial_driver' for CMake config files
[0.668s] Level 1:colcon.colcon_core.shell:create_environment_hook('rm_serial_driver', 'cmake_prefix_path')
[0.668s] INFO:colcon.colcon_core.shell:Creating environment hook '/home/eee/ros2/src/armor_detect_ros2-main/install/rm_serial_driver/share/rm_serial_driver/hook/cmake_prefix_path.ps1'
[0.669s] INFO:colcon.colcon_core.shell:Creating environment descriptor '/home/eee/ros2/src/armor_detect_ros2-main/install/rm_serial_driver/share/rm_serial_driver/hook/cmake_prefix_path.dsv'
[0.669s] INFO:colcon.colcon_core.shell:Creating environment hook '/home/eee/ros2/src/armor_detect_ros2-main/install/rm_serial_driver/share/rm_serial_driver/hook/cmake_prefix_path.sh'
[0.670s] Level 1:colcon.colcon_core.environment:checking '/home/eee/ros2/src/armor_detect_ros2-main/install/rm_serial_driver/lib'
[0.670s] Level 1:colcon.colcon_core.shell:create_environment_hook('rm_serial_driver', 'ld_library_path_lib')
[0.670s] INFO:colcon.colcon_core.shell:Creating environment hook '/home/eee/ros2/src/armor_detect_ros2-main/install/rm_serial_driver/share/rm_serial_driver/hook/ld_library_path_lib.ps1'
[0.670s] INFO:colcon.colcon_core.shell:Creating environment descriptor '/home/eee/ros2/src/armor_detect_ros2-main/install/rm_serial_driver/share/rm_serial_driver/hook/ld_library_path_lib.dsv'
[0.671s] INFO:colcon.colcon_core.shell:Creating environment hook '/home/eee/ros2/src/armor_detect_ros2-main/install/rm_serial_driver/share/rm_serial_driver/hook/ld_library_path_lib.sh'
[0.671s] Level 1:colcon.colcon_core.environment:checking '/home/eee/ros2/src/armor_detect_ros2-main/install/rm_serial_driver/bin'
[0.671s] Level 1:colcon.colcon_core.environment:checking '/home/eee/ros2/src/armor_detect_ros2-main/install/rm_serial_driver/lib/pkgconfig/rm_serial_driver.pc'
[0.671s] Level 1:colcon.colcon_core.environment:checking '/home/eee/ros2/src/armor_detect_ros2-main/install/rm_serial_driver/lib/python3.10/site-packages'
[0.672s] Level 1:colcon.colcon_core.environment:checking '/home/eee/ros2/src/armor_detect_ros2-main/install/rm_serial_driver/bin'
[0.672s] INFO:colcon.colcon_core.shell:Creating package script '/home/eee/ros2/src/armor_detect_ros2-main/install/rm_serial_driver/share/rm_serial_driver/package.ps1'
[0.672s] INFO:colcon.colcon_core.shell:Creating package descriptor '/home/eee/ros2/src/armor_detect_ros2-main/install/rm_serial_driver/share/rm_serial_driver/package.dsv'
[0.672s] INFO:colcon.colcon_core.shell:Creating package script '/home/eee/ros2/src/armor_detect_ros2-main/install/rm_serial_driver/share/rm_serial_driver/package.sh'
[0.673s] INFO:colcon.colcon_core.shell:Creating package script '/home/eee/ros2/src/armor_detect_ros2-main/install/rm_serial_driver/share/rm_serial_driver/package.bash'
[0.673s] INFO:colcon.colcon_core.shell:Creating package script '/home/eee/ros2/src/armor_detect_ros2-main/install/rm_serial_driver/share/rm_serial_driver/package.zsh'
[0.673s] Level 1:colcon.colcon_core.environment:create_file_with_runtime_dependencies(/home/eee/ros2/src/armor_detect_ros2-main/install/rm_serial_driver/share/colcon-core/packages/rm_serial_driver)
[0.673s] DEBUG:colcon.colcon_parallel_executor.executor.parallel:closing loop
[0.673s] DEBUG:colcon.colcon_parallel_executor.executor.parallel:loop closed
[0.673s] DEBUG:colcon.colcon_parallel_executor.executor.parallel:run_until_complete finished with '0'
[0.674s] DEBUG:colcon.colcon_core.event_reactor:joining thread
[0.677s] INFO:colcon.colcon_core.plugin_system:Skipping extension 'colcon_notification.desktop_notification.terminal_notifier': Not used on non-Darwin systems
[0.677s] INFO:colcon.colcon_core.plugin_system:Skipping extension 'colcon_notification.desktop_notification.win32': Not used on non-Windows systems
[0.677s] INFO:colcon.colcon_notification.desktop_notification:Sending desktop notification using 'notify2'
[0.695s] DEBUG:colcon.colcon_core.event_reactor:joined thread
[0.695s] INFO:colcon.colcon_core.shell:Creating prefix script '/home/eee/ros2/src/armor_detect_ros2-main/install/local_setup.ps1'
[0.696s] INFO:colcon.colcon_core.shell:Creating prefix util module '/home/eee/ros2/src/armor_detect_ros2-main/install/_local_setup_util_ps1.py'
[0.696s] INFO:colcon.colcon_core.shell:Creating prefix chain script '/home/eee/ros2/src/armor_detect_ros2-main/install/setup.ps1'
[0.697s] INFO:colcon.colcon_core.shell:Creating prefix script '/home/eee/ros2/src/armor_detect_ros2-main/install/local_setup.sh'
[0.697s] INFO:colcon.colcon_core.shell:Creating prefix util module '/home/eee/ros2/src/armor_detect_ros2-main/install/_local_setup_util_sh.py'
[0.698s] INFO:colcon.colcon_core.shell:Creating prefix chain script '/home/eee/ros2/src/armor_detect_ros2-main/install/setup.sh'
[0.698s] INFO:colcon.colcon_core.shell:Creating prefix script '/home/eee/ros2/src/armor_detect_ros2-main/install/local_setup.bash'
[0.699s] INFO:colcon.colcon_core.shell:Creating prefix chain script '/home/eee/ros2/src/armor_detect_ros2-main/install/setup.bash'
[0.699s] INFO:colcon.colcon_core.shell:Creating prefix script '/home/eee/ros2/src/armor_detect_ros2-main/install/local_setup.zsh'
[0.699s] INFO:colcon.colcon_core.shell:Creating prefix chain script '/home/eee/ros2/src/armor_detect_ros2-main/install/setup.zsh'
