[35m[1mConsolidate compiler generated dependencies of target armor_drawer[0m
[100%] Built target armor_drawer
-- Install configuration: ""
-- Installing: /home/eee/ros2/src/armor_detect_ros2-main/install/armor_drawer/lib/armor_drawer/armor_drawer
-- Set runtime path of "/home/eee/ros2/src/armor_detect_ros2-main/install/armor_drawer/lib/armor_drawer/armor_drawer" to ""
-- Installing: /home/eee/ros2/src/armor_detect_ros2-main/install/armor_drawer/share/ament_index/resource_index/package_run_dependencies/armor_drawer
-- Installing: /home/eee/ros2/src/armor_detect_ros2-main/install/armor_drawer/share/ament_index/resource_index/parent_prefix_path/armor_drawer
-- Installing: /home/eee/ros2/src/armor_detect_ros2-main/install/armor_drawer/share/armor_drawer/environment/ament_prefix_path.sh
-- Installing: /home/eee/ros2/src/armor_detect_ros2-main/install/armor_drawer/share/armor_drawer/environment/ament_prefix_path.dsv
-- Installing: /home/eee/ros2/src/armor_detect_ros2-main/install/armor_drawer/share/armor_drawer/environment/path.sh
-- Installing: /home/eee/ros2/src/armor_detect_ros2-main/install/armor_drawer/share/armor_drawer/environment/path.dsv
-- Installing: /home/eee/ros2/src/armor_detect_ros2-main/install/armor_drawer/share/armor_drawer/local_setup.bash
-- Installing: /home/eee/ros2/src/armor_detect_ros2-main/install/armor_drawer/share/armor_drawer/local_setup.sh
-- Installing: /home/eee/ros2/src/armor_detect_ros2-main/install/armor_drawer/share/armor_drawer/local_setup.zsh
-- Installing: /home/eee/ros2/src/armor_detect_ros2-main/install/armor_drawer/share/armor_drawer/local_setup.dsv
-- Installing: /home/eee/ros2/src/armor_detect_ros2-main/install/armor_drawer/share/armor_drawer/package.dsv
-- Installing: /home/eee/ros2/src/armor_detect_ros2-main/install/armor_drawer/share/ament_index/resource_index/packages/armor_drawer
-- Installing: /home/eee/ros2/src/armor_detect_ros2-main/install/armor_drawer/share/armor_drawer/cmake/armor_drawerConfig.cmake
-- Installing: /home/eee/ros2/src/armor_detect_ros2-main/install/armor_drawer/share/armor_drawer/cmake/armor_drawerConfig-version.cmake
-- Installing: /home/eee/ros2/src/armor_detect_ros2-main/install/armor_drawer/share/armor_drawer/package.xml
