[0.018s] Invoking command in '/home/eee/ros2/src/armor_detect_ros2-main/build/armor_interfaces': CMAKE_PREFIX_PATH=${CMAKE_PREFIX_PATH}:/opt/ros/humble /usr/bin/cmake --build /home/eee/ros2/src/armor_detect_ros2-main/build/armor_interfaces -- -j20 -l20
[0.088s] -- Found ament_cmake: 1.3.14 (/opt/ros/humble/share/ament_cmake/cmake)
[0.405s] -- Found rosidl_default_generators: 1.2.1 (/opt/ros/humble/share/rosidl_default_generators/cmake)
[0.410s] -- Using all available rosidl_typesupport_c: rosidl_typesupport_fastrtps_c;rosidl_typesupport_introspection_c
[0.414s] -- Found rosidl_adapter: 3.1.8 (/opt/ros/humble/share/rosidl_adapter/cmake)
[0.475s] -- Using all available rosidl_typesupport_cpp: rosidl_typesupport_fastrtps_cpp;rosidl_typesupport_introspection_cpp
[0.868s] -- Found ament_cmake_ros: 0.10.0 (/opt/ros/humble/share/ament_cmake_ros/cmake)
[1.118s] -- Using all available rosidl_typesupport_c: rosidl_typesupport_fastrtps_c;rosidl_typesupport_introspection_c
[1.450s] -- Using all available rosidl_typesupport_cpp: rosidl_typesupport_fastrtps_cpp;rosidl_typesupport_introspection_cpp
[1.484s] -- Found python_cmake_module: 0.10.0 (/opt/ros/humble/share/python_cmake_module/cmake)
[1.523s] -- Using PYTHON_EXECUTABLE: /usr/bin/python3
[1.523s] -- Using PYTHON_INCLUDE_DIRS: /usr/include/python3.10
[1.523s] -- Using PYTHON_LIBRARIES: /usr/lib/x86_64-linux-gnu/libpython3.10.so
[1.617s] -- Found ament_lint_auto: 0.12.15 (/opt/ros/humble/share/ament_lint_auto/cmake)
[1.632s] -- Configuring done
[1.685s] -- Generating done
[1.699s] -- Build files have been written to: /home/eee/ros2/src/armor_detect_ros2-main/build/armor_interfaces
[1.737s] [  2%] [34m[1mGenerating C code for ROS interfaces[0m
[1.760s] [  5%] [34m[1mGenerating C++ code for ROS interfaces[0m
[1.760s] [  7%] [34m[1mGenerating Rust code for ROS interfaces[0m
[1.780s] [  7%] Built target ament_cmake_python_copy_armor_interfaces
[2.120s] [  7%] Built target armor_interfaces__rs
[2.128s] running egg_info
[2.129s] writing armor_interfaces.egg-info/PKG-INFO
[2.129s] writing dependency_links to armor_interfaces.egg-info/dependency_links.txt
[2.129s] writing top-level names to armor_interfaces.egg-info/top_level.txt
[2.132s] reading manifest file 'armor_interfaces.egg-info/SOURCES.txt'
[2.133s] writing manifest file 'armor_interfaces.egg-info/SOURCES.txt'
[2.188s] [  7%] Built target ament_cmake_python_build_armor_interfaces_egg
[2.190s] [35m[1mConsolidate compiler generated dependencies of target armor_interfaces__rosidl_generator_c[0m
[2.197s] [  7%] Built target armor_interfaces__cpp
[2.209s] [ 12%] [32mBuilding C object CMakeFiles/armor_interfaces__rosidl_generator_c.dir/rosidl_generator_c/armor_interfaces/msg/detail/armor_info__functions.c.o[0m
[2.209s] [ 12%] [32mBuilding C object CMakeFiles/armor_interfaces__rosidl_generator_c.dir/rosidl_generator_c/armor_interfaces/msg/detail/serial_driver__functions.c.o[0m
[2.211s] [ 15%] [34m[1mGenerating C++ introspection for ROS interfaces[0m
[2.213s] [ 17%] [34m[1mGenerating C++ type support for eProsima Fast-RTPS[0m
[2.214s] [ 20%] [34m[1mGenerating C++ type support dispatch for ROS interfaces[0m
[2.342s] [ 22%] [32m[1mLinking C shared library libarmor_interfaces__rosidl_generator_c.so[0m
[2.415s] [ 22%] Built target armor_interfaces__rosidl_generator_c
[2.431s] [ 25%] [34m[1mGenerating C type support for eProsima Fast-RTPS[0m
[2.434s] [ 27%] [34m[1mGenerating C introspection for ROS interfaces[0m
[2.435s] [ 30%] [34m[1mGenerating C type support dispatch for ROS interfaces[0m
[2.591s] [35m[1mConsolidate compiler generated dependencies of target armor_interfaces__rosidl_typesupport_cpp[0m
[2.612s] [ 32%] [32mBuilding CXX object CMakeFiles/armor_interfaces__rosidl_typesupport_cpp.dir/rosidl_typesupport_cpp/armor_interfaces/msg/armor_info__type_support.cpp.o[0m
[2.613s] [ 35%] [32mBuilding CXX object CMakeFiles/armor_interfaces__rosidl_typesupport_cpp.dir/rosidl_typesupport_cpp/armor_interfaces/msg/serial_driver__type_support.cpp.o[0m
[2.616s] [35m[1mConsolidate compiler generated dependencies of target armor_interfaces__rosidl_typesupport_introspection_cpp[0m
[2.634s] [35m[1mConsolidate compiler generated dependencies of target armor_interfaces__rosidl_typesupport_fastrtps_cpp[0m
[2.637s] [ 37%] [32mBuilding CXX object CMakeFiles/armor_interfaces__rosidl_typesupport_introspection_cpp.dir/rosidl_typesupport_introspection_cpp/armor_interfaces/msg/detail/serial_driver__type_support.cpp.o[0m
[2.639s] [ 40%] [32mBuilding CXX object CMakeFiles/armor_interfaces__rosidl_typesupport_introspection_cpp.dir/rosidl_typesupport_introspection_cpp/armor_interfaces/msg/detail/armor_info__type_support.cpp.o[0m
[2.660s] [ 42%] [32mBuilding CXX object CMakeFiles/armor_interfaces__rosidl_typesupport_fastrtps_cpp.dir/rosidl_typesupport_fastrtps_cpp/armor_interfaces/msg/detail/dds_fastrtps/armor_info__type_support.cpp.o[0m
[2.662s] [ 45%] [32mBuilding CXX object CMakeFiles/armor_interfaces__rosidl_typesupport_fastrtps_cpp.dir/rosidl_typesupport_fastrtps_cpp/armor_interfaces/msg/detail/dds_fastrtps/serial_driver__type_support.cpp.o[0m
[2.876s] [35m[1mConsolidate compiler generated dependencies of target armor_interfaces__rosidl_typesupport_c[0m
[2.898s] [ 47%] [32mBuilding CXX object CMakeFiles/armor_interfaces__rosidl_typesupport_c.dir/rosidl_typesupport_c/armor_interfaces/msg/armor_info__type_support.cpp.o[0m
[2.898s] [ 50%] [32mBuilding CXX object CMakeFiles/armor_interfaces__rosidl_typesupport_c.dir/rosidl_typesupport_c/armor_interfaces/msg/serial_driver__type_support.cpp.o[0m
[2.901s] [35m[1mConsolidate compiler generated dependencies of target armor_interfaces__rosidl_typesupport_fastrtps_c[0m
[2.934s] [ 52%] [32mBuilding CXX object CMakeFiles/armor_interfaces__rosidl_typesupport_fastrtps_c.dir/rosidl_typesupport_fastrtps_c/armor_interfaces/msg/detail/armor_info__type_support_c.cpp.o[0m
[2.938s] [ 55%] [32mBuilding CXX object CMakeFiles/armor_interfaces__rosidl_typesupport_fastrtps_c.dir/rosidl_typesupport_fastrtps_c/armor_interfaces/msg/detail/serial_driver__type_support_c.cpp.o[0m
[2.940s] [35m[1mConsolidate compiler generated dependencies of target armor_interfaces__rosidl_typesupport_introspection_c[0m
[2.966s] [ 57%] [32mBuilding C object CMakeFiles/armor_interfaces__rosidl_typesupport_introspection_c.dir/rosidl_typesupport_introspection_c/armor_interfaces/msg/detail/serial_driver__type_support.c.o[0m
[2.968s] [ 60%] [32mBuilding C object CMakeFiles/armor_interfaces__rosidl_typesupport_introspection_c.dir/rosidl_typesupport_introspection_c/armor_interfaces/msg/detail/armor_info__type_support.c.o[0m
[2.976s] [ 62%] [32m[1mLinking CXX shared library libarmor_interfaces__rosidl_typesupport_c.so[0m
[3.043s] [ 65%] [32m[1mLinking C shared library libarmor_interfaces__rosidl_typesupport_introspection_c.so[0m
[3.075s] [ 65%] Built target armor_interfaces__rosidl_typesupport_c
[3.109s] [ 65%] Built target armor_interfaces__rosidl_typesupport_introspection_c
[3.147s] [ 67%] [32m[1mLinking CXX shared library libarmor_interfaces__rosidl_typesupport_cpp.so[0m
[3.226s] [ 67%] Built target armor_interfaces__rosidl_typesupport_cpp
[3.450s] [ 70%] [32m[1mLinking CXX shared library libarmor_interfaces__rosidl_typesupport_introspection_cpp.so[0m
[3.532s] [ 72%] [32m[1mLinking CXX shared library libarmor_interfaces__rosidl_typesupport_fastrtps_c.so[0m
[3.538s] [ 72%] Built target armor_interfaces__rosidl_typesupport_introspection_cpp
[3.567s] [ 75%] [32m[1mLinking CXX shared library libarmor_interfaces__rosidl_typesupport_fastrtps_cpp.so[0m
[3.668s] [ 75%] Built target armor_interfaces__rosidl_typesupport_fastrtps_c
[3.703s] [ 75%] Built target armor_interfaces__rosidl_typesupport_fastrtps_cpp
[3.738s] [ 75%] Built target armor_interfaces
[3.775s] [ 77%] [34m[1mGenerating Python code for ROS interfaces[0m
[4.348s] [ 77%] Built target armor_interfaces__py
[4.368s] [35m[1mConsolidate compiler generated dependencies of target armor_interfaces__rosidl_generator_py[0m
[4.392s] [ 82%] [32mBuilding C object CMakeFiles/armor_interfaces__rosidl_generator_py.dir/rosidl_generator_py/armor_interfaces/msg/_serial_driver_s.c.o[0m
[4.392s] [ 82%] [32mBuilding C object CMakeFiles/armor_interfaces__rosidl_generator_py.dir/rosidl_generator_py/armor_interfaces/msg/_armor_info_s.c.o[0m
[4.587s] [ 85%] [32m[1mLinking C shared library rosidl_generator_py/armor_interfaces/libarmor_interfaces__rosidl_generator_py.so[0m
[4.659s] [ 85%] Built target armor_interfaces__rosidl_generator_py
[4.677s] [35m[1mConsolidate compiler generated dependencies of target armor_interfaces__rosidl_typesupport_fastrtps_c__pyext[0m
[4.678s] [35m[1mConsolidate compiler generated dependencies of target armor_interfaces__rosidl_typesupport_c__pyext[0m
[4.679s] [35m[1mConsolidate compiler generated dependencies of target armor_interfaces__rosidl_typesupport_introspection_c__pyext[0m
[4.702s] [ 87%] [32mBuilding C object CMakeFiles/armor_interfaces__rosidl_typesupport_fastrtps_c__pyext.dir/rosidl_generator_py/armor_interfaces/_armor_interfaces_s.ep.rosidl_typesupport_fastrtps_c.c.o[0m
[4.702s] [ 90%] [32mBuilding C object CMakeFiles/armor_interfaces__rosidl_typesupport_c__pyext.dir/rosidl_generator_py/armor_interfaces/_armor_interfaces_s.ep.rosidl_typesupport_c.c.o[0m
[4.703s] [ 92%] [32mBuilding C object CMakeFiles/armor_interfaces__rosidl_typesupport_introspection_c__pyext.dir/rosidl_generator_py/armor_interfaces/_armor_interfaces_s.ep.rosidl_typesupport_introspection_c.c.o[0m
[4.866s] [ 95%] [32m[1mLinking C shared library rosidl_generator_py/armor_interfaces/armor_interfaces_s__rosidl_typesupport_fastrtps_c.cpython-310-x86_64-linux-gnu.so[0m
[4.868s] [ 97%] [32m[1mLinking C shared library rosidl_generator_py/armor_interfaces/armor_interfaces_s__rosidl_typesupport_introspection_c.cpython-310-x86_64-linux-gnu.so[0m
[4.871s] [100%] [32m[1mLinking C shared library rosidl_generator_py/armor_interfaces/armor_interfaces_s__rosidl_typesupport_c.cpython-310-x86_64-linux-gnu.so[0m
[4.924s] [100%] Built target armor_interfaces__rosidl_typesupport_introspection_c__pyext
[4.924s] [100%] Built target armor_interfaces__rosidl_typesupport_fastrtps_c__pyext
[4.928s] [100%] Built target armor_interfaces__rosidl_typesupport_c__pyext
[4.945s] Invoked command in '/home/eee/ros2/src/armor_detect_ros2-main/build/armor_interfaces' returned '0': CMAKE_PREFIX_PATH=${CMAKE_PREFIX_PATH}:/opt/ros/humble /usr/bin/cmake --build /home/eee/ros2/src/armor_detect_ros2-main/build/armor_interfaces -- -j20 -l20
[4.963s] Invoking command in '/home/eee/ros2/src/armor_detect_ros2-main/build/armor_interfaces': CMAKE_PREFIX_PATH=${CMAKE_PREFIX_PATH}:/opt/ros/humble /usr/bin/cmake --install /home/eee/ros2/src/armor_detect_ros2-main/build/armor_interfaces
[4.978s] -- Install configuration: ""
[4.978s] -- Up-to-date: /home/eee/ros2/src/armor_detect_ros2-main/install/armor_interfaces/share/ament_index/resource_index/rosidl_interfaces/armor_interfaces
[4.978s] -- Up-to-date: /home/eee/ros2/src/armor_detect_ros2-main/install/armor_interfaces/include/armor_interfaces/armor_interfaces
[4.979s] -- Up-to-date: /home/eee/ros2/src/armor_detect_ros2-main/install/armor_interfaces/include/armor_interfaces/armor_interfaces/msg
[4.980s] -- Installing: /home/eee/ros2/src/armor_detect_ros2-main/install/armor_interfaces/include/armor_interfaces/armor_interfaces/msg/armor_info.h
[4.980s] -- Up-to-date: /home/eee/ros2/src/armor_detect_ros2-main/install/armor_interfaces/include/armor_interfaces/armor_interfaces/msg/detail
[4.980s] -- Installing: /home/eee/ros2/src/armor_detect_ros2-main/install/armor_interfaces/include/armor_interfaces/armor_interfaces/msg/detail/serial_driver__type_support.h
[4.980s] -- Installing: /home/eee/ros2/src/armor_detect_ros2-main/install/armor_interfaces/include/armor_interfaces/armor_interfaces/msg/detail/armor_info__functions.c
[4.980s] -- Installing: /home/eee/ros2/src/armor_detect_ros2-main/install/armor_interfaces/include/armor_interfaces/armor_interfaces/msg/detail/serial_driver__struct.h
[4.981s] -- Installing: /home/eee/ros2/src/armor_detect_ros2-main/install/armor_interfaces/include/armor_interfaces/armor_interfaces/msg/detail/armor_info__struct.h
[4.981s] -- Installing: /home/eee/ros2/src/armor_detect_ros2-main/install/armor_interfaces/include/armor_interfaces/armor_interfaces/msg/detail/armor_info__type_support.h
[4.981s] -- Installing: /home/eee/ros2/src/armor_detect_ros2-main/install/armor_interfaces/include/armor_interfaces/armor_interfaces/msg/detail/serial_driver__functions.h
[4.981s] -- Installing: /home/eee/ros2/src/armor_detect_ros2-main/install/armor_interfaces/include/armor_interfaces/armor_interfaces/msg/detail/armor_info__functions.h
[4.982s] -- Installing: /home/eee/ros2/src/armor_detect_ros2-main/install/armor_interfaces/include/armor_interfaces/armor_interfaces/msg/detail/serial_driver__functions.c
[4.982s] -- Up-to-date: /home/eee/ros2/src/armor_detect_ros2-main/install/armor_interfaces/include/armor_interfaces/armor_interfaces/msg/rosidl_generator_c__visibility_control.h
[4.982s] -- Installing: /home/eee/ros2/src/armor_detect_ros2-main/install/armor_interfaces/include/armor_interfaces/armor_interfaces/msg/serial_driver.h
[4.982s] -- Up-to-date: /home/eee/ros2/src/armor_detect_ros2-main/install/armor_interfaces/share/armor_interfaces/environment/library_path.sh
[4.982s] -- Installing: /home/eee/ros2/src/armor_detect_ros2-main/install/armor_interfaces/share/armor_interfaces/environment/library_path.dsv
[4.982s] -- Installing: /home/eee/ros2/src/armor_detect_ros2-main/install/armor_interfaces/lib/libarmor_interfaces__rosidl_generator_c.so
[4.983s] -- Set runtime path of "/home/eee/ros2/src/armor_detect_ros2-main/install/armor_interfaces/lib/libarmor_interfaces__rosidl_generator_c.so" to ""
[4.983s] -- Up-to-date: /home/eee/ros2/src/armor_detect_ros2-main/install/armor_interfaces/include/armor_interfaces/armor_interfaces
[4.984s] -- Up-to-date: /home/eee/ros2/src/armor_detect_ros2-main/install/armor_interfaces/include/armor_interfaces/armor_interfaces/msg
[4.984s] -- Up-to-date: /home/eee/ros2/src/armor_detect_ros2-main/install/armor_interfaces/include/armor_interfaces/armor_interfaces/msg/detail
[4.984s] -- Installing: /home/eee/ros2/src/armor_detect_ros2-main/install/armor_interfaces/include/armor_interfaces/armor_interfaces/msg/detail/serial_driver__rosidl_typesupport_fastrtps_c.h
[4.984s] -- Installing: /home/eee/ros2/src/armor_detect_ros2-main/install/armor_interfaces/include/armor_interfaces/armor_interfaces/msg/detail/armor_info__rosidl_typesupport_fastrtps_c.h
[4.984s] -- Up-to-date: /home/eee/ros2/src/armor_detect_ros2-main/install/armor_interfaces/include/armor_interfaces/armor_interfaces/msg/rosidl_typesupport_fastrtps_c__visibility_control.h
[4.985s] -- Installing: /home/eee/ros2/src/armor_detect_ros2-main/install/armor_interfaces/lib/libarmor_interfaces__rosidl_typesupport_fastrtps_c.so
[4.985s] -- Set runtime path of "/home/eee/ros2/src/armor_detect_ros2-main/install/armor_interfaces/lib/libarmor_interfaces__rosidl_typesupport_fastrtps_c.so" to ""
[4.985s] -- Up-to-date: /home/eee/ros2/src/armor_detect_ros2-main/install/armor_interfaces/include/armor_interfaces/armor_interfaces
[4.985s] -- Up-to-date: /home/eee/ros2/src/armor_detect_ros2-main/install/armor_interfaces/include/armor_interfaces/armor_interfaces/msg
[4.985s] -- Up-to-date: /home/eee/ros2/src/armor_detect_ros2-main/install/armor_interfaces/include/armor_interfaces/armor_interfaces/msg/rosidl_typesupport_introspection_c__visibility_control.h
[4.986s] -- Up-to-date: /home/eee/ros2/src/armor_detect_ros2-main/install/armor_interfaces/include/armor_interfaces/armor_interfaces/msg/detail
[4.986s] -- Installing: /home/eee/ros2/src/armor_detect_ros2-main/install/armor_interfaces/include/armor_interfaces/armor_interfaces/msg/detail/armor_info__type_support.c
[4.986s] -- Installing: /home/eee/ros2/src/armor_detect_ros2-main/install/armor_interfaces/include/armor_interfaces/armor_interfaces/msg/detail/armor_info__rosidl_typesupport_introspection_c.h
[4.986s] -- Installing: /home/eee/ros2/src/armor_detect_ros2-main/install/armor_interfaces/include/armor_interfaces/armor_interfaces/msg/detail/serial_driver__type_support.c
[4.986s] -- Installing: /home/eee/ros2/src/armor_detect_ros2-main/install/armor_interfaces/include/armor_interfaces/armor_interfaces/msg/detail/serial_driver__rosidl_typesupport_introspection_c.h
[4.986s] -- Installing: /home/eee/ros2/src/armor_detect_ros2-main/install/armor_interfaces/lib/libarmor_interfaces__rosidl_typesupport_introspection_c.so
[4.987s] -- Set runtime path of "/home/eee/ros2/src/armor_detect_ros2-main/install/armor_interfaces/lib/libarmor_interfaces__rosidl_typesupport_introspection_c.so" to ""
[4.987s] -- Installing: /home/eee/ros2/src/armor_detect_ros2-main/install/armor_interfaces/lib/libarmor_interfaces__rosidl_typesupport_c.so
[4.988s] -- Set runtime path of "/home/eee/ros2/src/armor_detect_ros2-main/install/armor_interfaces/lib/libarmor_interfaces__rosidl_typesupport_c.so" to ""
[4.988s] -- Up-to-date: /home/eee/ros2/src/armor_detect_ros2-main/install/armor_interfaces/include/armor_interfaces/armor_interfaces
[4.988s] -- Up-to-date: /home/eee/ros2/src/armor_detect_ros2-main/install/armor_interfaces/include/armor_interfaces/armor_interfaces/msg
[4.989s] -- Installing: /home/eee/ros2/src/armor_detect_ros2-main/install/armor_interfaces/include/armor_interfaces/armor_interfaces/msg/armor_info.hpp
[4.989s] -- Up-to-date: /home/eee/ros2/src/armor_detect_ros2-main/install/armor_interfaces/include/armor_interfaces/armor_interfaces/msg/detail
[4.989s] -- Installing: /home/eee/ros2/src/armor_detect_ros2-main/install/armor_interfaces/include/armor_interfaces/armor_interfaces/msg/detail/armor_info__type_support.hpp
[4.989s] -- Installing: /home/eee/ros2/src/armor_detect_ros2-main/install/armor_interfaces/include/armor_interfaces/armor_interfaces/msg/detail/armor_info__traits.hpp
[4.989s] -- Installing: /home/eee/ros2/src/armor_detect_ros2-main/install/armor_interfaces/include/armor_interfaces/armor_interfaces/msg/detail/armor_info__struct.hpp
[4.989s] -- Installing: /home/eee/ros2/src/armor_detect_ros2-main/install/armor_interfaces/include/armor_interfaces/armor_interfaces/msg/detail/armor_info__builder.hpp
[4.990s] -- Installing: /home/eee/ros2/src/armor_detect_ros2-main/install/armor_interfaces/include/armor_interfaces/armor_interfaces/msg/detail/serial_driver__traits.hpp
[4.990s] -- Installing: /home/eee/ros2/src/armor_detect_ros2-main/install/armor_interfaces/include/armor_interfaces/armor_interfaces/msg/detail/serial_driver__type_support.hpp
[4.990s] -- Installing: /home/eee/ros2/src/armor_detect_ros2-main/install/armor_interfaces/include/armor_interfaces/armor_interfaces/msg/detail/serial_driver__builder.hpp
[4.990s] -- Installing: /home/eee/ros2/src/armor_detect_ros2-main/install/armor_interfaces/include/armor_interfaces/armor_interfaces/msg/detail/serial_driver__struct.hpp
[4.990s] -- Installing: /home/eee/ros2/src/armor_detect_ros2-main/install/armor_interfaces/include/armor_interfaces/armor_interfaces/msg/serial_driver.hpp
[4.990s] -- Up-to-date: /home/eee/ros2/src/armor_detect_ros2-main/install/armor_interfaces/include/armor_interfaces/armor_interfaces/msg/rosidl_generator_cpp__visibility_control.hpp
[4.991s] -- Up-to-date: /home/eee/ros2/src/armor_detect_ros2-main/install/armor_interfaces/include/armor_interfaces/armor_interfaces
[4.991s] -- Up-to-date: /home/eee/ros2/src/armor_detect_ros2-main/install/armor_interfaces/include/armor_interfaces/armor_interfaces/msg
[4.991s] -- Up-to-date: /home/eee/ros2/src/armor_detect_ros2-main/install/armor_interfaces/include/armor_interfaces/armor_interfaces/msg/detail
[4.991s] -- Installing: /home/eee/ros2/src/armor_detect_ros2-main/install/armor_interfaces/include/armor_interfaces/armor_interfaces/msg/detail/serial_driver__rosidl_typesupport_fastrtps_cpp.hpp
[4.991s] -- Installing: /home/eee/ros2/src/armor_detect_ros2-main/install/armor_interfaces/include/armor_interfaces/armor_interfaces/msg/detail/armor_info__rosidl_typesupport_fastrtps_cpp.hpp
[4.991s] -- Up-to-date: /home/eee/ros2/src/armor_detect_ros2-main/install/armor_interfaces/include/armor_interfaces/armor_interfaces/msg/detail/dds_fastrtps
[4.991s] -- Up-to-date: /home/eee/ros2/src/armor_detect_ros2-main/install/armor_interfaces/include/armor_interfaces/armor_interfaces/msg/rosidl_typesupport_fastrtps_cpp__visibility_control.h
[4.992s] -- Installing: /home/eee/ros2/src/armor_detect_ros2-main/install/armor_interfaces/lib/libarmor_interfaces__rosidl_typesupport_fastrtps_cpp.so
[4.992s] -- Set runtime path of "/home/eee/ros2/src/armor_detect_ros2-main/install/armor_interfaces/lib/libarmor_interfaces__rosidl_typesupport_fastrtps_cpp.so" to ""
[4.992s] -- Up-to-date: /home/eee/ros2/src/armor_detect_ros2-main/install/armor_interfaces/include/armor_interfaces/armor_interfaces
[4.992s] -- Up-to-date: /home/eee/ros2/src/armor_detect_ros2-main/install/armor_interfaces/include/armor_interfaces/armor_interfaces/msg
[4.992s] -- Up-to-date: /home/eee/ros2/src/armor_detect_ros2-main/install/armor_interfaces/include/armor_interfaces/armor_interfaces/msg/detail
[4.992s] -- Installing: /home/eee/ros2/src/armor_detect_ros2-main/install/armor_interfaces/include/armor_interfaces/armor_interfaces/msg/detail/serial_driver__rosidl_typesupport_introspection_cpp.hpp
[4.992s] -- Installing: /home/eee/ros2/src/armor_detect_ros2-main/install/armor_interfaces/include/armor_interfaces/armor_interfaces/msg/detail/armor_info__rosidl_typesupport_introspection_cpp.hpp
[4.993s] -- Installing: /home/eee/ros2/src/armor_detect_ros2-main/install/armor_interfaces/include/armor_interfaces/armor_interfaces/msg/detail/armor_info__type_support.cpp
[4.993s] -- Installing: /home/eee/ros2/src/armor_detect_ros2-main/install/armor_interfaces/include/armor_interfaces/armor_interfaces/msg/detail/serial_driver__type_support.cpp
[4.993s] -- Installing: /home/eee/ros2/src/armor_detect_ros2-main/install/armor_interfaces/lib/libarmor_interfaces__rosidl_typesupport_introspection_cpp.so
[4.993s] -- Set runtime path of "/home/eee/ros2/src/armor_detect_ros2-main/install/armor_interfaces/lib/libarmor_interfaces__rosidl_typesupport_introspection_cpp.so" to ""
[4.993s] -- Installing: /home/eee/ros2/src/armor_detect_ros2-main/install/armor_interfaces/lib/libarmor_interfaces__rosidl_typesupport_cpp.so
[4.993s] -- Set runtime path of "/home/eee/ros2/src/armor_detect_ros2-main/install/armor_interfaces/lib/libarmor_interfaces__rosidl_typesupport_cpp.so" to ""
[4.993s] -- Up-to-date: /home/eee/ros2/src/armor_detect_ros2-main/install/armor_interfaces/share/armor_interfaces/environment/pythonpath.sh
[4.994s] -- Installing: /home/eee/ros2/src/armor_detect_ros2-main/install/armor_interfaces/share/armor_interfaces/environment/pythonpath.dsv
[4.994s] -- Up-to-date: /home/eee/ros2/src/armor_detect_ros2-main/install/armor_interfaces/local/lib/python3.10/dist-packages/armor_interfaces-0.0.0-py3.10.egg-info
[4.994s] -- Installing: /home/eee/ros2/src/armor_detect_ros2-main/install/armor_interfaces/local/lib/python3.10/dist-packages/armor_interfaces-0.0.0-py3.10.egg-info/PKG-INFO
[4.994s] -- Installing: /home/eee/ros2/src/armor_detect_ros2-main/install/armor_interfaces/local/lib/python3.10/dist-packages/armor_interfaces-0.0.0-py3.10.egg-info/dependency_links.txt
[4.994s] -- Installing: /home/eee/ros2/src/armor_detect_ros2-main/install/armor_interfaces/local/lib/python3.10/dist-packages/armor_interfaces-0.0.0-py3.10.egg-info/SOURCES.txt
[4.994s] -- Installing: /home/eee/ros2/src/armor_detect_ros2-main/install/armor_interfaces/local/lib/python3.10/dist-packages/armor_interfaces-0.0.0-py3.10.egg-info/top_level.txt
[4.995s] -- Up-to-date: /home/eee/ros2/src/armor_detect_ros2-main/install/armor_interfaces/local/lib/python3.10/dist-packages/armor_interfaces
[4.995s] -- Up-to-date: /home/eee/ros2/src/armor_detect_ros2-main/install/armor_interfaces/local/lib/python3.10/dist-packages/armor_interfaces/msg
[4.995s] -- Installing: /home/eee/ros2/src/armor_detect_ros2-main/install/armor_interfaces/local/lib/python3.10/dist-packages/armor_interfaces/msg/__init__.py
[4.995s] -- Installing: /home/eee/ros2/src/armor_detect_ros2-main/install/armor_interfaces/local/lib/python3.10/dist-packages/armor_interfaces/msg/_armor_info.py
[4.995s] -- Installing: /home/eee/ros2/src/armor_detect_ros2-main/install/armor_interfaces/local/lib/python3.10/dist-packages/armor_interfaces/msg/_serial_driver_s.c
[4.995s] -- Installing: /home/eee/ros2/src/armor_detect_ros2-main/install/armor_interfaces/local/lib/python3.10/dist-packages/armor_interfaces/msg/_serial_driver.py
[4.995s] -- Installing: /home/eee/ros2/src/armor_detect_ros2-main/install/armor_interfaces/local/lib/python3.10/dist-packages/armor_interfaces/msg/_armor_info_s.c
[4.996s] -- Installing: /home/eee/ros2/src/armor_detect_ros2-main/install/armor_interfaces/local/lib/python3.10/dist-packages/armor_interfaces/libarmor_interfaces__rosidl_generator_py.so
[4.996s] -- Installing: /home/eee/ros2/src/armor_detect_ros2-main/install/armor_interfaces/local/lib/python3.10/dist-packages/armor_interfaces/armor_interfaces_s__rosidl_typesupport_fastrtps_c.cpython-310-x86_64-linux-gnu.so
[4.996s] -- Installing: /home/eee/ros2/src/armor_detect_ros2-main/install/armor_interfaces/local/lib/python3.10/dist-packages/armor_interfaces/__init__.py
[4.996s] -- Installing: /home/eee/ros2/src/armor_detect_ros2-main/install/armor_interfaces/local/lib/python3.10/dist-packages/armor_interfaces/_armor_interfaces_s.ep.rosidl_typesupport_introspection_c.c
[4.996s] -- Installing: /home/eee/ros2/src/armor_detect_ros2-main/install/armor_interfaces/local/lib/python3.10/dist-packages/armor_interfaces/_armor_interfaces_s.ep.rosidl_typesupport_c.c
[4.996s] -- Installing: /home/eee/ros2/src/armor_detect_ros2-main/install/armor_interfaces/local/lib/python3.10/dist-packages/armor_interfaces/_armor_interfaces_s.ep.rosidl_typesupport_fastrtps_c.c
[4.996s] -- Installing: /home/eee/ros2/src/armor_detect_ros2-main/install/armor_interfaces/local/lib/python3.10/dist-packages/armor_interfaces/armor_interfaces_s__rosidl_typesupport_introspection_c.cpython-310-x86_64-linux-gnu.so
[4.996s] -- Installing: /home/eee/ros2/src/armor_detect_ros2-main/install/armor_interfaces/local/lib/python3.10/dist-packages/armor_interfaces/armor_interfaces_s__rosidl_typesupport_c.cpython-310-x86_64-linux-gnu.so
[5.059s] Listing '/home/eee/ros2/src/armor_detect_ros2-main/install/armor_interfaces/local/lib/python3.10/dist-packages/armor_interfaces'...
[5.059s] Compiling '/home/eee/ros2/src/armor_detect_ros2-main/install/armor_interfaces/local/lib/python3.10/dist-packages/armor_interfaces/__init__.py'...
[5.060s] Listing '/home/eee/ros2/src/armor_detect_ros2-main/install/armor_interfaces/local/lib/python3.10/dist-packages/armor_interfaces/msg'...
[5.060s] Compiling '/home/eee/ros2/src/armor_detect_ros2-main/install/armor_interfaces/local/lib/python3.10/dist-packages/armor_interfaces/msg/__init__.py'...
[5.060s] Compiling '/home/eee/ros2/src/armor_detect_ros2-main/install/armor_interfaces/local/lib/python3.10/dist-packages/armor_interfaces/msg/_armor_info.py'...
[5.060s] Compiling '/home/eee/ros2/src/armor_detect_ros2-main/install/armor_interfaces/local/lib/python3.10/dist-packages/armor_interfaces/msg/_serial_driver.py'...
[5.067s] -- Installing: /home/eee/ros2/src/armor_detect_ros2-main/install/armor_interfaces/local/lib/python3.10/dist-packages/armor_interfaces/armor_interfaces_s__rosidl_typesupport_fastrtps_c.cpython-310-x86_64-linux-gnu.so
[5.067s] -- Set runtime path of "/home/eee/ros2/src/armor_detect_ros2-main/install/armor_interfaces/local/lib/python3.10/dist-packages/armor_interfaces/armor_interfaces_s__rosidl_typesupport_fastrtps_c.cpython-310-x86_64-linux-gnu.so" to ""
[5.067s] -- Installing: /home/eee/ros2/src/armor_detect_ros2-main/install/armor_interfaces/local/lib/python3.10/dist-packages/armor_interfaces/armor_interfaces_s__rosidl_typesupport_introspection_c.cpython-310-x86_64-linux-gnu.so
[5.068s] -- Set runtime path of "/home/eee/ros2/src/armor_detect_ros2-main/install/armor_interfaces/local/lib/python3.10/dist-packages/armor_interfaces/armor_interfaces_s__rosidl_typesupport_introspection_c.cpython-310-x86_64-linux-gnu.so" to ""
[5.068s] -- Installing: /home/eee/ros2/src/armor_detect_ros2-main/install/armor_interfaces/local/lib/python3.10/dist-packages/armor_interfaces/armor_interfaces_s__rosidl_typesupport_c.cpython-310-x86_64-linux-gnu.so
[5.068s] -- Set runtime path of "/home/eee/ros2/src/armor_detect_ros2-main/install/armor_interfaces/local/lib/python3.10/dist-packages/armor_interfaces/armor_interfaces_s__rosidl_typesupport_c.cpython-310-x86_64-linux-gnu.so" to ""
[5.070s] -- Installing: /home/eee/ros2/src/armor_detect_ros2-main/install/armor_interfaces/lib/libarmor_interfaces__rosidl_generator_py.so
[5.070s] -- Set runtime path of "/home/eee/ros2/src/armor_detect_ros2-main/install/armor_interfaces/lib/libarmor_interfaces__rosidl_generator_py.so" to ""
[5.070s] -- Up-to-date: /home/eee/ros2/src/armor_detect_ros2-main/install/armor_interfaces/share/ament_index/resource_index/rust_packages/armor_interfaces
[5.071s] -- Up-to-date: /home/eee/ros2/src/armor_detect_ros2-main/install/armor_interfaces/share/armor_interfaces/rust
[5.071s] -- Installing: /home/eee/ros2/src/armor_detect_ros2-main/install/armor_interfaces/share/armor_interfaces/rust/build.rs
[5.071s] -- Installing: /home/eee/ros2/src/armor_detect_ros2-main/install/armor_interfaces/share/armor_interfaces/rust/Cargo.toml
[5.071s] -- Up-to-date: /home/eee/ros2/src/armor_detect_ros2-main/install/armor_interfaces/share/armor_interfaces/rust/src
[5.071s] -- Up-to-date: /home/eee/ros2/src/armor_detect_ros2-main/install/armor_interfaces/share/armor_interfaces/rust/src/msg
[5.072s] -- Installing: /home/eee/ros2/src/armor_detect_ros2-main/install/armor_interfaces/share/armor_interfaces/rust/src/msg/rmw.rs
[5.072s] -- Installing: /home/eee/ros2/src/armor_detect_ros2-main/install/armor_interfaces/share/armor_interfaces/rust/src/msg.rs
[5.072s] -- Installing: /home/eee/ros2/src/armor_detect_ros2-main/install/armor_interfaces/share/armor_interfaces/rust/src/lib.rs
[5.072s] -- Up-to-date: /home/eee/ros2/src/armor_detect_ros2-main/install/armor_interfaces/share/armor_interfaces/msg/ArmorInfo.idl
[5.072s] -- Installing: /home/eee/ros2/src/armor_detect_ros2-main/install/armor_interfaces/share/armor_interfaces/msg/SerialDriver.idl
[5.072s] -- Up-to-date: /home/eee/ros2/src/armor_detect_ros2-main/install/armor_interfaces/share/armor_interfaces/msg/ArmorInfo.msg
[5.073s] -- Installing: /home/eee/ros2/src/armor_detect_ros2-main/install/armor_interfaces/share/armor_interfaces/msg/SerialDriver.msg
[5.073s] -- Up-to-date: /home/eee/ros2/src/armor_detect_ros2-main/install/armor_interfaces/share/ament_index/resource_index/package_run_dependencies/armor_interfaces
[5.073s] -- Up-to-date: /home/eee/ros2/src/armor_detect_ros2-main/install/armor_interfaces/share/ament_index/resource_index/parent_prefix_path/armor_interfaces
[5.073s] -- Up-to-date: /home/eee/ros2/src/armor_detect_ros2-main/install/armor_interfaces/share/armor_interfaces/environment/ament_prefix_path.sh
[5.073s] -- Installing: /home/eee/ros2/src/armor_detect_ros2-main/install/armor_interfaces/share/armor_interfaces/environment/ament_prefix_path.dsv
[5.073s] -- Up-to-date: /home/eee/ros2/src/armor_detect_ros2-main/install/armor_interfaces/share/armor_interfaces/environment/path.sh
[5.073s] -- Installing: /home/eee/ros2/src/armor_detect_ros2-main/install/armor_interfaces/share/armor_interfaces/environment/path.dsv
[5.073s] -- Up-to-date: /home/eee/ros2/src/armor_detect_ros2-main/install/armor_interfaces/share/armor_interfaces/local_setup.bash
[5.073s] -- Up-to-date: /home/eee/ros2/src/armor_detect_ros2-main/install/armor_interfaces/share/armor_interfaces/local_setup.sh
[5.073s] -- Up-to-date: /home/eee/ros2/src/armor_detect_ros2-main/install/armor_interfaces/share/armor_interfaces/local_setup.zsh
[5.073s] -- Installing: /home/eee/ros2/src/armor_detect_ros2-main/install/armor_interfaces/share/armor_interfaces/local_setup.dsv
[5.074s] -- Installing: /home/eee/ros2/src/armor_detect_ros2-main/install/armor_interfaces/share/armor_interfaces/package.dsv
[5.074s] -- Up-to-date: /home/eee/ros2/src/armor_detect_ros2-main/install/armor_interfaces/share/ament_index/resource_index/packages/armor_interfaces
[5.074s] -- Up-to-date: /home/eee/ros2/src/armor_detect_ros2-main/install/armor_interfaces/share/armor_interfaces/cmake/export_armor_interfaces__rosidl_generator_cExport.cmake
[5.074s] -- Up-to-date: /home/eee/ros2/src/armor_detect_ros2-main/install/armor_interfaces/share/armor_interfaces/cmake/export_armor_interfaces__rosidl_generator_cExport-noconfig.cmake
[5.074s] -- Up-to-date: /home/eee/ros2/src/armor_detect_ros2-main/install/armor_interfaces/share/armor_interfaces/cmake/export_armor_interfaces__rosidl_typesupport_fastrtps_cExport.cmake
[5.074s] -- Up-to-date: /home/eee/ros2/src/armor_detect_ros2-main/install/armor_interfaces/share/armor_interfaces/cmake/export_armor_interfaces__rosidl_typesupport_fastrtps_cExport-noconfig.cmake
[5.074s] -- Up-to-date: /home/eee/ros2/src/armor_detect_ros2-main/install/armor_interfaces/share/armor_interfaces/cmake/armor_interfaces__rosidl_typesupport_introspection_cExport.cmake
[5.075s] -- Up-to-date: /home/eee/ros2/src/armor_detect_ros2-main/install/armor_interfaces/share/armor_interfaces/cmake/armor_interfaces__rosidl_typesupport_introspection_cExport-noconfig.cmake
[5.075s] -- Up-to-date: /home/eee/ros2/src/armor_detect_ros2-main/install/armor_interfaces/share/armor_interfaces/cmake/armor_interfaces__rosidl_typesupport_cExport.cmake
[5.075s] -- Up-to-date: /home/eee/ros2/src/armor_detect_ros2-main/install/armor_interfaces/share/armor_interfaces/cmake/armor_interfaces__rosidl_typesupport_cExport-noconfig.cmake
[5.075s] -- Up-to-date: /home/eee/ros2/src/armor_detect_ros2-main/install/armor_interfaces/share/armor_interfaces/cmake/export_armor_interfaces__rosidl_generator_cppExport.cmake
[5.075s] -- Up-to-date: /home/eee/ros2/src/armor_detect_ros2-main/install/armor_interfaces/share/armor_interfaces/cmake/export_armor_interfaces__rosidl_typesupport_fastrtps_cppExport.cmake
[5.075s] -- Up-to-date: /home/eee/ros2/src/armor_detect_ros2-main/install/armor_interfaces/share/armor_interfaces/cmake/export_armor_interfaces__rosidl_typesupport_fastrtps_cppExport-noconfig.cmake
[5.075s] -- Up-to-date: /home/eee/ros2/src/armor_detect_ros2-main/install/armor_interfaces/share/armor_interfaces/cmake/armor_interfaces__rosidl_typesupport_introspection_cppExport.cmake
[5.075s] -- Up-to-date: /home/eee/ros2/src/armor_detect_ros2-main/install/armor_interfaces/share/armor_interfaces/cmake/armor_interfaces__rosidl_typesupport_introspection_cppExport-noconfig.cmake
[5.076s] -- Up-to-date: /home/eee/ros2/src/armor_detect_ros2-main/install/armor_interfaces/share/armor_interfaces/cmake/armor_interfaces__rosidl_typesupport_cppExport.cmake
[5.076s] -- Up-to-date: /home/eee/ros2/src/armor_detect_ros2-main/install/armor_interfaces/share/armor_interfaces/cmake/armor_interfaces__rosidl_typesupport_cppExport-noconfig.cmake
[5.076s] -- Up-to-date: /home/eee/ros2/src/armor_detect_ros2-main/install/armor_interfaces/share/armor_interfaces/cmake/export_armor_interfaces__rosidl_generator_pyExport.cmake
[5.076s] -- Up-to-date: /home/eee/ros2/src/armor_detect_ros2-main/install/armor_interfaces/share/armor_interfaces/cmake/export_armor_interfaces__rosidl_generator_pyExport-noconfig.cmake
[5.076s] -- Up-to-date: /home/eee/ros2/src/armor_detect_ros2-main/install/armor_interfaces/share/armor_interfaces/cmake/rosidl_cmake-extras.cmake
[5.076s] -- Up-to-date: /home/eee/ros2/src/armor_detect_ros2-main/install/armor_interfaces/share/armor_interfaces/cmake/ament_cmake_export_include_directories-extras.cmake
[5.076s] -- Up-to-date: /home/eee/ros2/src/armor_detect_ros2-main/install/armor_interfaces/share/armor_interfaces/cmake/ament_cmake_export_libraries-extras.cmake
[5.076s] -- Up-to-date: /home/eee/ros2/src/armor_detect_ros2-main/install/armor_interfaces/share/armor_interfaces/cmake/ament_cmake_export_targets-extras.cmake
[5.076s] -- Up-to-date: /home/eee/ros2/src/armor_detect_ros2-main/install/armor_interfaces/share/armor_interfaces/cmake/rosidl_cmake_export_typesupport_targets-extras.cmake
[5.076s] -- Up-to-date: /home/eee/ros2/src/armor_detect_ros2-main/install/armor_interfaces/share/armor_interfaces/cmake/ament_cmake_export_dependencies-extras.cmake
[5.076s] -- Up-to-date: /home/eee/ros2/src/armor_detect_ros2-main/install/armor_interfaces/share/armor_interfaces/cmake/rosidl_cmake_export_typesupport_libraries-extras.cmake
[5.077s] -- Up-to-date: /home/eee/ros2/src/armor_detect_ros2-main/install/armor_interfaces/share/armor_interfaces/cmake/armor_interfacesConfig.cmake
[5.077s] -- Up-to-date: /home/eee/ros2/src/armor_detect_ros2-main/install/armor_interfaces/share/armor_interfaces/cmake/armor_interfacesConfig-version.cmake
[5.077s] -- Up-to-date: /home/eee/ros2/src/armor_detect_ros2-main/install/armor_interfaces/share/armor_interfaces/package.xml
[5.080s] Invoked command in '/home/eee/ros2/src/armor_detect_ros2-main/build/armor_interfaces' returned '0': CMAKE_PREFIX_PATH=${CMAKE_PREFIX_PATH}:/opt/ros/humble /usr/bin/cmake --install /home/eee/ros2/src/armor_detect_ros2-main/build/armor_interfaces
