[0.033s] Invoking command in '/home/eee/ros2/src/armor_detect_ros2-main/build/rm_serial_driver': CMAKE_PREFIX_PATH=/home/eee/ros2/src/armor_detect_ros2-main/install/armor_interfaces:/home/eee/ros2/src/armor_detect_ros2-main/install/rm_serial_driver:/home/eee/ros2/src/armor_detect_ros2-main/install/armor_tracker_node:/home/eee/ros2/src/armor_detect_ros2-main/install/armor_drawer:/opt/ros/humble LD_LIBRARY_PATH=/home/eee/ros2/src/armor_detect_ros2-main/install/armor_interfaces/lib:/home/eee/ros2/src/armor_detect_ros2-main/install/rm_serial_driver/lib:/opt/ros/humble/opt/rviz_ogre_vendor/lib:/opt/ros/humble/lib/x86_64-linux-gnu:/opt/ros/humble/lib /usr/bin/cmake --build /home/eee/ros2/src/armor_detect_ros2-main/build/rm_serial_driver -- -j20 -l20
[0.165s] [ 22%] Built target rm_serial_driver_node
[0.175s] [ 33%] [32mBuilding CXX object CMakeFiles/rm_serial_driver.dir/src/rm_serial_driver.cpp.o[0m
[16.009s] [ 44%] [32m[1mLinking CXX shared library librm_serial_driver.so[0m
[17.028s] [ 55%] Built target rm_serial_driver
[17.114s] [ 66%] [32mBuilding CXX object CMakeFiles/rm_serial_node.dir/src/rm_serial_driver.cpp.o[0m
[17.114s] [ 77%] [32mBuilding CXX object CMakeFiles/rm_serial_node.dir/src/main.cpp.o[0m
[30.461s] [ 88%] [32m[1mLinking CXX executable rm_serial_node[0m
[31.548s] [100%] Built target rm_serial_node
[31.574s] Invoked command in '/home/eee/ros2/src/armor_detect_ros2-main/build/rm_serial_driver' returned '0': CMAKE_PREFIX_PATH=/home/eee/ros2/src/armor_detect_ros2-main/install/armor_interfaces:/home/eee/ros2/src/armor_detect_ros2-main/install/rm_serial_driver:/home/eee/ros2/src/armor_detect_ros2-main/install/armor_tracker_node:/home/eee/ros2/src/armor_detect_ros2-main/install/armor_drawer:/opt/ros/humble LD_LIBRARY_PATH=/home/eee/ros2/src/armor_detect_ros2-main/install/armor_interfaces/lib:/home/eee/ros2/src/armor_detect_ros2-main/install/rm_serial_driver/lib:/opt/ros/humble/opt/rviz_ogre_vendor/lib:/opt/ros/humble/lib/x86_64-linux-gnu:/opt/ros/humble/lib /usr/bin/cmake --build /home/eee/ros2/src/armor_detect_ros2-main/build/rm_serial_driver -- -j20 -l20
[31.578s] Invoking command in '/home/eee/ros2/src/armor_detect_ros2-main/build/rm_serial_driver': CMAKE_PREFIX_PATH=/home/eee/ros2/src/armor_detect_ros2-main/install/armor_interfaces:/home/eee/ros2/src/armor_detect_ros2-main/install/rm_serial_driver:/home/eee/ros2/src/armor_detect_ros2-main/install/armor_tracker_node:/home/eee/ros2/src/armor_detect_ros2-main/install/armor_drawer:/opt/ros/humble LD_LIBRARY_PATH=/home/eee/ros2/src/armor_detect_ros2-main/install/armor_interfaces/lib:/home/eee/ros2/src/armor_detect_ros2-main/install/rm_serial_driver/lib:/opt/ros/humble/opt/rviz_ogre_vendor/lib:/opt/ros/humble/lib/x86_64-linux-gnu:/opt/ros/humble/lib /usr/bin/cmake --install /home/eee/ros2/src/armor_detect_ros2-main/build/rm_serial_driver
[31.594s] -- Install configuration: ""
[31.595s] -- Up-to-date: /home/eee/ros2/src/armor_detect_ros2-main/install/rm_serial_driver/lib/rm_serial_driver/rm_serial_driver_node
[31.595s] -- Up-to-date: /home/eee/ros2/src/armor_detect_ros2-main/install/rm_serial_driver/include
[31.596s] -- Up-to-date: /home/eee/ros2/src/armor_detect_ros2-main/install/rm_serial_driver/include/rm_serial_driver
[31.596s] -- Up-to-date: /home/eee/ros2/src/armor_detect_ros2-main/install/rm_serial_driver/include/rm_serial_driver/crc.hpp
[31.596s] -- Up-to-date: /home/eee/ros2/src/armor_detect_ros2-main/install/rm_serial_driver/include/rm_serial_driver/packet.hpp
[31.596s] -- Up-to-date: /home/eee/ros2/src/armor_detect_ros2-main/install/rm_serial_driver/include/rm_serial_driver/rm_serial_driver.hpp
[31.596s] -- Up-to-date: /home/eee/ros2/src/armor_detect_ros2-main/install/rm_serial_driver/share/rm_serial_driver/environment/library_path.sh
[31.596s] -- Up-to-date: /home/eee/ros2/src/armor_detect_ros2-main/install/rm_serial_driver/share/rm_serial_driver/environment/library_path.dsv
[31.597s] -- Installing: /home/eee/ros2/src/armor_detect_ros2-main/install/rm_serial_driver/lib/librm_serial_driver.so
[31.612s] -- Set runtime path of "/home/eee/ros2/src/armor_detect_ros2-main/install/rm_serial_driver/lib/librm_serial_driver.so" to ""
[31.612s] -- Up-to-date: /home/eee/ros2/src/armor_detect_ros2-main/install/rm_serial_driver/share/rm_serial_driver/config
[31.612s] -- Up-to-date: /home/eee/ros2/src/armor_detect_ros2-main/install/rm_serial_driver/share/rm_serial_driver/config/serial_driver.yaml
[31.612s] -- Up-to-date: /home/eee/ros2/src/armor_detect_ros2-main/install/rm_serial_driver/share/rm_serial_driver/launch
[31.612s] -- Up-to-date: /home/eee/ros2/src/armor_detect_ros2-main/install/rm_serial_driver/share/rm_serial_driver/launch/serial_driver.launch.py
[31.613s] -- Up-to-date: /home/eee/ros2/src/armor_detect_ros2-main/install/rm_serial_driver/share/ament_index/resource_index/package_run_dependencies/rm_serial_driver
[31.613s] -- Up-to-date: /home/eee/ros2/src/armor_detect_ros2-main/install/rm_serial_driver/share/ament_index/resource_index/parent_prefix_path/rm_serial_driver
[31.613s] -- Up-to-date: /home/eee/ros2/src/armor_detect_ros2-main/install/rm_serial_driver/share/rm_serial_driver/environment/ament_prefix_path.sh
[31.613s] -- Up-to-date: /home/eee/ros2/src/armor_detect_ros2-main/install/rm_serial_driver/share/rm_serial_driver/environment/ament_prefix_path.dsv
[31.613s] -- Up-to-date: /home/eee/ros2/src/armor_detect_ros2-main/install/rm_serial_driver/share/rm_serial_driver/environment/path.sh
[31.613s] -- Up-to-date: /home/eee/ros2/src/armor_detect_ros2-main/install/rm_serial_driver/share/rm_serial_driver/environment/path.dsv
[31.613s] -- Up-to-date: /home/eee/ros2/src/armor_detect_ros2-main/install/rm_serial_driver/share/rm_serial_driver/local_setup.bash
[31.613s] -- Up-to-date: /home/eee/ros2/src/armor_detect_ros2-main/install/rm_serial_driver/share/rm_serial_driver/local_setup.sh
[31.613s] -- Up-to-date: /home/eee/ros2/src/armor_detect_ros2-main/install/rm_serial_driver/share/rm_serial_driver/local_setup.zsh
[31.613s] -- Up-to-date: /home/eee/ros2/src/armor_detect_ros2-main/install/rm_serial_driver/share/rm_serial_driver/local_setup.dsv
[31.614s] -- Installing: /home/eee/ros2/src/armor_detect_ros2-main/install/rm_serial_driver/share/rm_serial_driver/package.dsv
[31.614s] -- Up-to-date: /home/eee/ros2/src/armor_detect_ros2-main/install/rm_serial_driver/share/ament_index/resource_index/packages/rm_serial_driver
[31.614s] -- Up-to-date: /home/eee/ros2/src/armor_detect_ros2-main/install/rm_serial_driver/share/ament_index/resource_index/rclcpp_components/rm_serial_driver
[31.615s] -- Up-to-date: /home/eee/ros2/src/armor_detect_ros2-main/install/rm_serial_driver/share/rm_serial_driver/cmake/ament_cmake_export_dependencies-extras.cmake
[31.615s] -- Up-to-date: /home/eee/ros2/src/armor_detect_ros2-main/install/rm_serial_driver/share/rm_serial_driver/cmake/ament_cmake_export_include_directories-extras.cmake
[31.615s] -- Up-to-date: /home/eee/ros2/src/armor_detect_ros2-main/install/rm_serial_driver/share/rm_serial_driver/cmake/ament_cmake_export_libraries-extras.cmake
[31.615s] -- Up-to-date: /home/eee/ros2/src/armor_detect_ros2-main/install/rm_serial_driver/share/rm_serial_driver/cmake/rm_serial_driverConfig.cmake
[31.615s] -- Up-to-date: /home/eee/ros2/src/armor_detect_ros2-main/install/rm_serial_driver/share/rm_serial_driver/cmake/rm_serial_driverConfig-version.cmake
[31.616s] -- Up-to-date: /home/eee/ros2/src/armor_detect_ros2-main/install/rm_serial_driver/share/rm_serial_driver/package.xml
[31.619s] Invoked command in '/home/eee/ros2/src/armor_detect_ros2-main/build/rm_serial_driver' returned '0': CMAKE_PREFIX_PATH=/home/eee/ros2/src/armor_detect_ros2-main/install/armor_interfaces:/home/eee/ros2/src/armor_detect_ros2-main/install/rm_serial_driver:/home/eee/ros2/src/armor_detect_ros2-main/install/armor_tracker_node:/home/eee/ros2/src/armor_detect_ros2-main/install/armor_drawer:/opt/ros/humble LD_LIBRARY_PATH=/home/eee/ros2/src/armor_detect_ros2-main/install/armor_interfaces/lib:/home/eee/ros2/src/armor_detect_ros2-main/install/rm_serial_driver/lib:/opt/ros/humble/opt/rviz_ogre_vendor/lib:/opt/ros/humble/lib/x86_64-linux-gnu:/opt/ros/humble/lib /usr/bin/cmake --install /home/eee/ros2/src/armor_detect_ros2-main/build/rm_serial_driver
