[0.008s] Invoking command in '/home/eee/ros2/src/armor_detect_ros2-main/build/armor_urdf': CMAKE_PREFIX_PATH=/opt/ros/humble /usr/bin/cmake /home/eee/ros2/src/armor_detect_ros2-main/src/armor_urdf -DCMAKE_INSTALL_PREFIX=/home/eee/ros2/src/armor_detect_ros2-main/install/armor_urdf
[0.035s] -- Found ament_cmake: 1.3.14 (/opt/ros/humble/share/ament_cmake/cmake)
[0.131s] -- Override CMake install command with custom implementation using symlinks instead of copying resources
[0.143s] -- Found ament_lint_auto: 0.12.15 (/opt/ros/humble/share/ament_lint_auto/cmake)
[0.186s] -- Added test 'lint_cmake' to check CMake code style
[0.187s] -- Added test 'xmllint' to check XML markup files
[0.188s] -- Configuring done
[0.191s] -- Generating done
[0.192s] -- Build files have been written to: /home/eee/ros2/src/armor_detect_ros2-main/build/armor_urdf
[0.194s] Invoked command in '/home/eee/ros2/src/armor_detect_ros2-main/build/armor_urdf' returned '0': CMAKE_PREFIX_PATH=/opt/ros/humble /usr/bin/cmake /home/eee/ros2/src/armor_detect_ros2-main/src/armor_urdf -DCMAKE_INSTALL_PREFIX=/home/eee/ros2/src/armor_detect_ros2-main/install/armor_urdf
[0.195s] Invoking command in '/home/eee/ros2/src/armor_detect_ros2-main/build/armor_urdf': CMAKE_PREFIX_PATH=/opt/ros/humble /usr/bin/cmake --build /home/eee/ros2/src/armor_detect_ros2-main/build/armor_urdf -- -j20 -l20
[0.221s] Invoked command in '/home/eee/ros2/src/armor_detect_ros2-main/build/armor_urdf' returned '0': CMAKE_PREFIX_PATH=/opt/ros/humble /usr/bin/cmake --build /home/eee/ros2/src/armor_detect_ros2-main/build/armor_urdf -- -j20 -l20
[0.229s] Invoking command in '/home/eee/ros2/src/armor_detect_ros2-main/build/armor_urdf': CMAKE_PREFIX_PATH=/opt/ros/humble /usr/bin/cmake --install /home/eee/ros2/src/armor_detect_ros2-main/build/armor_urdf
[0.234s] -- Install configuration: "Release"
[0.236s] -- Up-to-date: /home/eee/ros2/src/armor_detect_ros2-main/install/armor_urdf/share/armor_urdf/launch
[0.236s] -- Up-to-date: /home/eee/ros2/src/armor_detect_ros2-main/install/armor_urdf/share/armor_urdf/urdf
[0.236s] -- Up-to-date: /home/eee/ros2/src/armor_detect_ros2-main/install/armor_urdf/share/armor_urdf/urdf/armor_urdf.urdf
[0.236s] -- Up-to-date: /home/eee/ros2/src/armor_detect_ros2-main/install/armor_urdf/share/armor_urdf/rviz
[0.236s] -- Up-to-date: /home/eee/ros2/src/armor_detect_ros2-main/install/armor_urdf/share/armor_urdf/meshes
[0.237s] -- Execute custom install script
[0.237s] -- Up-to-date symlink: /home/eee/ros2/src/armor_detect_ros2-main/install/armor_urdf/share/ament_index/resource_index/package_run_dependencies/armor_urdf
[0.238s] -- Up-to-date symlink: /home/eee/ros2/src/armor_detect_ros2-main/install/armor_urdf/share/ament_index/resource_index/parent_prefix_path/armor_urdf
[0.238s] -- Up-to-date symlink: /home/eee/ros2/src/armor_detect_ros2-main/install/armor_urdf/share/armor_urdf/environment/ament_prefix_path.sh
[0.238s] -- Up-to-date symlink: /home/eee/ros2/src/armor_detect_ros2-main/install/armor_urdf/share/armor_urdf/environment/ament_prefix_path.dsv
[0.238s] -- Up-to-date symlink: /home/eee/ros2/src/armor_detect_ros2-main/install/armor_urdf/share/armor_urdf/environment/path.sh
[0.238s] -- Up-to-date symlink: /home/eee/ros2/src/armor_detect_ros2-main/install/armor_urdf/share/armor_urdf/environment/path.dsv
[0.238s] -- Up-to-date symlink: /home/eee/ros2/src/armor_detect_ros2-main/install/armor_urdf/share/armor_urdf/local_setup.bash
[0.238s] -- Up-to-date symlink: /home/eee/ros2/src/armor_detect_ros2-main/install/armor_urdf/share/armor_urdf/local_setup.sh
[0.238s] -- Up-to-date symlink: /home/eee/ros2/src/armor_detect_ros2-main/install/armor_urdf/share/armor_urdf/local_setup.zsh
[0.238s] -- Up-to-date symlink: /home/eee/ros2/src/armor_detect_ros2-main/install/armor_urdf/share/armor_urdf/local_setup.dsv
[0.238s] -- Symlinking: /home/eee/ros2/src/armor_detect_ros2-main/install/armor_urdf/share/armor_urdf/package.dsv
[0.245s] -- Up-to-date symlink: /home/eee/ros2/src/armor_detect_ros2-main/install/armor_urdf/share/ament_index/resource_index/packages/armor_urdf
[0.245s] -- Up-to-date symlink: /home/eee/ros2/src/armor_detect_ros2-main/install/armor_urdf/share/armor_urdf/cmake/armor_urdfConfig.cmake
[0.245s] -- Up-to-date symlink: /home/eee/ros2/src/armor_detect_ros2-main/install/armor_urdf/share/armor_urdf/cmake/armor_urdfConfig-version.cmake
[0.245s] -- Up-to-date symlink: /home/eee/ros2/src/armor_detect_ros2-main/install/armor_urdf/share/armor_urdf/package.xml
[0.247s] Invoked command in '/home/eee/ros2/src/armor_detect_ros2-main/build/armor_urdf' returned '0': CMAKE_PREFIX_PATH=/opt/ros/humble /usr/bin/cmake --install /home/eee/ros2/src/armor_detect_ros2-main/build/armor_urdf
