[0.011s] Invoking command in '/home/eee/ros2/src/armor_detect_ros2-main/build/armor_drawer': CMAKE_PREFIX_PATH=/home/eee/ros2/src/armor_detect_ros2-main/install/armor_interfaces:/home/eee/ros2/src/armor_detect_ros2-main/install/rm_serial_driver:/home/eee/ros2/src/armor_detect_ros2-main/install/armor_urdf:/home/eee/ros2/src/armor_detect_ros2-main/install/armor_tracker_node:/home/eee/ros2/src/armor_detect_ros2-main/install/armor_drawer:/opt/ros/humble LD_LIBRARY_PATH=/home/eee/ros2/src/armor_detect_ros2-main/install/armor_interfaces/lib:/home/eee/ros2/src/armor_detect_ros2-main/install/rm_serial_driver/lib:/opt/ros/humble/opt/rviz_ogre_vendor/lib:/opt/ros/humble/lib/x86_64-linux-gnu:/opt/ros/humble/lib /usr/bin/cmake --build /home/eee/ros2/src/armor_detect_ros2-main/build/armor_drawer -- -j20 -l20
[0.076s] [100%] Built target armor_drawer
[0.089s] Invoked command in '/home/eee/ros2/src/armor_detect_ros2-main/build/armor_drawer' returned '0': CMAKE_PREFIX_PATH=/home/eee/ros2/src/armor_detect_ros2-main/install/armor_interfaces:/home/eee/ros2/src/armor_detect_ros2-main/install/rm_serial_driver:/home/eee/ros2/src/armor_detect_ros2-main/install/armor_urdf:/home/eee/ros2/src/armor_detect_ros2-main/install/armor_tracker_node:/home/eee/ros2/src/armor_detect_ros2-main/install/armor_drawer:/opt/ros/humble LD_LIBRARY_PATH=/home/eee/ros2/src/armor_detect_ros2-main/install/armor_interfaces/lib:/home/eee/ros2/src/armor_detect_ros2-main/install/rm_serial_driver/lib:/opt/ros/humble/opt/rviz_ogre_vendor/lib:/opt/ros/humble/lib/x86_64-linux-gnu:/opt/ros/humble/lib /usr/bin/cmake --build /home/eee/ros2/src/armor_detect_ros2-main/build/armor_drawer -- -j20 -l20
[0.090s] Invoking command in '/home/eee/ros2/src/armor_detect_ros2-main/build/armor_drawer': CMAKE_PREFIX_PATH=/home/eee/ros2/src/armor_detect_ros2-main/install/armor_interfaces:/home/eee/ros2/src/armor_detect_ros2-main/install/rm_serial_driver:/home/eee/ros2/src/armor_detect_ros2-main/install/armor_urdf:/home/eee/ros2/src/armor_detect_ros2-main/install/armor_tracker_node:/home/eee/ros2/src/armor_detect_ros2-main/install/armor_drawer:/opt/ros/humble LD_LIBRARY_PATH=/home/eee/ros2/src/armor_detect_ros2-main/install/armor_interfaces/lib:/home/eee/ros2/src/armor_detect_ros2-main/install/rm_serial_driver/lib:/opt/ros/humble/opt/rviz_ogre_vendor/lib:/opt/ros/humble/lib/x86_64-linux-gnu:/opt/ros/humble/lib /usr/bin/cmake --install /home/eee/ros2/src/armor_detect_ros2-main/build/armor_drawer
[0.096s] -- Install configuration: ""
[0.096s] -- Up-to-date: /home/eee/ros2/src/armor_detect_ros2-main/install/armor_drawer/lib/armor_drawer/armor_drawer
[0.097s] -- Up-to-date: /home/eee/ros2/src/armor_detect_ros2-main/install/armor_drawer/share/ament_index/resource_index/package_run_dependencies/armor_drawer
[0.097s] -- Up-to-date: /home/eee/ros2/src/armor_detect_ros2-main/install/armor_drawer/share/ament_index/resource_index/parent_prefix_path/armor_drawer
[0.097s] -- Up-to-date: /home/eee/ros2/src/armor_detect_ros2-main/install/armor_drawer/share/armor_drawer/environment/ament_prefix_path.sh
[0.097s] -- Up-to-date: /home/eee/ros2/src/armor_detect_ros2-main/install/armor_drawer/share/armor_drawer/environment/ament_prefix_path.dsv
[0.097s] -- Up-to-date: /home/eee/ros2/src/armor_detect_ros2-main/install/armor_drawer/share/armor_drawer/environment/path.sh
[0.097s] -- Up-to-date: /home/eee/ros2/src/armor_detect_ros2-main/install/armor_drawer/share/armor_drawer/environment/path.dsv
[0.097s] -- Up-to-date: /home/eee/ros2/src/armor_detect_ros2-main/install/armor_drawer/share/armor_drawer/local_setup.bash
[0.097s] -- Up-to-date: /home/eee/ros2/src/armor_detect_ros2-main/install/armor_drawer/share/armor_drawer/local_setup.sh
[0.097s] -- Up-to-date: /home/eee/ros2/src/armor_detect_ros2-main/install/armor_drawer/share/armor_drawer/local_setup.zsh
[0.097s] -- Up-to-date: /home/eee/ros2/src/armor_detect_ros2-main/install/armor_drawer/share/armor_drawer/local_setup.dsv
[0.097s] -- Installing: /home/eee/ros2/src/armor_detect_ros2-main/install/armor_drawer/share/armor_drawer/package.dsv
[0.097s] -- Up-to-date: /home/eee/ros2/src/armor_detect_ros2-main/install/armor_drawer/share/ament_index/resource_index/packages/armor_drawer
[0.097s] -- Up-to-date: /home/eee/ros2/src/armor_detect_ros2-main/install/armor_drawer/share/armor_drawer/cmake/armor_drawerConfig.cmake
[0.097s] -- Up-to-date: /home/eee/ros2/src/armor_detect_ros2-main/install/armor_drawer/share/armor_drawer/cmake/armor_drawerConfig-version.cmake
[0.097s] -- Up-to-date: /home/eee/ros2/src/armor_detect_ros2-main/install/armor_drawer/share/armor_drawer/package.xml
[0.100s] Invoked command in '/home/eee/ros2/src/armor_detect_ros2-main/build/armor_drawer' returned '0': CMAKE_PREFIX_PATH=/home/eee/ros2/src/armor_detect_ros2-main/install/armor_interfaces:/home/eee/ros2/src/armor_detect_ros2-main/install/rm_serial_driver:/home/eee/ros2/src/armor_detect_ros2-main/install/armor_urdf:/home/eee/ros2/src/armor_detect_ros2-main/install/armor_tracker_node:/home/eee/ros2/src/armor_detect_ros2-main/install/armor_drawer:/opt/ros/humble LD_LIBRARY_PATH=/home/eee/ros2/src/armor_detect_ros2-main/install/armor_interfaces/lib:/home/eee/ros2/src/armor_detect_ros2-main/install/rm_serial_driver/lib:/opt/ros/humble/opt/rviz_ogre_vendor/lib:/opt/ros/humble/lib/x86_64-linux-gnu:/opt/ros/humble/lib /usr/bin/cmake --install /home/eee/ros2/src/armor_detect_ros2-main/build/armor_drawer
