[0.007s] Invoking command in '/home/eee/ros2/src/armor_detect_ros2-main/build/armor_drawer': AMENT_PREFIX_PATH=/home/eee/ros2/src/armor_detect_ros2-main/install/armor_interfaces:${AMENT_PREFIX_PATH} CMAKE_PREFIX_PATH=/home/eee/ros2/src/armor_detect_ros2-main/install/armor_interfaces:/opt/ros/humble LD_LIBRARY_PATH=/home/eee/ros2/src/armor_detect_ros2-main/install/armor_interfaces/lib:${LD_LIBRARY_PATH} PYTHONPATH=/home/eee/ros2/src/armor_detect_ros2-main/install/armor_interfaces/local/lib/python3.10/dist-packages:${PYTHONPATH} /usr/bin/cmake --build /home/eee/ros2/src/armor_detect_ros2-main/build/armor_drawer -- -j20 -l20
[0.054s] [100%] Built target armor_drawer
[0.064s] Invoked command in '/home/eee/ros2/src/armor_detect_ros2-main/build/armor_drawer' returned '0': AMENT_PREFIX_PATH=/home/eee/ros2/src/armor_detect_ros2-main/install/armor_interfaces:${AMENT_PREFIX_PATH} CMAKE_PREFIX_PATH=/home/eee/ros2/src/armor_detect_ros2-main/install/armor_interfaces:/opt/ros/humble LD_LIBRARY_PATH=/home/eee/ros2/src/armor_detect_ros2-main/install/armor_interfaces/lib:${LD_LIBRARY_PATH} PYTHONPATH=/home/eee/ros2/src/armor_detect_ros2-main/install/armor_interfaces/local/lib/python3.10/dist-packages:${PYTHONPATH} /usr/bin/cmake --build /home/eee/ros2/src/armor_detect_ros2-main/build/armor_drawer -- -j20 -l20
[0.066s] Invoking command in '/home/eee/ros2/src/armor_detect_ros2-main/build/armor_drawer': AMENT_PREFIX_PATH=/home/eee/ros2/src/armor_detect_ros2-main/install/armor_interfaces:${AMENT_PREFIX_PATH} CMAKE_PREFIX_PATH=/home/eee/ros2/src/armor_detect_ros2-main/install/armor_interfaces:/opt/ros/humble LD_LIBRARY_PATH=/home/eee/ros2/src/armor_detect_ros2-main/install/armor_interfaces/lib:${LD_LIBRARY_PATH} PYTHONPATH=/home/eee/ros2/src/armor_detect_ros2-main/install/armor_interfaces/local/lib/python3.10/dist-packages:${PYTHONPATH} /usr/bin/cmake --install /home/eee/ros2/src/armor_detect_ros2-main/build/armor_drawer
[0.072s] -- Install configuration: "Release"
[0.072s] -- Execute custom install script
[0.072s] -- Up-to-date symlink: /home/eee/ros2/src/armor_detect_ros2-main/install/armor_drawer/lib/armor_drawer/armor_drawer
[0.072s] -- Up-to-date symlink: /home/eee/ros2/src/armor_detect_ros2-main/install/armor_drawer/share/ament_index/resource_index/package_run_dependencies/armor_drawer
[0.072s] -- Up-to-date symlink: /home/eee/ros2/src/armor_detect_ros2-main/install/armor_drawer/share/ament_index/resource_index/parent_prefix_path/armor_drawer
[0.072s] -- Up-to-date symlink: /home/eee/ros2/src/armor_detect_ros2-main/install/armor_drawer/share/armor_drawer/environment/ament_prefix_path.sh
[0.073s] -- Up-to-date symlink: /home/eee/ros2/src/armor_detect_ros2-main/install/armor_drawer/share/armor_drawer/environment/ament_prefix_path.dsv
[0.073s] -- Up-to-date symlink: /home/eee/ros2/src/armor_detect_ros2-main/install/armor_drawer/share/armor_drawer/environment/path.sh
[0.073s] -- Up-to-date symlink: /home/eee/ros2/src/armor_detect_ros2-main/install/armor_drawer/share/armor_drawer/environment/path.dsv
[0.073s] -- Up-to-date symlink: /home/eee/ros2/src/armor_detect_ros2-main/install/armor_drawer/share/armor_drawer/local_setup.bash
[0.073s] -- Up-to-date symlink: /home/eee/ros2/src/armor_detect_ros2-main/install/armor_drawer/share/armor_drawer/local_setup.sh
[0.073s] -- Up-to-date symlink: /home/eee/ros2/src/armor_detect_ros2-main/install/armor_drawer/share/armor_drawer/local_setup.zsh
[0.073s] -- Up-to-date symlink: /home/eee/ros2/src/armor_detect_ros2-main/install/armor_drawer/share/armor_drawer/local_setup.dsv
[0.073s] -- Symlinking: /home/eee/ros2/src/armor_detect_ros2-main/install/armor_drawer/share/armor_drawer/package.dsv
[0.081s] -- Up-to-date symlink: /home/eee/ros2/src/armor_detect_ros2-main/install/armor_drawer/share/ament_index/resource_index/packages/armor_drawer
[0.081s] -- Up-to-date symlink: /home/eee/ros2/src/armor_detect_ros2-main/install/armor_drawer/share/armor_drawer/cmake/armor_drawerConfig.cmake
[0.081s] -- Up-to-date symlink: /home/eee/ros2/src/armor_detect_ros2-main/install/armor_drawer/share/armor_drawer/cmake/armor_drawerConfig-version.cmake
[0.082s] -- Up-to-date symlink: /home/eee/ros2/src/armor_detect_ros2-main/install/armor_drawer/share/armor_drawer/package.xml
[0.083s] Invoked command in '/home/eee/ros2/src/armor_detect_ros2-main/build/armor_drawer' returned '0': AMENT_PREFIX_PATH=/home/eee/ros2/src/armor_detect_ros2-main/install/armor_interfaces:${AMENT_PREFIX_PATH} CMAKE_PREFIX_PATH=/home/eee/ros2/src/armor_detect_ros2-main/install/armor_interfaces:/opt/ros/humble LD_LIBRARY_PATH=/home/eee/ros2/src/armor_detect_ros2-main/install/armor_interfaces/lib:${LD_LIBRARY_PATH} PYTHONPATH=/home/eee/ros2/src/armor_detect_ros2-main/install/armor_interfaces/local/lib/python3.10/dist-packages:${PYTHONPATH} /usr/bin/cmake --install /home/eee/ros2/src/armor_detect_ros2-main/build/armor_drawer
