In file included from [01m[K/home/eee/ros2/src/armor_detect_ros2-main/src/armor_tracker/src/galaxy_camera.cpp:1[m[K:
[01m[K/home/eee/ros2/src/armor_detect_ros2-main/src/armor_tracker/include/galaxy_camera.hpp:4:10:[m[K [01;31m[Kfatal error: [m[KGxIAPI.h: 没有那个文件或目录
    4 | #include [01;31m[K"GxIAPI.h"[m[K
      |          [01;31m[K^~~~~~~~~~[m[K
compilation terminated.
gmake[2]: *** [CMakeFiles/armor_tracker_node.dir/build.make:216：CMakeFiles/armor_tracker_node.dir/src/galaxy_camera.cpp.o] 错误 1
gmake[2]: *** 正在等待未完成的任务....
In file included from [01m[K/home/eee/ros2/src/armor_detect_ros2-main/src/armor_tracker/include/ArmorTracker.hpp:33[m[K,
                 from [01m[K/home/eee/ros2/src/armor_detect_ros2-main/src/armor_tracker/src/ArmorTracker.cpp:2[m[K:
[01m[K/home/eee/ros2/src/armor_detect_ros2-main/src/armor_tracker/include/galaxy_camera.hpp:4:10:[m[K [01;31m[Kfatal error: [m[KGxIAPI.h: 没有那个文件或目录
    4 | #include [01;31m[K"GxIAPI.h"[m[K
      |          [01;31m[K^~~~~~~~~~[m[K
compilation terminated.
In file included from [01m[K/home/eee/ros2/src/armor_detect_ros2-main/src/armor_tracker/include/ArmorTracker.hpp:33[m[K,
                 from [01m[K/home/eee/ros2/src/armor_detect_ros2-main/src/armor_tracker/src/main1.cpp:2[m[K:
[01m[K/home/eee/ros2/src/armor_detect_ros2-main/src/armor_tracker/include/galaxy_camera.hpp:4:10:[m[K [01;31m[Kfatal error: [m[KGxIAPI.h: 没有那个文件或目录
    4 | #include [01;31m[K"GxIAPI.h"[m[K
      |          [01;31m[K^~~~~~~~~~[m[K
compilation terminated.
gmake[2]: *** [CMakeFiles/armor_tracker_node.dir/build.make:188：CMakeFiles/armor_tracker_node.dir/src/ArmorTracker.cpp.o] 错误 1
gmake[2]: *** [CMakeFiles/armor_tracker_node.dir/build.make:76：CMakeFiles/armor_tracker_node.dir/src/main1.cpp.o] 错误 1
gmake[1]: *** [CMakeFiles/Makefile2:137：CMakeFiles/armor_tracker_node.dir/all] 错误 2
gmake: *** [Makefile:146：all] 错误 2
